{"MachineName":"SERWER01","Data":[84,0,101,0,97,0,109,0,86,0,105,0,101,0,119,0,101,0,114,0,47,0,49,0,0,0],"Index":2119,"Category":"(0)","CategoryNumber":0,"EventID":7036,"EntryType":4,"Message":"The TeamViewer service entered the stopped state.","Source":"Service Control Manager","ReplacementStrings":["TeamViewer","stopped"],"InstanceId":1073748860,"TimeGenerated":"\/Date(1580775666000)\/","TimeWritten":"\/Date(1580775666000)\/","UserName":null,"Site":null,"Container":null},{"MachineName":"SERWER01","Data":[87,0,105,0,110,0,82,0,77,0,47,0,49,0,0,0],"Index":2118,"Category":"(0)","CategoryNumber":0,"EventID":7036,"EntryType":4,"Message":"The Windows Remote Management (WS-Management) service entered the stopped state.","Source":"Service Control Manager","ReplacementStrings":["Windows Remote Management (WS-Management)","stopped"],"InstanceId":1073748860,"TimeGenerated":"\/Date(1580775666000)\/","TimeWritten":"\/Date(1580775666000)\/","UserName":null,"Site":null,"Container":null},{"MachineName":"SERWER01","Data":[78,0,102,0,115,0,83,0,101,0,114,0,118,0,105,0,99,0,101,0,47,0,49,0,0,0],"Index":2116,"Category":"(0)","CategoryNumber":0,"EventID":7036,"EntryType":4,"Message":"The Server for NFS service entered the stopped state.","Source":"Service Control Manager","ReplacementStrings":["Server for NFS","stopped"],"InstanceId":1073748860,"TimeGenerated":"\/Date(1580775666000)\/","TimeWritten":"\/Date(1580775666000)\/","UserName":null,"Site":null,"Container":null},{"MachineName":"SERWER01","Data":[83,0,99,0,104,0,101,0,100,0,117,0,108,0,101,0,47,0,49,0,0,0],"Index":2115,"Category":"(0)","CategoryNumber":0,"EventID":7036,"EntryType":4,"Message":"The Task Scheduler service entered the stopped state.","Source":"Service Control Manager","ReplacementStrings":["Task Scheduler","stopped"],"InstanceId":1073748860,"TimeGenerated":"\/Date(1580775666000)\/","TimeWritten":"\/Date(1580775666000)\/","UserName":null,"Site":null,"Container":null},{"MachineName":"SERWER01","Data":[84,0,101,0,114,0,109,0,83,0,101,0,114,0,118,0,105,0,99,0,101,0,47,0,49,0,0,0],"Index":2114,"Category":"(0)","CategoryNumber":0,"EventID":7036,"EntryType":4,"Message":"The Remote Desktop Services service entered the stopped state.","Source":"Service Control Manager","ReplacementStrings":["Remote Desktop Services","stopped"],"InstanceId":1073748860,"TimeGenerated":"\/Date(1580775666000)\/","TimeWritten":"\/Date(1580775666000)\/","UserName":null,"Site":null,"Container":null},{"MachineName":"SERWER01","Data":[86,0,83,0,83,0,47,0,49,0,0,0],"Index":2113,"Category":"(0)","CategoryNumber":0,"EventID":7036,"EntryType":4,"Message":"The Volume Shadow Copy service entered the stopped state.","Source":"Service Control Manager","ReplacementStrings":["Volume Shadow Copy","stopped"],"InstanceId":1073748860,"TimeGenerated":"\/Date(1580775666000)\/","TimeWritten":"\/Date(1580775666000)\/","UserName":null,"Site":null,"Container":null},{"MachineName":"SERWER01","Data":[83,0,116,0,97,0,116,0,101,0,82,0,101,0,112,0,111,0,115,0,105,0,116,0,111,0,114,0,121,0,47,0,49,0,0,0],"Index":2112,"Category":"(0)","CategoryNumber":0,"EventID":7036,"EntryType":4,"Message":"The State Repository Service service entered the stopped state.","Source":"Service Control Manager","ReplacementStrings":["State Repository Service","stopped"],"InstanceId":1073748860,"TimeGenerated":"\/Date(1580775666000)\/","TimeWritten":"\/Date(1580775666000)\/","UserName":null,"Site":null,"Container":null},{"MachineName":"SERWER01","Data":[67,0,114,0,121,0,112,0,116,0,83,0,118,0,99,0,47,0,49,0,0,0],"Index":2111,"Category":"(0)","CategoryNumber":0,"EventID":7036,"EntryType":4,"Message":"The Cryptographic Services service entered the stopped state.","Source":"Service Control Manager","ReplacementStrings":["Cryptographic Services","stopped"],"InstanceId":1073748860,"TimeGenerated":"\/Date(1580775666000)\/","TimeWritten":"\/Date(1580775666000)\/","UserName":null,"Site":null,"Container":null},{"MachineName":"SERWER01","Data":[87,0,99,0,109,0,115,0,118,0,99,0,47,0,49,0,0,0],"Index":2110,"Category":"(0)","CategoryNumber":0,"EventID":7036,"EntryType":4,"Message":"The Windows Connection Manager service entered the stopped state.","Source":"Service Control Manager","ReplacementStrings":["Windows Connection Manager","stopped"],"InstanceId":1073748860,"TimeGenerated":"\/Date(1580775666000)\/","TimeWritten":"\/Date(1580775666000)\/","UserName":null,"Site":null,"Container":null},{"MachineName":"SERWER01","Data":[77,0,83,0,68,0,84,0,67,0,47,0,49,0,0,0],"Index":2109,"Category":"(0)","CategoryNumber":0,"EventID":7036,"EntryType":4,"Message":"The Distributed Transaction Coordinator service entered the stopped state.","Source":"Service Control Manager","ReplacementStrings":["Distributed Transaction Coordinator","stopped"],"InstanceId":1073748860,"TimeGenerated":"\/Date(1580775666000)\/","TimeWritten":"\/Date(1580775666000)\/","UserName":null,"Site":null,"Container":null},{"MachineName":"SERWER01","Data":[87,0,105,0,110,0,72,0,116,0,116,0,112,0,65,0,117,0,116,0,111,0,80,0,114,0,111,0,120,0,121,0,83,0,118,0,99,0,47,0,49,0,0,0],"Index":2108,"Category":"(0)","CategoryNumber":0,"EventID":7036,"EntryType":4,"Message":"The WinHTTP Web Proxy Auto-Discovery Service service entered the stopped state.","Source":"Service Control Manager","ReplacementStrings":["WinHTTP Web Proxy Auto-Discovery Service","stopped"],"InstanceId":1073748860,"TimeGenerated":"\/Date(1580775666000)\/","TimeWritten":"\/Date(1580775666000)\/","UserName":null,"Site":null,"Container":null},{"MachineName":"SERWER01","Data":[85,0,115,0,111,0,83,0,118,0,99,0,47,0,49,0,0,0],"Index":2107,"Category":"(0)","CategoryNumber":0,"EventID":7036,"EntryType":4,"Message":"The Update Orchestrator Service service entered the stopped state.","Source":"Service Control Manager","ReplacementStrings":["Update Orchestrator Service","stopped"],"InstanceId":1073748860,"TimeGenerated":"\/Date(1580775666000)\/","TimeWritten":"\/Date(1580775666000)\/","UserName":null,"Site":null,"Container":null},{"MachineName":"SERWER01","Data":[70,0,111,0,110,0,116,0,67,0,97,0,99,0,104,0,101,0,47,0,49,0,0,0],"Index":2106,"Category":"(0)","CategoryNumber":0,"EventID":7036,"EntryType":4,"Message":"The Windows Font Cache Service service entered the stopped state.","Source":"Service Control Manager","ReplacementStrings":["Windows Font Cache Service","stopped"],"InstanceId":1073748860,"TimeGenerated":"\/Date(1580775666000)\/","TimeWritten":"\/Date(1580775666000)\/","UserName":null,"Site":null,"Container":null},{"MachineName":"SERWER01","Data":[80,0,99,0,97,0,83,0,118,0,99,0,47,0,49,0,0,0],"Index":2105,"Category":"(0)","CategoryNumber":0,"EventID":7036,"EntryType":4,"Message":"The Program Compatibility Assistant Service service entered the stopped state.","Source":"Service Control Manager","ReplacementStrings":["Program Compatibility Assistant Service","stopped"],"InstanceId":1073748860,"TimeGenerated":"\/Date(1580775666000)\/","TimeWritten":"\/Date(1580775666000)\/","UserName":null,"Site":null,"Container":null},{"MachineName":"SERWER01","Data":[65,0,112,0,112,0,88,0,83,0,118,0,99,0,47,0,49,0,0,0],"Index":2104,"Category":"(0)","CategoryNumber":0,"EventID":7036,"EntryType":4,"Message":"The AppX Deployment Service (AppXSVC) service entered the stopped state.","Source":"Service Control Manager","ReplacementStrings":["AppX Deployment Service (AppXSVC)","stopped"],"InstanceId":1073748860,"TimeGenerated":"\/Date(1580775666000)\/","TimeWritten":"\/Date(1580775666000)\/","UserName":null,"Site":null,"Container":null},{"MachineName":"SERWER01","Data":[81,0,87,0,65,0,86,0,69,0,47,0,49,0,0,0],"Index":2103,"Category":"(0)","CategoryNumber":0,"EventID":7036,"EntryType":4,"Message":"The Quality Windows Audio Video Experience service entered the stopped state.","Source":"Service Control Manager","ReplacementStrings":["Quality Windows Audio Video Experience","stopped"],"InstanceId":1073748860,"TimeGenerated":"\/Date(1580775666000)\/","TimeWritten":"\/Date(1580775666000)\/","UserName":null,"Site":null,"Container":null},{"MachineName":"SERWER01","Data":[68,0,104,0,99,0,112,0,47,0,49,0,0,0],"Index":2102,"Category":"(0)","CategoryNumber":0,"EventID":7036,"EntryType":4,"Message":"The DHCP Client service entered the stopped state.","Source":"Service Control Manager","ReplacementStrings":["DHCP Client","stopped"],"InstanceId":1073748860,"TimeGenerated":"\/Date(1580775666000)\/","TimeWritten":"\/Date(1580775666000)\/","UserName":null,"Site":null,"Container":null},{"MachineName":"SERWER01","Data":[83,0,121,0,115,0,77,0,97,0,105,0,110,0,47,0,49,0,0,0],"Index":2101,"Category":"(0)","CategoryNumber":0,"EventID":7036,"EntryType":4,"Message":"The SysMain service entered the stopped state.","Source":"Service Control Manager","ReplacementStrings":["SysMain","stopped"],"InstanceId":1073748860,"TimeGenerated":"\/Date(1580775666000)\/","TimeWritten":"\/Date(1580775666000)\/","UserName":null,"Site":null,"Container":null},{"MachineName":"SERWER01","Data":[115,0,119,0,112,0,114,0,118,0,47,0,49,0,0,0],"Index":2100,"Category":"(0)","CategoryNumber":0,"EventID":7036,"EntryType":4,"Message":"The Microsoft Software Shadow Copy Provider service entered the stopped state.","Source":"Service Control Manager","ReplacementStrings":["Microsoft Software Shadow Copy Provider","stopped"],"InstanceId":1073748860,"TimeGenerated":"\/Date(1580775666000)\/","TimeWritten":"\/Date(1580775666000)\/","UserName":null,"Site":null,"Container":null},{"MachineName":"SERWER01","Data":[80,0,108,0,117,0,103,0,80,0,108,0,97,0,121,0,47,0,49,0,0,0],"Index":2099,"Category":"(0)","CategoryNumber":0,"EventID":7036,"EntryType":4,"Message":"The Plug and Play service entered the stopped state.","Source":"Service Control Manager","ReplacementStrings":["Plug and Play","stopped"],"InstanceId":1073748860,"TimeGenerated":"\/Date(1580775666000)\/","TimeWritten":"\/Date(1580775666000)\/","UserName":null,"Site":null,"Container":null},{"MachineName":"SERWER01","Data":[87,0,105,0,110,0,109,0,103,0,109,0,116,0,47,0,49,0,0,0],"Index":2096,"Category":"(0)","CategoryNumber":0,"EventID":7036,"EntryType":4,"Message":"The Windows Management Instrumentation service entered the stopped state.","Source":"Service Control Manager","ReplacementStrings":["Windows Management Instrumentation","stopped"],"InstanceId":1073748860,"TimeGenerated":"\/Date(1580775666000)\/","TimeWritten":"\/Date(1580775666000)\/","UserName":null,"Site":null,"Container":null},{"MachineName":"SERWER01","Data":[80,0,114,0,111,0,102,0,83,0,118,0,99,0,47,0,49,0,0,0],"Index":2095,"Category":"(0)","CategoryNumber":0,"EventID":7036,"EntryType":4,"Message":"The User Profile Service service entered the stopped state.","Source":"Service Control Manager","ReplacementStrings":["User Profile Service","stopped"],"InstanceId":1073748860,"TimeGenerated":"\/Date(1580775666000)\/","TimeWritten":"\/Date(1580775666000)\/","UserName":null,"Site":null,"Container":null},{"MachineName":"SERWER01","Data":[67,0,101,0,114,0,116,0,80,0,114,0,111,0,112,0,83,0,118,0,99,0,47,0,49,0,0,0],"Index":2094,"Category":"(0)","CategoryNumber":0,"EventID":7036,"EntryType":4,"Message":"The Certificate Propagation service entered the stopped state.","Source":"Service Control Manager","ReplacementStrings":["Certificate Propagation","stopped"],"InstanceId":1073748860,"TimeGenerated":"\/Date(1580775666000)\/","TimeWritten":"\/Date(1580775666000)\/","UserName":null,"Site":null,"Container":null},{"MachineName":"SERWER01","Data":[85,0,109,0,82,0,100,0,112,0,83,0,101,0,114,0,118,0,105,0,99,0,101,0,47,0,49,0,0,0],"Index":2093,"Category":"(0)","CategoryNumber":0,"EventID":7036,"EntryType":4,"Message":"The Remote Desktop Services UserMode Port Redirector service entered the stopped state.","Source":"Service Control Manager","ReplacementStrings":["Remote Desktop Services UserMode Port Redirector","stopped"],"InstanceId":1073748860,"TimeGenerated":"\/Date(1580775666000)\/","TimeWritten":"\/Date(1580775666000)\/","UserName":null,"Site":null,"Container":null},{"MachineName":"SERWER01","Data":[84,0,114,0,107,0,87,0,107,0,115,0,47,0,49,0,0,0],"Index":2092,"Category":"(0)","CategoryNumber":0,"EventID":7036,"EntryType":4,"Message":"The Distributed Link Tracking Client service entered the stopped state.","Source":"Service Control Manager","ReplacementStrings":["Distributed Link Tracking Client","stopped"],"InstanceId":1073748860,"TimeGenerated":"\/Date(1580775666000)\/","TimeWritten":"\/Date(1580775666000)\/","UserName":null,"Site":null,"Container":null},{"MachineName":"SERWER01","Data":[72,0,118,0,72,0,111,0,115,0,116,0,47,0,49,0,0,0],"Index":2091,"Category":"(0)","CategoryNumber":0,"EventID":7036,"EntryType":4,"Message":"The HV Host Service service entered the stopped state.","Source":"Service Control Manager","ReplacementStrings":["HV Host Service","stopped"],"InstanceId":1073748860,"TimeGenerated":"\/Date(1580775666000)\/","TimeWritten":"\/Date(1580775666000)\/","UserName":null,"Site":null,"Container":null},{"MachineName":"SERWER01","Data":[87,0,51,0,50,0,84,0,105,0,109,0,101,0,47,0,49,0,0,0],"Index":2087,"Category":"(0)","CategoryNumber":0,"EventID":7036,"EntryType":4,"Message":"The Windows Time service entered the stopped state.","Source":"Service Control Manager","ReplacementStrings":["Windows Time","stopped"],"InstanceId":1073748860,"TimeGenerated":"\/Date(1580775666000)\/","TimeWritten":"\/Date(1580775666000)\/","UserName":null,"Site":null,"Container":null},{"MachineName":"SERWER01","Data":[68,0,105,0,97,0,103,0,84,0,114,0,97,0,99,0,107,0,47,0,49,0,0,0],"Index":2083,"Category":"(0)","CategoryNumber":0,"EventID":7036,"EntryType":4,"Message":"The Connected User Experiences and Telemetry service entered the stopped state.","Source":"Service Control Manager","ReplacementStrings":["Connected User Experiences and Telemetry","stopped"],"InstanceId":1073748860,"TimeGenerated":"\/Date(1580775666000)\/","TimeWritten":"\/Date(1580775666000)\/","UserName":null,"Site":null,"Container":null},{"MachineName":"SERWER01","Data":[85,0,65,0,76,0,83,0,86,0,67,0,47,0,49,0,0,0],"Index":2082,"Category":"(0)","CategoryNumber":0,"EventID":7036,"EntryType":4,"Message":"The User Access Logging Service service entered the stopped state.","Source":"Service Control Manager","ReplacementStrings":["User Access Logging Service","stopped"],"InstanceId":1073748860,"TimeGenerated":"\/Date(1580775666000)\/","TimeWritten":"\/Date(1580775666000)\/","UserName":null,"Site":null,"Container":null},{"MachineName":"SERWER01","Data":[68,0,115,0,83,0,118,0,99,0,47,0,49,0,0,0],"Index":2081,"Category":"(0)","CategoryNumber":0,"EventID":7036,"EntryType":4,"Message":"The Data Sharing Service service entered the stopped state.","Source":"Service Control Manager","ReplacementStrings":["Data Sharing Service","stopped"],"InstanceId":1073748860,"TimeGenerated":"\/Date(1580775666000)\/","TimeWritten":"\/Date(1580775666000)\/","UserName":null,"Site":null,"Container":null},{"MachineName":"SERWER01","Data":[84,0,114,0,117,0,115,0,116,0,101,0,100,0,73,0,110,0,115,0,116,0,97,0,108,0,108,0,101,0,114,0,47,0,49,0,0,0],"Index":2080,"Category":"(0)","CategoryNumber":0,"EventID":7036,"EntryType":4,"Message":"The Windows Modules Installer service entered the stopped state.","Source":"Service Control Manager","ReplacementStrings":["Windows Modules Installer","stopped"],"InstanceId":1073748860,"TimeGenerated":"\/Date(1580775666000)\/","TimeWritten":"\/Date(1580775666000)\/","UserName":null,"Site":null,"Container":null},{"MachineName":"SERWER01","Data":[103,0,112,0,115,0,118,0,99,0,47,0,49,0,0,0],"Index":2079,"Category":"(0)","CategoryNumber":0,"EventID":7036,"EntryType":4,"Message":"The Group Policy Client service entered the stopped state.","Source":"Service Control Manager","ReplacementStrings":["Group Policy Client","stopped"],"InstanceId":1073748860,"TimeGenerated":"\/Date(1580775663000)\/","TimeWritten":"\/Date(1580775663000)\/","UserName":null,"Site":null,"Container":null},{"MachineName":"SERWER01","Data":[118,0,109,0,109,0,115,0,47,0,49,0,0,0],"Index":2078,"Category":"(0)","CategoryNumber":0,"EventID":7036,"EntryType":4,"Message":"The Hyper-V Virtual Machine Management service entered the stopped state.","Source":"Service Control Manager","ReplacementStrings":["Hyper-V Virtual Machine Management","stopped"],"InstanceId":1073748860,"TimeGenerated":"\/Date(1580775663000)\/","TimeWritten":"\/Date(1580775663000)\/","UserName":null,"Site":null,"Container":null},{"MachineName":"SERWER01","Data":[67,0,68,0,80,0,85,0,115,0,101,0,114,0,83,0,118,0,99,0,95,0,99,0,101,0,48,0,101,0,57,0,51,0,47,0,49,0,0,0],"Index":2076,"Category":"(0)","CategoryNumber":0,"EventID":7036,"EntryType":4,"Message":"The Connected Devices Platform User Service_ce0e93 service entered the stopped state.","Source":"Service Control Manager","ReplacementStrings":["Connected Devices Platform User Service_ce0e93","stopped"],"InstanceId":1073748860,"TimeGenerated":"\/Date(1580775662000)\/","TimeWritten":"\/Date(1580775662000)\/","UserName":null,"Site":null,"Container":null},{"MachineName":"SERWER01","Data":[87,0,112,0,110,0,85,0,115,0,101,0,114,0,83,0,101,0,114,0,118,0,105,0,99,0,101,0,95,0,99,0,101,0,48,0,101,0,57,0,51,0,47,0,49,0,0,0],"Index":2075,"Category":"(0)","CategoryNumber":0,"EventID":7036,"EntryType":4,"Message":"The Windows Push Notifications User Service_ce0e93 service entered the stopped state.","Source":"Service Control Manager","ReplacementStrings":["Windows Push Notifications User Service_ce0e93","stopped"],"InstanceId":1073748860,"TimeGenerated":"\/Date(1580775662000)\/","TimeWritten":"\/Date(1580775662000)\/","UserName":null,"Site":null,"Container":null},{"MachineName":"SERWER01","Data":[65,0,112,0,112,0,88,0,83,0,118,0,99,0,47,0,52,0,0,0],"Index":2074,"Category":"(0)","CategoryNumber":0,"EventID":7036,"EntryType":4,"Message":"The AppX Deployment Service (AppXSVC) service entered the running state.","Source":"Service Control Manager","ReplacementStrings":["AppX Deployment Service (AppXSVC)","running"],"InstanceId":1073748860,"TimeGenerated":"\/Date(1580775662000)\/","TimeWritten":"\/Date(1580775662000)\/","UserName":null,"Site":null,"Container":null},{"MachineName":"SERWER01","Data":[115,0,119,0,112,0,114,0,118,0,47,0,52,0,0,0],"Index":2071,"Category":"(0)","CategoryNumber":0,"EventID":7036,"EntryType":4,"Message":"The Microsoft Software Shadow Copy Provider service entered the running state.","Source":"Service Control Manager","ReplacementStrings":["Microsoft Software Shadow Copy Provider","running"],"InstanceId":1073748860,"TimeGenerated":"\/Date(1580775621000)\/","TimeWritten":"\/Date(1580775621000)\/","UserName":null,"Site":null,"Container":null},{"MachineName":"SERWER01","Data":[86,0,83,0,83,0,47,0,52,0,0,0],"Index":2070,"Category":"(0)","CategoryNumber":0,"EventID":7036,"EntryType":4,"Message":"The Volume Shadow Copy service entered the running state.","Source":"Service Control Manager","ReplacementStrings":["Volume Shadow Copy","running"],"InstanceId":1073748860,"TimeGenerated":"\/Date(1580775621000)\/","TimeWritten":"\/Date(1580775621000)\/","UserName":null,"Site":null,"Container":null},{"MachineName":"SERWER01","Data":[84,0,114,0,117,0,115,0,116,0,101,0,100,0,73,0,110,0,115,0,116,0,97,0,108,0,108,0,101,0,114,0,47,0,52,0,0,0],"Index":2068,"Category":"(0)","CategoryNumber":0,"EventID":7036,"EntryType":4,"Message":"The Windows Modules Installer service entered the running state.","Source":"Service Control Manager","ReplacementStrings":["Windows Modules Installer","running"],"InstanceId":1073748860,"TimeGenerated":"\/Date(1580775606000)\/","TimeWritten":"\/Date(1580775606000)\/","UserName":null,"Site":null,"Container":null},{"MachineName":"SERWER01","Data":[78,0,101,0,116,0,83,0,101,0,116,0,117,0,112,0,83,0,118,0,99,0,47,0,52,0,0,0],"Index":2067,"Category":"(0)","CategoryNumber":0,"EventID":7036,"EntryType":4,"Message":"The Network Setup Service service entered the running state.","Source":"Service Control Manager","ReplacementStrings":["Network Setup Service","running"],"InstanceId":1073748860,"TimeGenerated":"\/Date(1580775570000)\/","TimeWritten":"\/Date(1580775570000)\/","UserName":null,"Site":null,"Container":null},{"MachineName":"SERWER01","Data":[115,0,115,0,104,0,100,0,47,0,49,0,0,0],"Index":2066,"Category":"(0)","CategoryNumber":0,"EventID":7036,"EntryType":4,"Message":"The OpenSSH SSH Server service entered the stopped state.","Source":"Service Control Manager","ReplacementStrings":["OpenSSH SSH Server","stopped"],"InstanceId":1073748860,"TimeGenerated":"\/Date(1580775486000)\/","TimeWritten":"\/Date(1580775486000)\/","UserName":null,"Site":null,"Container":null},{"MachineName":"SERWER01","Data":[78,0,101,0,116,0,83,0,101,0,116,0,117,0,112,0,83,0,118,0,99,0,47,0,49,0,0,0],"Index":2065,"Category":"(0)","CategoryNumber":0,"EventID":7036,"EntryType":4,"Message":"The Network Setup Service service entered the stopped state.","Source":"Service Control Manager","ReplacementStrings":["Network Setup Service","stopped"],"InstanceId":1073748860,"TimeGenerated":"\/Date(1580775218000)\/","TimeWritten":"\/Date(1580775218000)\/","UserName":null,"Site":null,"Container":null},{"MachineName":"SERWER01","Data":[78,0,101,0,116,0,83,0,101,0,116,0,117,0,112,0,83,0,118,0,99,0,47,0,52,0,0,0],"Index":2064,"Category":"(0)","CategoryNumber":0,"EventID":7036,"EntryType":4,"Message":"The Network Setup Service service entered the running state.","Source":"Service Control Manager","ReplacementStrings":["Network Setup Service","running"],"InstanceId":1073748860,"TimeGenerated":"\/Date(1580775035000)\/","TimeWritten":"\/Date(1580775035000)\/","UserName":null,"Site":null,"Container":null},{"MachineName":"SERWER01","Data":[78,0,101,0,116,0,83,0,101,0,116,0,117,0,112,0,83,0,118,0,99,0,47,0,49,0,0,0],"Index":2063,"Category":"(0)","CategoryNumber":0,"EventID":7036,"EntryType":4,"Message":"The Network Setup Service service entered the stopped state.","Source":"Service Control Manager","ReplacementStrings":["Network Setup Service","stopped"],"InstanceId":1073748860,"TimeGenerated":"\/Date(1580775010000)\/","TimeWritten":"\/Date(1580775010000)\/","UserName":null,"Site":null,"Container":null},{"MachineName":"SERWER01","Data":[78,0,101,0,116,0,83,0,101,0,116,0,117,0,112,0,83,0,118,0,99,0,47,0,52,0,0,0],"Index":2062,"Category":"(0)","CategoryNumber":0,"EventID":7036,"EntryType":4,"Message":"The Network Setup Service service entered the running state.","Source":"Service Control Manager","ReplacementStrings":["Network Setup Service","running"],"InstanceId":1073748860,"TimeGenerated":"\/Date(1580774803000)\/","TimeWritten":"\/Date(1580774803000)\/","UserName":null,"Site":null,"Container":null},{"MachineName":"SERWER01","Data":[78,0,101,0,116,0,83,0,101,0,116,0,117,0,112,0,83,0,118,0,99,0,47,0,49,0,0,0],"Index":2061,"Category":"(0)","CategoryNumber":0,"EventID":7036,"EntryType":4,"Message":"The Network Setup Service service entered the stopped state.","Source":"Service Control Manager","ReplacementStrings":["Network Setup Service","stopped"],"InstanceId":1073748860,"TimeGenerated":"\/Date(1580774583000)\/","TimeWritten":"\/Date(1580774583000)\/","UserName":null,"Site":null,"Container":null},{"MachineName":"SERWER01","Data":[78,0,101,0,116,0,83,0,101,0,116,0,117,0,112,0,83,0,118,0,99,0,47,0,52,0,0,0],"Index":2060,"Category":"(0)","CategoryNumber":0,"EventID":7036,"EntryType":4,"Message":"The Network Setup Service service entered the running state.","Source":"Service Control Manager","ReplacementStrings":["Network Setup Service","running"],"InstanceId":1073748860,"TimeGenerated":"\/Date(1580774490000)\/","TimeWritten":"\/Date(1580774490000)\/","UserName":null,"Site":null,"Container":null},{"MachineName":"SERWER01","Data":[78,0,101,0,116,0,83,0,101,0,116,0,117,0,112,0,83,0,118,0,99,0,47,0,49,0,0,0],"Index":2059,"Category":"(0)","CategoryNumber":0,"EventID":7036,"EntryType":4,"Message":"The Network Setup Service service entered the stopped state.","Source":"Service Control Manager","ReplacementStrings":["Network Setup Service","stopped"],"InstanceId":1073748860,"TimeGenerated":"\/Date(1580773953000)\/","TimeWritten":"\/Date(1580773953000)\/","UserName":null,"Site":null,"Container":null},{"MachineName":"SERWER01","Data":[68,0,115,0,109,0,83,0,118,0,99,0,47,0,49,0,0,0],"Index":2058,"Category":"(0)","CategoryNumber":0,"EventID":7036,"EntryType":4,"Message":"The Device Setup Manager service entered the stopped state.","Source":"Service Control Manager","ReplacementStrings":["Device Setup Manager","stopped"],"InstanceId":1073748860,"TimeGenerated":"\/Date(1580773934000)\/","TimeWritten":"\/Date(1580773934000)\/","UserName":null,"Site":null,"Container":null},{"MachineName":"SERWER01","Data":[78,0,101,0,116,0,83,0,101,0,116,0,117,0,112,0,83,0,118,0,99,0,47,0,52,0,0,0],"Index":2057,"Category":"(0)","CategoryNumber":0,"EventID":7036,"EntryType":4,"Message":"The Network Setup Service service entered the running state.","Source":"Service Control Manager","ReplacementStrings":["Network Setup Service","running"],"InstanceId":1073748860,"TimeGenerated":"\/Date(1580773890000)\/","TimeWritten":"\/Date(1580773890000)\/","UserName":null,"Site":null,"Container":null},{"MachineName":"SERWER01","Data":[68,0,115,0,109,0,83,0,118,0,99,0,47,0,52,0,0,0],"Index":2056,"Category":"(0)","CategoryNumber":0,"EventID":7036,"EntryType":4,"Message":"The Device Setup Manager service entered the running state.","Source":"Service Control Manager","ReplacementStrings":["Device Setup Manager","running"],"InstanceId":1073748860,"TimeGenerated":"\/Date(1580773887000)\/","TimeWritten":"\/Date(1580773887000)\/","UserName":null,"Site":null,"Container":null},{"MachineName":"SERWER01","Data":[87,0,100,0,105,0,83,0,121,0,115,0,116,0,101,0,109,0,72,0,111,0,115,0,116,0,47,0,49,0,0,0],"Index":2055,"Category":"(0)","CategoryNumber":0,"EventID":7036,"EntryType":4,"Message":"The Diagnostic System Host service entered the stopped state.","Source":"Service Control Manager","ReplacementStrings":["Diagnostic System Host","stopped"],"InstanceId":1073748860,"TimeGenerated":"\/Date(1580772703000)\/","TimeWritten":"\/Date(1580772703000)\/","UserName":null,"Site":null,"Container":null},{"MachineName":"SERWER01","Data":[65,0,112,0,112,0,88,0,83,0,118,0,99,0,47,0,49,0,0,0],"Index":2054,"Category":"(0)","CategoryNumber":0,"EventID":7036,"EntryType":4,"Message":"The AppX Deployment Service (AppXSVC) service entered the stopped state.","Source":"Service Control Manager","ReplacementStrings":["AppX Deployment Service (AppXSVC)","stopped"],"InstanceId":1073748860,"TimeGenerated":"\/Date(1580771395000)\/","TimeWritten":"\/Date(1580771395000)\/","UserName":null,"Site":null,"Container":null},{"MachineName":"SERWER01","Data":[78,0,101,0,116,0,83,0,101,0,116,0,117,0,112,0,83,0,118,0,99,0,47,0,49,0,0,0],"Index":2053,"Category":"(0)","CategoryNumber":0,"EventID":7036,"EntryType":4,"Message":"The Network Setup Service service entered the stopped state.","Source":"Service Control Manager","ReplacementStrings":["Network Setup Service","stopped"],"InstanceId":1073748860,"TimeGenerated":"\/Date(1580771384000)\/","TimeWritten":"\/Date(1580771384000)\/","UserName":null,"Site":null,"Container":null},{"MachineName":"SERWER01","Data":[78,0,101,0,116,0,83,0,101,0,116,0,117,0,112,0,83,0,118,0,99,0,47,0,52,0,0,0],"Index":2052,"Category":"(0)","CategoryNumber":0,"EventID":7036,"EntryType":4,"Message":"The Network Setup Service service entered the running state.","Source":"Service Control Manager","ReplacementStrings":["Network Setup Service","running"],"InstanceId":1073748860,"TimeGenerated":"\/Date(1580771203000)\/","TimeWritten":"\/Date(1580771203000)\/","UserName":null,"Site":null,"Container":null},{"MachineName":"SERWER01","Data":[115,0,112,0,112,0,115,0,118,0,99,0,47,0,49,0,0,0],"Index":2051,"Category":"(0)","CategoryNumber":0,"EventID":7036,"EntryType":4,"Message":"The Software Protection service entered the stopped state.","Source":"Service Control Manager","ReplacementStrings":["Software Protection","stopped"],"InstanceId":1073748860,"TimeGenerated":"\/Date(1580771123000)\/","TimeWritten":"\/Date(1580771123000)\/","UserName":null,"Site":null,"Container":null},{"MachineName":"SERWER01","Data":[87,0,100,0,105,0,83,0,121,0,115,0,116,0,101,0,109,0,72,0,111,0,115,0,116,0,47,0,52,0,0,0],"Index":2050,"Category":"(0)","CategoryNumber":0,"EventID":7036,"EntryType":4,"Message":"The Diagnostic System Host service entered the running state.","Source":"Service Control Manager","ReplacementStrings":["Diagnostic System Host","running"],"InstanceId":1073748860,"TimeGenerated":"\/Date(1580771096000)\/","TimeWritten":"\/Date(1580771096000)\/","UserName":null,"Site":null,"Container":null},{"MachineName":"SERWER01","Data":[115,0,112,0,112,0,115,0,118,0,99,0,47,0,52,0,0,0],"Index":2049,"Category":"(0)","CategoryNumber":0,"EventID":7036,"EntryType":4,"Message":"The Software Protection service entered the running state.","Source":"Service Control Manager","ReplacementStrings":["Software Protection","running"],"InstanceId":1073748860,"TimeGenerated":"\/Date(1580771093000)\/","TimeWritten":"\/Date(1580771093000)\/","UserName":null,"Site":null,"Container":null},{"MachineName":"SERWER01","Data":[65,0,112,0,112,0,88,0,83,0,118,0,99,0,47,0,52,0,0,0],"Index":2048,"Category":"(0)","CategoryNumber":0,"EventID":7036,"EntryType":4,"Message":"The AppX Deployment Service (AppXSVC) service entered the running state.","Source":"Service Control Manager","ReplacementStrings":["AppX Deployment Service (AppXSVC)","running"],"InstanceId":1073748860,"TimeGenerated":"\/Date(1580771093000)\/","TimeWritten":"\/Date(1580771093000)\/","UserName":null,"Site":null,"Container":null},{"MachineName":"SERWER01","Data":[78,0,101,0,116,0,83,0,101,0,116,0,117,0,112,0,83,0,118,0,99,0,47,0,49,0,0,0],"Index":2047,"Category":"(0)","CategoryNumber":0,"EventID":7036,"EntryType":4,"Message":"The Network Setup Service service entered the stopped state.","Source":"Service Control Manager","ReplacementStrings":["Network Setup Service","stopped"],"InstanceId":1073748860,"TimeGenerated":"\/Date(1580770995000)\/","TimeWritten":"\/Date(1580770995000)\/","UserName":null,"Site":null,"Container":null},{"MachineName":"SERWER01","Data":[78,0,101,0,116,0,83,0,101,0,116,0,117,0,112,0,83,0,118,0,99,0,47,0,52,0,0,0],"Index":2046,"Category":"(0)","CategoryNumber":0,"EventID":7036,"EntryType":4,"Message":"The Network Setup Service service entered the running state.","Source":"Service Control Manager","ReplacementStrings":["Network Setup Service","running"],"InstanceId":1073748860,"TimeGenerated":"\/Date(1580770890000)\/","TimeWritten":"\/Date(1580770890000)\/","UserName":null,"Site":null,"Container":null},{"MachineName":"SERWER01","Data":[78,0,101,0,116,0,83,0,101,0,116,0,117,0,112,0,83,0,118,0,99,0,47,0,49,0,0,0],"Index":2045,"Category":"(0)","CategoryNumber":0,"EventID":7036,"EntryType":4,"Message":"The Network Setup Service service entered the stopped state.","Source":"Service Control Manager","ReplacementStrings":["Network Setup Service","stopped"],"InstanceId":1073748860,"TimeGenerated":"\/Date(1580770383000)\/","TimeWritten":"\/Date(1580770383000)\/","UserName":null,"Site":null,"Container":null},{"MachineName":"SERWER01","Data":[78,0,101,0,116,0,83,0,101,0,116,0,117,0,112,0,83,0,118,0,99,0,47,0,52,0,0,0],"Index":2044,"Category":"(0)","CategoryNumber":0,"EventID":7036,"EntryType":4,"Message":"The Network Setup Service service entered the running state.","Source":"Service Control Manager","ReplacementStrings":["Network Setup Service","running"],"InstanceId":1073748860,"TimeGenerated":"\/Date(1580770290000)\/","TimeWritten":"\/Date(1580770290000)\/","UserName":null,"Site":null,"Container":null},{"MachineName":"SERWER01","Data":[78,0,101,0,116,0,83,0,101,0,116,0,117,0,112,0,83,0,118,0,99,0,47,0,49,0,0,0],"Index":2043,"Category":"(0)","CategoryNumber":0,"EventID":7036,"EntryType":4,"Message":"The Network Setup Service service entered the stopped state.","Source":"Service Control Manager","ReplacementStrings":["Network Setup Service","stopped"],"InstanceId":1073748860,"TimeGenerated":"\/Date(1580769783000)\/","TimeWritten":"\/Date(1580769783000)\/","UserName":null,"Site":null,"Container":null},{"MachineName":"SERWER01","Data":[78,0,101,0,116,0,83,0,101,0,116,0,117,0,112,0,83,0,118,0,99,0,47,0,52,0,0,0],"Index":2042,"Category":"(0)","CategoryNumber":0,"EventID":7036,"EntryType":4,"Message":"The Network Setup Service service entered the running state.","Source":"Service Control Manager","ReplacementStrings":["Network Setup Service","running"],"InstanceId":1073748860,"TimeGenerated":"\/Date(1580769690000)\/","TimeWritten":"\/Date(1580769690000)\/","UserName":null,"Site":null,"Container":null},{"MachineName":"SERWER01","Data":[78,0,101,0,116,0,83,0,101,0,116,0,117,0,112,0,83,0,118,0,99,0,47,0,49,0,0,0],"Index":2041,"Category":"(0)","CategoryNumber":0,"EventID":7036,"EntryType":4,"Message":"The Network Setup Service service entered the stopped state.","Source":"Service Control Manager","ReplacementStrings":["Network Setup Service","stopped"],"InstanceId":1073748860,"TimeGenerated":"\/Date(1580769183000)\/","TimeWritten":"\/Date(1580769183000)\/","UserName":null,"Site":null,"Container":null},{"MachineName":"SERWER01","Data":[78,0,101,0,116,0,83,0,101,0,116,0,117,0,112,0,83,0,118,0,99,0,47,0,52,0,0,0],"Index":2040,"Category":"(0)","CategoryNumber":0,"EventID":7036,"EntryType":4,"Message":"The Network Setup Service service entered the running state.","Source":"Service Control Manager","ReplacementStrings":["Network Setup Service","running"],"InstanceId":1073748860,"TimeGenerated":"\/Date(1580769090000)\/","TimeWritten":"\/Date(1580769090000)\/","UserName":null,"Site":null,"Container":null},{"MachineName":"SERWER01","Data":[78,0,101,0,116,0,83,0,101,0,116,0,117,0,112,0,83,0,118,0,99,0,47,0,49,0,0,0],"Index":2039,"Category":"(0)","CategoryNumber":0,"EventID":7036,"EntryType":4,"Message":"The Network Setup Service service entered the stopped state.","Source":"Service Control Manager","ReplacementStrings":["Network Setup Service","stopped"],"InstanceId":1073748860,"TimeGenerated":"\/Date(1580768583000)\/","TimeWritten":"\/Date(1580768583000)\/","UserName":null,"Site":null,"Container":null},{"MachineName":"SERWER01","Data":[100,0,101,0,102,0,114,0,97,0,103,0,115,0,118,0,99,0,47,0,49,0,0,0],"Index":2038,"Category":"(0)","CategoryNumber":0,"EventID":7036,"EntryType":4,"Message":"The Optimize drives service entered the stopped state.","Source":"Service Control Manager","ReplacementStrings":["Optimize drives","stopped"],"InstanceId":1073748860,"TimeGenerated":"\/Date(1580768507000)\/","TimeWritten":"\/Date(1580768507000)\/","UserName":null,"Site":null,"Container":null},{"MachineName":"SERWER01","Data":[78,0,101,0,116,0,83,0,101,0,116,0,117,0,112,0,83,0,118,0,99,0,47,0,52,0,0,0],"Index":2037,"Category":"(0)","CategoryNumber":0,"EventID":7036,"EntryType":4,"Message":"The Network Setup Service service entered the running state.","Source":"Service Control Manager","ReplacementStrings":["Network Setup Service","running"],"InstanceId":1073748860,"TimeGenerated":"\/Date(1580768490000)\/","TimeWritten":"\/Date(1580768490000)\/","UserName":null,"Site":null,"Container":null},{"MachineName":"SERWER01","Data":[78,0,101,0,116,0,83,0,101,0,116,0,117,0,112,0,83,0,118,0,99,0,47,0,49,0,0,0],"Index":2036,"Category":"(0)","CategoryNumber":0,"EventID":7036,"EntryType":4,"Message":"The Network Setup Service service entered the stopped state.","Source":"Service Control Manager","ReplacementStrings":["Network Setup Service","stopped"],"InstanceId":1073748860,"TimeGenerated":"\/Date(1580768044000)\/","TimeWritten":"\/Date(1580768044000)\/","UserName":null,"Site":null,"Container":null},{"MachineName":"SERWER01","Data":[78,0,101,0,116,0,83,0,101,0,116,0,117,0,112,0,83,0,118,0,99,0,47,0,52,0,0,0],"Index":2035,"Category":"(0)","CategoryNumber":0,"EventID":7036,"EntryType":4,"Message":"The Network Setup Service service entered the running state.","Source":"Service Control Manager","ReplacementStrings":["Network Setup Service","running"],"InstanceId":1073748860,"TimeGenerated":"\/Date(1580767881000)\/","TimeWritten":"\/Date(1580767881000)\/","UserName":null,"Site":null,"Container":null},{"MachineName":"SERWER01","Data":[78,0,101,0,116,0,83,0,101,0,116,0,117,0,112,0,83,0,118,0,99,0,47,0,49,0,0,0],"Index":2034,"Category":"(0)","CategoryNumber":0,"EventID":7036,"EntryType":4,"Message":"The Network Setup Service service entered the stopped state.","Source":"Service Control Manager","ReplacementStrings":["Network Setup Service","stopped"],"InstanceId":1073748860,"TimeGenerated":"\/Date(1580767784000)\/","TimeWritten":"\/Date(1580767784000)\/","UserName":null,"Site":null,"Container":null},{"MachineName":"SERWER01","Data":[78,0,101,0,116,0,83,0,101,0,116,0,117,0,112,0,83,0,118,0,99,0,47,0,52,0,0,0],"Index":2033,"Category":"(0)","CategoryNumber":0,"EventID":7036,"EntryType":4,"Message":"The Network Setup Service service entered the running state.","Source":"Service Control Manager","ReplacementStrings":["Network Setup Service","running"],"InstanceId":1073748860,"TimeGenerated":"\/Date(1580767603000)\/","TimeWritten":"\/Date(1580767603000)\/","UserName":null,"Site":null,"Container":null},{"MachineName":"SERWER01","Data":[78,0,101,0,116,0,83,0,101,0,116,0,117,0,112,0,83,0,118,0,99,0,47,0,49,0,0,0],"Index":2032,"Category":"(0)","CategoryNumber":0,"EventID":7036,"EntryType":4,"Message":"The Network Setup Service service entered the stopped state.","Source":"Service Control Manager","ReplacementStrings":["Network Setup Service","stopped"],"InstanceId":1073748860,"TimeGenerated":"\/Date(1580767383000)\/","TimeWritten":"\/Date(1580767383000)\/","UserName":null,"Site":null,"Container":null},{"MachineName":"SERWER01","Data":[78,0,101,0,116,0,83,0,101,0,116,0,117,0,112,0,83,0,118,0,99,0,47,0,52,0,0,0],"Index":2007,"Category":"(0)","CategoryNumber":0,"EventID":7036,"EntryType":4,"Message":"The Network Setup Service service entered the running state.","Source":"Service Control Manager","ReplacementStrings":["Network Setup Service","running"],"InstanceId":1073748860,"TimeGenerated":"\/Date(1580767290000)\/","TimeWritten":"\/Date(1580767290000)\/","UserName":null,"Site":null,"Container":null},{"MachineName":"SERWER01","Data":[100,0,101,0,102,0,114,0,97,0,103,0,115,0,118,0,99,0,47,0,52,0,0,0],"Index":2006,"Category":"(0)","CategoryNumber":0,"EventID":7036,"EntryType":4,"Message":"The Optimize drives service entered the running state.","Source":"Service Control Manager","ReplacementStrings":["Optimize drives","running"],"InstanceId":1073748860,"TimeGenerated":"\/Date(1580767224000)\/","TimeWritten":"\/Date(1580767224000)\/","UserName":null,"Site":null,"Container":null},{"MachineName":"SERWER01","Data":[87,0,80,0,68,0,66,0,117,0,115,0,69,0,110,0,117,0,109,0,47,0,49,0,0,0],"Index":2005,"Category":"(0)","CategoryNumber":0,"EventID":7036,"EntryType":4,"Message":"The Portable Device Enumerator Service service entered the stopped state.","Source":"Service Control Manager","ReplacementStrings":["Portable Device Enumerator Service","stopped"],"InstanceId":1073748860,"TimeGenerated":"\/Date(1580767215000)\/","TimeWritten":"\/Date(1580767215000)\/","UserName":null,"Site":null,"Container":null},{"MachineName":"SERWER01","Data":[99,0,97,0,109,0,115,0,118,0,99,0,47,0,49,0,0,0],"Index":2004,"Category":"(0)","CategoryNumber":0,"EventID":7036,"EntryType":4,"Message":"The Capability Access Manager Service service entered the stopped state.","Source":"Service Control Manager","ReplacementStrings":["Capability Access Manager Service","stopped"],"InstanceId":1073748860,"TimeGenerated":"\/Date(1580767180000)\/","TimeWritten":"\/Date(1580767180000)\/","UserName":null,"Site":null,"Container":null},{"MachineName":"SERWER01","Data":[68,0,115,0,109,0,83,0,118,0,99,0,47,0,49,0,0,0],"Index":2003,"Category":"(0)","CategoryNumber":0,"EventID":7036,"EntryType":4,"Message":"The Device Setup Manager service entered the stopped state.","Source":"Service Control Manager","ReplacementStrings":["Device Setup Manager","stopped"],"InstanceId":1073748860,"TimeGenerated":"\/Date(1580767142000)\/","TimeWritten":"\/Date(1580767142000)\/","UserName":null,"Site":null,"Container":null},{"MachineName":"SERWER01","Data":[87,0,80,0,68,0,66,0,117,0,115,0,69,0,110,0,117,0,109,0,47,0,52,0,0,0],"Index":2000,"Category":"(0)","CategoryNumber":0,"EventID":7036,"EntryType":4,"Message":"The Portable Device Enumerator Service service entered the running state.","Source":"Service Control Manager","ReplacementStrings":["Portable Device Enumerator Service","running"],"InstanceId":1073748860,"TimeGenerated":"\/Date(1580767095000)\/","TimeWritten":"\/Date(1580767095000)\/","UserName":null,"Site":null,"Container":null},{"MachineName":"SERWER01","Data":[68,0,115,0,109,0,83,0,118,0,99,0,47,0,52,0,0,0],"Index":1998,"Category":"(0)","CategoryNumber":0,"EventID":7036,"EntryType":4,"Message":"The Device Setup Manager service entered the running state.","Source":"Service Control Manager","ReplacementStrings":["Device Setup Manager","running"],"InstanceId":1073748860,"TimeGenerated":"\/Date(1580767094000)\/","TimeWritten":"\/Date(1580767094000)\/","UserName":null,"Site":null,"Container":null},{"MachineName":"SERWER01","Data":[87,0,98,0,105,0,111,0,83,0,114,0,118,0,99,0,47,0,49,0,0,0],"Index":1997,"Category":"(0)","CategoryNumber":0,"EventID":7036,"EntryType":4,"Message":"The Windows Biometric Service service entered the stopped state.","Source":"Service Control Manager","ReplacementStrings":["Windows Biometric Service","stopped"],"InstanceId":1073748860,"TimeGenerated":"\/Date(1580767078000)\/","TimeWritten":"\/Date(1580767078000)\/","UserName":null,"Site":null,"Container":null},{"MachineName":"SERWER01","Data":[115,0,115,0,104,0,100,0,47,0,52,0,0,0],"Index":1996,"Category":"(0)","CategoryNumber":0,"EventID":7036,"EntryType":4,"Message":"The OpenSSH SSH Server service entered the running state.","Source":"Service Control Manager","ReplacementStrings":["OpenSSH SSH Server","running"],"InstanceId":1073748860,"TimeGenerated":"\/Date(1580766901000)\/","TimeWritten":"\/Date(1580766901000)\/","UserName":null,"Site":null,"Container":null},{"MachineName":"SERWER01","Data":[87,0,98,0,105,0,111,0,83,0,114,0,118,0,99,0,47,0,52,0,0,0],"Index":1995,"Category":"(0)","CategoryNumber":0,"EventID":7036,"EntryType":4,"Message":"The Windows Biometric Service service entered the running state.","Source":"Service Control Manager","ReplacementStrings":["Windows Biometric Service","running"],"InstanceId":1073748860,"TimeGenerated":"\/Date(1580766880000)\/","TimeWritten":"\/Date(1580766880000)\/","UserName":null,"Site":null,"Container":null},{"MachineName":"SERWER01","Data":[99,0,97,0,109,0,115,0,118,0,99,0,47,0,52,0,0,0],"Index":1994,"Category":"(0)","CategoryNumber":0,"EventID":7036,"EntryType":4,"Message":"The Capability Access Manager Service service entered the running state.","Source":"Service Control Manager","ReplacementStrings":["Capability Access Manager Service","running"],"InstanceId":1073748860,"TimeGenerated":"\/Date(1580766880000)\/","TimeWritten":"\/Date(1580766880000)\/","UserName":null,"Site":null,"Container":null},{"MachineName":"SERWER01","Data":[66,0,116,0,104,0,65,0,118,0,99,0,116,0,112,0,83,0,118,0,99,0,47,0,52,0,0,0],"Index":1993,"Category":"(0)","CategoryNumber":0,"EventID":7036,"EntryType":4,"Message":"The AVCTP service service entered the running state.","Source":"Service Control Manager","ReplacementStrings":["AVCTP service","running"],"InstanceId":1073748860,"TimeGenerated":"\/Date(1580766879000)\/","TimeWritten":"\/Date(1580766879000)\/","UserName":null,"Site":null,"Container":null},{"MachineName":"SERWER01","Data":[78,0,101,0,116,0,83,0,101,0,116,0,117,0,112,0,83,0,118,0,99,0,47,0,49,0,0,0],"Index":1992,"Category":"(0)","CategoryNumber":0,"EventID":7036,"EntryType":4,"Message":"The Network Setup Service service entered the stopped state.","Source":"Service Control Manager","ReplacementStrings":["Network Setup Service","stopped"],"InstanceId":1073748860,"TimeGenerated":"\/Date(1580766783000)\/","TimeWritten":"\/Date(1580766783000)\/","UserName":null,"Site":null,"Container":null},{"MachineName":"SERWER01","Data":[78,0,101,0,116,0,83,0,101,0,116,0,117,0,112,0,83,0,118,0,99,0,47,0,52,0,0,0],"Index":1991,"Category":"(0)","CategoryNumber":0,"EventID":7036,"EntryType":4,"Message":"The Network Setup Service service entered the running state.","Source":"Service Control Manager","ReplacementStrings":["Network Setup Service","running"],"InstanceId":1073748860,"TimeGenerated":"\/Date(1580766690000)\/","TimeWritten":"\/Date(1580766690000)\/","UserName":null,"Site":null,"Container":null},{"MachineName":"SERWER01","Data":[78,0,101,0,116,0,83,0,101,0,116,0,117,0,112,0,83,0,118,0,99,0,47,0,49,0,0,0],"Index":1990,"Category":"(0)","CategoryNumber":0,"EventID":7036,"EntryType":4,"Message":"The Network Setup Service service entered the stopped state.","Source":"Service Control Manager","ReplacementStrings":["Network Setup Service","stopped"],"InstanceId":1073748860,"TimeGenerated":"\/Date(1580766209000)\/","TimeWritten":"\/Date(1580766209000)\/","UserName":null,"Site":null,"Container":null},{"MachineName":"SERWER01","Data":[78,0,101,0,116,0,83,0,101,0,116,0,117,0,112,0,83,0,118,0,99,0,47,0,52,0,0,0],"Index":1989,"Category":"(0)","CategoryNumber":0,"EventID":7036,"EntryType":4,"Message":"The Network Setup Service service entered the running state.","Source":"Service Control Manager","ReplacementStrings":["Network Setup Service","running"],"InstanceId":1073748860,"TimeGenerated":"\/Date(1580766090000)\/","TimeWritten":"\/Date(1580766090000)\/","UserName":null,"Site":null,"Container":null},{"MachineName":"SERWER01","Data":[78,0,101,0,116,0,83,0,101,0,116,0,117,0,112,0,83,0,118,0,99,0,47,0,49,0,0,0],"Index":1987,"Category":"(0)","CategoryNumber":0,"EventID":7036,"EntryType":4,"Message":"The Network Setup Service service entered the stopped state.","Source":"Service Control Manager","ReplacementStrings":["Network Setup Service","stopped"],"InstanceId":1073748860,"TimeGenerated":"\/Date(1580765583000)\/","TimeWritten":"\/Date(1580765583000)\/","UserName":null,"Site":null,"Container":null},{"MachineName":"SERWER01","Data":[78,0,101,0,116,0,83,0,101,0,116,0,117,0,112,0,83,0,118,0,99,0,47,0,52,0,0,0],"Index":1986,"Category":"(0)","CategoryNumber":0,"EventID":7036,"EntryType":4,"Message":"The Network Setup Service service entered the running state.","Source":"Service Control Manager","ReplacementStrings":["Network Setup Service","running"],"InstanceId":1073748860,"TimeGenerated":"\/Date(1580765490000)\/","TimeWritten":"\/Date(1580765490000)\/","UserName":null,"Site":null,"Container":null},{"MachineName":"SERWER01","Data":[78,0,101,0,116,0,83,0,101,0,116,0,117,0,112,0,83,0,118,0,99,0,47,0,49,0,0,0],"Index":1985,"Category":"(0)","CategoryNumber":0,"EventID":7036,"EntryType":4,"Message":"The Network Setup Service service entered the stopped state.","Source":"Service Control Manager","ReplacementStrings":["Network Setup Service","stopped"],"InstanceId":1073748860,"TimeGenerated":"\/Date(1580764983000)\/","TimeWritten":"\/Date(1580764983000)\/","UserName":null,"Site":null,"Container":null},{"MachineName":"SERWER01","Data":[78,0,101,0,116,0,83,0,101,0,116,0,117,0,112,0,83,0,118,0,99,0,47,0,52,0,0,0],"Index":1984,"Category":"(0)","CategoryNumber":0,"EventID":7036,"EntryType":4,"Message":"The Network Setup Service service entered the running state.","Source":"Service Control Manager","ReplacementStrings":["Network Setup Service","running"],"InstanceId":1073748860,"TimeGenerated":"\/Date(1580764890000)\/","TimeWritten":"\/Date(1580764890000)\/","UserName":null,"Site":null,"Container":null},{"MachineName":"SERWER01","Data":[78,0,101,0,116,0,83,0,101,0,116,0,117,0,112,0,83,0,118,0,99,0,47,0,49,0,0,0],"Index":1983,"Category":"(0)","CategoryNumber":0,"EventID":7036,"EntryType":4,"Message":"The Network Setup Service service entered the stopped state.","Source":"Service Control Manager","ReplacementStrings":["Network Setup Service","stopped"],"InstanceId":1073748860,"TimeGenerated":"\/Date(1580764383000)\/","TimeWritten":"\/Date(1580764383000)\/","UserName":null,"Site":null,"Container":null},{"MachineName":"SERWER01","Data":[78,0,101,0,116,0,83,0,101,0,116,0,117,0,112,0,83,0,118,0,99,0,47,0,52,0,0,0],"Index":1982,"Category":"(0)","CategoryNumber":0,"EventID":7036,"EntryType":4,"Message":"The Network Setup Service service entered the running state.","Source":"Service Control Manager","ReplacementStrings":["Network Setup Service","running"],"InstanceId":1073748860,"TimeGenerated":"\/Date(1580764290000)\/","TimeWritten":"\/Date(1580764290000)\/","UserName":null,"Site":null,"Container":null},{"MachineName":"SERWER01","Data":[78,0,101,0,116,0,83,0,101,0,116,0,117,0,112,0,83,0,118,0,99,0,47,0,49,0,0,0],"Index":1981,"Category":"(0)","CategoryNumber":0,"EventID":7036,"EntryType":4,"Message":"The Network Setup Service service entered the stopped state.","Source":"Service Control Manager","ReplacementStrings":["Network Setup Service","stopped"],"InstanceId":1073748860,"TimeGenerated":"\/Date(1580764184000)\/","TimeWritten":"\/Date(1580764184000)\/","UserName":null,"Site":null,"Container":null},{"MachineName":"SERWER01","Data":[78,0,101,0,116,0,83,0,101,0,116,0,117,0,112,0,83,0,118,0,99,0,47,0,52,0,0,0],"Index":1980,"Category":"(0)","CategoryNumber":0,"EventID":7036,"EntryType":4,"Message":"The Network Setup Service service entered the running state.","Source":"Service Control Manager","ReplacementStrings":["Network Setup Service","running"],"InstanceId":1073748860,"TimeGenerated":"\/Date(1580764003000)\/","TimeWritten":"\/Date(1580764003000)\/","UserName":null,"Site":null,"Container":null},