[{"MachineName":"SERWER01","Data":[78,0,101,0,116,0,83,0,101,0,116,0,117,0,112,0,83,0,118,0,99,0,47,0,49,0,0,0],"Index":6382,"Category":"(0)","CategoryNumber":0,"EventID":7036,"EntryType":4,"Message":"The Network Setup Service service entered the stopped state.","Source":"Service Control Manager","ReplacementStrings":["Network Setup Service","stopped"],"InstanceId":1073748860,"TimeGenerated":"\/Date(1581690767000)\/","TimeWritten":"\/Date(1581690767000)\/","UserName":null,"Site":null,"Container":null},{"MachineName":"SERWER01","Data":[78,0,101,0,116,0,83,0,101,0,116,0,117,0,112,0,83,0,118,0,99,0,47,0,52,0,0,0],"Index":6381,"Category":"(0)","CategoryNumber":0,"EventID":7036,"EntryType":4,"Message":"The Network Setup Service service entered the running state.","Source":"Service Control Manager","ReplacementStrings":["Network Setup Service","running"],"InstanceId":1073748860,"TimeGenerated":"\/Date(1581690674000)\/","TimeWritten":"\/Date(1581690674000)\/","UserName":null,"Site":null,"Container":null},{"MachineName":"SERWER01","Data":[115,0,115,0,104,0,100,0,47,0,49,0,0,0],"Index":6380,"Category":"(0)","CategoryNumber":0,"EventID":7036,"EntryType":4,"Message":"The OpenSSH SSH Server service entered the stopped state.","Source":"Service Control Manager","ReplacementStrings":["OpenSSH SSH Server","stopped"],"InstanceId":1073748860,"TimeGenerated":"\/Date(1581690338000)\/","TimeWritten":"\/Date(1581690338000)\/","UserName":null,"Site":null,"Container":null},{"MachineName":"SERWER01","Data":[78,0,101,0,116,0,83,0,101,0,116,0,117,0,112,0,83,0,118,0,99,0,47,0,49,0,0,0],"Index":6379,"Category":"(0)","CategoryNumber":0,"EventID":7036,"EntryType":4,"Message":"The Network Setup Service service entered the stopped state.","Source":"Service Control Manager","ReplacementStrings":["Network Setup Service","stopped"],"InstanceId":1073748860,"TimeGenerated":"\/Date(1581690167000)\/","TimeWritten":"\/Date(1581690167000)\/","UserName":null,"Site":null,"Container":null},{"MachineName":"SERWER01","Data":[78,0,101,0,116,0,83,0,101,0,116,0,117,0,112,0,83,0,118,0,99,0,47,0,52,0,0,0],"Index":6378,"Category":"(0)","CategoryNumber":0,"EventID":7036,"EntryType":4,"Message":"The Network Setup Service service entered the running state.","Source":"Service Control Manager","ReplacementStrings":["Network Setup Service","running"],"InstanceId":1073748860,"TimeGenerated":"\/Date(1581690074000)\/","TimeWritten":"\/Date(1581690074000)\/","UserName":null,"Site":null,"Container":null},{"MachineName":"SERWER01","Data":[115,0,115,0,104,0,100,0,47,0,52,0,0,0],"Index":6377,"Category":"(0)","CategoryNumber":0,"EventID":7036,"EntryType":4,"Message":"The OpenSSH SSH Server service entered the running state.","Source":"Service Control Manager","ReplacementStrings":["OpenSSH SSH Server","running"],"InstanceId":1073748860,"TimeGenerated":"\/Date(1581690052000)\/","TimeWritten":"\/Date(1581690052000)\/","UserName":null,"Site":null,"Container":null},{"MachineName":"SERWER01","Data":[78,0,101,0,116,0,83,0,101,0,116,0,117,0,112,0,83,0,118,0,99,0,47,0,49,0,0,0],"Index":6376,"Category":"(0)","CategoryNumber":0,"EventID":7036,"EntryType":4,"Message":"The Network Setup Service service entered the stopped state.","Source":"Service Control Manager","ReplacementStrings":["Network Setup Service","stopped"],"InstanceId":1073748860,"TimeGenerated":"\/Date(1581689567000)\/","TimeWritten":"\/Date(1581689567000)\/","UserName":null,"Site":null,"Container":null},{"MachineName":"SERWER01","Data":[78,0,101,0,116,0,83,0,101,0,116,0,117,0,112,0,83,0,118,0,99,0,47,0,52,0,0,0],"Index":6375,"Category":"(0)","CategoryNumber":0,"EventID":7036,"EntryType":4,"Message":"The Network Setup Service service entered the running state.","Source":"Service Control Manager","ReplacementStrings":["Network Setup Service","running"],"InstanceId":1073748860,"TimeGenerated":"\/Date(1581689474000)\/","TimeWritten":"\/Date(1581689474000)\/","UserName":null,"Site":null,"Container":null},{"MachineName":"SERWER01","Data":[78,0,101,0,116,0,83,0,101,0,116,0,117,0,112,0,83,0,118,0,99,0,47,0,49,0,0,0],"Index":6374,"Category":"(0)","CategoryNumber":0,"EventID":7036,"EntryType":4,"Message":"The Network Setup Service service entered the stopped state.","Source":"Service Control Manager","ReplacementStrings":["Network Setup Service","stopped"],"InstanceId":1073748860,"TimeGenerated":"\/Date(1581688967000)\/","TimeWritten":"\/Date(1581688967000)\/","UserName":null,"Site":null,"Container":null},{"MachineName":"SERWER01","Data":[78,0,101,0,116,0,83,0,101,0,116,0,117,0,112,0,83,0,118,0,99,0,47,0,52,0,0,0],"Index":6373,"Category":"(0)","CategoryNumber":0,"EventID":7036,"EntryType":4,"Message":"The Network Setup Service service entered the running state.","Source":"Service Control Manager","ReplacementStrings":["Network Setup Service","running"],"InstanceId":1073748860,"TimeGenerated":"\/Date(1581688874000)\/","TimeWritten":"\/Date(1581688874000)\/","UserName":null,"Site":null,"Container":null},{"MachineName":"SERWER01","Data":[78,0,101,0,116,0,83,0,101,0,116,0,117,0,112,0,83,0,118,0,99,0,47,0,49,0,0,0],"Index":6372,"Category":"(0)","CategoryNumber":0,"EventID":7036,"EntryType":4,"Message":"The Network Setup Service service entered the stopped state.","Source":"Service Control Manager","ReplacementStrings":["Network Setup Service","stopped"],"InstanceId":1073748860,"TimeGenerated":"\/Date(1581688367000)\/","TimeWritten":"\/Date(1581688367000)\/","UserName":null,"Site":null,"Container":null},{"MachineName":"SERWER01","Data":[78,0,101,0,116,0,83,0,101,0,116,0,117,0,112,0,83,0,118,0,99,0,47,0,52,0,0,0],"Index":6371,"Category":"(0)","CategoryNumber":0,"EventID":7036,"EntryType":4,"Message":"The Network Setup Service service entered the running state.","Source":"Service Control Manager","ReplacementStrings":["Network Setup Service","running"],"InstanceId":1073748860,"TimeGenerated":"\/Date(1581688107000)\/","TimeWritten":"\/Date(1581688107000)\/","UserName":null,"Site":null,"Container":null},{"MachineName":"SERWER01","Data":[78,0,101,0,116,0,83,0,101,0,116,0,117,0,112,0,83,0,118,0,99,0,47,0,49,0,0,0],"Index":6370,"Category":"(0)","CategoryNumber":0,"EventID":7036,"EntryType":4,"Message":"The Network Setup Service service entered the stopped state.","Source":"Service Control Manager","ReplacementStrings":["Network Setup Service","stopped"],"InstanceId":1073748860,"TimeGenerated":"\/Date(1581687767000)\/","TimeWritten":"\/Date(1581687767000)\/","UserName":null,"Site":null,"Container":null},{"MachineName":"SERWER01","Data":[78,0,101,0,116,0,83,0,101,0,116,0,117,0,112,0,83,0,118,0,99,0,47,0,52,0,0,0],"Index":6369,"Category":"(0)","CategoryNumber":0,"EventID":7036,"EntryType":4,"Message":"The Network Setup Service service entered the running state.","Source":"Service Control Manager","ReplacementStrings":["Network Setup Service","running"],"InstanceId":1073748860,"TimeGenerated":"\/Date(1581687674000)\/","TimeWritten":"\/Date(1581687674000)\/","UserName":null,"Site":null,"Container":null},{"MachineName":"SERWER01","Data":[78,0,101,0,116,0,83,0,101,0,116,0,117,0,112,0,83,0,118,0,99,0,47,0,49,0,0,0],"Index":6368,"Category":"(0)","CategoryNumber":0,"EventID":7036,"EntryType":4,"Message":"The Network Setup Service service entered the stopped state.","Source":"Service Control Manager","ReplacementStrings":["Network Setup Service","stopped"],"InstanceId":1073748860,"TimeGenerated":"\/Date(1581684688000)\/","TimeWritten":"\/Date(1581684688000)\/","UserName":null,"Site":null,"Container":null},{"MachineName":"SERWER01","Data":[78,0,101,0,116,0,83,0,101,0,116,0,117,0,112,0,83,0,118,0,99,0,47,0,52,0,0,0],"Index":6367,"Category":"(0)","CategoryNumber":0,"EventID":7036,"EntryType":4,"Message":"The Network Setup Service service entered the running state.","Source":"Service Control Manager","ReplacementStrings":["Network Setup Service","running"],"InstanceId":1073748860,"TimeGenerated":"\/Date(1581684507000)\/","TimeWritten":"\/Date(1581684507000)\/","UserName":null,"Site":null,"Container":null},{"MachineName":"SERWER01","Data":[119,0,117,0,97,0,117,0,115,0,101,0,114,0,118,0,47,0,49,0,0,0],"Index":6366,"Category":"(0)","CategoryNumber":0,"EventID":7036,"EntryType":4,"Message":"The Windows Update service entered the stopped state.","Source":"Service Control Manager","ReplacementStrings":["Windows Update","stopped"],"InstanceId":1073748860,"TimeGenerated":"\/Date(1581681399000)\/","TimeWritten":"\/Date(1581681399000)\/","UserName":null,"Site":null,"Container":null},{"MachineName":"SERWER01","Data":[65,0,112,0,112,0,88,0,83,0,118,0,99,0,47,0,49,0,0,0],"Index":6365,"Category":"(0)","CategoryNumber":0,"EventID":7036,"EntryType":4,"Message":"The AppX Deployment Service (AppXSVC) service entered the stopped state.","Source":"Service Control Manager","ReplacementStrings":["AppX Deployment Service (AppXSVC)","stopped"],"InstanceId":1073748860,"TimeGenerated":"\/Date(1581681091000)\/","TimeWritten":"\/Date(1581681091000)\/","UserName":null,"Site":null,"Container":null},{"MachineName":"SERWER01","Data":[67,0,108,0,105,0,112,0,83,0,86,0,67,0,47,0,49,0,0,0],"Index":6364,"Category":"(0)","CategoryNumber":0,"EventID":7036,"EntryType":4,"Message":"The Client License Service (ClipSVC) service entered the stopped state.","Source":"Service Control Manager","ReplacementStrings":["Client License Service (ClipSVC)","stopped"],"InstanceId":1073748860,"TimeGenerated":"\/Date(1581681091000)\/","TimeWritten":"\/Date(1581681091000)\/","UserName":null,"Site":null,"Container":null},{"MachineName":"SERWER01","Data":[68,0,111,0,83,0,118,0,99,0,47,0,49,0,0,0],"Index":6363,"Category":"(0)","CategoryNumber":0,"EventID":7036,"EntryType":4,"Message":"The Delivery Optimization service entered the stopped state.","Source":"Service Control Manager","ReplacementStrings":["Delivery Optimization","stopped"],"InstanceId":1073748860,"TimeGenerated":"\/Date(1581681089000)\/","TimeWritten":"\/Date(1581681089000)\/","UserName":null,"Site":null,"Container":null},{"MachineName":"SERWER01","Data":[78,0,101,0,116,0,83,0,101,0,116,0,117,0,112,0,83,0,118,0,99,0,47,0,49,0,0,0],"Index":6362,"Category":"(0)","CategoryNumber":0,"EventID":7036,"EntryType":4,"Message":"The Network Setup Service service entered the stopped state.","Source":"Service Control Manager","ReplacementStrings":["Network Setup Service","stopped"],"InstanceId":1073748860,"TimeGenerated":"\/Date(1581681088000)\/","TimeWritten":"\/Date(1581681088000)\/","UserName":null,"Site":null,"Container":null},{"MachineName":"SERWER01","Data":[119,0,108,0,105,0,100,0,115,0,118,0,99,0,47,0,49,0,0,0],"Index":6361,"Category":"(0)","CategoryNumber":0,"EventID":7036,"EntryType":4,"Message":"The Microsoft Account Sign-in Assistant service entered the stopped state.","Source":"Service Control Manager","ReplacementStrings":["Microsoft Account Sign-in Assistant","stopped"],"InstanceId":1073748860,"TimeGenerated":"\/Date(1581680970000)\/","TimeWritten":"\/Date(1581680970000)\/","UserName":null,"Site":null,"Container":null},{"MachineName":"SERWER01","Data":[84,0,114,0,117,0,115,0,116,0,101,0,100,0,73,0,110,0,115,0,116,0,97,0,108,0,108,0,101,0,114,0,47,0,49,0,0,0],"Index":6360,"Category":"(0)","CategoryNumber":0,"EventID":7036,"EntryType":4,"Message":"The Windows Modules Installer service entered the stopped state.","Source":"Service Control Manager","ReplacementStrings":["Windows Modules Installer","stopped"],"InstanceId":1073748860,"TimeGenerated":"\/Date(1581680962000)\/","TimeWritten":"\/Date(1581680962000)\/","UserName":null,"Site":null,"Container":null},{"MachineName":"SERWER01","Data":[78,0,101,0,116,0,83,0,101,0,116,0,117,0,112,0,83,0,118,0,99,0,47,0,52,0,0,0],"Index":6359,"Category":"(0)","CategoryNumber":0,"EventID":7036,"EntryType":4,"Message":"The Network Setup Service service entered the running state.","Source":"Service Control Manager","ReplacementStrings":["Network Setup Service","running"],"InstanceId":1073748860,"TimeGenerated":"\/Date(1581680907000)\/","TimeWritten":"\/Date(1581680907000)\/","UserName":null,"Site":null,"Container":null},{"MachineName":"SERWER01","Data":[119,0,117,0,97,0,117,0,115,0,101,0,114,0,118,0,47,0,52,0,0,0],"Index":6354,"Category":"(0)","CategoryNumber":0,"EventID":7036,"EntryType":4,"Message":"The Windows Update service entered the running state.","Source":"Service Control Manager","ReplacementStrings":["Windows Update","running"],"InstanceId":1073748860,"TimeGenerated":"\/Date(1581680796000)\/","TimeWritten":"\/Date(1581680796000)\/","UserName":null,"Site":null,"Container":null},{"MachineName":"SERWER01","Data":[65,0,112,0,112,0,88,0,83,0,118,0,99,0,47,0,52,0,0,0],"Index":6352,"Category":"(0)","CategoryNumber":0,"EventID":7036,"EntryType":4,"Message":"The AppX Deployment Service (AppXSVC) service entered the running state.","Source":"Service Control Manager","ReplacementStrings":["AppX Deployment Service (AppXSVC)","running"],"InstanceId":1073748860,"TimeGenerated":"\/Date(1581680791000)\/","TimeWritten":"\/Date(1581680791000)\/","UserName":null,"Site":null,"Container":null},{"MachineName":"SERWER01","Data":[119,0,108,0,105,0,100,0,115,0,118,0,99,0,47,0,52,0,0,0],"Index":6351,"Category":"(0)","CategoryNumber":0,"EventID":7036,"EntryType":4,"Message":"The Microsoft Account Sign-in Assistant service entered the running state.","Source":"Service Control Manager","ReplacementStrings":["Microsoft Account Sign-in Assistant","running"],"InstanceId":1073748860,"TimeGenerated":"\/Date(1581680789000)\/","TimeWritten":"\/Date(1581680789000)\/","UserName":null,"Site":null,"Container":null},{"MachineName":"SERWER01","Data":[68,0,111,0,83,0,118,0,99,0,47,0,52,0,0,0],"Index":6350,"Category":"(0)","CategoryNumber":0,"EventID":7036,"EntryType":4,"Message":"The Delivery Optimization service entered the running state.","Source":"Service Control Manager","ReplacementStrings":["Delivery Optimization","running"],"InstanceId":1073748860,"TimeGenerated":"\/Date(1581680789000)\/","TimeWritten":"\/Date(1581680789000)\/","UserName":null,"Site":null,"Container":null},{"MachineName":"SERWER01","Data":[67,0,108,0,105,0,112,0,83,0,86,0,67,0,47,0,52,0,0,0],"Index":6348,"Category":"(0)","CategoryNumber":0,"EventID":7036,"EntryType":4,"Message":"The Client License Service (ClipSVC) service entered the running state.","Source":"Service Control Manager","ReplacementStrings":["Client License Service (ClipSVC)","running"],"InstanceId":1073748860,"TimeGenerated":"\/Date(1581680789000)\/","TimeWritten":"\/Date(1581680789000)\/","UserName":null,"Site":null,"Container":null},{"MachineName":"SERWER01","Data":[84,0,114,0,117,0,115,0,116,0,101,0,100,0,73,0,110,0,115,0,116,0,97,0,108,0,108,0,101,0,114,0,47,0,52,0,0,0],"Index":6347,"Category":"(0)","CategoryNumber":0,"EventID":7036,"EntryType":4,"Message":"The Windows Modules Installer service entered the running state.","Source":"Service Control Manager","ReplacementStrings":["Windows Modules Installer","running"],"InstanceId":1073748860,"TimeGenerated":"\/Date(1581680789000)\/","TimeWritten":"\/Date(1581680789000)\/","UserName":null,"Site":null,"Container":null},{"MachineName":"SERWER01","Data":[78,0,101,0,116,0,83,0,101,0,116,0,117,0,112,0,83,0,118,0,99,0,47,0,49,0,0,0],"Index":6345,"Category":"(0)","CategoryNumber":0,"EventID":7036,"EntryType":4,"Message":"The Network Setup Service service entered the stopped state.","Source":"Service Control Manager","ReplacementStrings":["Network Setup Service","stopped"],"InstanceId":1073748860,"TimeGenerated":"\/Date(1581677488000)\/","TimeWritten":"\/Date(1581677488000)\/","UserName":null,"Site":null,"Container":null},{"MachineName":"SERWER01","Data":[78,0,101,0,116,0,83,0,101,0,116,0,117,0,112,0,83,0,118,0,99,0,47,0,52,0,0,0],"Index":6344,"Category":"(0)","CategoryNumber":0,"EventID":7036,"EntryType":4,"Message":"The Network Setup Service service entered the running state.","Source":"Service Control Manager","ReplacementStrings":["Network Setup Service","running"],"InstanceId":1073748860,"TimeGenerated":"\/Date(1581677307000)\/","TimeWritten":"\/Date(1581677307000)\/","UserName":null,"Site":null,"Container":null},{"MachineName":"SERWER01","Data":[84,0,114,0,117,0,115,0,116,0,101,0,100,0,73,0,110,0,115,0,116,0,97,0,108,0,108,0,101,0,114,0,47,0,49,0,0,0],"Index":6343,"Category":"(0)","CategoryNumber":0,"EventID":7036,"EntryType":4,"Message":"The Windows Modules Installer service entered the stopped state.","Source":"Service Control Manager","ReplacementStrings":["Windows Modules Installer","stopped"],"InstanceId":1073748860,"TimeGenerated":"\/Date(1581676722000)\/","TimeWritten":"\/Date(1581676722000)\/","UserName":null,"Site":null,"Container":null},{"MachineName":"SERWER01","Data":[84,0,114,0,117,0,115,0,116,0,101,0,100,0,73,0,110,0,115,0,116,0,97,0,108,0,108,0,101,0,114,0,47,0,52,0,0,0],"Index":6342,"Category":"(0)","CategoryNumber":0,"EventID":7036,"EntryType":4,"Message":"The Windows Modules Installer service entered the running state.","Source":"Service Control Manager","ReplacementStrings":["Windows Modules Installer","running"],"InstanceId":1073748860,"TimeGenerated":"\/Date(1581676600000)\/","TimeWritten":"\/Date(1581676600000)\/","UserName":null,"Site":null,"Container":null},{"MachineName":"SERWER01","Data":[78,0,101,0,116,0,83,0,101,0,116,0,117,0,112,0,83,0,118,0,99,0,47,0,49,0,0,0],"Index":6341,"Category":"(0)","CategoryNumber":0,"EventID":7036,"EntryType":4,"Message":"The Network Setup Service service entered the stopped state.","Source":"Service Control Manager","ReplacementStrings":["Network Setup Service","stopped"],"InstanceId":1073748860,"TimeGenerated":"\/Date(1581674567000)\/","TimeWritten":"\/Date(1581674567000)\/","UserName":null,"Site":null,"Container":null},{"MachineName":"SERWER01","Data":[78,0,101,0,116,0,83,0,101,0,116,0,117,0,112,0,83,0,118,0,99,0,47,0,52,0,0,0],"Index":6340,"Category":"(0)","CategoryNumber":0,"EventID":7036,"EntryType":4,"Message":"The Network Setup Service service entered the running state.","Source":"Service Control Manager","ReplacementStrings":["Network Setup Service","running"],"InstanceId":1073748860,"TimeGenerated":"\/Date(1581674474000)\/","TimeWritten":"\/Date(1581674474000)\/","UserName":null,"Site":null,"Container":null},{"MachineName":"SERWER01","Data":[78,0,101,0,116,0,83,0,101,0,116,0,117,0,112,0,83,0,118,0,99,0,47,0,49,0,0,0],"Index":6339,"Category":"(0)","CategoryNumber":0,"EventID":7036,"EntryType":4,"Message":"The Network Setup Service service entered the stopped state.","Source":"Service Control Manager","ReplacementStrings":["Network Setup Service","stopped"],"InstanceId":1073748860,"TimeGenerated":"\/Date(1581673888000)\/","TimeWritten":"\/Date(1581673888000)\/","UserName":null,"Site":null,"Container":null},{"MachineName":"SERWER01","Data":[100,0,101,0,102,0,114,0,97,0,103,0,115,0,118,0,99,0,47,0,49,0,0,0],"Index":6338,"Category":"(0)","CategoryNumber":0,"EventID":7036,"EntryType":4,"Message":"The Optimize drives service entered the stopped state.","Source":"Service Control Manager","ReplacementStrings":["Optimize drives","stopped"],"InstanceId":1073748860,"TimeGenerated":"\/Date(1581673777000)\/","TimeWritten":"\/Date(1581673777000)\/","UserName":null,"Site":null,"Container":null},{"MachineName":"SERWER01","Data":[78,0,101,0,116,0,83,0,101,0,116,0,117,0,112,0,83,0,118,0,99,0,47,0,52,0,0,0],"Index":6337,"Category":"(0)","CategoryNumber":0,"EventID":7036,"EntryType":4,"Message":"The Network Setup Service service entered the running state.","Source":"Service Control Manager","ReplacementStrings":["Network Setup Service","running"],"InstanceId":1073748860,"TimeGenerated":"\/Date(1581673707000)\/","TimeWritten":"\/Date(1581673707000)\/","UserName":null,"Site":null,"Container":null},{"MachineName":"SERWER01","Data":[100,0,101,0,102,0,114,0,97,0,103,0,115,0,118,0,99,0,47,0,52,0,0,0],"Index":6336,"Category":"(0)","CategoryNumber":0,"EventID":7036,"EntryType":4,"Message":"The Optimize drives service entered the running state.","Source":"Service Control Manager","ReplacementStrings":["Optimize drives","running"],"InstanceId":1073748860,"TimeGenerated":"\/Date(1581673589000)\/","TimeWritten":"\/Date(1581673589000)\/","UserName":null,"Site":null,"Container":null},{"MachineName":"SERWER01","Data":[84,0,114,0,117,0,115,0,116,0,101,0,100,0,73,0,110,0,115,0,116,0,97,0,108,0,108,0,101,0,114,0,47,0,49,0,0,0],"Index":6335,"Category":"(0)","CategoryNumber":0,"EventID":7036,"EntryType":4,"Message":"The Windows Modules Installer service entered the stopped state.","Source":"Service Control Manager","ReplacementStrings":["Windows Modules Installer","stopped"],"InstanceId":1073748860,"TimeGenerated":"\/Date(1581672971000)\/","TimeWritten":"\/Date(1581672971000)\/","UserName":null,"Site":null,"Container":null},{"MachineName":"SERWER01","Data":[119,0,108,0,105,0,100,0,115,0,118,0,99,0,47,0,49,0,0,0],"Index":6334,"Category":"(0)","CategoryNumber":0,"EventID":7036,"EntryType":4,"Message":"The Microsoft Account Sign-in Assistant service entered the stopped state.","Source":"Service Control Manager","ReplacementStrings":["Microsoft Account Sign-in Assistant","stopped"],"InstanceId":1073748860,"TimeGenerated":"\/Date(1581672880000)\/","TimeWritten":"\/Date(1581672880000)\/","UserName":null,"Site":null,"Container":null},{"MachineName":"SERWER01","Data":[84,0,114,0,117,0,115,0,116,0,101,0,100,0,73,0,110,0,115,0,116,0,97,0,108,0,108,0,101,0,114,0,47,0,52,0,0,0],"Index":6333,"Category":"(0)","CategoryNumber":0,"EventID":7036,"EntryType":4,"Message":"The Windows Modules Installer service entered the running state.","Source":"Service Control Manager","ReplacementStrings":["Windows Modules Installer","running"],"InstanceId":1073748860,"TimeGenerated":"\/Date(1581672849000)\/","TimeWritten":"\/Date(1581672849000)\/","UserName":null,"Site":null,"Container":null},{"MachineName":"SERWER01","Data":[119,0,108,0,105,0,100,0,115,0,118,0,99,0,47,0,52,0,0,0],"Index":6332,"Category":"(0)","CategoryNumber":0,"EventID":7036,"EntryType":4,"Message":"The Microsoft Account Sign-in Assistant service entered the running state.","Source":"Service Control Manager","ReplacementStrings":["Microsoft Account Sign-in Assistant","running"],"InstanceId":1073748860,"TimeGenerated":"\/Date(1581672520000)\/","TimeWritten":"\/Date(1581672520000)\/","UserName":null,"Site":null,"Container":null},{"MachineName":"SERWER01","Data":[119,0,108,0,105,0,100,0,115,0,118,0,99,0,47,0,49,0,0,0],"Index":6331,"Category":"(0)","CategoryNumber":0,"EventID":7036,"EntryType":4,"Message":"The Microsoft Account Sign-in Assistant service entered the stopped state.","Source":"Service Control Manager","ReplacementStrings":["Microsoft Account Sign-in Assistant","stopped"],"InstanceId":1073748860,"TimeGenerated":"\/Date(1581672514000)\/","TimeWritten":"\/Date(1581672514000)\/","UserName":null,"Site":null,"Container":null},{"MachineName":"SERWER01","Data":[119,0,108,0,105,0,100,0,115,0,118,0,99,0,47,0,52,0,0,0],"Index":6330,"Category":"(0)","CategoryNumber":0,"EventID":7036,"EntryType":4,"Message":"The Microsoft Account Sign-in Assistant service entered the running state.","Source":"Service Control Manager","ReplacementStrings":["Microsoft Account Sign-in Assistant","running"],"InstanceId":1073748860,"TimeGenerated":"\/Date(1581672154000)\/","TimeWritten":"\/Date(1581672154000)\/","UserName":null,"Site":null,"Container":null},{"MachineName":"SERWER01","Data":[119,0,117,0,97,0,117,0,115,0,101,0,114,0,118,0,47,0,49,0,0,0],"Index":6329,"Category":"(0)","CategoryNumber":0,"EventID":7036,"EntryType":4,"Message":"The Windows Update service entered the stopped state.","Source":"Service Control Manager","ReplacementStrings":["Windows Update","stopped"],"InstanceId":1073748860,"TimeGenerated":"\/Date(1581671566000)\/","TimeWritten":"\/Date(1581671566000)\/","UserName":null,"Site":null,"Container":null},{"MachineName":"SERWER01","Data":[84,0,114,0,117,0,115,0,116,0,101,0,100,0,73,0,110,0,115,0,116,0,97,0,108,0,108,0,101,0,114,0,47,0,49,0,0,0],"Index":6328,"Category":"(0)","CategoryNumber":0,"EventID":7036,"EntryType":4,"Message":"The Windows Modules Installer service entered the stopped state.","Source":"Service Control Manager","ReplacementStrings":["Windows Modules Installer","stopped"],"InstanceId":1073748860,"TimeGenerated":"\/Date(1581671081000)\/","TimeWritten":"\/Date(1581671081000)\/","UserName":null,"Site":null,"Container":null},{"MachineName":"SERWER01","Data":[87,0,97,0,97,0,83,0,77,0,101,0,100,0,105,0,99,0,83,0,118,0,99,0,47,0,49,0,0,0],"Index":6327,"Category":"(0)","CategoryNumber":0,"EventID":7036,"EntryType":4,"Message":"The Windows Update Medic Service service entered the stopped state.","Source":"Service Control Manager","ReplacementStrings":["Windows Update Medic Service","stopped"],"InstanceId":1073748860,"TimeGenerated":"\/Date(1581671003000)\/","TimeWritten":"\/Date(1581671003000)\/","UserName":null,"Site":null,"Container":null},{"MachineName":"SERWER01","Data":[84,0,114,0,117,0,115,0,116,0,101,0,100,0,73,0,110,0,115,0,116,0,97,0,108,0,108,0,101,0,114,0,47,0,52,0,0,0],"Index":6325,"Category":"(0)","CategoryNumber":0,"EventID":7036,"EntryType":4,"Message":"The Windows Modules Installer service entered the running state.","Source":"Service Control Manager","ReplacementStrings":["Windows Modules Installer","running"],"InstanceId":1073748860,"TimeGenerated":"\/Date(1581670950000)\/","TimeWritten":"\/Date(1581670950000)\/","UserName":null,"Site":null,"Container":null},{"MachineName":"SERWER01","Data":[119,0,117,0,97,0,117,0,115,0,101,0,114,0,118,0,47,0,52,0,0,0],"Index":6324,"Category":"(0)","CategoryNumber":0,"EventID":7036,"EntryType":4,"Message":"The Windows Update service entered the running state.","Source":"Service Control Manager","ReplacementStrings":["Windows Update","running"],"InstanceId":1073748860,"TimeGenerated":"\/Date(1581670947000)\/","TimeWritten":"\/Date(1581670947000)\/","UserName":null,"Site":null,"Container":null},{"MachineName":"SERWER01","Data":[87,0,97,0,97,0,83,0,77,0,101,0,100,0,105,0,99,0,83,0,118,0,99,0,47,0,52,0,0,0],"Index":6323,"Category":"(0)","CategoryNumber":0,"EventID":7036,"EntryType":4,"Message":"The Windows Update Medic Service service entered the running state.","Source":"Service Control Manager","ReplacementStrings":["Windows Update Medic Service","running"],"InstanceId":1073748860,"TimeGenerated":"\/Date(1581670943000)\/","TimeWritten":"\/Date(1581670943000)\/","UserName":null,"Site":null,"Container":null},{"MachineName":"SERWER01","Data":[78,0,101,0,116,0,83,0,101,0,116,0,117,0,112,0,83,0,118,0,99,0,47,0,49,0,0,0],"Index":6322,"Category":"(0)","CategoryNumber":0,"EventID":7036,"EntryType":4,"Message":"The Network Setup Service service entered the stopped state.","Source":"Service Control Manager","ReplacementStrings":["Network Setup Service","stopped"],"InstanceId":1073748860,"TimeGenerated":"\/Date(1581670288000)\/","TimeWritten":"\/Date(1581670288000)\/","UserName":null,"Site":null,"Container":null},{"MachineName":"SERWER01","Data":[78,0,101,0,116,0,83,0,101,0,116,0,117,0,112,0,83,0,118,0,99,0,47,0,52,0,0,0],"Index":6321,"Category":"(0)","CategoryNumber":0,"EventID":7036,"EntryType":4,"Message":"The Network Setup Service service entered the running state.","Source":"Service Control Manager","ReplacementStrings":["Network Setup Service","running"],"InstanceId":1073748860,"TimeGenerated":"\/Date(1581670107000)\/","TimeWritten":"\/Date(1581670107000)\/","UserName":null,"Site":null,"Container":null},{"MachineName":"SERWER01","Data":[78,0,101,0,116,0,83,0,101,0,116,0,117,0,112,0,83,0,118,0,99,0,47,0,49,0,0,0],"Index":6320,"Category":"(0)","CategoryNumber":0,"EventID":7036,"EntryType":4,"Message":"The Network Setup Service service entered the stopped state.","Source":"Service Control Manager","ReplacementStrings":["Network Setup Service","stopped"],"InstanceId":1073748860,"TimeGenerated":"\/Date(1581666688000)\/","TimeWritten":"\/Date(1581666688000)\/","UserName":null,"Site":null,"Container":null},{"MachineName":"SERWER01","Data":[78,0,101,0,116,0,83,0,101,0,116,0,117,0,112,0,83,0,118,0,99,0,47,0,52,0,0,0],"Index":6319,"Category":"(0)","CategoryNumber":0,"EventID":7036,"EntryType":4,"Message":"The Network Setup Service service entered the running state.","Source":"Service Control Manager","ReplacementStrings":["Network Setup Service","running"],"InstanceId":1073748860,"TimeGenerated":"\/Date(1581666507000)\/","TimeWritten":"\/Date(1581666507000)\/","UserName":null,"Site":null,"Container":null},{"MachineName":"SERWER01","Data":[78,0,101,0,116,0,83,0,101,0,116,0,117,0,112,0,83,0,118,0,99,0,47,0,49,0,0,0],"Index":6318,"Category":"(0)","CategoryNumber":0,"EventID":7036,"EntryType":4,"Message":"The Network Setup Service service entered the stopped state.","Source":"Service Control Manager","ReplacementStrings":["Network Setup Service","stopped"],"InstanceId":1073748860,"TimeGenerated":"\/Date(1581663088000)\/","TimeWritten":"\/Date(1581663088000)\/","UserName":null,"Site":null,"Container":null},{"MachineName":"SERWER01","Data":[78,0,101,0,116,0,83,0,101,0,116,0,117,0,112,0,83,0,118,0,99,0,47,0,52,0,0,0],"Index":6317,"Category":"(0)","CategoryNumber":0,"EventID":7036,"EntryType":4,"Message":"The Network Setup Service service entered the running state.","Source":"Service Control Manager","ReplacementStrings":["Network Setup Service","running"],"InstanceId":1073748860,"TimeGenerated":"\/Date(1581662907000)\/","TimeWritten":"\/Date(1581662907000)\/","UserName":null,"Site":null,"Container":null},{"MachineName":"SERWER01","Data":[78,0,101,0,116,0,83,0,101,0,116,0,117,0,112,0,83,0,118,0,99,0,47,0,49,0,0,0],"Index":6316,"Category":"(0)","CategoryNumber":0,"EventID":7036,"EntryType":4,"Message":"The Network Setup Service service entered the stopped state.","Source":"Service Control Manager","ReplacementStrings":["Network Setup Service","stopped"],"InstanceId":1073748860,"TimeGenerated":"\/Date(1581659488000)\/","TimeWritten":"\/Date(1581659488000)\/","UserName":null,"Site":null,"Container":null},{"MachineName":"SERWER01","Data":[78,0,101,0,116,0,83,0,101,0,116,0,117,0,112,0,83,0,118,0,99,0,47,0,52,0,0,0],"Index":6315,"Category":"(0)","CategoryNumber":0,"EventID":7036,"EntryType":4,"Message":"The Network Setup Service service entered the running state.","Source":"Service Control Manager","ReplacementStrings":["Network Setup Service","running"],"InstanceId":1073748860,"TimeGenerated":"\/Date(1581659307000)\/","TimeWritten":"\/Date(1581659307000)\/","UserName":null,"Site":null,"Container":null},{"MachineName":"SERWER01","Data":[84,0,114,0,117,0,115,0,116,0,101,0,100,0,73,0,110,0,115,0,116,0,97,0,108,0,108,0,101,0,114,0,47,0,49,0,0,0],"Index":6314,"Category":"(0)","CategoryNumber":0,"EventID":7036,"EntryType":4,"Message":"The Windows Modules Installer service entered the stopped state.","Source":"Service Control Manager","ReplacementStrings":["Windows Modules Installer","stopped"],"InstanceId":1073748860,"TimeGenerated":"\/Date(1581659117000)\/","TimeWritten":"\/Date(1581659117000)\/","UserName":null,"Site":null,"Container":null},{"MachineName":"SERWER01","Data":[84,0,114,0,117,0,115,0,116,0,101,0,100,0,73,0,110,0,115,0,116,0,97,0,108,0,108,0,101,0,114,0,47,0,52,0,0,0],"Index":6313,"Category":"(0)","CategoryNumber":0,"EventID":7036,"EntryType":4,"Message":"The Windows Modules Installer service entered the running state.","Source":"Service Control Manager","ReplacementStrings":["Windows Modules Installer","running"],"InstanceId":1073748860,"TimeGenerated":"\/Date(1581658995000)\/","TimeWritten":"\/Date(1581658995000)\/","UserName":null,"Site":null,"Container":null},{"MachineName":"SERWER01","Data":[87,0,97,0,97,0,83,0,77,0,101,0,100,0,105,0,99,0,83,0,118,0,99,0,47,0,49,0,0,0],"Index":6312,"Category":"(0)","CategoryNumber":0,"EventID":7036,"EntryType":4,"Message":"The Windows Update Medic Service service entered the stopped state.","Source":"Service Control Manager","ReplacementStrings":["Windows Update Medic Service","stopped"],"InstanceId":1073748860,"TimeGenerated":"\/Date(1581657352000)\/","TimeWritten":"\/Date(1581657352000)\/","UserName":null,"Site":null,"Container":null},{"MachineName":"SERWER01","Data":[87,0,97,0,97,0,83,0,77,0,101,0,100,0,105,0,99,0,83,0,118,0,99,0,47,0,52,0,0,0],"Index":6311,"Category":"(0)","CategoryNumber":0,"EventID":7036,"EntryType":4,"Message":"The Windows Update Medic Service service entered the running state.","Source":"Service Control Manager","ReplacementStrings":["Windows Update Medic Service","running"],"InstanceId":1073748860,"TimeGenerated":"\/Date(1581657292000)\/","TimeWritten":"\/Date(1581657292000)\/","UserName":null,"Site":null,"Container":null},{"MachineName":"SERWER01","Data":[78,0,101,0,116,0,83,0,101,0,116,0,117,0,112,0,83,0,118,0,99,0,47,0,49,0,0,0],"Index":6310,"Category":"(0)","CategoryNumber":0,"EventID":7036,"EntryType":4,"Message":"The Network Setup Service service entered the stopped state.","Source":"Service Control Manager","ReplacementStrings":["Network Setup Service","stopped"],"InstanceId":1073748860,"TimeGenerated":"\/Date(1581655888000)\/","TimeWritten":"\/Date(1581655888000)\/","UserName":null,"Site":null,"Container":null},{"MachineName":"SERWER01","Data":[78,0,101,0,116,0,83,0,101,0,116,0,117,0,112,0,83,0,118,0,99,0,47,0,52,0,0,0],"Index":6309,"Category":"(0)","CategoryNumber":0,"EventID":7036,"EntryType":4,"Message":"The Network Setup Service service entered the running state.","Source":"Service Control Manager","ReplacementStrings":["Network Setup Service","running"],"InstanceId":1073748860,"TimeGenerated":"\/Date(1581655707000)\/","TimeWritten":"\/Date(1581655707000)\/","UserName":null,"Site":null,"Container":null},{"MachineName":"SERWER01","Data":[78,0,101,0,116,0,83,0,101,0,116,0,117,0,112,0,83,0,118,0,99,0,47,0,49,0,0,0],"Index":6308,"Category":"(0)","CategoryNumber":0,"EventID":7036,"EntryType":4,"Message":"The Network Setup Service service entered the stopped state.","Source":"Service Control Manager","ReplacementStrings":["Network Setup Service","stopped"],"InstanceId":1073748860,"TimeGenerated":"\/Date(1581652288000)\/","TimeWritten":"\/Date(1581652288000)\/","UserName":null,"Site":null,"Container":null},{"MachineName":"SERWER01","Data":[78,0,101,0,116,0,83,0,101,0,116,0,117,0,112,0,83,0,118,0,99,0,47,0,52,0,0,0],"Index":6307,"Category":"(0)","CategoryNumber":0,"EventID":7036,"EntryType":4,"Message":"The Network Setup Service service entered the running state.","Source":"Service Control Manager","ReplacementStrings":["Network Setup Service","running"],"InstanceId":1073748860,"TimeGenerated":"\/Date(1581652107000)\/","TimeWritten":"\/Date(1581652107000)\/","UserName":null,"Site":null,"Container":null},{"MachineName":"SERWER01","Data":[65,0,112,0,112,0,88,0,83,0,118,0,99,0,47,0,49,0,0,0],"Index":6306,"Category":"(0)","CategoryNumber":0,"EventID":7036,"EntryType":4,"Message":"The AppX Deployment Service (AppXSVC) service entered the stopped state.","Source":"Service Control Manager","ReplacementStrings":["AppX Deployment Service (AppXSVC)","stopped"],"InstanceId":1073748860,"TimeGenerated":"\/Date(1581651687000)\/","TimeWritten":"\/Date(1581651687000)\/","UserName":null,"Site":null,"Container":null},{"MachineName":"SERWER01","Data":[66,0,73,0,84,0,83,0,47,0,49,0,0,0],"Index":6305,"Category":"(0)","CategoryNumber":0,"EventID":7036,"EntryType":4,"Message":"The Background Intelligent Transfer Service service entered the stopped state.","Source":"Service Control Manager","ReplacementStrings":["Background Intelligent Transfer Service","stopped"],"InstanceId":1073748860,"TimeGenerated":"\/Date(1581651502000)\/","TimeWritten":"\/Date(1581651502000)\/","UserName":null,"Site":null,"Container":null},{"MachineName":"SERWER01","Data":[65,0,112,0,112,0,88,0,83,0,118,0,99,0,47,0,52,0,0,0],"Index":6303,"Category":"(0)","CategoryNumber":0,"EventID":7036,"EntryType":4,"Message":"The AppX Deployment Service (AppXSVC) service entered the running state.","Source":"Service Control Manager","ReplacementStrings":["AppX Deployment Service (AppXSVC)","running"],"InstanceId":1073748860,"TimeGenerated":"\/Date(1581651383000)\/","TimeWritten":"\/Date(1581651383000)\/","UserName":null,"Site":null,"Container":null},{"MachineName":"SERWER01","Data":[66,0,73,0,84,0,83,0,47,0,52,0,0,0],"Index":6301,"Category":"(0)","CategoryNumber":0,"EventID":7036,"EntryType":4,"Message":"The Background Intelligent Transfer Service service entered the running state.","Source":"Service Control Manager","ReplacementStrings":["Background Intelligent Transfer Service","running"],"InstanceId":1073748860,"TimeGenerated":"\/Date(1581651382000)\/","TimeWritten":"\/Date(1581651382000)\/","UserName":null,"Site":null,"Container":null},{"MachineName":"SERWER01","Data":[119,0,108,0,105,0,100,0,115,0,118,0,99,0,47,0,49,0,0,0],"Index":6300,"Category":"(0)","CategoryNumber":0,"EventID":7036,"EntryType":4,"Message":"The Microsoft Account Sign-in Assistant service entered the stopped state.","Source":"Service Control Manager","ReplacementStrings":["Microsoft Account Sign-in Assistant","stopped"],"InstanceId":1073748860,"TimeGenerated":"\/Date(1581649372000)\/","TimeWritten":"\/Date(1581649372000)\/","UserName":null,"Site":null,"Container":null},{"MachineName":"SERWER01","Data":[119,0,108,0,105,0,100,0,115,0,118,0,99,0,47,0,52,0,0,0],"Index":6299,"Category":"(0)","CategoryNumber":0,"EventID":7036,"EntryType":4,"Message":"The Microsoft Account Sign-in Assistant service entered the running state.","Source":"Service Control Manager","ReplacementStrings":["Microsoft Account Sign-in Assistant","running"],"InstanceId":1073748860,"TimeGenerated":"\/Date(1581649191000)\/","TimeWritten":"\/Date(1581649191000)\/","UserName":null,"Site":null,"Container":null},{"MachineName":"SERWER01","Data":[78,0,101,0,116,0,83,0,101,0,116,0,117,0,112,0,83,0,118,0,99,0,47,0,49,0,0,0],"Index":6298,"Category":"(0)","CategoryNumber":0,"EventID":7036,"EntryType":4,"Message":"The Network Setup Service service entered the stopped state.","Source":"Service Control Manager","ReplacementStrings":["Network Setup Service","stopped"],"InstanceId":1073748860,"TimeGenerated":"\/Date(1581648688000)\/","TimeWritten":"\/Date(1581648688000)\/","UserName":null,"Site":null,"Container":null},{"MachineName":"SERWER01","Data":[78,0,101,0,116,0,83,0,101,0,116,0,117,0,112,0,83,0,118,0,99,0,47,0,52,0,0,0],"Index":6297,"Category":"(0)","CategoryNumber":0,"EventID":7036,"EntryType":4,"Message":"The Network Setup Service service entered the running state.","Source":"Service Control Manager","ReplacementStrings":["Network Setup Service","running"],"InstanceId":1073748860,"TimeGenerated":"\/Date(1581648507000)\/","TimeWritten":"\/Date(1581648507000)\/","UserName":null,"Site":null,"Container":null},{"MachineName":"SERWER01","Data":[99,0,97,0,109,0,115,0,118,0,99,0,47,0,49,0,0,0],"Index":6296,"Category":"(0)","CategoryNumber":0,"EventID":7036,"EntryType":4,"Message":"The Capability Access Manager Service service entered the stopped state.","Source":"Service Control Manager","ReplacementStrings":["Capability Access Manager Service","stopped"],"InstanceId":1073748860,"TimeGenerated":"\/Date(1581647605000)\/","TimeWritten":"\/Date(1581647605000)\/","UserName":null,"Site":null,"Container":null},{"MachineName":"SERWER01","Data":[115,0,112,0,112,0,115,0,118,0,99,0,47,0,49,0,0,0],"Index":6295,"Category":"(0)","CategoryNumber":0,"EventID":7036,"EntryType":4,"Message":"The Software Protection service entered the stopped state.","Source":"Service Control Manager","ReplacementStrings":["Software Protection","stopped"],"InstanceId":1073748860,"TimeGenerated":"\/Date(1581647334000)\/","TimeWritten":"\/Date(1581647334000)\/","UserName":null,"Site":null,"Container":null},{"MachineName":"SERWER01","Data":[99,0,97,0,109,0,115,0,118,0,99,0,47,0,52,0,0,0],"Index":6294,"Category":"(0)","CategoryNumber":0,"EventID":7036,"EntryType":4,"Message":"The Capability Access Manager Service service entered the running state.","Source":"Service Control Manager","ReplacementStrings":["Capability Access Manager Service","running"],"InstanceId":1073748860,"TimeGenerated":"\/Date(1581647304000)\/","TimeWritten":"\/Date(1581647304000)\/","UserName":null,"Site":null,"Container":null},{"MachineName":"SERWER01","Data":[115,0,112,0,112,0,115,0,118,0,99,0,47,0,52,0,0,0],"Index":6293,"Category":"(0)","CategoryNumber":0,"EventID":7036,"EntryType":4,"Message":"The Software Protection service entered the running state.","Source":"Service Control Manager","ReplacementStrings":["Software Protection","running"],"InstanceId":1073748860,"TimeGenerated":"\/Date(1581647304000)\/","TimeWritten":"\/Date(1581647304000)\/","UserName":null,"Site":null,"Container":null},{"MachineName":"SERWER01","Data":[78,0,101,0,116,0,83,0,101,0,116,0,117,0,112,0,83,0,118,0,99,0,47,0,49,0,0,0],"Index":6292,"Category":"(0)","CategoryNumber":0,"EventID":7036,"EntryType":4,"Message":"The Network Setup Service service entered the stopped state.","Source":"Service Control Manager","ReplacementStrings":["Network Setup Service","stopped"],"InstanceId":1073748860,"TimeGenerated":"\/Date(1581645088000)\/","TimeWritten":"\/Date(1581645088000)\/","UserName":null,"Site":null,"Container":null},{"MachineName":"SERWER01","Data":[78,0,101,0,116,0,83,0,101,0,116,0,117,0,112,0,83,0,118,0,99,0,47,0,52,0,0,0],"Index":6291,"Category":"(0)","CategoryNumber":0,"EventID":7036,"EntryType":4,"Message":"The Network Setup Service service entered the running state.","Source":"Service Control Manager","ReplacementStrings":["Network Setup Service","running"],"InstanceId":1073748860,"TimeGenerated":"\/Date(1581644907000)\/","TimeWritten":"\/Date(1581644907000)\/","UserName":null,"Site":null,"Container":null},{"MachineName":"SERWER01","Data":[78,0,101,0,116,0,83,0,101,0,116,0,117,0,112,0,83,0,118,0,99,0,47,0,49,0,0,0],"Index":6290,"Category":"(0)","CategoryNumber":0,"EventID":7036,"EntryType":4,"Message":"The Network Setup Service service entered the stopped state.","Source":"Service Control Manager","ReplacementStrings":["Network Setup Service","stopped"],"InstanceId":1073748860,"TimeGenerated":"\/Date(1581642767000)\/","TimeWritten":"\/Date(1581642767000)\/","UserName":null,"Site":null,"Container":null},{"MachineName":"SERWER01","Data":[78,0,101,0,116,0,83,0,101,0,116,0,117,0,112,0,83,0,118,0,99,0,47,0,52,0,0,0],"Index":6289,"Category":"(0)","CategoryNumber":0,"EventID":7036,"EntryType":4,"Message":"The Network Setup Service service entered the running state.","Source":"Service Control Manager","ReplacementStrings":["Network Setup Service","running"],"InstanceId":1073748860,"TimeGenerated":"\/Date(1581642674000)\/","TimeWritten":"\/Date(1581642674000)\/","UserName":null,"Site":null,"Container":null},{"MachineName":"SERWER01","Data":[78,0,101,0,116,0,83,0,101,0,116,0,117,0,112,0,83,0,118,0,99,0,47,0,49,0,0,0],"Index":6288,"Category":"(0)","CategoryNumber":0,"EventID":7036,"EntryType":4,"Message":"The Network Setup Service service entered the stopped state.","Source":"Service Control Manager","ReplacementStrings":["Network Setup Service","stopped"],"InstanceId":1073748860,"TimeGenerated":"\/Date(1581642167000)\/","TimeWritten":"\/Date(1581642167000)\/","UserName":null,"Site":null,"Container":null},{"MachineName":"SERWER01","Data":[78,0,101,0,116,0,83,0,101,0,116,0,117,0,112,0,83,0,118,0,99,0,47,0,52,0,0,0],"Index":6287,"Category":"(0)","CategoryNumber":0,"EventID":7036,"EntryType":4,"Message":"The Network Setup Service service entered the running state.","Source":"Service Control Manager","ReplacementStrings":["Network Setup Service","running"],"InstanceId":1073748860,"TimeGenerated":"\/Date(1581642074000)\/","TimeWritten":"\/Date(1581642074000)\/","UserName":null,"Site":null,"Container":null},{"MachineName":"SERWER01","Data":[78,0,101,0,116,0,83,0,101,0,116,0,117,0,112,0,83,0,118,0,99,0,47,0,49,0,0,0],"Index":6286,"Category":"(0)","CategoryNumber":0,"EventID":7036,"EntryType":4,"Message":"The Network Setup Service service entered the stopped state.","Source":"Service Control Manager","ReplacementStrings":["Network Setup Service","stopped"],"InstanceId":1073748860,"TimeGenerated":"\/Date(1581641567000)\/","TimeWritten":"\/Date(1581641567000)\/","UserName":null,"Site":null,"Container":null},{"MachineName":"SERWER01","Data":[78,0,101,0,116,0,83,0,101,0,116,0,117,0,112,0,83,0,118,0,99,0,47,0,52,0,0,0],"Index":6285,"Category":"(0)","CategoryNumber":0,"EventID":7036,"EntryType":4,"Message":"The Network Setup Service service entered the running state.","Source":"Service Control Manager","ReplacementStrings":["Network Setup Service","running"],"InstanceId":1073748860,"TimeGenerated":"\/Date(1581641307000)\/","TimeWritten":"\/Date(1581641307000)\/","UserName":null,"Site":null,"Container":null},{"MachineName":"SERWER01","Data":[78,0,101,0,116,0,83,0,101,0,116,0,117,0,112,0,83,0,118,0,99,0,47,0,49,0,0,0],"Index":6284,"Category":"(0)","CategoryNumber":0,"EventID":7036,"EntryType":4,"Message":"The Network Setup Service service entered the stopped state.","Source":"Service Control Manager","ReplacementStrings":["Network Setup Service","stopped"],"InstanceId":1073748860,"TimeGenerated":"\/Date(1581640967000)\/","TimeWritten":"\/Date(1581640967000)\/","UserName":null,"Site":null,"Container":null},{"MachineName":"SERWER01","Data":[78,0,101,0,116,0,83,0,101,0,116,0,117,0,112,0,83,0,118,0,99,0,47,0,52,0,0,0],"Index":6283,"Category":"(0)","CategoryNumber":0,"EventID":7036,"EntryType":4,"Message":"The Network Setup Service service entered the running state.","Source":"Service Control Manager","ReplacementStrings":["Network Setup Service","running"],"InstanceId":1073748860,"TimeGenerated":"\/Date(1581640874000)\/","TimeWritten":"\/Date(1581640874000)\/","UserName":null,"Site":null,"Container":null},{"MachineName":"SERWER01","Data":[66,0,73,0,84,0,83,0,47,0,49,0,0,0],"Index":6282,"Category":"(0)","CategoryNumber":0,"EventID":7036,"EntryType":4,"Message":"The Background Intelligent Transfer Service service entered the stopped state.","Source":"Service Control Manager","ReplacementStrings":["Background Intelligent Transfer Service","stopped"],"InstanceId":1073748860,"TimeGenerated":"\/Date(1581639726000)\/","TimeWritten":"\/Date(1581639726000)\/","UserName":null,"Site":null,"Container":null},{"MachineName":"SERWER01","Data":[66,0,73,0,84,0,83,0,47,0,52,0,0,0],"Index":6279,"Category":"(0)","CategoryNumber":0,"EventID":7036,"EntryType":4,"Message":"The Background Intelligent Transfer Service service entered the running state.","Source":"Service Control Manager","ReplacementStrings":["Background Intelligent Transfer Service","running"],"InstanceId":1073748860,"TimeGenerated":"\/Date(1581639604000)\/","TimeWritten":"\/Date(1581639604000)\/","UserName":null,"Site":null,"Container":null},{"MachineName":"SERWER01","Data":[78,0,101,0,116,0,83,0,101,0,116,0,117,0,112,0,83,0,118,0,99,0,47,0,49,0,0,0],"Index":6278,"Category":"(0)","CategoryNumber":0,"EventID":7036,"EntryType":4,"Message":"The Network Setup Service service entered the stopped state.","Source":"Service Control Manager","ReplacementStrings":["Network Setup Service","stopped"],"InstanceId":1073748860,"TimeGenerated":"\/Date(1581639167000)\/","TimeWritten":"\/Date(1581639167000)\/","UserName":null,"Site":null,"Container":null},{"MachineName":"SERWER01","Data":[78,0,101,0,116,0,83,0,101,0,116,0,117,0,112,0,83,0,118,0,99,0,47,0,52,0,0,0],"Index":6277,"Category":"(0)","CategoryNumber":0,"EventID":7036,"EntryType":4,"Message":"The Network Setup Service service entered the running state.","Source":"Service Control Manager","ReplacementStrings":["Network Setup Service","running"],"InstanceId":1073748860,"TimeGenerated":"\/Date(1581639074000)\/","TimeWritten":"\/Date(1581639074000)\/","UserName":null,"Site":null,"Container":null},{"MachineName":"SERWER01","Data":[78,0,101,0,116,0,83,0,101,0,116,0,117,0,112,0,83,0,118,0,99,0,47,0,49,0,0,0],"Index":6276,"Category":"(0)","CategoryNumber":0,"EventID":7036,"EntryType":4,"Message":"The Network Setup Service service entered the stopped state.","Source":"Service Control Manager","ReplacementStrings":["Network Setup Service","stopped"],"InstanceId":1073748860,"TimeGenerated":"\/Date(1581638567000)\/","TimeWritten":"\/Date(1581638567000)\/","UserName":null,"Site":null,"Container":null},{"MachineName":"SERWER01","Data":[78,0,101,0,116,0,83,0,101,0,116,0,117,0,112,0,83,0,118,0,99,0,47,0,52,0,0,0],"Index":6275,"Category":"(0)","CategoryNumber":0,"EventID":7036,"EntryType":4,"Message":"The Network Setup Service service entered the running state.","Source":"Service Control Manager","ReplacementStrings":["Network Setup Service","running"],"InstanceId":1073748860,"TimeGenerated":"\/Date(1581638474000)\/","TimeWritten":"\/Date(1581638474000)\/","UserName":null,"Site":null,"Container":null},{"MachineName":"SERWER01","Data":[78,0,101,0,116,0,83,0,101,0,116,0,117,0,112,0,83,0,118,0,99,0,47,0,49,0,0,0],"Index":6274,"Category":"(0)","CategoryNumber":0,"EventID":7036,"EntryType":4,"Message":"The Network Setup Service service entered the stopped state.","Source":"Service Control Manager","ReplacementStrings":["Network Setup Service","stopped"],"InstanceId":1073748860,"TimeGenerated":"\/Date(1581637967000)\/","TimeWritten":"\/Date(1581637967000)\/","UserName":null,"Site":null,"Container":null},{"MachineName":"SERWER01","Data":[78,0,101,0,116,0,83,0,101,0,116,0,117,0,112,0,83,0,118,0,99,0,47,0,52,0,0,0],"Index":6273,"Category":"(0)","CategoryNumber":0,"EventID":7036,"EntryType":4,"Message":"The Network Setup Service service entered the running state.","Source":"Service Control Manager","ReplacementStrings":["Network Setup Service","running"],"InstanceId":1073748860,"TimeGenerated":"\/Date(1581637707000)\/","TimeWritten":"\/Date(1581637707000)\/","UserName":null,"Site":null,"Container":null},