{"MachineName":"SERWER01","Data":[78,0,101,0,116,0,83,0,101,0,116,0,117,0,112,0,83,0,118,0,99,0,47,0,49,0,0,0],"Index":1880,"Category":"(0)","CategoryNumber":0,"EventID":7036,"EntryType":4,"Message":"The Network Setup Service service entered the stopped state.","Source":"Service Control Manager","ReplacementStrings":["Network Setup Service","stopped"],"InstanceId":1073748860,"TimeGenerated":"\/Date(1580741583000)\/","TimeWritten":"\/Date(1580741583000)\/","UserName":null,"Site":null,"Container":null},{"MachineName":"SERWER01","Data":[78,0,101,0,116,0,83,0,101,0,116,0,117,0,112,0,83,0,118,0,99,0,47,0,52,0,0,0],"Index":1879,"Category":"(0)","CategoryNumber":0,"EventID":7036,"EntryType":4,"Message":"The Network Setup Service service entered the running state.","Source":"Service Control Manager","ReplacementStrings":["Network Setup Service","running"],"InstanceId":1073748860,"TimeGenerated":"\/Date(1580741490000)\/","TimeWritten":"\/Date(1580741490000)\/","UserName":null,"Site":null,"Container":null},{"MachineName":"SERWER01","Data":[78,0,101,0,116,0,83,0,101,0,116,0,117,0,112,0,83,0,118,0,99,0,47,0,49,0,0,0],"Index":1878,"Category":"(0)","CategoryNumber":0,"EventID":7036,"EntryType":4,"Message":"The Network Setup Service service entered the stopped state.","Source":"Service Control Manager","ReplacementStrings":["Network Setup Service","stopped"],"InstanceId":1073748860,"TimeGenerated":"\/Date(1580740983000)\/","TimeWritten":"\/Date(1580740983000)\/","UserName":null,"Site":null,"Container":null},{"MachineName":"SERWER01","Data":[78,0,101,0,116,0,83,0,101,0,116,0,117,0,112,0,83,0,118,0,99,0,47,0,52,0,0,0],"Index":1877,"Category":"(0)","CategoryNumber":0,"EventID":7036,"EntryType":4,"Message":"The Network Setup Service service entered the running state.","Source":"Service Control Manager","ReplacementStrings":["Network Setup Service","running"],"InstanceId":1073748860,"TimeGenerated":"\/Date(1580740890000)\/","TimeWritten":"\/Date(1580740890000)\/","UserName":null,"Site":null,"Container":null},{"MachineName":"SERWER01","Data":[78,0,101,0,116,0,83,0,101,0,116,0,117,0,112,0,83,0,118,0,99,0,47,0,49,0,0,0],"Index":1876,"Category":"(0)","CategoryNumber":0,"EventID":7036,"EntryType":4,"Message":"The Network Setup Service service entered the stopped state.","Source":"Service Control Manager","ReplacementStrings":["Network Setup Service","stopped"],"InstanceId":1073748860,"TimeGenerated":"\/Date(1580740383000)\/","TimeWritten":"\/Date(1580740383000)\/","UserName":null,"Site":null,"Container":null},{"MachineName":"SERWER01","Data":[78,0,101,0,116,0,83,0,101,0,116,0,117,0,112,0,83,0,118,0,99,0,47,0,52,0,0,0],"Index":1875,"Category":"(0)","CategoryNumber":0,"EventID":7036,"EntryType":4,"Message":"The Network Setup Service service entered the running state.","Source":"Service Control Manager","ReplacementStrings":["Network Setup Service","running"],"InstanceId":1073748860,"TimeGenerated":"\/Date(1580740290000)\/","TimeWritten":"\/Date(1580740290000)\/","UserName":null,"Site":null,"Container":null},{"MachineName":"SERWER01","Data":[78,0,101,0,116,0,83,0,101,0,116,0,117,0,112,0,83,0,118,0,99,0,47,0,49,0,0,0],"Index":1874,"Category":"(0)","CategoryNumber":0,"EventID":7036,"EntryType":4,"Message":"The Network Setup Service service entered the stopped state.","Source":"Service Control Manager","ReplacementStrings":["Network Setup Service","stopped"],"InstanceId":1073748860,"TimeGenerated":"\/Date(1580739783000)\/","TimeWritten":"\/Date(1580739783000)\/","UserName":null,"Site":null,"Container":null},{"MachineName":"SERWER01","Data":[78,0,101,0,116,0,83,0,101,0,116,0,117,0,112,0,83,0,118,0,99,0,47,0,52,0,0,0],"Index":1873,"Category":"(0)","CategoryNumber":0,"EventID":7036,"EntryType":4,"Message":"The Network Setup Service service entered the running state.","Source":"Service Control Manager","ReplacementStrings":["Network Setup Service","running"],"InstanceId":1073748860,"TimeGenerated":"\/Date(1580739690000)\/","TimeWritten":"\/Date(1580739690000)\/","UserName":null,"Site":null,"Container":null},{"MachineName":"SERWER01","Data":[78,0,101,0,116,0,83,0,101,0,116,0,117,0,112,0,83,0,118,0,99,0,47,0,49,0,0,0],"Index":1872,"Category":"(0)","CategoryNumber":0,"EventID":7036,"EntryType":4,"Message":"The Network Setup Service service entered the stopped state.","Source":"Service Control Manager","ReplacementStrings":["Network Setup Service","stopped"],"InstanceId":1073748860,"TimeGenerated":"\/Date(1580739183000)\/","TimeWritten":"\/Date(1580739183000)\/","UserName":null,"Site":null,"Container":null},{"MachineName":"SERWER01","Data":[78,0,101,0,116,0,83,0,101,0,116,0,117,0,112,0,83,0,118,0,99,0,47,0,52,0,0,0],"Index":1871,"Category":"(0)","CategoryNumber":0,"EventID":7036,"EntryType":4,"Message":"The Network Setup Service service entered the running state.","Source":"Service Control Manager","ReplacementStrings":["Network Setup Service","running"],"InstanceId":1073748860,"TimeGenerated":"\/Date(1580739090000)\/","TimeWritten":"\/Date(1580739090000)\/","UserName":null,"Site":null,"Container":null},{"MachineName":"SERWER01","Data":[78,0,101,0,116,0,83,0,101,0,116,0,117,0,112,0,83,0,118,0,99,0,47,0,49,0,0,0],"Index":1870,"Category":"(0)","CategoryNumber":0,"EventID":7036,"EntryType":4,"Message":"The Network Setup Service service entered the stopped state.","Source":"Service Control Manager","ReplacementStrings":["Network Setup Service","stopped"],"InstanceId":1073748860,"TimeGenerated":"\/Date(1580738984000)\/","TimeWritten":"\/Date(1580738984000)\/","UserName":null,"Site":null,"Container":null},{"MachineName":"SERWER01","Data":[84,0,114,0,117,0,115,0,116,0,101,0,100,0,73,0,110,0,115,0,116,0,97,0,108,0,108,0,101,0,114,0,47,0,49,0,0,0],"Index":1869,"Category":"(0)","CategoryNumber":0,"EventID":7036,"EntryType":4,"Message":"The Windows Modules Installer service entered the stopped state.","Source":"Service Control Manager","ReplacementStrings":["Windows Modules Installer","stopped"],"InstanceId":1073748860,"TimeGenerated":"\/Date(1580738907000)\/","TimeWritten":"\/Date(1580738907000)\/","UserName":null,"Site":null,"Container":null},{"MachineName":"SERWER01","Data":[78,0,101,0,116,0,83,0,101,0,116,0,117,0,112,0,83,0,118,0,99,0,47,0,52,0,0,0],"Index":1868,"Category":"(0)","CategoryNumber":0,"EventID":7036,"EntryType":4,"Message":"The Network Setup Service service entered the running state.","Source":"Service Control Manager","ReplacementStrings":["Network Setup Service","running"],"InstanceId":1073748860,"TimeGenerated":"\/Date(1580738803000)\/","TimeWritten":"\/Date(1580738803000)\/","UserName":null,"Site":null,"Container":null},{"MachineName":"SERWER01","Data":[84,0,114,0,117,0,115,0,116,0,101,0,100,0,73,0,110,0,115,0,116,0,97,0,108,0,108,0,101,0,114,0,47,0,52,0,0,0],"Index":1867,"Category":"(0)","CategoryNumber":0,"EventID":7036,"EntryType":4,"Message":"The Windows Modules Installer service entered the running state.","Source":"Service Control Manager","ReplacementStrings":["Windows Modules Installer","running"],"InstanceId":1073748860,"TimeGenerated":"\/Date(1580738785000)\/","TimeWritten":"\/Date(1580738785000)\/","UserName":null,"Site":null,"Container":null},{"MachineName":"SERWER01","Data":[78,0,101,0,116,0,83,0,101,0,116,0,117,0,112,0,83,0,118,0,99,0,47,0,49,0,0,0],"Index":1866,"Category":"(0)","CategoryNumber":0,"EventID":7036,"EntryType":4,"Message":"The Network Setup Service service entered the stopped state.","Source":"Service Control Manager","ReplacementStrings":["Network Setup Service","stopped"],"InstanceId":1073748860,"TimeGenerated":"\/Date(1580738583000)\/","TimeWritten":"\/Date(1580738583000)\/","UserName":null,"Site":null,"Container":null},{"MachineName":"SERWER01","Data":[78,0,101,0,116,0,83,0,101,0,116,0,117,0,112,0,83,0,118,0,99,0,47,0,52,0,0,0],"Index":1865,"Category":"(0)","CategoryNumber":0,"EventID":7036,"EntryType":4,"Message":"The Network Setup Service service entered the running state.","Source":"Service Control Manager","ReplacementStrings":["Network Setup Service","running"],"InstanceId":1073748860,"TimeGenerated":"\/Date(1580738490000)\/","TimeWritten":"\/Date(1580738490000)\/","UserName":null,"Site":null,"Container":null},{"MachineName":"SERWER01","Data":[119,0,108,0,105,0,100,0,115,0,118,0,99,0,47,0,49,0,0,0],"Index":1864,"Category":"(0)","CategoryNumber":0,"EventID":7036,"EntryType":4,"Message":"The Microsoft Account Sign-in Assistant service entered the stopped state.","Source":"Service Control Manager","ReplacementStrings":["Microsoft Account Sign-in Assistant","stopped"],"InstanceId":1073748860,"TimeGenerated":"\/Date(1580738265000)\/","TimeWritten":"\/Date(1580738265000)\/","UserName":null,"Site":null,"Container":null},{"MachineName":"SERWER01","Data":[78,0,101,0,116,0,83,0,101,0,116,0,117,0,112,0,83,0,118,0,99,0,47,0,49,0,0,0],"Index":1863,"Category":"(0)","CategoryNumber":0,"EventID":7036,"EntryType":4,"Message":"The Network Setup Service service entered the stopped state.","Source":"Service Control Manager","ReplacementStrings":["Network Setup Service","stopped"],"InstanceId":1073748860,"TimeGenerated":"\/Date(1580737983000)\/","TimeWritten":"\/Date(1580737983000)\/","UserName":null,"Site":null,"Container":null},{"MachineName":"SERWER01","Data":[115,0,112,0,112,0,115,0,118,0,99,0,47,0,49,0,0,0],"Index":1862,"Category":"(0)","CategoryNumber":0,"EventID":7036,"EntryType":4,"Message":"The Software Protection service entered the stopped state.","Source":"Service Control Manager","ReplacementStrings":["Software Protection","stopped"],"InstanceId":1073748860,"TimeGenerated":"\/Date(1580737926000)\/","TimeWritten":"\/Date(1580737926000)\/","UserName":null,"Site":null,"Container":null},{"MachineName":"SERWER01","Data":[119,0,108,0,105,0,100,0,115,0,118,0,99,0,47,0,52,0,0,0],"Index":1861,"Category":"(0)","CategoryNumber":0,"EventID":7036,"EntryType":4,"Message":"The Microsoft Account Sign-in Assistant service entered the running state.","Source":"Service Control Manager","ReplacementStrings":["Microsoft Account Sign-in Assistant","running"],"InstanceId":1073748860,"TimeGenerated":"\/Date(1580737905000)\/","TimeWritten":"\/Date(1580737905000)\/","UserName":null,"Site":null,"Container":null},{"MachineName":"SERWER01","Data":[78,0,101,0,116,0,83,0,101,0,116,0,117,0,112,0,83,0,118,0,99,0,47,0,52,0,0,0],"Index":1860,"Category":"(0)","CategoryNumber":0,"EventID":7036,"EntryType":4,"Message":"The Network Setup Service service entered the running state.","Source":"Service Control Manager","ReplacementStrings":["Network Setup Service","running"],"InstanceId":1073748860,"TimeGenerated":"\/Date(1580737890000)\/","TimeWritten":"\/Date(1580737890000)\/","UserName":null,"Site":null,"Container":null},{"MachineName":"SERWER01","Data":[115,0,112,0,112,0,115,0,118,0,99,0,47,0,52,0,0,0],"Index":1859,"Category":"(0)","CategoryNumber":0,"EventID":7036,"EntryType":4,"Message":"The Software Protection service entered the running state.","Source":"Service Control Manager","ReplacementStrings":["Software Protection","running"],"InstanceId":1073748860,"TimeGenerated":"\/Date(1580737879000)\/","TimeWritten":"\/Date(1580737879000)\/","UserName":null,"Site":null,"Container":null},{"MachineName":"SERWER01","Data":[78,0,101,0,116,0,83,0,101,0,116,0,117,0,112,0,83,0,118,0,99,0,47,0,49,0,0,0],"Index":1858,"Category":"(0)","CategoryNumber":0,"EventID":7036,"EntryType":4,"Message":"The Network Setup Service service entered the stopped state.","Source":"Service Control Manager","ReplacementStrings":["Network Setup Service","stopped"],"InstanceId":1073748860,"TimeGenerated":"\/Date(1580737383000)\/","TimeWritten":"\/Date(1580737383000)\/","UserName":null,"Site":null,"Container":null},{"MachineName":"SERWER01","Data":[78,0,101,0,116,0,83,0,101,0,116,0,117,0,112,0,83,0,118,0,99,0,47,0,52,0,0,0],"Index":1857,"Category":"(0)","CategoryNumber":0,"EventID":7036,"EntryType":4,"Message":"The Network Setup Service service entered the running state.","Source":"Service Control Manager","ReplacementStrings":["Network Setup Service","running"],"InstanceId":1073748860,"TimeGenerated":"\/Date(1580737290000)\/","TimeWritten":"\/Date(1580737290000)\/","UserName":null,"Site":null,"Container":null},{"MachineName":"SERWER01","Data":[78,0,101,0,116,0,83,0,101,0,116,0,117,0,112,0,83,0,118,0,99,0,47,0,49,0,0,0],"Index":1856,"Category":"(0)","CategoryNumber":0,"EventID":7036,"EntryType":4,"Message":"The Network Setup Service service entered the stopped state.","Source":"Service Control Manager","ReplacementStrings":["Network Setup Service","stopped"],"InstanceId":1073748860,"TimeGenerated":"\/Date(1580736783000)\/","TimeWritten":"\/Date(1580736783000)\/","UserName":null,"Site":null,"Container":null},{"MachineName":"SERWER01","Data":[78,0,101,0,116,0,83,0,101,0,116,0,117,0,112,0,83,0,118,0,99,0,47,0,52,0,0,0],"Index":1855,"Category":"(0)","CategoryNumber":0,"EventID":7036,"EntryType":4,"Message":"The Network Setup Service service entered the running state.","Source":"Service Control Manager","ReplacementStrings":["Network Setup Service","running"],"InstanceId":1073748860,"TimeGenerated":"\/Date(1580736690000)\/","TimeWritten":"\/Date(1580736690000)\/","UserName":null,"Site":null,"Container":null},{"MachineName":"SERWER01","Data":[65,0,112,0,112,0,88,0,83,0,118,0,99,0,47,0,49,0,0,0],"Index":1854,"Category":"(0)","CategoryNumber":0,"EventID":7036,"EntryType":4,"Message":"The AppX Deployment Service (AppXSVC) service entered the stopped state.","Source":"Service Control Manager","ReplacementStrings":["AppX Deployment Service (AppXSVC)","stopped"],"InstanceId":1073748860,"TimeGenerated":"\/Date(1580736427000)\/","TimeWritten":"\/Date(1580736427000)\/","UserName":null,"Site":null,"Container":null},{"MachineName":"SERWER01","Data":[66,0,73,0,84,0,83,0,47,0,49,0,0,0],"Index":1853,"Category":"(0)","CategoryNumber":0,"EventID":7036,"EntryType":4,"Message":"The Background Intelligent Transfer Service service entered the stopped state.","Source":"Service Control Manager","ReplacementStrings":["Background Intelligent Transfer Service","stopped"],"InstanceId":1073748860,"TimeGenerated":"\/Date(1580736243000)\/","TimeWritten":"\/Date(1580736243000)\/","UserName":null,"Site":null,"Container":null},{"MachineName":"SERWER01","Data":[78,0,101,0,116,0,83,0,101,0,116,0,117,0,112,0,83,0,118,0,99,0,47,0,49,0,0,0],"Index":1851,"Category":"(0)","CategoryNumber":0,"EventID":7036,"EntryType":4,"Message":"The Network Setup Service service entered the stopped state.","Source":"Service Control Manager","ReplacementStrings":["Network Setup Service","stopped"],"InstanceId":1073748860,"TimeGenerated":"\/Date(1580736174000)\/","TimeWritten":"\/Date(1580736174000)\/","UserName":null,"Site":null,"Container":null},{"MachineName":"SERWER01","Data":[65,0,112,0,112,0,88,0,83,0,118,0,99,0,47,0,52,0,0,0],"Index":1850,"Category":"(0)","CategoryNumber":0,"EventID":7036,"EntryType":4,"Message":"The AppX Deployment Service (AppXSVC) service entered the running state.","Source":"Service Control Manager","ReplacementStrings":["AppX Deployment Service (AppXSVC)","running"],"InstanceId":1073748860,"TimeGenerated":"\/Date(1580736124000)\/","TimeWritten":"\/Date(1580736124000)\/","UserName":null,"Site":null,"Container":null},{"MachineName":"SERWER01","Data":[66,0,73,0,84,0,83,0,47,0,52,0,0,0],"Index":1848,"Category":"(0)","CategoryNumber":0,"EventID":7036,"EntryType":4,"Message":"The Background Intelligent Transfer Service service entered the running state.","Source":"Service Control Manager","ReplacementStrings":["Background Intelligent Transfer Service","running"],"InstanceId":1073748860,"TimeGenerated":"\/Date(1580736122000)\/","TimeWritten":"\/Date(1580736122000)\/","UserName":null,"Site":null,"Container":null},{"MachineName":"SERWER01","Data":[78,0,101,0,116,0,83,0,101,0,116,0,117,0,112,0,83,0,118,0,99,0,47,0,52,0,0,0],"Index":1847,"Category":"(0)","CategoryNumber":0,"EventID":7036,"EntryType":4,"Message":"The Network Setup Service service entered the running state.","Source":"Service Control Manager","ReplacementStrings":["Network Setup Service","running"],"InstanceId":1073748860,"TimeGenerated":"\/Date(1580736090000)\/","TimeWritten":"\/Date(1580736090000)\/","UserName":null,"Site":null,"Container":null},{"MachineName":"SERWER01","Data":[68,0,111,0,83,0,118,0,99,0,47,0,49,0,0,0],"Index":1846,"Category":"(0)","CategoryNumber":0,"EventID":7036,"EntryType":4,"Message":"The Delivery Optimization service entered the stopped state.","Source":"Service Control Manager","ReplacementStrings":["Delivery Optimization","stopped"],"InstanceId":1073748860,"TimeGenerated":"\/Date(1580735993000)\/","TimeWritten":"\/Date(1580735993000)\/","UserName":null,"Site":null,"Container":null},{"MachineName":"SERWER01","Data":[119,0,108,0,105,0,100,0,115,0,118,0,99,0,47,0,49,0,0,0],"Index":1845,"Category":"(0)","CategoryNumber":0,"EventID":7036,"EntryType":4,"Message":"The Microsoft Account Sign-in Assistant service entered the stopped state.","Source":"Service Control Manager","ReplacementStrings":["Microsoft Account Sign-in Assistant","stopped"],"InstanceId":1073748860,"TimeGenerated":"\/Date(1580735867000)\/","TimeWritten":"\/Date(1580735867000)\/","UserName":null,"Site":null,"Container":null},{"MachineName":"SERWER01","Data":[84,0,114,0,117,0,115,0,116,0,101,0,100,0,73,0,110,0,115,0,116,0,97,0,108,0,108,0,101,0,114,0,47,0,49,0,0,0],"Index":1844,"Category":"(0)","CategoryNumber":0,"EventID":7036,"EntryType":4,"Message":"The Windows Modules Installer service entered the stopped state.","Source":"Service Control Manager","ReplacementStrings":["Windows Modules Installer","stopped"],"InstanceId":1073748860,"TimeGenerated":"\/Date(1580735804000)\/","TimeWritten":"\/Date(1580735804000)\/","UserName":null,"Site":null,"Container":null},{"MachineName":"SERWER01","Data":[68,0,111,0,83,0,118,0,99,0,47,0,52,0,0,0],"Index":1840,"Category":"(0)","CategoryNumber":0,"EventID":7036,"EntryType":4,"Message":"The Delivery Optimization service entered the running state.","Source":"Service Control Manager","ReplacementStrings":["Delivery Optimization","running"],"InstanceId":1073748860,"TimeGenerated":"\/Date(1580735693000)\/","TimeWritten":"\/Date(1580735693000)\/","UserName":null,"Site":null,"Container":null},{"MachineName":"SERWER01","Data":[119,0,108,0,105,0,100,0,115,0,118,0,99,0,47,0,52,0,0,0],"Index":1839,"Category":"(0)","CategoryNumber":0,"EventID":7036,"EntryType":4,"Message":"The Microsoft Account Sign-in Assistant service entered the running state.","Source":"Service Control Manager","ReplacementStrings":["Microsoft Account Sign-in Assistant","running"],"InstanceId":1073748860,"TimeGenerated":"\/Date(1580735686000)\/","TimeWritten":"\/Date(1580735686000)\/","UserName":null,"Site":null,"Container":null},{"MachineName":"SERWER01","Data":[84,0,114,0,117,0,115,0,116,0,101,0,100,0,73,0,110,0,115,0,116,0,97,0,108,0,108,0,101,0,114,0,47,0,52,0,0,0],"Index":1838,"Category":"(0)","CategoryNumber":0,"EventID":7036,"EntryType":4,"Message":"The Windows Modules Installer service entered the running state.","Source":"Service Control Manager","ReplacementStrings":["Windows Modules Installer","running"],"InstanceId":1073748860,"TimeGenerated":"\/Date(1580735682000)\/","TimeWritten":"\/Date(1580735682000)\/","UserName":null,"Site":null,"Container":null},{"MachineName":"SERWER01","Data":[78,0,101,0,116,0,83,0,101,0,116,0,117,0,112,0,83,0,118,0,99,0,47,0,49,0,0,0],"Index":1837,"Category":"(0)","CategoryNumber":0,"EventID":7036,"EntryType":4,"Message":"The Network Setup Service service entered the stopped state.","Source":"Service Control Manager","ReplacementStrings":["Network Setup Service","stopped"],"InstanceId":1073748860,"TimeGenerated":"\/Date(1580735583000)\/","TimeWritten":"\/Date(1580735583000)\/","UserName":null,"Site":null,"Container":null},{"MachineName":"SERWER01","Data":[78,0,101,0,116,0,83,0,101,0,116,0,117,0,112,0,83,0,118,0,99,0,47,0,52,0,0,0],"Index":1836,"Category":"(0)","CategoryNumber":0,"EventID":7036,"EntryType":4,"Message":"The Network Setup Service service entered the running state.","Source":"Service Control Manager","ReplacementStrings":["Network Setup Service","running"],"InstanceId":1073748860,"TimeGenerated":"\/Date(1580735490000)\/","TimeWritten":"\/Date(1580735490000)\/","UserName":null,"Site":null,"Container":null},{"MachineName":"SERWER01","Data":[78,0,101,0,116,0,83,0,101,0,116,0,117,0,112,0,83,0,118,0,99,0,47,0,49,0,0,0],"Index":1835,"Category":"(0)","CategoryNumber":0,"EventID":7036,"EntryType":4,"Message":"The Network Setup Service service entered the stopped state.","Source":"Service Control Manager","ReplacementStrings":["Network Setup Service","stopped"],"InstanceId":1073748860,"TimeGenerated":"\/Date(1580735384000)\/","TimeWritten":"\/Date(1580735384000)\/","UserName":null,"Site":null,"Container":null},{"MachineName":"SERWER01","Data":[78,0,101,0,116,0,83,0,101,0,116,0,117,0,112,0,83,0,118,0,99,0,47,0,52,0,0,0],"Index":1834,"Category":"(0)","CategoryNumber":0,"EventID":7036,"EntryType":4,"Message":"The Network Setup Service service entered the running state.","Source":"Service Control Manager","ReplacementStrings":["Network Setup Service","running"],"InstanceId":1073748860,"TimeGenerated":"\/Date(1580735203000)\/","TimeWritten":"\/Date(1580735203000)\/","UserName":null,"Site":null,"Container":null},{"MachineName":"SERWER01","Data":[78,0,101,0,116,0,83,0,101,0,116,0,117,0,112,0,83,0,118,0,99,0,47,0,49,0,0,0],"Index":1833,"Category":"(0)","CategoryNumber":0,"EventID":7036,"EntryType":4,"Message":"The Network Setup Service service entered the stopped state.","Source":"Service Control Manager","ReplacementStrings":["Network Setup Service","stopped"],"InstanceId":1073748860,"TimeGenerated":"\/Date(1580734982000)\/","TimeWritten":"\/Date(1580734982000)\/","UserName":null,"Site":null,"Container":null},{"MachineName":"SERWER01","Data":[78,0,101,0,116,0,83,0,101,0,116,0,117,0,112,0,83,0,118,0,99,0,47,0,52,0,0,0],"Index":1832,"Category":"(0)","CategoryNumber":0,"EventID":7036,"EntryType":4,"Message":"The Network Setup Service service entered the running state.","Source":"Service Control Manager","ReplacementStrings":["Network Setup Service","running"],"InstanceId":1073748860,"TimeGenerated":"\/Date(1580734890000)\/","TimeWritten":"\/Date(1580734890000)\/","UserName":null,"Site":null,"Container":null},{"MachineName":"SERWER01","Data":[78,0,101,0,116,0,83,0,101,0,116,0,117,0,112,0,83,0,118,0,99,0,47,0,49,0,0,0],"Index":1831,"Category":"(0)","CategoryNumber":0,"EventID":7036,"EntryType":4,"Message":"The Network Setup Service service entered the stopped state.","Source":"Service Control Manager","ReplacementStrings":["Network Setup Service","stopped"],"InstanceId":1073748860,"TimeGenerated":"\/Date(1580734382000)\/","TimeWritten":"\/Date(1580734382000)\/","UserName":null,"Site":null,"Container":null},{"MachineName":"SERWER01","Data":[78,0,101,0,116,0,83,0,101,0,116,0,117,0,112,0,83,0,118,0,99,0,47,0,52,0,0,0],"Index":1830,"Category":"(0)","CategoryNumber":0,"EventID":7036,"EntryType":4,"Message":"The Network Setup Service service entered the running state.","Source":"Service Control Manager","ReplacementStrings":["Network Setup Service","running"],"InstanceId":1073748860,"TimeGenerated":"\/Date(1580734290000)\/","TimeWritten":"\/Date(1580734290000)\/","UserName":null,"Site":null,"Container":null},{"MachineName":"SERWER01","Data":[78,0,101,0,116,0,83,0,101,0,116,0,117,0,112,0,83,0,118,0,99,0,47,0,49,0,0,0],"Index":1829,"Category":"(0)","CategoryNumber":0,"EventID":7036,"EntryType":4,"Message":"The Network Setup Service service entered the stopped state.","Source":"Service Control Manager","ReplacementStrings":["Network Setup Service","stopped"],"InstanceId":1073748860,"TimeGenerated":"\/Date(1580733782000)\/","TimeWritten":"\/Date(1580733782000)\/","UserName":null,"Site":null,"Container":null},{"MachineName":"SERWER01","Data":[78,0,101,0,116,0,83,0,101,0,116,0,117,0,112,0,83,0,118,0,99,0,47,0,52,0,0,0],"Index":1828,"Category":"(0)","CategoryNumber":0,"EventID":7036,"EntryType":4,"Message":"The Network Setup Service service entered the running state.","Source":"Service Control Manager","ReplacementStrings":["Network Setup Service","running"],"InstanceId":1073748860,"TimeGenerated":"\/Date(1580733690000)\/","TimeWritten":"\/Date(1580733690000)\/","UserName":null,"Site":null,"Container":null},{"MachineName":"SERWER01","Data":[78,0,101,0,116,0,83,0,101,0,116,0,117,0,112,0,83,0,118,0,99,0,47,0,49,0,0,0],"Index":1827,"Category":"(0)","CategoryNumber":0,"EventID":7036,"EntryType":4,"Message":"The Network Setup Service service entered the stopped state.","Source":"Service Control Manager","ReplacementStrings":["Network Setup Service","stopped"],"InstanceId":1073748860,"TimeGenerated":"\/Date(1580733182000)\/","TimeWritten":"\/Date(1580733182000)\/","UserName":null,"Site":null,"Container":null},{"MachineName":"SERWER01","Data":[78,0,101,0,116,0,83,0,101,0,116,0,117,0,112,0,83,0,118,0,99,0,47,0,52,0,0,0],"Index":1826,"Category":"(0)","CategoryNumber":0,"EventID":7036,"EntryType":4,"Message":"The Network Setup Service service entered the running state.","Source":"Service Control Manager","ReplacementStrings":["Network Setup Service","running"],"InstanceId":1073748860,"TimeGenerated":"\/Date(1580733090000)\/","TimeWritten":"\/Date(1580733090000)\/","UserName":null,"Site":null,"Container":null},{"MachineName":"SERWER01","Data":[78,0,101,0,116,0,83,0,101,0,116,0,117,0,112,0,83,0,118,0,99,0,47,0,49,0,0,0],"Index":1825,"Category":"(0)","CategoryNumber":0,"EventID":7036,"EntryType":4,"Message":"The Network Setup Service service entered the stopped state.","Source":"Service Control Manager","ReplacementStrings":["Network Setup Service","stopped"],"InstanceId":1073748860,"TimeGenerated":"\/Date(1580732582000)\/","TimeWritten":"\/Date(1580732582000)\/","UserName":null,"Site":null,"Container":null},{"MachineName":"SERWER01","Data":[78,0,101,0,116,0,83,0,101,0,116,0,117,0,112,0,83,0,118,0,99,0,47,0,52,0,0,0],"Index":1824,"Category":"(0)","CategoryNumber":0,"EventID":7036,"EntryType":4,"Message":"The Network Setup Service service entered the running state.","Source":"Service Control Manager","ReplacementStrings":["Network Setup Service","running"],"InstanceId":1073748860,"TimeGenerated":"\/Date(1580732490000)\/","TimeWritten":"\/Date(1580732490000)\/","UserName":null,"Site":null,"Container":null},{"MachineName":"SERWER01","Data":[78,0,101,0,116,0,83,0,101,0,116,0,117,0,112,0,83,0,118,0,99,0,47,0,49,0,0,0],"Index":1823,"Category":"(0)","CategoryNumber":0,"EventID":7036,"EntryType":4,"Message":"The Network Setup Service service entered the stopped state.","Source":"Service Control Manager","ReplacementStrings":["Network Setup Service","stopped"],"InstanceId":1073748860,"TimeGenerated":"\/Date(1580731982000)\/","TimeWritten":"\/Date(1580731982000)\/","UserName":null,"Site":null,"Container":null},{"MachineName":"SERWER01","Data":[78,0,101,0,116,0,83,0,101,0,116,0,117,0,112,0,83,0,118,0,99,0,47,0,52,0,0,0],"Index":1822,"Category":"(0)","CategoryNumber":0,"EventID":7036,"EntryType":4,"Message":"The Network Setup Service service entered the running state.","Source":"Service Control Manager","ReplacementStrings":["Network Setup Service","running"],"InstanceId":1073748860,"TimeGenerated":"\/Date(1580731890000)\/","TimeWritten":"\/Date(1580731890000)\/","UserName":null,"Site":null,"Container":null},{"MachineName":"SERWER01","Data":[78,0,101,0,116,0,83,0,101,0,116,0,117,0,112,0,83,0,118,0,99,0,47,0,49,0,0,0],"Index":1821,"Category":"(0)","CategoryNumber":0,"EventID":7036,"EntryType":4,"Message":"The Network Setup Service service entered the stopped state.","Source":"Service Control Manager","ReplacementStrings":["Network Setup Service","stopped"],"InstanceId":1073748860,"TimeGenerated":"\/Date(1580731784000)\/","TimeWritten":"\/Date(1580731784000)\/","UserName":null,"Site":null,"Container":null},{"MachineName":"SERWER01","Data":[78,0,101,0,116,0,83,0,101,0,116,0,117,0,112,0,83,0,118,0,99,0,47,0,52,0,0,0],"Index":1820,"Category":"(0)","CategoryNumber":0,"EventID":7036,"EntryType":4,"Message":"The Network Setup Service service entered the running state.","Source":"Service Control Manager","ReplacementStrings":["Network Setup Service","running"],"InstanceId":1073748860,"TimeGenerated":"\/Date(1580731603000)\/","TimeWritten":"\/Date(1580731603000)\/","UserName":null,"Site":null,"Container":null},{"MachineName":"SERWER01","Data":[78,0,101,0,116,0,83,0,101,0,116,0,117,0,112,0,83,0,118,0,99,0,47,0,49,0,0,0],"Index":1819,"Category":"(0)","CategoryNumber":0,"EventID":7036,"EntryType":4,"Message":"The Network Setup Service service entered the stopped state.","Source":"Service Control Manager","ReplacementStrings":["Network Setup Service","stopped"],"InstanceId":1073748860,"TimeGenerated":"\/Date(1580731382000)\/","TimeWritten":"\/Date(1580731382000)\/","UserName":null,"Site":null,"Container":null},{"MachineName":"SERWER01","Data":[78,0,101,0,116,0,83,0,101,0,116,0,117,0,112,0,83,0,118,0,99,0,47,0,52,0,0,0],"Index":1818,"Category":"(0)","CategoryNumber":0,"EventID":7036,"EntryType":4,"Message":"The Network Setup Service service entered the running state.","Source":"Service Control Manager","ReplacementStrings":["Network Setup Service","running"],"InstanceId":1073748860,"TimeGenerated":"\/Date(1580731290000)\/","TimeWritten":"\/Date(1580731290000)\/","UserName":null,"Site":null,"Container":null},{"MachineName":"SERWER01","Data":[78,0,101,0,116,0,83,0,101,0,116,0,117,0,112,0,83,0,118,0,99,0,47,0,49,0,0,0],"Index":1817,"Category":"(0)","CategoryNumber":0,"EventID":7036,"EntryType":4,"Message":"The Network Setup Service service entered the stopped state.","Source":"Service Control Manager","ReplacementStrings":["Network Setup Service","stopped"],"InstanceId":1073748860,"TimeGenerated":"\/Date(1580730782000)\/","TimeWritten":"\/Date(1580730782000)\/","UserName":null,"Site":null,"Container":null},{"MachineName":"SERWER01","Data":[78,0,101,0,116,0,83,0,101,0,116,0,117,0,112,0,83,0,118,0,99,0,47,0,52,0,0,0],"Index":1816,"Category":"(0)","CategoryNumber":0,"EventID":7036,"EntryType":4,"Message":"The Network Setup Service service entered the running state.","Source":"Service Control Manager","ReplacementStrings":["Network Setup Service","running"],"InstanceId":1073748860,"TimeGenerated":"\/Date(1580730689000)\/","TimeWritten":"\/Date(1580730689000)\/","UserName":null,"Site":null,"Container":null},{"MachineName":"SERWER01","Data":[99,0,97,0,109,0,115,0,118,0,99,0,47,0,49,0,0,0],"Index":1815,"Category":"(0)","CategoryNumber":0,"EventID":7036,"EntryType":4,"Message":"The Capability Access Manager Service service entered the stopped state.","Source":"Service Control Manager","ReplacementStrings":["Capability Access Manager Service","stopped"],"InstanceId":1073748860,"TimeGenerated":"\/Date(1580730410000)\/","TimeWritten":"\/Date(1580730410000)\/","UserName":null,"Site":null,"Container":null},{"MachineName":"SERWER01","Data":[78,0,101,0,116,0,83,0,101,0,116,0,117,0,112,0,83,0,118,0,99,0,47,0,49,0,0,0],"Index":1814,"Category":"(0)","CategoryNumber":0,"EventID":7036,"EntryType":4,"Message":"The Network Setup Service service entered the stopped state.","Source":"Service Control Manager","ReplacementStrings":["Network Setup Service","stopped"],"InstanceId":1073748860,"TimeGenerated":"\/Date(1580730172000)\/","TimeWritten":"\/Date(1580730172000)\/","UserName":null,"Site":null,"Container":null},{"MachineName":"SERWER01","Data":[115,0,112,0,112,0,115,0,118,0,99,0,47,0,49,0,0,0],"Index":1813,"Category":"(0)","CategoryNumber":0,"EventID":7036,"EntryType":4,"Message":"The Software Protection service entered the stopped state.","Source":"Service Control Manager","ReplacementStrings":["Software Protection","stopped"],"InstanceId":1073748860,"TimeGenerated":"\/Date(1580730139000)\/","TimeWritten":"\/Date(1580730139000)\/","UserName":null,"Site":null,"Container":null},{"MachineName":"SERWER01","Data":[99,0,97,0,109,0,115,0,118,0,99,0,47,0,52,0,0,0],"Index":1812,"Category":"(0)","CategoryNumber":0,"EventID":7036,"EntryType":4,"Message":"The Capability Access Manager Service service entered the running state.","Source":"Service Control Manager","ReplacementStrings":["Capability Access Manager Service","running"],"InstanceId":1073748860,"TimeGenerated":"\/Date(1580730109000)\/","TimeWritten":"\/Date(1580730109000)\/","UserName":null,"Site":null,"Container":null},{"MachineName":"SERWER01","Data":[115,0,112,0,112,0,115,0,118,0,99,0,47,0,52,0,0,0],"Index":1811,"Category":"(0)","CategoryNumber":0,"EventID":7036,"EntryType":4,"Message":"The Software Protection service entered the running state.","Source":"Service Control Manager","ReplacementStrings":["Software Protection","running"],"InstanceId":1073748860,"TimeGenerated":"\/Date(1580730108000)\/","TimeWritten":"\/Date(1580730108000)\/","UserName":null,"Site":null,"Container":null},{"MachineName":"SERWER01","Data":[78,0,101,0,116,0,83,0,101,0,116,0,117,0,112,0,83,0,118,0,99,0,47,0,52,0,0,0],"Index":1810,"Category":"(0)","CategoryNumber":0,"EventID":7036,"EntryType":4,"Message":"The Network Setup Service service entered the running state.","Source":"Service Control Manager","ReplacementStrings":["Network Setup Service","running"],"InstanceId":1073748860,"TimeGenerated":"\/Date(1580730089000)\/","TimeWritten":"\/Date(1580730089000)\/","UserName":null,"Site":null,"Container":null},{"MachineName":"SERWER01","Data":[78,0,101,0,116,0,83,0,101,0,116,0,117,0,112,0,83,0,118,0,99,0,47,0,49,0,0,0],"Index":1809,"Category":"(0)","CategoryNumber":0,"EventID":7036,"EntryType":4,"Message":"The Network Setup Service service entered the stopped state.","Source":"Service Control Manager","ReplacementStrings":["Network Setup Service","stopped"],"InstanceId":1073748860,"TimeGenerated":"\/Date(1580729582000)\/","TimeWritten":"\/Date(1580729582000)\/","UserName":null,"Site":null,"Container":null},{"MachineName":"SERWER01","Data":[78,0,101,0,116,0,83,0,101,0,116,0,117,0,112,0,83,0,118,0,99,0,47,0,52,0,0,0],"Index":1808,"Category":"(0)","CategoryNumber":0,"EventID":7036,"EntryType":4,"Message":"The Network Setup Service service entered the running state.","Source":"Service Control Manager","ReplacementStrings":["Network Setup Service","running"],"InstanceId":1073748860,"TimeGenerated":"\/Date(1580729489000)\/","TimeWritten":"\/Date(1580729489000)\/","UserName":null,"Site":null,"Container":null},{"MachineName":"SERWER01","Data":[78,0,101,0,116,0,83,0,101,0,116,0,117,0,112,0,83,0,118,0,99,0,47,0,49,0,0,0],"Index":1807,"Category":"(0)","CategoryNumber":0,"EventID":7036,"EntryType":4,"Message":"The Network Setup Service service entered the stopped state.","Source":"Service Control Manager","ReplacementStrings":["Network Setup Service","stopped"],"InstanceId":1073748860,"TimeGenerated":"\/Date(1580728982000)\/","TimeWritten":"\/Date(1580728982000)\/","UserName":null,"Site":null,"Container":null},{"MachineName":"SERWER01","Data":[78,0,101,0,116,0,83,0,101,0,116,0,117,0,112,0,83,0,118,0,99,0,47,0,52,0,0,0],"Index":1806,"Category":"(0)","CategoryNumber":0,"EventID":7036,"EntryType":4,"Message":"The Network Setup Service service entered the running state.","Source":"Service Control Manager","ReplacementStrings":["Network Setup Service","running"],"InstanceId":1073748860,"TimeGenerated":"\/Date(1580728889000)\/","TimeWritten":"\/Date(1580728889000)\/","UserName":null,"Site":null,"Container":null},{"MachineName":"SERWER01","Data":[78,0,101,0,116,0,83,0,101,0,116,0,117,0,112,0,83,0,118,0,99,0,47,0,49,0,0,0],"Index":1805,"Category":"(0)","CategoryNumber":0,"EventID":7036,"EntryType":4,"Message":"The Network Setup Service service entered the stopped state.","Source":"Service Control Manager","ReplacementStrings":["Network Setup Service","stopped"],"InstanceId":1073748860,"TimeGenerated":"\/Date(1580728382000)\/","TimeWritten":"\/Date(1580728382000)\/","UserName":null,"Site":null,"Container":null},{"MachineName":"SERWER01","Data":[66,0,73,0,84,0,83,0,47,0,49,0,0,0],"Index":1804,"Category":"(0)","CategoryNumber":0,"EventID":7036,"EntryType":4,"Message":"The Background Intelligent Transfer Service service entered the stopped state.","Source":"Service Control Manager","ReplacementStrings":["Background Intelligent Transfer Service","stopped"],"InstanceId":1073748860,"TimeGenerated":"\/Date(1580728322000)\/","TimeWritten":"\/Date(1580728322000)\/","UserName":null,"Site":null,"Container":null},{"MachineName":"SERWER01","Data":[78,0,101,0,116,0,83,0,101,0,116,0,117,0,112,0,83,0,118,0,99,0,47,0,52,0,0,0],"Index":1802,"Category":"(0)","CategoryNumber":0,"EventID":7036,"EntryType":4,"Message":"The Network Setup Service service entered the running state.","Source":"Service Control Manager","ReplacementStrings":["Network Setup Service","running"],"InstanceId":1073748860,"TimeGenerated":"\/Date(1580728289000)\/","TimeWritten":"\/Date(1580728289000)\/","UserName":null,"Site":null,"Container":null},{"MachineName":"SERWER01","Data":[66,0,73,0,84,0,83,0,47,0,52,0,0,0],"Index":1800,"Category":"(0)","CategoryNumber":0,"EventID":7036,"EntryType":4,"Message":"The Background Intelligent Transfer Service service entered the running state.","Source":"Service Control Manager","ReplacementStrings":["Background Intelligent Transfer Service","running"],"InstanceId":1073748860,"TimeGenerated":"\/Date(1580728201000)\/","TimeWritten":"\/Date(1580728201000)\/","UserName":null,"Site":null,"Container":null},{"MachineName":"SERWER01","Data":[78,0,101,0,116,0,83,0,101,0,116,0,117,0,112,0,83,0,118,0,99,0,47,0,49,0,0,0],"Index":1799,"Category":"(0)","CategoryNumber":0,"EventID":7036,"EntryType":4,"Message":"The Network Setup Service service entered the stopped state.","Source":"Service Control Manager","ReplacementStrings":["Network Setup Service","stopped"],"InstanceId":1073748860,"TimeGenerated":"\/Date(1580728184000)\/","TimeWritten":"\/Date(1580728184000)\/","UserName":null,"Site":null,"Container":null},{"MachineName":"SERWER01","Data":[78,0,101,0,116,0,83,0,101,0,116,0,117,0,112,0,83,0,118,0,99,0,47,0,52,0,0,0],"Index":1798,"Category":"(0)","CategoryNumber":0,"EventID":7036,"EntryType":4,"Message":"The Network Setup Service service entered the running state.","Source":"Service Control Manager","ReplacementStrings":["Network Setup Service","running"],"InstanceId":1073748860,"TimeGenerated":"\/Date(1580728003000)\/","TimeWritten":"\/Date(1580728003000)\/","UserName":null,"Site":null,"Container":null},{"MachineName":"SERWER01","Data":[78,0,101,0,116,0,83,0,101,0,116,0,117,0,112,0,83,0,118,0,99,0,47,0,49,0,0,0],"Index":1797,"Category":"(0)","CategoryNumber":0,"EventID":7036,"EntryType":4,"Message":"The Network Setup Service service entered the stopped state.","Source":"Service Control Manager","ReplacementStrings":["Network Setup Service","stopped"],"InstanceId":1073748860,"TimeGenerated":"\/Date(1580727782000)\/","TimeWritten":"\/Date(1580727782000)\/","UserName":null,"Site":null,"Container":null},{"MachineName":"SERWER01","Data":[78,0,101,0,116,0,83,0,101,0,116,0,117,0,112,0,83,0,118,0,99,0,47,0,52,0,0,0],"Index":1796,"Category":"(0)","CategoryNumber":0,"EventID":7036,"EntryType":4,"Message":"The Network Setup Service service entered the running state.","Source":"Service Control Manager","ReplacementStrings":["Network Setup Service","running"],"InstanceId":1073748860,"TimeGenerated":"\/Date(1580727689000)\/","TimeWritten":"\/Date(1580727689000)\/","UserName":null,"Site":null,"Container":null},{"MachineName":"SERWER01","Data":[78,0,101,0,116,0,83,0,101,0,116,0,117,0,112,0,83,0,118,0,99,0,47,0,49,0,0,0],"Index":1795,"Category":"(0)","CategoryNumber":0,"EventID":7036,"EntryType":4,"Message":"The Network Setup Service service entered the stopped state.","Source":"Service Control Manager","ReplacementStrings":["Network Setup Service","stopped"],"InstanceId":1073748860,"TimeGenerated":"\/Date(1580727182000)\/","TimeWritten":"\/Date(1580727182000)\/","UserName":null,"Site":null,"Container":null},{"MachineName":"SERWER01","Data":[78,0,101,0,116,0,83,0,101,0,116,0,117,0,112,0,83,0,118,0,99,0,47,0,52,0,0,0],"Index":1794,"Category":"(0)","CategoryNumber":0,"EventID":7036,"EntryType":4,"Message":"The Network Setup Service service entered the running state.","Source":"Service Control Manager","ReplacementStrings":["Network Setup Service","running"],"InstanceId":1073748860,"TimeGenerated":"\/Date(1580727089000)\/","TimeWritten":"\/Date(1580727089000)\/","UserName":null,"Site":null,"Container":null},{"MachineName":"SERWER01","Data":[78,0,101,0,116,0,83,0,101,0,116,0,117,0,112,0,83,0,118,0,99,0,47,0,49,0,0,0],"Index":1793,"Category":"(0)","CategoryNumber":0,"EventID":7036,"EntryType":4,"Message":"The Network Setup Service service entered the stopped state.","Source":"Service Control Manager","ReplacementStrings":["Network Setup Service","stopped"],"InstanceId":1073748860,"TimeGenerated":"\/Date(1580726582000)\/","TimeWritten":"\/Date(1580726582000)\/","UserName":null,"Site":null,"Container":null},{"MachineName":"SERWER01","Data":[78,0,101,0,116,0,83,0,101,0,116,0,117,0,112,0,83,0,118,0,99,0,47,0,52,0,0,0],"Index":1792,"Category":"(0)","CategoryNumber":0,"EventID":7036,"EntryType":4,"Message":"The Network Setup Service service entered the running state.","Source":"Service Control Manager","ReplacementStrings":["Network Setup Service","running"],"InstanceId":1073748860,"TimeGenerated":"\/Date(1580726489000)\/","TimeWritten":"\/Date(1580726489000)\/","UserName":null,"Site":null,"Container":null},{"MachineName":"SERWER01","Data":[78,0,101,0,116,0,83,0,101,0,116,0,117,0,112,0,83,0,118,0,99,0,47,0,49,0,0,0],"Index":1791,"Category":"(0)","CategoryNumber":0,"EventID":7036,"EntryType":4,"Message":"The Network Setup Service service entered the stopped state.","Source":"Service Control Manager","ReplacementStrings":["Network Setup Service","stopped"],"InstanceId":1073748860,"TimeGenerated":"\/Date(1580725982000)\/","TimeWritten":"\/Date(1580725982000)\/","UserName":null,"Site":null,"Container":null},{"MachineName":"SERWER01","Data":[78,0,101,0,116,0,83,0,101,0,116,0,117,0,112,0,83,0,118,0,99,0,47,0,52,0,0,0],"Index":1790,"Category":"(0)","CategoryNumber":0,"EventID":7036,"EntryType":4,"Message":"The Network Setup Service service entered the running state.","Source":"Service Control Manager","ReplacementStrings":["Network Setup Service","running"],"InstanceId":1073748860,"TimeGenerated":"\/Date(1580725889000)\/","TimeWritten":"\/Date(1580725889000)\/","UserName":null,"Site":null,"Container":null},{"MachineName":"SERWER01","Data":[78,0,101,0,116,0,83,0,101,0,116,0,117,0,112,0,83,0,118,0,99,0,47,0,49,0,0,0],"Index":1789,"Category":"(0)","CategoryNumber":0,"EventID":7036,"EntryType":4,"Message":"The Network Setup Service service entered the stopped state.","Source":"Service Control Manager","ReplacementStrings":["Network Setup Service","stopped"],"InstanceId":1073748860,"TimeGenerated":"\/Date(1580725382000)\/","TimeWritten":"\/Date(1580725382000)\/","UserName":null,"Site":null,"Container":null},{"MachineName":"SERWER01","Data":[78,0,101,0,116,0,83,0,101,0,116,0,117,0,112,0,83,0,118,0,99,0,47,0,52,0,0,0],"Index":1788,"Category":"(0)","CategoryNumber":0,"EventID":7036,"EntryType":4,"Message":"The Network Setup Service service entered the running state.","Source":"Service Control Manager","ReplacementStrings":["Network Setup Service","running"],"InstanceId":1073748860,"TimeGenerated":"\/Date(1580725290000)\/","TimeWritten":"\/Date(1580725290000)\/","UserName":null,"Site":null,"Container":null},{"MachineName":"SERWER01","Data":[78,0,101,0,116,0,83,0,101,0,116,0,117,0,112,0,83,0,118,0,99,0,47,0,49,0,0,0],"Index":1787,"Category":"(0)","CategoryNumber":0,"EventID":7036,"EntryType":4,"Message":"The Network Setup Service service entered the stopped state.","Source":"Service Control Manager","ReplacementStrings":["Network Setup Service","stopped"],"InstanceId":1073748860,"TimeGenerated":"\/Date(1580724782000)\/","TimeWritten":"\/Date(1580724782000)\/","UserName":null,"Site":null,"Container":null},{"MachineName":"SERWER01","Data":[78,0,101,0,116,0,83,0,101,0,116,0,117,0,112,0,83,0,118,0,99,0,47,0,52,0,0,0],"Index":1786,"Category":"(0)","CategoryNumber":0,"EventID":7036,"EntryType":4,"Message":"The Network Setup Service service entered the running state.","Source":"Service Control Manager","ReplacementStrings":["Network Setup Service","running"],"InstanceId":1073748860,"TimeGenerated":"\/Date(1580724689000)\/","TimeWritten":"\/Date(1580724689000)\/","UserName":null,"Site":null,"Container":null},{"MachineName":"SERWER01","Data":[78,0,101,0,116,0,83,0,101,0,116,0,117,0,112,0,83,0,118,0,99,0,47,0,49,0,0,0],"Index":1785,"Category":"(0)","CategoryNumber":0,"EventID":7036,"EntryType":4,"Message":"The Network Setup Service service entered the stopped state.","Source":"Service Control Manager","ReplacementStrings":["Network Setup Service","stopped"],"InstanceId":1073748860,"TimeGenerated":"\/Date(1580724584000)\/","TimeWritten":"\/Date(1580724584000)\/","UserName":null,"Site":null,"Container":null},{"MachineName":"SERWER01","Data":[78,0,101,0,116,0,83,0,101,0,116,0,117,0,112,0,83,0,118,0,99,0,47,0,52,0,0,0],"Index":1784,"Category":"(0)","CategoryNumber":0,"EventID":7036,"EntryType":4,"Message":"The Network Setup Service service entered the running state.","Source":"Service Control Manager","ReplacementStrings":["Network Setup Service","running"],"InstanceId":1073748860,"TimeGenerated":"\/Date(1580724403000)\/","TimeWritten":"\/Date(1580724403000)\/","UserName":null,"Site":null,"Container":null},{"MachineName":"SERWER01","Data":[78,0,101,0,116,0,83,0,101,0,116,0,117,0,112,0,83,0,118,0,99,0,47,0,49,0,0,0],"Index":1783,"Category":"(0)","CategoryNumber":0,"EventID":7036,"EntryType":4,"Message":"The Network Setup Service service entered the stopped state.","Source":"Service Control Manager","ReplacementStrings":["Network Setup Service","stopped"],"InstanceId":1073748860,"TimeGenerated":"\/Date(1580724182000)\/","TimeWritten":"\/Date(1580724182000)\/","UserName":null,"Site":null,"Container":null},{"MachineName":"SERWER01","Data":[78,0,101,0,116,0,83,0,101,0,116,0,117,0,112,0,83,0,118,0,99,0,47,0,52,0,0,0],"Index":1782,"Category":"(0)","CategoryNumber":0,"EventID":7036,"EntryType":4,"Message":"The Network Setup Service service entered the running state.","Source":"Service Control Manager","ReplacementStrings":["Network Setup Service","running"],"InstanceId":1073748860,"TimeGenerated":"\/Date(1580724089000)\/","TimeWritten":"\/Date(1580724089000)\/","UserName":null,"Site":null,"Container":null},{"MachineName":"SERWER01","Data":[84,0,114,0,117,0,115,0,116,0,101,0,100,0,73,0,110,0,115,0,116,0,97,0,108,0,108,0,101,0,114,0,47,0,49,0,0,0],"Index":1781,"Category":"(0)","CategoryNumber":0,"EventID":7036,"EntryType":4,"Message":"The Windows Modules Installer service entered the stopped state.","Source":"Service Control Manager","ReplacementStrings":["Windows Modules Installer","stopped"],"InstanceId":1073748860,"TimeGenerated":"\/Date(1580723635000)\/","TimeWritten":"\/Date(1580723635000)\/","UserName":null,"Site":null,"Container":null},{"MachineName":"SERWER01","Data":[78,0,101,0,116,0,83,0,101,0,116,0,117,0,112,0,83,0,118,0,99,0,47,0,49,0,0,0],"Index":1780,"Category":"(0)","CategoryNumber":0,"EventID":7036,"EntryType":4,"Message":"The Network Setup Service service entered the stopped state.","Source":"Service Control Manager","ReplacementStrings":["Network Setup Service","stopped"],"InstanceId":1073748860,"TimeGenerated":"\/Date(1580723582000)\/","TimeWritten":"\/Date(1580723582000)\/","UserName":null,"Site":null,"Container":null},{"MachineName":"SERWER01","Data":[65,0,112,0,112,0,88,0,83,0,118,0,99,0,47,0,49,0,0,0],"Index":1779,"Category":"(0)","CategoryNumber":0,"EventID":7036,"EntryType":4,"Message":"The AppX Deployment Service (AppXSVC) service entered the stopped state.","Source":"Service Control Manager","ReplacementStrings":["AppX Deployment Service (AppXSVC)","stopped"],"InstanceId":1073748860,"TimeGenerated":"\/Date(1580723573000)\/","TimeWritten":"\/Date(1580723573000)\/","UserName":null,"Site":null,"Container":null},{"MachineName":"SERWER01","Data":[84,0,114,0,117,0,115,0,116,0,101,0,100,0,73,0,110,0,115,0,116,0,97,0,108,0,108,0,101,0,114,0,47,0,52,0,0,0],"Index":1778,"Category":"(0)","CategoryNumber":0,"EventID":7036,"EntryType":4,"Message":"The Windows Modules Installer service entered the running state.","Source":"Service Control Manager","ReplacementStrings":["Windows Modules Installer","running"],"InstanceId":1073748860,"TimeGenerated":"\/Date(1580723513000)\/","TimeWritten":"\/Date(1580723513000)\/","UserName":null,"Site":null,"Container":null},{"MachineName":"SERWER01","Data":[78,0,101,0,116,0,83,0,101,0,116,0,117,0,112,0,83,0,118,0,99,0,47,0,52,0,0,0],"Index":1777,"Category":"(0)","CategoryNumber":0,"EventID":7036,"EntryType":4,"Message":"The Network Setup Service service entered the running state.","Source":"Service Control Manager","ReplacementStrings":["Network Setup Service","running"],"InstanceId":1073748860,"TimeGenerated":"\/Date(1580723489000)\/","TimeWritten":"\/Date(1580723489000)\/","UserName":null,"Site":null,"Container":null},{"MachineName":"SERWER01","Data":[65,0,112,0,112,0,88,0,83,0,118,0,99,0,47,0,52,0,0,0],"Index":1776,"Category":"(0)","CategoryNumber":0,"EventID":7036,"EntryType":4,"Message":"The AppX Deployment Service (AppXSVC) service entered the running state.","Source":"Service Control Manager","ReplacementStrings":["AppX Deployment Service (AppXSVC)","running"],"InstanceId":1073748860,"TimeGenerated":"\/Date(1580723081000)\/","TimeWritten":"\/Date(1580723081000)\/","UserName":null,"Site":null,"Container":null},