{"MachineName":"WIN-2DKE1ERCQC6","Data":[115,0,112,0,112,0,115,0,118,0,99,0,47,0,52,0,0,0],"Index":1131,"Category":"(0)","CategoryNumber":0,"EventID":7036,"EntryType":4,"Message":"The Software Protection service entered the running state.","Source":"Service Control Manager","ReplacementStrings":["Software Protection","running"],"InstanceId":1073748860,"TimeGenerated":"\/Date(1580509076000)\/","TimeWritten":"\/Date(1580509076000)\/","UserName":null,"Site":null,"Container":null},{"MachineName":"WIN-2DKE1ERCQC6","Data":[67,0,68,0,80,0,83,0,118,0,99,0,47,0,52,0,0,0],"Index":1130,"Category":"(0)","CategoryNumber":0,"EventID":7036,"EntryType":4,"Message":"The Connected Devices Platform Service service entered the running state.","Source":"Service Control Manager","ReplacementStrings":["Connected Devices Platform Service","running"],"InstanceId":1073748860,"TimeGenerated":"\/Date(1580509076000)\/","TimeWritten":"\/Date(1580509076000)\/","UserName":null,"Site":null,"Container":null},{"MachineName":"WIN-2DKE1ERCQC6","Data":[75,0,101,0,121,0,73,0,115,0,111,0,47,0,52,0,0,0],"Index":1129,"Category":"(0)","CategoryNumber":0,"EventID":7036,"EntryType":4,"Message":"The CNG Key Isolation service entered the running state.","Source":"Service Control Manager","ReplacementStrings":["CNG Key Isolation","running"],"InstanceId":1073748860,"TimeGenerated":"\/Date(1580509076000)\/","TimeWritten":"\/Date(1580509076000)\/","UserName":null,"Site":null,"Container":null},{"MachineName":"WIN-2DKE1ERCQC6","Data":[65,0,112,0,112,0,88,0,83,0,118,0,99,0,47,0,52,0,0,0],"Index":1128,"Category":"(0)","CategoryNumber":0,"EventID":7036,"EntryType":4,"Message":"The AppX Deployment Service (AppXSVC) service entered the running state.","Source":"Service Control Manager","ReplacementStrings":["AppX Deployment Service (AppXSVC)","running"],"InstanceId":1073748860,"TimeGenerated":"\/Date(1580509075000)\/","TimeWritten":"\/Date(1580509075000)\/","UserName":null,"Site":null,"Container":null},{"MachineName":"WIN-2DKE1ERCQC6","Data":[84,0,97,0,98,0,108,0,101,0,116,0,73,0,110,0,112,0,117,0,116,0,83,0,101,0,114,0,118,0,105,0,99,0,101,0,47,0,52,0,0,0],"Index":1127,"Category":"(0)","CategoryNumber":0,"EventID":7036,"EntryType":4,"Message":"The Touch Keyboard and Handwriting Panel Service service entered the running state.","Source":"Service Control Manager","ReplacementStrings":["Touch Keyboard and Handwriting Panel Service","running"],"InstanceId":1073748860,"TimeGenerated":"\/Date(1580509075000)\/","TimeWritten":"\/Date(1580509075000)\/","UserName":null,"Site":null,"Container":null},{"MachineName":"WIN-2DKE1ERCQC6","Data":[84,0,111,0,107,0,101,0,110,0,66,0,114,0,111,0,107,0,101,0,114,0,47,0,52,0,0,0],"Index":1126,"Category":"(0)","CategoryNumber":0,"EventID":7036,"EntryType":4,"Message":"The Web Account Manager service entered the running state.","Source":"Service Control Manager","ReplacementStrings":["Web Account Manager","running"],"InstanceId":1073748860,"TimeGenerated":"\/Date(1580509075000)\/","TimeWritten":"\/Date(1580509075000)\/","UserName":null,"Site":null,"Container":null},{"MachineName":"WIN-2DKE1ERCQC6","Data":[87,0,112,0,110,0,85,0,115,0,101,0,114,0,83,0,101,0,114,0,118,0,105,0,99,0,101,0,95,0,52,0,55,0,102,0,102,0,55,0,47,0,52,0,0,0],"Index":1125,"Category":"(0)","CategoryNumber":0,"EventID":7036,"EntryType":4,"Message":"The Windows Push Notifications User Service_47ff7 service entered the running state.","Source":"Service Control Manager","ReplacementStrings":["Windows Push Notifications User Service_47ff7","running"],"InstanceId":1073748860,"TimeGenerated":"\/Date(1580509075000)\/","TimeWritten":"\/Date(1580509075000)\/","UserName":null,"Site":null,"Container":null},{"MachineName":"WIN-2DKE1ERCQC6","Data":[67,0,68,0,80,0,85,0,115,0,101,0,114,0,83,0,118,0,99,0,95,0,52,0,55,0,102,0,102,0,55,0,47,0,52,0,0,0],"Index":1124,"Category":"(0)","CategoryNumber":0,"EventID":7036,"EntryType":4,"Message":"The Connected Devices Platform User Service_47ff7 service entered the running state.","Source":"Service Control Manager","ReplacementStrings":["Connected Devices Platform User Service_47ff7","running"],"InstanceId":1073748860,"TimeGenerated":"\/Date(1580509075000)\/","TimeWritten":"\/Date(1580509075000)\/","UserName":null,"Site":null,"Container":null},{"MachineName":"WIN-2DKE1ERCQC6","Data":[83,0,116,0,97,0,116,0,101,0,82,0,101,0,112,0,111,0,115,0,105,0,116,0,111,0,114,0,121,0,47,0,52,0,0,0],"Index":1123,"Category":"(0)","CategoryNumber":0,"EventID":7036,"EntryType":4,"Message":"The State Repository Service service entered the running state.","Source":"Service Control Manager","ReplacementStrings":["State Repository Service","running"],"InstanceId":1073748860,"TimeGenerated":"\/Date(1580509075000)\/","TimeWritten":"\/Date(1580509075000)\/","UserName":null,"Site":null,"Container":null},{"MachineName":"WIN-2DKE1ERCQC6","Data":[68,0,115,0,109,0,83,0,118,0,99,0,47,0,49,0,0,0],"Index":1121,"Category":"(0)","CategoryNumber":0,"EventID":7036,"EntryType":4,"Message":"The DsmSvc service entered the stopped state.","Source":"Service Control Manager","ReplacementStrings":["DsmSvc","stopped"],"InstanceId":1073748860,"TimeGenerated":"\/Date(1580509012000)\/","TimeWritten":"\/Date(1580509012000)\/","UserName":null,"Site":null,"Container":null},{"MachineName":"WIN-2DKE1ERCQC6","Data":[115,0,112,0,112,0,115,0,118,0,99,0,47,0,49,0,0,0],"Index":1120,"Category":"(0)","CategoryNumber":0,"EventID":7036,"EntryType":4,"Message":"The Software Protection service entered the stopped state.","Source":"Service Control Manager","ReplacementStrings":["Software Protection","stopped"],"InstanceId":1073748860,"TimeGenerated":"\/Date(1580509002000)\/","TimeWritten":"\/Date(1580509002000)\/","UserName":null,"Site":null,"Container":null},{"MachineName":"WIN-2DKE1ERCQC6","Data":[87,0,100,0,78,0,105,0,115,0,83,0,118,0,99,0,47,0,52,0,0,0],"Index":1118,"Category":"(0)","CategoryNumber":0,"EventID":7036,"EntryType":4,"Message":"The Windows Defender Antivirus Network Inspection Service service entered the running state.","Source":"Service Control Manager","ReplacementStrings":["Windows Defender Antivirus Network Inspection Service","running"],"InstanceId":1073748860,"TimeGenerated":"\/Date(1580508966000)\/","TimeWritten":"\/Date(1580508966000)\/","UserName":null,"Site":null,"Container":null},{"MachineName":"WIN-2DKE1ERCQC6","Data":[84,0,101,0,97,0,109,0,86,0,105,0,101,0,119,0,101,0,114,0,47,0,52,0,0,0],"Index":1116,"Category":"(0)","CategoryNumber":0,"EventID":7036,"EntryType":4,"Message":"The TeamViewer service entered the running state.","Source":"Service Control Manager","ReplacementStrings":["TeamViewer","running"],"InstanceId":1073748860,"TimeGenerated":"\/Date(1580508964000)\/","TimeWritten":"\/Date(1580508964000)\/","UserName":null,"Site":null,"Container":null},{"MachineName":"WIN-2DKE1ERCQC6","Data":[118,0,109,0,99,0,111,0,109,0,112,0,117,0,116,0,101,0,47,0,52,0,0,0],"Index":1115,"Category":"(0)","CategoryNumber":0,"EventID":7036,"EntryType":4,"Message":"The Hyper-V Host Compute Service service entered the running state.","Source":"Service Control Manager","ReplacementStrings":["Hyper-V Host Compute Service","running"],"InstanceId":1073748860,"TimeGenerated":"\/Date(1580508964000)\/","TimeWritten":"\/Date(1580508964000)\/","UserName":null,"Site":null,"Container":null},{"MachineName":"WIN-2DKE1ERCQC6","Data":[115,0,112,0,112,0,115,0,118,0,99,0,47,0,52,0,0,0],"Index":1114,"Category":"(0)","CategoryNumber":0,"EventID":7036,"EntryType":4,"Message":"The Software Protection service entered the running state.","Source":"Service Control Manager","ReplacementStrings":["Software Protection","running"],"InstanceId":1073748860,"TimeGenerated":"\/Date(1580508964000)\/","TimeWritten":"\/Date(1580508964000)\/","UserName":null,"Site":null,"Container":null},{"MachineName":"WIN-2DKE1ERCQC6","Data":[76,0,97,0,110,0,109,0,97,0,110,0,83,0,101,0,114,0,118,0,101,0,114,0,47,0,52,0,0,0],"Index":1112,"Category":"(0)","CategoryNumber":0,"EventID":7036,"EntryType":4,"Message":"The LanmanServer service entered the running state.","Source":"Service Control Manager","ReplacementStrings":["LanmanServer","running"],"InstanceId":1073748860,"TimeGenerated":"\/Date(1580508964000)\/","TimeWritten":"\/Date(1580508964000)\/","UserName":null,"Site":null,"Container":null},{"MachineName":"WIN-2DKE1ERCQC6","Data":[68,0,105,0,97,0,103,0,84,0,114,0,97,0,99,0,107,0,47,0,52,0,0,0],"Index":1109,"Category":"(0)","CategoryNumber":0,"EventID":7036,"EntryType":4,"Message":"The DiagTrack service entered the running state.","Source":"Service Control Manager","ReplacementStrings":["DiagTrack","running"],"InstanceId":1073748860,"TimeGenerated":"\/Date(1580508964000)\/","TimeWritten":"\/Date(1580508964000)\/","UserName":null,"Site":null,"Container":null},{"MachineName":"WIN-2DKE1ERCQC6","Data":[87,0,105,0,110,0,68,0,101,0,102,0,101,0,110,0,100,0,47,0,52,0,0,0],"Index":1108,"Category":"(0)","CategoryNumber":0,"EventID":7036,"EntryType":4,"Message":"The WinDefend service entered the running state.","Source":"Service Control Manager","ReplacementStrings":["WinDefend","running"],"InstanceId":1073748860,"TimeGenerated":"\/Date(1580508964000)\/","TimeWritten":"\/Date(1580508964000)\/","UserName":null,"Site":null,"Container":null},{"MachineName":"WIN-2DKE1ERCQC6","Data":[87,0,105,0,110,0,82,0,77,0,47,0,52,0,0,0],"Index":1107,"Category":"(0)","CategoryNumber":0,"EventID":7036,"EntryType":4,"Message":"The WinRM service entered the running state.","Source":"Service Control Manager","ReplacementStrings":["WinRM","running"],"InstanceId":1073748860,"TimeGenerated":"\/Date(1580508964000)\/","TimeWritten":"\/Date(1580508964000)\/","UserName":null,"Site":null,"Container":null},{"MachineName":"WIN-2DKE1ERCQC6","Data":[118,0,109,0,109,0,115,0,47,0,52,0,0,0],"Index":1106,"Category":"(0)","CategoryNumber":0,"EventID":7036,"EntryType":4,"Message":"The vmms service entered the running state.","Source":"Service Control Manager","ReplacementStrings":["vmms","running"],"InstanceId":1073748860,"TimeGenerated":"\/Date(1580508964000)\/","TimeWritten":"\/Date(1580508964000)\/","UserName":null,"Site":null,"Container":null},{"MachineName":"WIN-2DKE1ERCQC6","Data":[78,0,102,0,115,0,83,0,101,0,114,0,118,0,105,0,99,0,101,0,47,0,52,0,0,0],"Index":1105,"Category":"(0)","CategoryNumber":0,"EventID":7036,"EntryType":4,"Message":"The NfsService service entered the running state.","Source":"Service Control Manager","ReplacementStrings":["NfsService","running"],"InstanceId":1073748860,"TimeGenerated":"\/Date(1580508964000)\/","TimeWritten":"\/Date(1580508964000)\/","UserName":null,"Site":null,"Container":null},{"MachineName":"WIN-2DKE1ERCQC6","Data":[105,0,112,0,104,0,108,0,112,0,115,0,118,0,99,0,47,0,52,0,0,0],"Index":1104,"Category":"(0)","CategoryNumber":0,"EventID":7036,"EntryType":4,"Message":"The iphlpsvc service entered the running state.","Source":"Service Control Manager","ReplacementStrings":["iphlpsvc","running"],"InstanceId":1073748860,"TimeGenerated":"\/Date(1580508964000)\/","TimeWritten":"\/Date(1580508964000)\/","UserName":null,"Site":null,"Container":null},{"MachineName":"WIN-2DKE1ERCQC6","Data":[87,0,112,0,110,0,83,0,101,0,114,0,118,0,105,0,99,0,101,0,47,0,52,0,0,0],"Index":1103,"Category":"(0)","CategoryNumber":0,"EventID":7036,"EntryType":4,"Message":"The WpnService service entered the running state.","Source":"Service Control Manager","ReplacementStrings":["WpnService","running"],"InstanceId":1073748860,"TimeGenerated":"\/Date(1580508964000)\/","TimeWritten":"\/Date(1580508964000)\/","UserName":null,"Site":null,"Container":null},{"MachineName":"WIN-2DKE1ERCQC6","Data":[72,0,118,0,72,0,111,0,115,0,116,0,47,0,52,0,0,0],"Index":1102,"Category":"(0)","CategoryNumber":0,"EventID":7036,"EntryType":4,"Message":"The HvHost service entered the running state.","Source":"Service Control Manager","ReplacementStrings":["HvHost","running"],"InstanceId":1073748860,"TimeGenerated":"\/Date(1580508964000)\/","TimeWritten":"\/Date(1580508964000)\/","UserName":null,"Site":null,"Container":null},{"MachineName":"WIN-2DKE1ERCQC6","Data":[87,0,51,0,50,0,84,0,105,0,109,0,101,0,47,0,52,0,0,0],"Index":1101,"Category":"(0)","CategoryNumber":0,"EventID":7036,"EntryType":4,"Message":"The W32Time service entered the running state.","Source":"Service Control Manager","ReplacementStrings":["W32Time","running"],"InstanceId":1073748860,"TimeGenerated":"\/Date(1580508964000)\/","TimeWritten":"\/Date(1580508964000)\/","UserName":null,"Site":null,"Container":null},{"MachineName":"WIN-2DKE1ERCQC6","Data":[67,0,114,0,121,0,112,0,116,0,83,0,118,0,99,0,47,0,52,0,0,0],"Index":1099,"Category":"(0)","CategoryNumber":0,"EventID":7036,"EntryType":4,"Message":"The CryptSvc service entered the running state.","Source":"Service Control Manager","ReplacementStrings":["CryptSvc","running"],"InstanceId":1073748860,"TimeGenerated":"\/Date(1580508964000)\/","TimeWritten":"\/Date(1580508964000)\/","UserName":null,"Site":null,"Container":null},{"MachineName":"WIN-2DKE1ERCQC6","Data":[87,0,105,0,110,0,109,0,103,0,109,0,116,0,47,0,52,0,0,0],"Index":1098,"Category":"(0)","CategoryNumber":0,"EventID":7036,"EntryType":4,"Message":"The Winmgmt service entered the running state.","Source":"Service Control Manager","ReplacementStrings":["Winmgmt","running"],"InstanceId":1073748860,"TimeGenerated":"\/Date(1580508964000)\/","TimeWritten":"\/Date(1580508964000)\/","UserName":null,"Site":null,"Container":null},{"MachineName":"WIN-2DKE1ERCQC6","Data":[82,0,101,0,109,0,111,0,116,0,101,0,82,0,101,0,103,0,105,0,115,0,116,0,114,0,121,0,47,0,52,0,0,0],"Index":1097,"Category":"(0)","CategoryNumber":0,"EventID":7036,"EntryType":4,"Message":"The RemoteRegistry service entered the running state.","Source":"Service Control Manager","ReplacementStrings":["RemoteRegistry","running"],"InstanceId":1073748860,"TimeGenerated":"\/Date(1580508964000)\/","TimeWritten":"\/Date(1580508964000)\/","UserName":null,"Site":null,"Container":null},{"MachineName":"WIN-2DKE1ERCQC6","Data":[83,0,121,0,115,0,77,0,97,0,105,0,110,0,47,0,52,0,0,0],"Index":1096,"Category":"(0)","CategoryNumber":0,"EventID":7036,"EntryType":4,"Message":"The SysMain service entered the running state.","Source":"Service Control Manager","ReplacementStrings":["SysMain","running"],"InstanceId":1073748860,"TimeGenerated":"\/Date(1580508964000)\/","TimeWritten":"\/Date(1580508964000)\/","UserName":null,"Site":null,"Container":null},{"MachineName":"WIN-2DKE1ERCQC6","Data":[84,0,114,0,107,0,87,0,107,0,115,0,47,0,52,0,0,0],"Index":1095,"Category":"(0)","CategoryNumber":0,"EventID":7036,"EntryType":4,"Message":"The TrkWks service entered the running state.","Source":"Service Control Manager","ReplacementStrings":["TrkWks","running"],"InstanceId":1073748860,"TimeGenerated":"\/Date(1580508964000)\/","TimeWritten":"\/Date(1580508964000)\/","UserName":null,"Site":null,"Container":null},{"MachineName":"WIN-2DKE1ERCQC6","Data":[83,0,112,0,111,0,111,0,108,0,101,0,114,0,47,0,52,0,0,0],"Index":1093,"Category":"(0)","CategoryNumber":0,"EventID":7036,"EntryType":4,"Message":"The Spooler service entered the running state.","Source":"Service Control Manager","ReplacementStrings":["Spooler","running"],"InstanceId":1073748860,"TimeGenerated":"\/Date(1580508964000)\/","TimeWritten":"\/Date(1580508964000)\/","UserName":null,"Site":null,"Container":null},{"MachineName":"WIN-2DKE1ERCQC6","Data":[83,0,97,0,109,0,83,0,115,0,47,0,52,0,0,0],"Index":1092,"Category":"(0)","CategoryNumber":0,"EventID":7036,"EntryType":4,"Message":"The SamSs service entered the running state.","Source":"Service Control Manager","ReplacementStrings":["SamSs","running"],"InstanceId":1073748860,"TimeGenerated":"\/Date(1580508964000)\/","TimeWritten":"\/Date(1580508964000)\/","UserName":null,"Site":null,"Container":null},{"MachineName":"WIN-2DKE1ERCQC6","Data":[109,0,112,0,115,0,115,0,118,0,99,0,47,0,52,0,0,0],"Index":1091,"Category":"(0)","CategoryNumber":0,"EventID":7036,"EntryType":4,"Message":"The mpssvc service entered the running state.","Source":"Service Control Manager","ReplacementStrings":["mpssvc","running"],"InstanceId":1073748860,"TimeGenerated":"\/Date(1580508964000)\/","TimeWritten":"\/Date(1580508964000)\/","UserName":null,"Site":null,"Container":null},{"MachineName":"WIN-2DKE1ERCQC6","Data":[66,0,70,0,69,0,47,0,52,0,0,0],"Index":1090,"Category":"(0)","CategoryNumber":0,"EventID":7036,"EntryType":4,"Message":"The BFE service entered the running state.","Source":"Service Control Manager","ReplacementStrings":["BFE","running"],"InstanceId":1073748860,"TimeGenerated":"\/Date(1580508963000)\/","TimeWritten":"\/Date(1580508963000)\/","UserName":null,"Site":null,"Container":null},{"MachineName":"WIN-2DKE1ERCQC6","Data":[83,0,101,0,115,0,115,0,105,0,111,0,110,0,69,0,110,0,118,0,47,0,52,0,0,0],"Index":1089,"Category":"(0)","CategoryNumber":0,"EventID":7036,"EntryType":4,"Message":"The SessionEnv service entered the running state.","Source":"Service Control Manager","ReplacementStrings":["SessionEnv","running"],"InstanceId":1073748860,"TimeGenerated":"\/Date(1580508963000)\/","TimeWritten":"\/Date(1580508963000)\/","UserName":null,"Site":null,"Container":null},{"MachineName":"WIN-2DKE1ERCQC6","Data":[87,0,99,0,109,0,115,0,118,0,99,0,47,0,52,0,0,0],"Index":1088,"Category":"(0)","CategoryNumber":0,"EventID":7036,"EntryType":4,"Message":"The Wcmsvc service entered the running state.","Source":"Service Control Manager","ReplacementStrings":["Wcmsvc","running"],"InstanceId":1073748860,"TimeGenerated":"\/Date(1580508963000)\/","TimeWritten":"\/Date(1580508963000)\/","UserName":null,"Site":null,"Container":null},{"MachineName":"WIN-2DKE1ERCQC6","Data":[83,0,104,0,101,0,108,0,108,0,72,0,87,0,68,0,101,0,116,0,101,0,99,0,116,0,105,0,111,0,110,0,47,0,52,0,0,0],"Index":1087,"Category":"(0)","CategoryNumber":0,"EventID":7036,"EntryType":4,"Message":"The ShellHWDetection service entered the running state.","Source":"Service Control Manager","ReplacementStrings":["ShellHWDetection","running"],"InstanceId":1073748860,"TimeGenerated":"\/Date(1580508963000)\/","TimeWritten":"\/Date(1580508963000)\/","UserName":null,"Site":null,"Container":null},{"MachineName":"WIN-2DKE1ERCQC6","Data":[87,0,105,0,110,0,72,0,116,0,116,0,112,0,65,0,117,0,116,0,111,0,80,0,114,0,111,0,120,0,121,0,83,0,118,0,99,0,47,0,52,0,0,0],"Index":1086,"Category":"(0)","CategoryNumber":0,"EventID":7036,"EntryType":4,"Message":"The WinHttpAutoProxySvc service entered the running state.","Source":"Service Control Manager","ReplacementStrings":["WinHttpAutoProxySvc","running"],"InstanceId":1073748860,"TimeGenerated":"\/Date(1580508963000)\/","TimeWritten":"\/Date(1580508963000)\/","UserName":null,"Site":null,"Container":null},{"MachineName":"WIN-2DKE1ERCQC6","Data":[85,0,115,0,101,0,114,0,77,0,97,0,110,0,97,0,103,0,101,0,114,0,47,0,52,0,0,0],"Index":1085,"Category":"(0)","CategoryNumber":0,"EventID":7036,"EntryType":4,"Message":"The UserManager service entered the running state.","Source":"Service Control Manager","ReplacementStrings":["UserManager","running"],"InstanceId":1073748860,"TimeGenerated":"\/Date(1580508963000)\/","TimeWritten":"\/Date(1580508963000)\/","UserName":null,"Site":null,"Container":null},{"MachineName":"WIN-2DKE1ERCQC6","Data":[68,0,110,0,115,0,99,0,97,0,99,0,104,0,101,0,47,0,52,0,0,0],"Index":1084,"Category":"(0)","CategoryNumber":0,"EventID":7036,"EntryType":4,"Message":"The Dnscache service entered the running state.","Source":"Service Control Manager","ReplacementStrings":["Dnscache","running"],"InstanceId":1073748860,"TimeGenerated":"\/Date(1580508963000)\/","TimeWritten":"\/Date(1580508963000)\/","UserName":null,"Site":null,"Container":null},{"MachineName":"WIN-2DKE1ERCQC6","Data":[70,0,111,0,110,0,116,0,67,0,97,0,99,0,104,0,101,0,47,0,52,0,0,0],"Index":1083,"Category":"(0)","CategoryNumber":0,"EventID":7036,"EntryType":4,"Message":"The FontCache service entered the running state.","Source":"Service Control Manager","ReplacementStrings":["FontCache","running"],"InstanceId":1073748860,"TimeGenerated":"\/Date(1580508963000)\/","TimeWritten":"\/Date(1580508963000)\/","UserName":null,"Site":null,"Container":null},{"MachineName":"WIN-2DKE1ERCQC6","Data":[76,0,97,0,110,0,109,0,97,0,110,0,87,0,111,0,114,0,107,0,115,0,116,0,97,0,116,0,105,0,111,0,110,0,47,0,52,0,0,0],"Index":1082,"Category":"(0)","CategoryNumber":0,"EventID":7036,"EntryType":4,"Message":"The LanmanWorkstation service entered the running state.","Source":"Service Control Manager","ReplacementStrings":["LanmanWorkstation","running"],"InstanceId":1073748860,"TimeGenerated":"\/Date(1580508963000)\/","TimeWritten":"\/Date(1580508963000)\/","UserName":null,"Site":null,"Container":null},{"MachineName":"WIN-2DKE1ERCQC6","Data":[78,0,99,0,98,0,83,0,101,0,114,0,118,0,105,0,99,0,101,0,47,0,52,0,0,0],"Index":1081,"Category":"(0)","CategoryNumber":0,"EventID":7036,"EntryType":4,"Message":"The NcbService service entered the running state.","Source":"Service Control Manager","ReplacementStrings":["NcbService","running"],"InstanceId":1073748860,"TimeGenerated":"\/Date(1580508963000)\/","TimeWritten":"\/Date(1580508963000)\/","UserName":null,"Site":null,"Container":null},{"MachineName":"WIN-2DKE1ERCQC6","Data":[68,0,115,0,109,0,83,0,118,0,99,0,47,0,52,0,0,0],"Index":1080,"Category":"(0)","CategoryNumber":0,"EventID":7036,"EntryType":4,"Message":"The DsmSvc service entered the running state.","Source":"Service Control Manager","ReplacementStrings":["DsmSvc","running"],"InstanceId":1073748860,"TimeGenerated":"\/Date(1580508963000)\/","TimeWritten":"\/Date(1580508963000)\/","UserName":null,"Site":null,"Container":null},{"MachineName":"WIN-2DKE1ERCQC6","Data":[67,0,101,0,114,0,116,0,80,0,114,0,111,0,112,0,83,0,118,0,99,0,47,0,52,0,0,0],"Index":1079,"Category":"(0)","CategoryNumber":0,"EventID":7036,"EntryType":4,"Message":"The CertPropSvc service entered the running state.","Source":"Service Control Manager","ReplacementStrings":["CertPropSvc","running"],"InstanceId":1073748860,"TimeGenerated":"\/Date(1580508963000)\/","TimeWritten":"\/Date(1580508963000)\/","UserName":null,"Site":null,"Container":null},{"MachineName":"WIN-2DKE1ERCQC6","Data":[110,0,101,0,116,0,112,0,114,0,111,0,102,0,109,0,47,0,52,0,0,0],"Index":1078,"Category":"(0)","CategoryNumber":0,"EventID":7036,"EntryType":4,"Message":"The netprofm service entered the running state.","Source":"Service Control Manager","ReplacementStrings":["netprofm","running"],"InstanceId":1073748860,"TimeGenerated":"\/Date(1580508963000)\/","TimeWritten":"\/Date(1580508963000)\/","UserName":null,"Site":null,"Container":null},{"MachineName":"WIN-2DKE1ERCQC6","Data":[83,0,99,0,104,0,101,0,100,0,117,0,108,0,101,0,47,0,52,0,0,0],"Index":1077,"Category":"(0)","CategoryNumber":0,"EventID":7036,"EntryType":4,"Message":"The Schedule service entered the running state.","Source":"Service Control Manager","ReplacementStrings":["Schedule","running"],"InstanceId":1073748860,"TimeGenerated":"\/Date(1580508963000)\/","TimeWritten":"\/Date(1580508963000)\/","UserName":null,"Site":null,"Container":null},{"MachineName":"WIN-2DKE1ERCQC6","Data":[78,0,108,0,97,0,83,0,118,0,99,0,47,0,52,0,0,0],"Index":1076,"Category":"(0)","CategoryNumber":0,"EventID":7036,"EntryType":4,"Message":"The NlaSvc service entered the running state.","Source":"Service Control Manager","ReplacementStrings":["NlaSvc","running"],"InstanceId":1073748860,"TimeGenerated":"\/Date(1580508963000)\/","TimeWritten":"\/Date(1580508963000)\/","UserName":null,"Site":null,"Container":null},{"MachineName":"WIN-2DKE1ERCQC6","Data":[83,0,69,0,78,0,83,0,47,0,52,0,0,0],"Index":1075,"Category":"(0)","CategoryNumber":0,"EventID":7036,"EntryType":4,"Message":"The SENS service entered the running state.","Source":"Service Control Manager","ReplacementStrings":["SENS","running"],"InstanceId":1073748860,"TimeGenerated":"\/Date(1580508963000)\/","TimeWritten":"\/Date(1580508963000)\/","UserName":null,"Site":null,"Container":null},{"MachineName":"WIN-2DKE1ERCQC6","Data":[85,0,109,0,82,0,100,0,112,0,83,0,101,0,114,0,118,0,105,0,99,0,101,0,47,0,52,0,0,0],"Index":1074,"Category":"(0)","CategoryNumber":0,"EventID":7036,"EntryType":4,"Message":"The UmRdpService service entered the running state.","Source":"Service Control Manager","ReplacementStrings":["UmRdpService","running"],"InstanceId":1073748860,"TimeGenerated":"\/Date(1580508963000)\/","TimeWritten":"\/Date(1580508963000)\/","UserName":null,"Site":null,"Container":null},{"MachineName":"WIN-2DKE1ERCQC6","Data":[108,0,109,0,104,0,111,0,115,0,116,0,115,0,47,0,52,0,0,0],"Index":1073,"Category":"(0)","CategoryNumber":0,"EventID":7036,"EntryType":4,"Message":"The lmhosts service entered the running state.","Source":"Service Control Manager","ReplacementStrings":["lmhosts","running"],"InstanceId":1073748860,"TimeGenerated":"\/Date(1580508963000)\/","TimeWritten":"\/Date(1580508963000)\/","UserName":null,"Site":null,"Container":null},{"MachineName":"WIN-2DKE1ERCQC6","Data":[84,0,114,0,117,0,115,0,116,0,101,0,100,0,73,0,110,0,115,0,116,0,97,0,108,0,108,0,101,0,114,0,47,0,52,0,0,0],"Index":1072,"Category":"(0)","CategoryNumber":0,"EventID":7036,"EntryType":4,"Message":"The TrustedInstaller service entered the running state.","Source":"Service Control Manager","ReplacementStrings":["TrustedInstaller","running"],"InstanceId":1073748860,"TimeGenerated":"\/Date(1580508963000)\/","TimeWritten":"\/Date(1580508963000)\/","UserName":null,"Site":null,"Container":null},{"MachineName":"WIN-2DKE1ERCQC6","Data":[69,0,118,0,101,0,110,0,116,0,83,0,121,0,115,0,116,0,101,0,109,0,47,0,52,0,0,0],"Index":1071,"Category":"(0)","CategoryNumber":0,"EventID":7036,"EntryType":4,"Message":"The EventSystem service entered the running state.","Source":"Service Control Manager","ReplacementStrings":["EventSystem","running"],"InstanceId":1073748860,"TimeGenerated":"\/Date(1580508963000)\/","TimeWritten":"\/Date(1580508963000)\/","UserName":null,"Site":null,"Container":null},{"MachineName":"WIN-2DKE1ERCQC6","Data":[80,0,114,0,111,0,102,0,83,0,118,0,99,0,47,0,52,0,0,0],"Index":1070,"Category":"(0)","CategoryNumber":0,"EventID":7036,"EntryType":4,"Message":"The ProfSvc service entered the running state.","Source":"Service Control Manager","ReplacementStrings":["ProfSvc","running"],"InstanceId":1073748860,"TimeGenerated":"\/Date(1580508963000)\/","TimeWritten":"\/Date(1580508963000)\/","UserName":null,"Site":null,"Container":null},{"MachineName":"WIN-2DKE1ERCQC6","Data":[68,0,104,0,99,0,112,0,47,0,52,0,0,0],"Index":1069,"Category":"(0)","CategoryNumber":0,"EventID":7036,"EntryType":4,"Message":"The Dhcp service entered the running state.","Source":"Service Control Manager","ReplacementStrings":["Dhcp","running"],"InstanceId":1073748860,"TimeGenerated":"\/Date(1580508963000)\/","TimeWritten":"\/Date(1580508963000)\/","UserName":null,"Site":null,"Container":null},{"MachineName":"WIN-2DKE1ERCQC6","Data":[84,0,104,0,101,0,109,0,101,0,115,0,47,0,52,0,0,0],"Index":1067,"Category":"(0)","CategoryNumber":0,"EventID":7036,"EntryType":4,"Message":"The Themes service entered the running state.","Source":"Service Control Manager","ReplacementStrings":["Themes","running"],"InstanceId":1073748860,"TimeGenerated":"\/Date(1580508963000)\/","TimeWritten":"\/Date(1580508963000)\/","UserName":null,"Site":null,"Container":null},{"MachineName":"WIN-2DKE1ERCQC6","Data":[103,0,112,0,115,0,118,0,99,0,47,0,52,0,0,0],"Index":1066,"Category":"(0)","CategoryNumber":0,"EventID":7036,"EntryType":4,"Message":"The gpsvc service entered the running state.","Source":"Service Control Manager","ReplacementStrings":["gpsvc","running"],"InstanceId":1073748860,"TimeGenerated":"\/Date(1580508963000)\/","TimeWritten":"\/Date(1580508963000)\/","UserName":null,"Site":null,"Container":null},{"MachineName":"WIN-2DKE1ERCQC6","Data":[67,0,111,0,114,0,101,0,77,0,101,0,115,0,115,0,97,0,103,0,105,0,110,0,103,0,82,0,101,0,103,0,105,0,115,0,116,0,114,0,97,0,114,0,47,0,52,0,0,0],"Index":1064,"Category":"(0)","CategoryNumber":0,"EventID":7036,"EntryType":4,"Message":"The CoreMessagingRegistrar service entered the running state.","Source":"Service Control Manager","ReplacementStrings":["CoreMessagingRegistrar","running"],"InstanceId":1073748860,"TimeGenerated":"\/Date(1580508963000)\/","TimeWritten":"\/Date(1580508963000)\/","UserName":null,"Site":null,"Container":null},{"MachineName":"WIN-2DKE1ERCQC6","Data":[87,0,80,0,68,0,66,0,117,0,115,0,69,0,110,0,117,0,109,0,47,0,52,0,0,0],"Index":1061,"Category":"(0)","CategoryNumber":0,"EventID":7036,"EntryType":4,"Message":"The WPDBusEnum service entered the running state.","Source":"Service Control Manager","ReplacementStrings":["WPDBusEnum","running"],"InstanceId":1073748860,"TimeGenerated":"\/Date(1580508963000)\/","TimeWritten":"\/Date(1580508963000)\/","UserName":null,"Site":null,"Container":null},{"MachineName":"WIN-2DKE1ERCQC6","Data":[110,0,115,0,105,0,47,0,52,0,0,0],"Index":1056,"Category":"(0)","CategoryNumber":0,"EventID":7036,"EntryType":4,"Message":"The nsi service entered the running state.","Source":"Service Control Manager","ReplacementStrings":["nsi","running"],"InstanceId":1073748860,"TimeGenerated":"\/Date(1580508963000)\/","TimeWritten":"\/Date(1580508963000)\/","UserName":null,"Site":null,"Container":null},{"MachineName":"WIN-2DKE1ERCQC6","Data":[69,0,118,0,101,0,110,0,116,0,76,0,111,0,103,0,47,0,52,0,0,0],"Index":1054,"Category":"(0)","CategoryNumber":0,"EventID":7036,"EntryType":4,"Message":"The EventLog service entered the running state.","Source":"Service Control Manager","ReplacementStrings":["EventLog","running"],"InstanceId":1073748860,"TimeGenerated":"\/Date(1580508963000)\/","TimeWritten":"\/Date(1580508963000)\/","UserName":null,"Site":null,"Container":null},{"MachineName":"WIN-2DKE1ERCQC6","Data":[84,0,105,0,109,0,101,0,66,0,114,0,111,0,107,0,101,0,114,0,83,0,118,0,99,0,47,0,52,0,0,0],"Index":1053,"Category":"(0)","CategoryNumber":0,"EventID":7036,"EntryType":4,"Message":"The TimeBrokerSvc service entered the running state.","Source":"Service Control Manager","ReplacementStrings":["TimeBrokerSvc","running"],"InstanceId":1073748860,"TimeGenerated":"\/Date(1580508963000)\/","TimeWritten":"\/Date(1580508963000)\/","UserName":null,"Site":null,"Container":null},{"MachineName":"WIN-2DKE1ERCQC6","Data":[84,0,101,0,114,0,109,0,83,0,101,0,114,0,118,0,105,0,99,0,101,0,47,0,52,0,0,0],"Index":1052,"Category":"(0)","CategoryNumber":0,"EventID":7036,"EntryType":4,"Message":"The TermService service entered the running state.","Source":"Service Control Manager","ReplacementStrings":["TermService","running"],"InstanceId":1073748860,"TimeGenerated":"\/Date(1580508963000)\/","TimeWritten":"\/Date(1580508963000)\/","UserName":null,"Site":null,"Container":null},{"MachineName":"WIN-2DKE1ERCQC6","Data":[83,0,121,0,115,0,116,0,101,0,109,0,69,0,118,0,101,0,110,0,116,0,115,0,66,0,114,0,111,0,107,0,101,0,114,0,47,0,52,0,0,0],"Index":1051,"Category":"(0)","CategoryNumber":0,"EventID":7036,"EntryType":4,"Message":"The SystemEventsBroker service entered the running state.","Source":"Service Control Manager","ReplacementStrings":["SystemEventsBroker","running"],"InstanceId":1073748860,"TimeGenerated":"\/Date(1580508963000)\/","TimeWritten":"\/Date(1580508963000)\/","UserName":null,"Site":null,"Container":null},{"MachineName":"WIN-2DKE1ERCQC6","Data":[76,0,83,0,77,0,47,0,52,0,0,0],"Index":1050,"Category":"(0)","CategoryNumber":0,"EventID":7036,"EntryType":4,"Message":"The LSM service entered the running state.","Source":"Service Control Manager","ReplacementStrings":["LSM","running"],"InstanceId":1073748860,"TimeGenerated":"\/Date(1580508963000)\/","TimeWritten":"\/Date(1580508963000)\/","UserName":null,"Site":null,"Container":null},{"MachineName":"WIN-2DKE1ERCQC6","Data":[66,0,114,0,111,0,107,0,101,0,114,0,73,0,110,0,102,0,114,0,97,0,115,0,116,0,114,0,117,0,99,0,116,0,117,0,114,0,101,0,47,0,52,0,0,0],"Index":1046,"Category":"(0)","CategoryNumber":0,"EventID":7036,"EntryType":4,"Message":"The BrokerInfrastructure service entered the running state.","Source":"Service Control Manager","ReplacementStrings":["BrokerInfrastructure","running"],"InstanceId":1073748860,"TimeGenerated":"\/Date(1580508960000)\/","TimeWritten":"\/Date(1580508960000)\/","UserName":null,"Site":null,"Container":null},{"MachineName":"WIN-2DKE1ERCQC6","Data":[82,0,112,0,99,0,83,0,115,0,47,0,52,0,0,0],"Index":1045,"Category":"(0)","CategoryNumber":0,"EventID":7036,"EntryType":4,"Message":"The RpcSs service entered the running state.","Source":"Service Control Manager","ReplacementStrings":["RpcSs","running"],"InstanceId":1073748860,"TimeGenerated":"\/Date(1580508960000)\/","TimeWritten":"\/Date(1580508960000)\/","UserName":null,"Site":null,"Container":null},{"MachineName":"WIN-2DKE1ERCQC6","Data":[68,0,99,0,111,0,109,0,76,0,97,0,117,0,110,0,99,0,104,0,47,0,52,0,0,0],"Index":1044,"Category":"(0)","CategoryNumber":0,"EventID":7036,"EntryType":4,"Message":"The DcomLaunch service entered the running state.","Source":"Service Control Manager","ReplacementStrings":["DcomLaunch","running"],"InstanceId":1073748860,"TimeGenerated":"\/Date(1580508960000)\/","TimeWritten":"\/Date(1580508960000)\/","UserName":null,"Site":null,"Container":null},{"MachineName":"WIN-2DKE1ERCQC6","Data":[82,0,112,0,99,0,69,0,112,0,116,0,77,0,97,0,112,0,112,0,101,0,114,0,47,0,52,0,0,0],"Index":1043,"Category":"(0)","CategoryNumber":0,"EventID":7036,"EntryType":4,"Message":"The RpcEptMapper service entered the running state.","Source":"Service Control Manager","ReplacementStrings":["RpcEptMapper","running"],"InstanceId":1073748860,"TimeGenerated":"\/Date(1580508960000)\/","TimeWritten":"\/Date(1580508960000)\/","UserName":null,"Site":null,"Container":null},{"MachineName":"WIN-2DKE1ERCQC6","Data":[80,0,111,0,119,0,101,0,114,0,47,0,52,0,0,0],"Index":1042,"Category":"(0)","CategoryNumber":0,"EventID":7036,"EntryType":4,"Message":"The Power service entered the running state.","Source":"Service Control Manager","ReplacementStrings":["Power","running"],"InstanceId":1073748860,"TimeGenerated":"\/Date(1580508960000)\/","TimeWritten":"\/Date(1580508960000)\/","UserName":null,"Site":null,"Container":null},{"MachineName":"WIN-2DKE1ERCQC6","Data":[80,0,108,0,117,0,103,0,80,0,108,0,97,0,121,0,47,0,52,0,0,0],"Index":1041,"Category":"(0)","CategoryNumber":0,"EventID":7036,"EntryType":4,"Message":"The PlugPlay service entered the running state.","Source":"Service Control Manager","ReplacementStrings":["PlugPlay","running"],"InstanceId":1073748860,"TimeGenerated":"\/Date(1580508960000)\/","TimeWritten":"\/Date(1580508960000)\/","UserName":null,"Site":null,"Container":null},{"MachineName":"WIN-2DKE1ERCQC6","Data":[87,0,105,0,110,0,68,0,101,0,102,0,101,0,110,0,100,0,47,0,49,0,0,0],"Index":996,"Category":"(0)","CategoryNumber":0,"EventID":7036,"EntryType":4,"Message":"The Windows Defender Antivirus Service service entered the stopped state.","Source":"Service Control Manager","ReplacementStrings":["Windows Defender Antivirus Service","stopped"],"InstanceId":1073748860,"TimeGenerated":"\/Date(1580508837000)\/","TimeWritten":"\/Date(1580508837000)\/","UserName":null,"Site":null,"Container":null},{"MachineName":"WIN-2DKE1ERCQC6","Data":[84,0,101,0,97,0,109,0,86,0,105,0,101,0,119,0,101,0,114,0,47,0,49,0,0,0],"Index":995,"Category":"(0)","CategoryNumber":0,"EventID":7036,"EntryType":4,"Message":"The TeamViewer service entered the stopped state.","Source":"Service Control Manager","ReplacementStrings":["TeamViewer","stopped"],"InstanceId":1073748860,"TimeGenerated":"\/Date(1580508837000)\/","TimeWritten":"\/Date(1580508837000)\/","UserName":null,"Site":null,"Container":null},{"MachineName":"WIN-2DKE1ERCQC6","Data":[87,0,105,0,110,0,82,0,77,0,47,0,49,0,0,0],"Index":994,"Category":"(0)","CategoryNumber":0,"EventID":7036,"EntryType":4,"Message":"The Windows Remote Management (WS-Management) service entered the stopped state.","Source":"Service Control Manager","ReplacementStrings":["Windows Remote Management (WS-Management)","stopped"],"InstanceId":1073748860,"TimeGenerated":"\/Date(1580508837000)\/","TimeWritten":"\/Date(1580508837000)\/","UserName":null,"Site":null,"Container":null},{"MachineName":"WIN-2DKE1ERCQC6","Data":[68,0,104,0,99,0,112,0,47,0,49,0,0,0],"Index":993,"Category":"(0)","CategoryNumber":0,"EventID":7036,"EntryType":4,"Message":"The DHCP Client service entered the stopped state.","Source":"Service Control Manager","ReplacementStrings":["DHCP Client","stopped"],"InstanceId":1073748860,"TimeGenerated":"\/Date(1580508837000)\/","TimeWritten":"\/Date(1580508837000)\/","UserName":null,"Site":null,"Container":null},{"MachineName":"WIN-2DKE1ERCQC6","Data":[78,0,102,0,115,0,83,0,101,0,114,0,118,0,105,0,99,0,101,0,47,0,49,0,0,0],"Index":992,"Category":"(0)","CategoryNumber":0,"EventID":7036,"EntryType":4,"Message":"The Server for NFS service entered the stopped state.","Source":"Service Control Manager","ReplacementStrings":["Server for NFS","stopped"],"InstanceId":1073748860,"TimeGenerated":"\/Date(1580508837000)\/","TimeWritten":"\/Date(1580508837000)\/","UserName":null,"Site":null,"Container":null},{"MachineName":"WIN-2DKE1ERCQC6","Data":[84,0,101,0,114,0,109,0,83,0,101,0,114,0,118,0,105,0,99,0,101,0,47,0,49,0,0,0],"Index":988,"Category":"(0)","CategoryNumber":0,"EventID":7036,"EntryType":4,"Message":"The Remote Desktop Services service entered the stopped state.","Source":"Service Control Manager","ReplacementStrings":["Remote Desktop Services","stopped"],"InstanceId":1073748860,"TimeGenerated":"\/Date(1580508837000)\/","TimeWritten":"\/Date(1580508837000)\/","UserName":null,"Site":null,"Container":null},{"MachineName":"WIN-2DKE1ERCQC6","Data":[69,0,118,0,101,0,110,0,116,0,76,0,111,0,103,0,47,0,49,0,0,0],"Index":987,"Category":"(0)","CategoryNumber":0,"EventID":7036,"EntryType":4,"Message":"The Windows Event Log service entered the stopped state.","Source":"Service Control Manager","ReplacementStrings":["Windows Event Log","stopped"],"InstanceId":1073748860,"TimeGenerated":"\/Date(1580508837000)\/","TimeWritten":"\/Date(1580508837000)\/","UserName":null,"Site":null,"Container":null},{"MachineName":"WIN-2DKE1ERCQC6","Data":[83,0,99,0,104,0,101,0,100,0,117,0,108,0,101,0,47,0,49,0,0,0],"Index":986,"Category":"(0)","CategoryNumber":0,"EventID":7036,"EntryType":4,"Message":"The Task Scheduler service entered the stopped state.","Source":"Service Control Manager","ReplacementStrings":["Task Scheduler","stopped"],"InstanceId":1073748860,"TimeGenerated":"\/Date(1580508837000)\/","TimeWritten":"\/Date(1580508837000)\/","UserName":null,"Site":null,"Container":null},{"MachineName":"WIN-2DKE1ERCQC6","Data":[68,0,115,0,109,0,83,0,118,0,99,0,47,0,49,0,0,0],"Index":985,"Category":"(0)","CategoryNumber":0,"EventID":7036,"EntryType":4,"Message":"The Device Setup Manager service entered the stopped state.","Source":"Service Control Manager","ReplacementStrings":["Device Setup Manager","stopped"],"InstanceId":1073748860,"TimeGenerated":"\/Date(1580508837000)\/","TimeWritten":"\/Date(1580508837000)\/","UserName":null,"Site":null,"Container":null},{"MachineName":"WIN-2DKE1ERCQC6","Data":[115,0,112,0,112,0,115,0,118,0,99,0,47,0,49,0,0,0],"Index":981,"Category":"(0)","CategoryNumber":0,"EventID":7036,"EntryType":4,"Message":"The Software Protection service entered the stopped state.","Source":"Service Control Manager","ReplacementStrings":["Software Protection","stopped"],"InstanceId":1073748860,"TimeGenerated":"\/Date(1580508837000)\/","TimeWritten":"\/Date(1580508837000)\/","UserName":null,"Site":null,"Container":null},{"MachineName":"WIN-2DKE1ERCQC6","Data":[70,0,111,0,110,0,116,0,67,0,97,0,99,0,104,0,101,0,47,0,49,0,0,0],"Index":980,"Category":"(0)","CategoryNumber":0,"EventID":7036,"EntryType":4,"Message":"The Windows Font Cache Service service entered the stopped state.","Source":"Service Control Manager","ReplacementStrings":["Windows Font Cache Service","stopped"],"InstanceId":1073748860,"TimeGenerated":"\/Date(1580508837000)\/","TimeWritten":"\/Date(1580508837000)\/","UserName":null,"Site":null,"Container":null},{"MachineName":"WIN-2DKE1ERCQC6","Data":[67,0,114,0,121,0,112,0,116,0,83,0,118,0,99,0,47,0,49,0,0,0],"Index":979,"Category":"(0)","CategoryNumber":0,"EventID":7036,"EntryType":4,"Message":"The Cryptographic Services service entered the stopped state.","Source":"Service Control Manager","ReplacementStrings":["Cryptographic Services","stopped"],"InstanceId":1073748860,"TimeGenerated":"\/Date(1580508837000)\/","TimeWritten":"\/Date(1580508837000)\/","UserName":null,"Site":null,"Container":null},{"MachineName":"WIN-2DKE1ERCQC6","Data":[87,0,99,0,109,0,115,0,118,0,99,0,47,0,49,0,0,0],"Index":978,"Category":"(0)","CategoryNumber":0,"EventID":7036,"EntryType":4,"Message":"The Windows Connection Manager service entered the stopped state.","Source":"Service Control Manager","ReplacementStrings":["Windows Connection Manager","stopped"],"InstanceId":1073748860,"TimeGenerated":"\/Date(1580508837000)\/","TimeWritten":"\/Date(1580508837000)\/","UserName":null,"Site":null,"Container":null},{"MachineName":"WIN-2DKE1ERCQC6","Data":[83,0,121,0,115,0,77,0,97,0,105,0,110,0,47,0,49,0,0,0],"Index":977,"Category":"(0)","CategoryNumber":0,"EventID":7036,"EntryType":4,"Message":"The SysMain service entered the stopped state.","Source":"Service Control Manager","ReplacementStrings":["SysMain","stopped"],"InstanceId":1073748860,"TimeGenerated":"\/Date(1580508837000)\/","TimeWritten":"\/Date(1580508837000)\/","UserName":null,"Site":null,"Container":null},{"MachineName":"WIN-2DKE1ERCQC6","Data":[87,0,105,0,110,0,109,0,103,0,109,0,116,0,47,0,49,0,0,0],"Index":976,"Category":"(0)","CategoryNumber":0,"EventID":7036,"EntryType":4,"Message":"The Windows Management Instrumentation service entered the stopped state.","Source":"Service Control Manager","ReplacementStrings":["Windows Management Instrumentation","stopped"],"InstanceId":1073748860,"TimeGenerated":"\/Date(1580508837000)\/","TimeWritten":"\/Date(1580508837000)\/","UserName":null,"Site":null,"Container":null},{"MachineName":"WIN-2DKE1ERCQC6","Data":[80,0,114,0,111,0,102,0,83,0,118,0,99,0,47,0,49,0,0,0],"Index":975,"Category":"(0)","CategoryNumber":0,"EventID":7036,"EntryType":4,"Message":"The User Profile Service service entered the stopped state.","Source":"Service Control Manager","ReplacementStrings":["User Profile Service","stopped"],"InstanceId":1073748860,"TimeGenerated":"\/Date(1580508837000)\/","TimeWritten":"\/Date(1580508837000)\/","UserName":null,"Site":null,"Container":null},{"MachineName":"WIN-2DKE1ERCQC6","Data":[87,0,105,0,110,0,72,0,116,0,116,0,112,0,65,0,117,0,116,0,111,0,80,0,114,0,111,0,120,0,121,0,83,0,118,0,99,0,47,0,49,0,0,0],"Index":974,"Category":"(0)","CategoryNumber":0,"EventID":7036,"EntryType":4,"Message":"The WinHTTP Web Proxy Auto-Discovery Service service entered the stopped state.","Source":"Service Control Manager","ReplacementStrings":["WinHTTP Web Proxy Auto-Discovery Service","stopped"],"InstanceId":1073748860,"TimeGenerated":"\/Date(1580508837000)\/","TimeWritten":"\/Date(1580508837000)\/","UserName":null,"Site":null,"Container":null},{"MachineName":"WIN-2DKE1ERCQC6","Data":[84,0,114,0,107,0,87,0,107,0,115,0,47,0,49,0,0,0],"Index":973,"Category":"(0)","CategoryNumber":0,"EventID":7036,"EntryType":4,"Message":"The Distributed Link Tracking Client service entered the stopped state.","Source":"Service Control Manager","ReplacementStrings":["Distributed Link Tracking Client","stopped"],"InstanceId":1073748860,"TimeGenerated":"\/Date(1580508837000)\/","TimeWritten":"\/Date(1580508837000)\/","UserName":null,"Site":null,"Container":null},{"MachineName":"WIN-2DKE1ERCQC6","Data":[67,0,101,0,114,0,116,0,80,0,114,0,111,0,112,0,83,0,118,0,99,0,47,0,49,0,0,0],"Index":972,"Category":"(0)","CategoryNumber":0,"EventID":7036,"EntryType":4,"Message":"The Certificate Propagation service entered the stopped state.","Source":"Service Control Manager","ReplacementStrings":["Certificate Propagation","stopped"],"InstanceId":1073748860,"TimeGenerated":"\/Date(1580508837000)\/","TimeWritten":"\/Date(1580508837000)\/","UserName":null,"Site":null,"Container":null},{"MachineName":"WIN-2DKE1ERCQC6","Data":[80,0,108,0,117,0,103,0,80,0,108,0,97,0,121,0,47,0,49,0,0,0],"Index":971,"Category":"(0)","CategoryNumber":0,"EventID":7036,"EntryType":4,"Message":"The Plug and Play service entered the stopped state.","Source":"Service Control Manager","ReplacementStrings":["Plug and Play","stopped"],"InstanceId":1073748860,"TimeGenerated":"\/Date(1580508837000)\/","TimeWritten":"\/Date(1580508837000)\/","UserName":null,"Site":null,"Container":null},{"MachineName":"WIN-2DKE1ERCQC6","Data":[87,0,51,0,50,0,84,0,105,0,109,0,101,0,47,0,49,0,0,0],"Index":968,"Category":"(0)","CategoryNumber":0,"EventID":7036,"EntryType":4,"Message":"The Windows Time service entered the stopped state.","Source":"Service Control Manager","ReplacementStrings":["Windows Time","stopped"],"InstanceId":1073748860,"TimeGenerated":"\/Date(1580508837000)\/","TimeWritten":"\/Date(1580508837000)\/","UserName":null,"Site":null,"Container":null},{"MachineName":"WIN-2DKE1ERCQC6","Data":[85,0,109,0,82,0,100,0,112,0,83,0,101,0,114,0,118,0,105,0,99,0,101,0,47,0,49,0,0,0],"Index":966,"Category":"(0)","CategoryNumber":0,"EventID":7036,"EntryType":4,"Message":"The Remote Desktop Services UserMode Port Redirector service entered the stopped state.","Source":"Service Control Manager","ReplacementStrings":["Remote Desktop Services UserMode Port Redirector","stopped"],"InstanceId":1073748860,"TimeGenerated":"\/Date(1580508837000)\/","TimeWritten":"\/Date(1580508837000)\/","UserName":null,"Site":null,"Container":null},{"MachineName":"WIN-2DKE1ERCQC6","Data":[68,0,105,0,97,0,103,0,84,0,114,0,97,0,99,0,107,0,47,0,49,0,0,0],"Index":963,"Category":"(0)","CategoryNumber":0,"EventID":7036,"EntryType":4,"Message":"The Connected User Experiences and Telemetry service entered the stopped state.","Source":"Service Control Manager","ReplacementStrings":["Connected User Experiences and Telemetry","stopped"],"InstanceId":1073748860,"TimeGenerated":"\/Date(1580508837000)\/","TimeWritten":"\/Date(1580508837000)\/","UserName":null,"Site":null,"Container":null},{"MachineName":"WIN-2DKE1ERCQC6","Data":[84,0,114,0,117,0,115,0,116,0,101,0,100,0,73,0,110,0,115,0,116,0,97,0,108,0,108,0,101,0,114,0,47,0,49,0,0,0],"Index":962,"Category":"(0)","CategoryNumber":0,"EventID":7036,"EntryType":4,"Message":"The Windows Modules Installer service entered the stopped state.","Source":"Service Control Manager","ReplacementStrings":["Windows Modules Installer","stopped"],"InstanceId":1073748860,"TimeGenerated":"\/Date(1580508837000)\/","TimeWritten":"\/Date(1580508837000)\/","UserName":null,"Site":null,"Container":null},{"MachineName":"WIN-2DKE1ERCQC6","Data":[103,0,112,0,115,0,118,0,99,0,47,0,49,0,0,0],"Index":961,"Category":"(0)","CategoryNumber":0,"EventID":7036,"EntryType":4,"Message":"The Group Policy Client service entered the stopped state.","Source":"Service Control Manager","ReplacementStrings":["Group Policy Client","stopped"],"InstanceId":1073748860,"TimeGenerated":"\/Date(1580508837000)\/","TimeWritten":"\/Date(1580508837000)\/","UserName":null,"Site":null,"Container":null},{"MachineName":"WIN-2DKE1ERCQC6","Data":[118,0,109,0,109,0,115,0,47,0,49,0,0,0],"Index":960,"Category":"(0)","CategoryNumber":0,"EventID":7036,"EntryType":4,"Message":"The Hyper-V Virtual Machine Management service entered the stopped state.","Source":"Service Control Manager","ReplacementStrings":["Hyper-V Virtual Machine Management","stopped"],"InstanceId":1073748860,"TimeGenerated":"\/Date(1580508837000)\/","TimeWritten":"\/Date(1580508837000)\/","UserName":null,"Site":null,"Container":null},{"MachineName":"WIN-2DKE1ERCQC6","Data":[118,0,109,0,99,0,111,0,109,0,112,0,117,0,116,0,101,0,47,0,52,0,0,0],"Index":958,"Category":"(0)","CategoryNumber":0,"EventID":7036,"EntryType":4,"Message":"The Hyper-V Host Compute Service service entered the running state.","Source":"Service Control Manager","ReplacementStrings":["Hyper-V Host Compute Service","running"],"InstanceId":1073748860,"TimeGenerated":"\/Date(1580508836000)\/","TimeWritten":"\/Date(1580508836000)\/","UserName":null,"Site":null,"Container":null},{"MachineName":"WIN-2DKE1ERCQC6","Data":[78,0,101,0,116,0,83,0,101,0,116,0,117,0,112,0,83,0,118,0,99,0,47,0,52,0,0,0],"Index":957,"Category":"(0)","CategoryNumber":0,"EventID":7036,"EntryType":4,"Message":"The Network Setup Service service entered the running state.","Source":"Service Control Manager","ReplacementStrings":["Network Setup Service","running"],"InstanceId":1073748860,"TimeGenerated":"\/Date(1580508833000)\/","TimeWritten":"\/Date(1580508833000)\/","UserName":null,"Site":null,"Container":null},{"MachineName":"WIN-2DKE1ERCQC6","Data":[87,0,100,0,78,0,105,0,115,0,83,0,118,0,99,0,47,0,52,0,0,0],"Index":956,"Category":"(0)","CategoryNumber":0,"EventID":7036,"EntryType":4,"Message":"The Windows Defender Antivirus Network Inspection Service service entered the running state.","Source":"Service Control Manager","ReplacementStrings":["Windows Defender Antivirus Network Inspection Service","running"],"InstanceId":1073748860,"TimeGenerated":"\/Date(1580508830000)\/","TimeWritten":"\/Date(1580508830000)\/","UserName":null,"Site":null,"Container":null},{"MachineName":"WIN-2DKE1ERCQC6","Data":[115,0,112,0,112,0,115,0,118,0,99,0,47,0,52,0,0,0],"Index":954,"Category":"(0)","CategoryNumber":0,"EventID":7036,"EntryType":4,"Message":"The Software Protection service entered the running state.","Source":"Service Control Manager","ReplacementStrings":["Software Protection","running"],"InstanceId":1073748860,"TimeGenerated":"\/Date(1580508829000)\/","TimeWritten":"\/Date(1580508829000)\/","UserName":null,"Site":null,"Container":null},