{"MachineName":"SERWER01","Data":[87,0,105,0,110,0,68,0,101,0,102,0,101,0,110,0,100,0,47,0,49,0,0,0],"Index":1376,"Category":"(0)","CategoryNumber":0,"EventID":7036,"EntryType":4,"Message":"The Windows Defender Antivirus Service service entered the stopped state.","Source":"Service Control Manager","ReplacementStrings":["Windows Defender Antivirus Service","stopped"],"InstanceId":1073748860,"TimeGenerated":"\/Date(1580562099000)\/","TimeWritten":"\/Date(1580562099000)\/","UserName":null,"Site":null,"Container":null},{"MachineName":"SERWER01","Data":[69,0,118,0,101,0,110,0,116,0,76,0,111,0,103,0,47,0,49,0,0,0],"Index":1375,"Category":"(0)","CategoryNumber":0,"EventID":7036,"EntryType":4,"Message":"The Windows Event Log service entered the stopped state.","Source":"Service Control Manager","ReplacementStrings":["Windows Event Log","stopped"],"InstanceId":1073748860,"TimeGenerated":"\/Date(1580562099000)\/","TimeWritten":"\/Date(1580562099000)\/","UserName":null,"Site":null,"Container":null},{"MachineName":"SERWER01","Data":[68,0,80,0,83,0,47,0,49,0,0,0],"Index":1374,"Category":"(0)","CategoryNumber":0,"EventID":7036,"EntryType":4,"Message":"The Diagnostic Policy Service service entered the stopped state.","Source":"Service Control Manager","ReplacementStrings":["Diagnostic Policy Service","stopped"],"InstanceId":1073748860,"TimeGenerated":"\/Date(1580562099000)\/","TimeWritten":"\/Date(1580562099000)\/","UserName":null,"Site":null,"Container":null},{"MachineName":"SERWER01","Data":[84,0,101,0,97,0,109,0,86,0,105,0,101,0,119,0,101,0,114,0,47,0,49,0,0,0],"Index":1373,"Category":"(0)","CategoryNumber":0,"EventID":7036,"EntryType":4,"Message":"The TeamViewer service entered the stopped state.","Source":"Service Control Manager","ReplacementStrings":["TeamViewer","stopped"],"InstanceId":1073748860,"TimeGenerated":"\/Date(1580562099000)\/","TimeWritten":"\/Date(1580562099000)\/","UserName":null,"Site":null,"Container":null},{"MachineName":"WIN-2DKE1ERCQC6","Data":[87,0,105,0,110,0,82,0,77,0,47,0,49,0,0,0],"Index":1372,"Category":"(0)","CategoryNumber":0,"EventID":7036,"EntryType":4,"Message":"The Windows Remote Management (WS-Management) service entered the stopped state.","Source":"Service Control Manager","ReplacementStrings":["Windows Remote Management (WS-Management)","stopped"],"InstanceId":1073748860,"TimeGenerated":"\/Date(1580562099000)\/","TimeWritten":"\/Date(1580562099000)\/","UserName":null,"Site":null,"Container":null},{"MachineName":"WIN-2DKE1ERCQC6","Data":[78,0,102,0,115,0,83,0,101,0,114,0,118,0,105,0,99,0,101,0,47,0,49,0,0,0],"Index":1371,"Category":"(0)","CategoryNumber":0,"EventID":7036,"EntryType":4,"Message":"The Server for NFS service entered the stopped state.","Source":"Service Control Manager","ReplacementStrings":["Server for NFS","stopped"],"InstanceId":1073748860,"TimeGenerated":"\/Date(1580562099000)\/","TimeWritten":"\/Date(1580562099000)\/","UserName":null,"Site":null,"Container":null},{"MachineName":"WIN-2DKE1ERCQC6","Data":[84,0,101,0,114,0,109,0,83,0,101,0,114,0,118,0,105,0,99,0,101,0,47,0,49,0,0,0],"Index":1369,"Category":"(0)","CategoryNumber":0,"EventID":7036,"EntryType":4,"Message":"The Remote Desktop Services service entered the stopped state.","Source":"Service Control Manager","ReplacementStrings":["Remote Desktop Services","stopped"],"InstanceId":1073748860,"TimeGenerated":"\/Date(1580562099000)\/","TimeWritten":"\/Date(1580562099000)\/","UserName":null,"Site":null,"Container":null},{"MachineName":"WIN-2DKE1ERCQC6","Data":[83,0,116,0,97,0,116,0,101,0,82,0,101,0,112,0,111,0,115,0,105,0,116,0,111,0,114,0,121,0,47,0,49,0,0,0],"Index":1368,"Category":"(0)","CategoryNumber":0,"EventID":7036,"EntryType":4,"Message":"The State Repository Service service entered the stopped state.","Source":"Service Control Manager","ReplacementStrings":["State Repository Service","stopped"],"InstanceId":1073748860,"TimeGenerated":"\/Date(1580562099000)\/","TimeWritten":"\/Date(1580562099000)\/","UserName":null,"Site":null,"Container":null},{"MachineName":"WIN-2DKE1ERCQC6","Data":[87,0,99,0,109,0,115,0,118,0,99,0,47,0,49,0,0,0],"Index":1367,"Category":"(0)","CategoryNumber":0,"EventID":7036,"EntryType":4,"Message":"The Windows Connection Manager service entered the stopped state.","Source":"Service Control Manager","ReplacementStrings":["Windows Connection Manager","stopped"],"InstanceId":1073748860,"TimeGenerated":"\/Date(1580562099000)\/","TimeWritten":"\/Date(1580562099000)\/","UserName":null,"Site":null,"Container":null},{"MachineName":"WIN-2DKE1ERCQC6","Data":[77,0,83,0,68,0,84,0,67,0,47,0,49,0,0,0],"Index":1366,"Category":"(0)","CategoryNumber":0,"EventID":7036,"EntryType":4,"Message":"The Distributed Transaction Coordinator service entered the stopped state.","Source":"Service Control Manager","ReplacementStrings":["Distributed Transaction Coordinator","stopped"],"InstanceId":1073748860,"TimeGenerated":"\/Date(1580562099000)\/","TimeWritten":"\/Date(1580562099000)\/","UserName":null,"Site":null,"Container":null},{"MachineName":"WIN-2DKE1ERCQC6","Data":[65,0,112,0,112,0,88,0,83,0,118,0,99,0,47,0,49,0,0,0],"Index":1365,"Category":"(0)","CategoryNumber":0,"EventID":7036,"EntryType":4,"Message":"The AppX Deployment Service (AppXSVC) service entered the stopped state.","Source":"Service Control Manager","ReplacementStrings":["AppX Deployment Service (AppXSVC)","stopped"],"InstanceId":1073748860,"TimeGenerated":"\/Date(1580562099000)\/","TimeWritten":"\/Date(1580562099000)\/","UserName":null,"Site":null,"Container":null},{"MachineName":"WIN-2DKE1ERCQC6","Data":[70,0,111,0,110,0,116,0,67,0,97,0,99,0,104,0,101,0,47,0,49,0,0,0],"Index":1364,"Category":"(0)","CategoryNumber":0,"EventID":7036,"EntryType":4,"Message":"The Windows Font Cache Service service entered the stopped state.","Source":"Service Control Manager","ReplacementStrings":["Windows Font Cache Service","stopped"],"InstanceId":1073748860,"TimeGenerated":"\/Date(1580562099000)\/","TimeWritten":"\/Date(1580562099000)\/","UserName":null,"Site":null,"Container":null},{"MachineName":"WIN-2DKE1ERCQC6","Data":[68,0,104,0,99,0,112,0,47,0,49,0,0,0],"Index":1363,"Category":"(0)","CategoryNumber":0,"EventID":7036,"EntryType":4,"Message":"The DHCP Client service entered the stopped state.","Source":"Service Control Manager","ReplacementStrings":["DHCP Client","stopped"],"InstanceId":1073748860,"TimeGenerated":"\/Date(1580562099000)\/","TimeWritten":"\/Date(1580562099000)\/","UserName":null,"Site":null,"Container":null},{"MachineName":"WIN-2DKE1ERCQC6","Data":[81,0,87,0,65,0,86,0,69,0,47,0,49,0,0,0],"Index":1362,"Category":"(0)","CategoryNumber":0,"EventID":7036,"EntryType":4,"Message":"The Quality Windows Audio Video Experience service entered the stopped state.","Source":"Service Control Manager","ReplacementStrings":["Quality Windows Audio Video Experience","stopped"],"InstanceId":1073748860,"TimeGenerated":"\/Date(1580562099000)\/","TimeWritten":"\/Date(1580562099000)\/","UserName":null,"Site":null,"Container":null},{"MachineName":"WIN-2DKE1ERCQC6","Data":[87,0,105,0,110,0,72,0,116,0,116,0,112,0,65,0,117,0,116,0,111,0,80,0,114,0,111,0,120,0,121,0,83,0,118,0,99,0,47,0,49,0,0,0],"Index":1361,"Category":"(0)","CategoryNumber":0,"EventID":7036,"EntryType":4,"Message":"The WinHTTP Web Proxy Auto-Discovery Service service entered the stopped state.","Source":"Service Control Manager","ReplacementStrings":["WinHTTP Web Proxy Auto-Discovery Service","stopped"],"InstanceId":1073748860,"TimeGenerated":"\/Date(1580562099000)\/","TimeWritten":"\/Date(1580562099000)\/","UserName":null,"Site":null,"Container":null},{"MachineName":"WIN-2DKE1ERCQC6","Data":[83,0,121,0,115,0,77,0,97,0,105,0,110,0,47,0,49,0,0,0],"Index":1355,"Category":"(0)","CategoryNumber":0,"EventID":7036,"EntryType":4,"Message":"The SysMain service entered the stopped state.","Source":"Service Control Manager","ReplacementStrings":["SysMain","stopped"],"InstanceId":1073748860,"TimeGenerated":"\/Date(1580562099000)\/","TimeWritten":"\/Date(1580562099000)\/","UserName":null,"Site":null,"Container":null},{"MachineName":"WIN-2DKE1ERCQC6","Data":[80,0,99,0,97,0,83,0,118,0,99,0,47,0,49,0,0,0],"Index":1354,"Category":"(0)","CategoryNumber":0,"EventID":7036,"EntryType":4,"Message":"The Program Compatibility Assistant Service service entered the stopped state.","Source":"Service Control Manager","ReplacementStrings":["Program Compatibility Assistant Service","stopped"],"InstanceId":1073748860,"TimeGenerated":"\/Date(1580562099000)\/","TimeWritten":"\/Date(1580562099000)\/","UserName":null,"Site":null,"Container":null},{"MachineName":"WIN-2DKE1ERCQC6","Data":[84,0,114,0,107,0,87,0,107,0,115,0,47,0,49,0,0,0],"Index":1353,"Category":"(0)","CategoryNumber":0,"EventID":7036,"EntryType":4,"Message":"The Distributed Link Tracking Client service entered the stopped state.","Source":"Service Control Manager","ReplacementStrings":["Distributed Link Tracking Client","stopped"],"InstanceId":1073748860,"TimeGenerated":"\/Date(1580562099000)\/","TimeWritten":"\/Date(1580562099000)\/","UserName":null,"Site":null,"Container":null},{"MachineName":"WIN-2DKE1ERCQC6","Data":[80,0,114,0,111,0,102,0,83,0,118,0,99,0,47,0,49,0,0,0],"Index":1352,"Category":"(0)","CategoryNumber":0,"EventID":7036,"EntryType":4,"Message":"The User Profile Service service entered the stopped state.","Source":"Service Control Manager","ReplacementStrings":["User Profile Service","stopped"],"InstanceId":1073748860,"TimeGenerated":"\/Date(1580562099000)\/","TimeWritten":"\/Date(1580562099000)\/","UserName":null,"Site":null,"Container":null},{"MachineName":"WIN-2DKE1ERCQC6","Data":[87,0,105,0,110,0,109,0,103,0,109,0,116,0,47,0,49,0,0,0],"Index":1351,"Category":"(0)","CategoryNumber":0,"EventID":7036,"EntryType":4,"Message":"The Windows Management Instrumentation service entered the stopped state.","Source":"Service Control Manager","ReplacementStrings":["Windows Management Instrumentation","stopped"],"InstanceId":1073748860,"TimeGenerated":"\/Date(1580562099000)\/","TimeWritten":"\/Date(1580562099000)\/","UserName":null,"Site":null,"Container":null},{"MachineName":"WIN-2DKE1ERCQC6","Data":[80,0,108,0,117,0,103,0,80,0,108,0,97,0,121,0,47,0,49,0,0,0],"Index":1350,"Category":"(0)","CategoryNumber":0,"EventID":7036,"EntryType":4,"Message":"The Plug and Play service entered the stopped state.","Source":"Service Control Manager","ReplacementStrings":["Plug and Play","stopped"],"InstanceId":1073748860,"TimeGenerated":"\/Date(1580562099000)\/","TimeWritten":"\/Date(1580562099000)\/","UserName":null,"Site":null,"Container":null},{"MachineName":"WIN-2DKE1ERCQC6","Data":[67,0,101,0,114,0,116,0,80,0,114,0,111,0,112,0,83,0,118,0,99,0,47,0,49,0,0,0],"Index":1349,"Category":"(0)","CategoryNumber":0,"EventID":7036,"EntryType":4,"Message":"The Certificate Propagation service entered the stopped state.","Source":"Service Control Manager","ReplacementStrings":["Certificate Propagation","stopped"],"InstanceId":1073748860,"TimeGenerated":"\/Date(1580562099000)\/","TimeWritten":"\/Date(1580562099000)\/","UserName":null,"Site":null,"Container":null},{"MachineName":"WIN-2DKE1ERCQC6","Data":[85,0,109,0,82,0,100,0,112,0,83,0,101,0,114,0,118,0,105,0,99,0,101,0,47,0,49,0,0,0],"Index":1347,"Category":"(0)","CategoryNumber":0,"EventID":7036,"EntryType":4,"Message":"The Remote Desktop Services UserMode Port Redirector service entered the stopped state.","Source":"Service Control Manager","ReplacementStrings":["Remote Desktop Services UserMode Port Redirector","stopped"],"InstanceId":1073748860,"TimeGenerated":"\/Date(1580562099000)\/","TimeWritten":"\/Date(1580562099000)\/","UserName":null,"Site":null,"Container":null},{"MachineName":"WIN-2DKE1ERCQC6","Data":[87,0,51,0,50,0,84,0,105,0,109,0,101,0,47,0,49,0,0,0],"Index":1346,"Category":"(0)","CategoryNumber":0,"EventID":7036,"EntryType":4,"Message":"The Windows Time service entered the stopped state.","Source":"Service Control Manager","ReplacementStrings":["Windows Time","stopped"],"InstanceId":1073748860,"TimeGenerated":"\/Date(1580562099000)\/","TimeWritten":"\/Date(1580562099000)\/","UserName":null,"Site":null,"Container":null},{"MachineName":"WIN-2DKE1ERCQC6","Data":[72,0,118,0,72,0,111,0,115,0,116,0,47,0,49,0,0,0],"Index":1344,"Category":"(0)","CategoryNumber":0,"EventID":7036,"EntryType":4,"Message":"The HV Host Service service entered the stopped state.","Source":"Service Control Manager","ReplacementStrings":["HV Host Service","stopped"],"InstanceId":1073748860,"TimeGenerated":"\/Date(1580562099000)\/","TimeWritten":"\/Date(1580562099000)\/","UserName":null,"Site":null,"Container":null},{"MachineName":"WIN-2DKE1ERCQC6","Data":[68,0,105,0,97,0,103,0,84,0,114,0,97,0,99,0,107,0,47,0,49,0,0,0],"Index":1342,"Category":"(0)","CategoryNumber":0,"EventID":7036,"EntryType":4,"Message":"The Connected User Experiences and Telemetry service entered the stopped state.","Source":"Service Control Manager","ReplacementStrings":["Connected User Experiences and Telemetry","stopped"],"InstanceId":1073748860,"TimeGenerated":"\/Date(1580562099000)\/","TimeWritten":"\/Date(1580562099000)\/","UserName":null,"Site":null,"Container":null},{"MachineName":"WIN-2DKE1ERCQC6","Data":[85,0,65,0,76,0,83,0,86,0,67,0,47,0,49,0,0,0],"Index":1341,"Category":"(0)","CategoryNumber":0,"EventID":7036,"EntryType":4,"Message":"The User Access Logging Service service entered the stopped state.","Source":"Service Control Manager","ReplacementStrings":["User Access Logging Service","stopped"],"InstanceId":1073748860,"TimeGenerated":"\/Date(1580562099000)\/","TimeWritten":"\/Date(1580562099000)\/","UserName":null,"Site":null,"Container":null},{"MachineName":"WIN-2DKE1ERCQC6","Data":[83,0,101,0,99,0,117,0,114,0,105,0,116,0,121,0,72,0,101,0,97,0,108,0,116,0,104,0,83,0,101,0,114,0,118,0,105,0,99,0,101,0,47,0,49,0,0,0],"Index":1340,"Category":"(0)","CategoryNumber":0,"EventID":7036,"EntryType":4,"Message":"The Windows Security Service service entered the stopped state.","Source":"Service Control Manager","ReplacementStrings":["Windows Security Service","stopped"],"InstanceId":1073748860,"TimeGenerated":"\/Date(1580562099000)\/","TimeWritten":"\/Date(1580562099000)\/","UserName":null,"Site":null,"Container":null},{"MachineName":"WIN-2DKE1ERCQC6","Data":[84,0,114,0,117,0,115,0,116,0,101,0,100,0,73,0,110,0,115,0,116,0,97,0,108,0,108,0,101,0,114,0,47,0,49,0,0,0],"Index":1339,"Category":"(0)","CategoryNumber":0,"EventID":7036,"EntryType":4,"Message":"The Windows Modules Installer service entered the stopped state.","Source":"Service Control Manager","ReplacementStrings":["Windows Modules Installer","stopped"],"InstanceId":1073748860,"TimeGenerated":"\/Date(1580562099000)\/","TimeWritten":"\/Date(1580562099000)\/","UserName":null,"Site":null,"Container":null},{"MachineName":"WIN-2DKE1ERCQC6","Data":[103,0,112,0,115,0,118,0,99,0,47,0,49,0,0,0],"Index":1337,"Category":"(0)","CategoryNumber":0,"EventID":7036,"EntryType":4,"Message":"The Group Policy Client service entered the stopped state.","Source":"Service Control Manager","ReplacementStrings":["Group Policy Client","stopped"],"InstanceId":1073748860,"TimeGenerated":"\/Date(1580562046000)\/","TimeWritten":"\/Date(1580562046000)\/","UserName":null,"Site":null,"Container":null},{"MachineName":"WIN-2DKE1ERCQC6","Data":[85,0,115,0,111,0,83,0,118,0,99,0,47,0,49,0,0,0],"Index":1335,"Category":"(0)","CategoryNumber":0,"EventID":7036,"EntryType":4,"Message":"The Update Orchestrator Service service entered the stopped state.","Source":"Service Control Manager","ReplacementStrings":["Update Orchestrator Service","stopped"],"InstanceId":1073748860,"TimeGenerated":"\/Date(1580562046000)\/","TimeWritten":"\/Date(1580562046000)\/","UserName":null,"Site":null,"Container":null},{"MachineName":"WIN-2DKE1ERCQC6","Data":[118,0,109,0,109,0,115,0,47,0,49,0,0,0],"Index":1334,"Category":"(0)","CategoryNumber":0,"EventID":7036,"EntryType":4,"Message":"The Hyper-V Virtual Machine Management service entered the stopped state.","Source":"Service Control Manager","ReplacementStrings":["Hyper-V Virtual Machine Management","stopped"],"InstanceId":1073748860,"TimeGenerated":"\/Date(1580562045000)\/","TimeWritten":"\/Date(1580562045000)\/","UserName":null,"Site":null,"Container":null},{"MachineName":"WIN-2DKE1ERCQC6","Data":[84,0,114,0,117,0,115,0,116,0,101,0,100,0,73,0,110,0,115,0,116,0,97,0,108,0,108,0,101,0,114,0,47,0,52,0,0,0],"Index":1333,"Category":"(0)","CategoryNumber":0,"EventID":7036,"EntryType":4,"Message":"The Windows Modules Installer service entered the running state.","Source":"Service Control Manager","ReplacementStrings":["Windows Modules Installer","running"],"InstanceId":1073748860,"TimeGenerated":"\/Date(1580562045000)\/","TimeWritten":"\/Date(1580562045000)\/","UserName":null,"Site":null,"Container":null},{"MachineName":"WIN-2DKE1ERCQC6","Data":[119,0,117,0,97,0,117,0,115,0,101,0,114,0,118,0,47,0,52,0,0,0],"Index":1332,"Category":"(0)","CategoryNumber":0,"EventID":7036,"EntryType":4,"Message":"The Windows Update service entered the running state.","Source":"Service Control Manager","ReplacementStrings":["Windows Update","running"],"InstanceId":1073748860,"TimeGenerated":"\/Date(1580562045000)\/","TimeWritten":"\/Date(1580562045000)\/","UserName":null,"Site":null,"Container":null},{"MachineName":"WIN-2DKE1ERCQC6","Data":[87,0,112,0,110,0,85,0,115,0,101,0,114,0,83,0,101,0,114,0,118,0,105,0,99,0,101,0,95,0,52,0,55,0,102,0,102,0,55,0,47,0,49,0,0,0],"Index":1330,"Category":"(0)","CategoryNumber":0,"EventID":7036,"EntryType":4,"Message":"The Windows Push Notifications User Service_47ff7 service entered the stopped state.","Source":"Service Control Manager","ReplacementStrings":["Windows Push Notifications User Service_47ff7","stopped"],"InstanceId":1073748860,"TimeGenerated":"\/Date(1580562041000)\/","TimeWritten":"\/Date(1580562041000)\/","UserName":null,"Site":null,"Container":null},{"MachineName":"WIN-2DKE1ERCQC6","Data":[67,0,68,0,80,0,85,0,115,0,101,0,114,0,83,0,118,0,99,0,95,0,52,0,55,0,102,0,102,0,55,0,47,0,49,0,0,0],"Index":1329,"Category":"(0)","CategoryNumber":0,"EventID":7036,"EntryType":4,"Message":"The Connected Devices Platform User Service_47ff7 service entered the stopped state.","Source":"Service Control Manager","ReplacementStrings":["Connected Devices Platform User Service_47ff7","stopped"],"InstanceId":1073748860,"TimeGenerated":"\/Date(1580562041000)\/","TimeWritten":"\/Date(1580562041000)\/","UserName":null,"Site":null,"Container":null},{"MachineName":"WIN-2DKE1ERCQC6","Data":[65,0,112,0,112,0,88,0,83,0,118,0,99,0,47,0,52,0,0,0],"Index":1328,"Category":"(0)","CategoryNumber":0,"EventID":7036,"EntryType":4,"Message":"The AppX Deployment Service (AppXSVC) service entered the running state.","Source":"Service Control Manager","ReplacementStrings":["AppX Deployment Service (AppXSVC)","running"],"InstanceId":1073748860,"TimeGenerated":"\/Date(1580562041000)\/","TimeWritten":"\/Date(1580562041000)\/","UserName":null,"Site":null,"Container":null},{"MachineName":"WIN-2DKE1ERCQC6","Data":[119,0,117,0,97,0,117,0,115,0,101,0,114,0,118,0,47,0,49,0,0,0],"Index":1326,"Category":"(0)","CategoryNumber":0,"EventID":7036,"EntryType":4,"Message":"The Windows Update service entered the stopped state.","Source":"Service Control Manager","ReplacementStrings":["Windows Update","stopped"],"InstanceId":1073748860,"TimeGenerated":"\/Date(1580561460000)\/","TimeWritten":"\/Date(1580561460000)\/","UserName":null,"Site":null,"Container":null},{"MachineName":"WIN-2DKE1ERCQC6","Data":[68,0,111,0,83,0,118,0,99,0,47,0,49,0,0,0],"Index":1325,"Category":"(0)","CategoryNumber":0,"EventID":7036,"EntryType":4,"Message":"The Delivery Optimization service entered the stopped state.","Source":"Service Control Manager","ReplacementStrings":["Delivery Optimization","stopped"],"InstanceId":1073748860,"TimeGenerated":"\/Date(1580561148000)\/","TimeWritten":"\/Date(1580561148000)\/","UserName":null,"Site":null,"Container":null},{"MachineName":"WIN-2DKE1ERCQC6","Data":[68,0,111,0,83,0,118,0,99,0,47,0,52,0,0,0],"Index":1321,"Category":"(0)","CategoryNumber":0,"EventID":7036,"EntryType":4,"Message":"The Delivery Optimization service entered the running state.","Source":"Service Control Manager","ReplacementStrings":["Delivery Optimization","running"],"InstanceId":1073748860,"TimeGenerated":"\/Date(1580560848000)\/","TimeWritten":"\/Date(1580560848000)\/","UserName":null,"Site":null,"Container":null},{"MachineName":"WIN-2DKE1ERCQC6","Data":[115,0,119,0,112,0,114,0,118,0,47,0,49,0,0,0],"Index":1320,"Category":"(0)","CategoryNumber":0,"EventID":7036,"EntryType":4,"Message":"The Microsoft Software Shadow Copy Provider service entered the stopped state.","Source":"Service Control Manager","ReplacementStrings":["Microsoft Software Shadow Copy Provider","stopped"],"InstanceId":1073748860,"TimeGenerated":"\/Date(1580560545000)\/","TimeWritten":"\/Date(1580560545000)\/","UserName":null,"Site":null,"Container":null},{"MachineName":"WIN-2DKE1ERCQC6","Data":[66,0,73,0,84,0,83,0,47,0,49,0,0,0],"Index":1319,"Category":"(0)","CategoryNumber":0,"EventID":7036,"EntryType":4,"Message":"The Background Intelligent Transfer Service service entered the stopped state.","Source":"Service Control Manager","ReplacementStrings":["Background Intelligent Transfer Service","stopped"],"InstanceId":1073748860,"TimeGenerated":"\/Date(1580560461000)\/","TimeWritten":"\/Date(1580560461000)\/","UserName":null,"Site":null,"Container":null},{"MachineName":"WIN-2DKE1ERCQC6","Data":[119,0,108,0,105,0,100,0,115,0,118,0,99,0,47,0,49,0,0,0],"Index":1317,"Category":"(0)","CategoryNumber":0,"EventID":7036,"EntryType":4,"Message":"The Microsoft Account Sign-in Assistant service entered the stopped state.","Source":"Service Control Manager","ReplacementStrings":["Microsoft Account Sign-in Assistant","stopped"],"InstanceId":1073748860,"TimeGenerated":"\/Date(1580560402000)\/","TimeWritten":"\/Date(1580560402000)\/","UserName":null,"Site":null,"Container":null},{"MachineName":"WIN-2DKE1ERCQC6","Data":[86,0,83,0,83,0,47,0,49,0,0,0],"Index":1316,"Category":"(0)","CategoryNumber":0,"EventID":7036,"EntryType":4,"Message":"The Volume Shadow Copy service entered the stopped state.","Source":"Service Control Manager","ReplacementStrings":["Volume Shadow Copy","stopped"],"InstanceId":1073748860,"TimeGenerated":"\/Date(1580560365000)\/","TimeWritten":"\/Date(1580560365000)\/","UserName":null,"Site":null,"Container":null},{"MachineName":"WIN-2DKE1ERCQC6","Data":[119,0,109,0,105,0,65,0,112,0,83,0,114,0,118,0,47,0,49,0,0,0],"Index":1315,"Category":"(0)","CategoryNumber":0,"EventID":7036,"EntryType":4,"Message":"The WMI Performance Adapter service entered the stopped state.","Source":"Service Control Manager","ReplacementStrings":["WMI Performance Adapter","stopped"],"InstanceId":1073748860,"TimeGenerated":"\/Date(1580560341000)\/","TimeWritten":"\/Date(1580560341000)\/","UserName":null,"Site":null,"Container":null},{"MachineName":"WIN-2DKE1ERCQC6","Data":[84,0,114,0,117,0,115,0,116,0,101,0,100,0,73,0,110,0,115,0,116,0,97,0,108,0,108,0,101,0,114,0,47,0,49,0,0,0],"Index":1314,"Category":"(0)","CategoryNumber":0,"EventID":7036,"EntryType":4,"Message":"The Windows Modules Installer service entered the stopped state.","Source":"Service Control Manager","ReplacementStrings":["Windows Modules Installer","stopped"],"InstanceId":1073748860,"TimeGenerated":"\/Date(1580560306000)\/","TimeWritten":"\/Date(1580560306000)\/","UserName":null,"Site":null,"Container":null},{"MachineName":"WIN-2DKE1ERCQC6","Data":[87,0,100,0,78,0,105,0,115,0,83,0,118,0,99,0,47,0,52,0,0,0],"Index":1312,"Category":"(0)","CategoryNumber":0,"EventID":7036,"EntryType":4,"Message":"The Windows Defender Antivirus Network Inspection Service service entered the running state.","Source":"Service Control Manager","ReplacementStrings":["Windows Defender Antivirus Network Inspection Service","running"],"InstanceId":1073748860,"TimeGenerated":"\/Date(1580560234000)\/","TimeWritten":"\/Date(1580560234000)\/","UserName":null,"Site":null,"Container":null},{"MachineName":"WIN-2DKE1ERCQC6","Data":[87,0,105,0,110,0,68,0,101,0,102,0,101,0,110,0,100,0,47,0,52,0,0,0],"Index":1308,"Category":"(0)","CategoryNumber":0,"EventID":7036,"EntryType":4,"Message":"The Windows Defender Antivirus Service service entered the running state.","Source":"Service Control Manager","ReplacementStrings":["Windows Defender Antivirus Service","running"],"InstanceId":1073748860,"TimeGenerated":"\/Date(1580560232000)\/","TimeWritten":"\/Date(1580560232000)\/","UserName":null,"Site":null,"Container":null},{"MachineName":"WIN-2DKE1ERCQC6","Data":[87,0,105,0,110,0,68,0,101,0,102,0,101,0,110,0,100,0,47,0,49,0,0,0],"Index":1307,"Category":"(0)","CategoryNumber":0,"EventID":7036,"EntryType":4,"Message":"The Windows Defender Antivirus Service service entered the stopped state.","Source":"Service Control Manager","ReplacementStrings":["Windows Defender Antivirus Service","stopped"],"InstanceId":1073748860,"TimeGenerated":"\/Date(1580560229000)\/","TimeWritten":"\/Date(1580560229000)\/","UserName":null,"Site":null,"Container":null},{"MachineName":"WIN-2DKE1ERCQC6","Data":[87,0,105,0,110,0,68,0,101,0,102,0,101,0,110,0,100,0,47,0,52,0,0,0],"Index":1306,"Category":"(0)","CategoryNumber":0,"EventID":7036,"EntryType":4,"Message":"The Windows Defender Antivirus Service service entered the running state.","Source":"Service Control Manager","ReplacementStrings":["Windows Defender Antivirus Service","running"],"InstanceId":1073748860,"TimeGenerated":"\/Date(1580560228000)\/","TimeWritten":"\/Date(1580560228000)\/","UserName":null,"Site":null,"Container":null},{"MachineName":"WIN-2DKE1ERCQC6","Data":[87,0,105,0,110,0,68,0,101,0,102,0,101,0,110,0,100,0,47,0,49,0,0,0],"Index":1304,"Category":"(0)","CategoryNumber":0,"EventID":7036,"EntryType":4,"Message":"The Windows Defender Antivirus Service service entered the stopped state.","Source":"Service Control Manager","ReplacementStrings":["Windows Defender Antivirus Service","stopped"],"InstanceId":1073748860,"TimeGenerated":"\/Date(1580560226000)\/","TimeWritten":"\/Date(1580560226000)\/","UserName":null,"Site":null,"Container":null},{"MachineName":"WIN-2DKE1ERCQC6","Data":[87,0,100,0,78,0,105,0,115,0,83,0,118,0,99,0,47,0,49,0,0,0],"Index":1303,"Category":"(0)","CategoryNumber":0,"EventID":7036,"EntryType":4,"Message":"The Windows Defender Antivirus Network Inspection Service service entered the stopped state.","Source":"Service Control Manager","ReplacementStrings":["Windows Defender Antivirus Network Inspection Service","stopped"],"InstanceId":1073748860,"TimeGenerated":"\/Date(1580560226000)\/","TimeWritten":"\/Date(1580560226000)\/","UserName":null,"Site":null,"Container":null},{"MachineName":"WIN-2DKE1ERCQC6","Data":[119,0,108,0,105,0,100,0,115,0,118,0,99,0,47,0,52,0,0,0],"Index":1300,"Category":"(0)","CategoryNumber":0,"EventID":7036,"EntryType":4,"Message":"The Microsoft Account Sign-in Assistant service entered the running state.","Source":"Service Control Manager","ReplacementStrings":["Microsoft Account Sign-in Assistant","running"],"InstanceId":1073748860,"TimeGenerated":"\/Date(1580560221000)\/","TimeWritten":"\/Date(1580560221000)\/","UserName":null,"Site":null,"Container":null},{"MachineName":"WIN-2DKE1ERCQC6","Data":[119,0,109,0,105,0,65,0,112,0,83,0,114,0,118,0,47,0,52,0,0,0],"Index":1299,"Category":"(0)","CategoryNumber":0,"EventID":7036,"EntryType":4,"Message":"The WMI Performance Adapter service entered the running state.","Source":"Service Control Manager","ReplacementStrings":["WMI Performance Adapter","running"],"InstanceId":1073748860,"TimeGenerated":"\/Date(1580560219000)\/","TimeWritten":"\/Date(1580560219000)\/","UserName":null,"Site":null,"Container":null},{"MachineName":"WIN-2DKE1ERCQC6","Data":[66,0,73,0,84,0,83,0,47,0,52,0,0,0],"Index":1297,"Category":"(0)","CategoryNumber":0,"EventID":7036,"EntryType":4,"Message":"The Background Intelligent Transfer Service service entered the running state.","Source":"Service Control Manager","ReplacementStrings":["Background Intelligent Transfer Service","running"],"InstanceId":1073748860,"TimeGenerated":"\/Date(1580560217000)\/","TimeWritten":"\/Date(1580560217000)\/","UserName":null,"Site":null,"Container":null},{"MachineName":"WIN-2DKE1ERCQC6","Data":[99,0,97,0,109,0,115,0,118,0,99,0,47,0,49,0,0,0],"Index":1294,"Category":"(0)","CategoryNumber":0,"EventID":7036,"EntryType":4,"Message":"The Capability Access Manager Service service entered the stopped state.","Source":"Service Control Manager","ReplacementStrings":["Capability Access Manager Service","stopped"],"InstanceId":1073748860,"TimeGenerated":"\/Date(1580560050000)\/","TimeWritten":"\/Date(1580560050000)\/","UserName":null,"Site":null,"Container":null},{"MachineName":"WIN-2DKE1ERCQC6","Data":[115,0,119,0,112,0,114,0,118,0,47,0,52,0,0,0],"Index":1291,"Category":"(0)","CategoryNumber":0,"EventID":7036,"EntryType":4,"Message":"The Microsoft Software Shadow Copy Provider service entered the running state.","Source":"Service Control Manager","ReplacementStrings":["Microsoft Software Shadow Copy Provider","running"],"InstanceId":1073748860,"TimeGenerated":"\/Date(1580559982000)\/","TimeWritten":"\/Date(1580559982000)\/","UserName":null,"Site":null,"Container":null},{"MachineName":"WIN-2DKE1ERCQC6","Data":[86,0,83,0,83,0,47,0,52,0,0,0],"Index":1290,"Category":"(0)","CategoryNumber":0,"EventID":7036,"EntryType":4,"Message":"The Volume Shadow Copy service entered the running state.","Source":"Service Control Manager","ReplacementStrings":["Volume Shadow Copy","running"],"InstanceId":1073748860,"TimeGenerated":"\/Date(1580559982000)\/","TimeWritten":"\/Date(1580559982000)\/","UserName":null,"Site":null,"Container":null},{"MachineName":"WIN-2DKE1ERCQC6","Data":[87,0,98,0,105,0,111,0,83,0,114,0,118,0,99,0,47,0,49,0,0,0],"Index":1289,"Category":"(0)","CategoryNumber":0,"EventID":7036,"EntryType":4,"Message":"The Windows Biometric Service service entered the stopped state.","Source":"Service Control Manager","ReplacementStrings":["Windows Biometric Service","stopped"],"InstanceId":1073748860,"TimeGenerated":"\/Date(1580559948000)\/","TimeWritten":"\/Date(1580559948000)\/","UserName":null,"Site":null,"Container":null},{"MachineName":"WIN-2DKE1ERCQC6","Data":[100,0,101,0,102,0,114,0,97,0,103,0,115,0,118,0,99,0,47,0,49,0,0,0],"Index":1288,"Category":"(0)","CategoryNumber":0,"EventID":7036,"EntryType":4,"Message":"The Optimize drives service entered the stopped state.","Source":"Service Control Manager","ReplacementStrings":["Optimize drives","stopped"],"InstanceId":1073748860,"TimeGenerated":"\/Date(1580559905000)\/","TimeWritten":"\/Date(1580559905000)\/","UserName":null,"Site":null,"Container":null},{"MachineName":"WIN-2DKE1ERCQC6","Data":[68,0,115,0,109,0,83,0,118,0,99,0,47,0,49,0,0,0],"Index":1287,"Category":"(0)","CategoryNumber":0,"EventID":7036,"EntryType":4,"Message":"The Device Setup Manager service entered the stopped state.","Source":"Service Control Manager","ReplacementStrings":["Device Setup Manager","stopped"],"InstanceId":1073748860,"TimeGenerated":"\/Date(1580559771000)\/","TimeWritten":"\/Date(1580559771000)\/","UserName":null,"Site":null,"Container":null},{"MachineName":"WIN-2DKE1ERCQC6","Data":[87,0,98,0,105,0,111,0,83,0,114,0,118,0,99,0,47,0,52,0,0,0],"Index":1286,"Category":"(0)","CategoryNumber":0,"EventID":7036,"EntryType":4,"Message":"The Windows Biometric Service service entered the running state.","Source":"Service Control Manager","ReplacementStrings":["Windows Biometric Service","running"],"InstanceId":1073748860,"TimeGenerated":"\/Date(1580559750000)\/","TimeWritten":"\/Date(1580559750000)\/","UserName":null,"Site":null,"Container":null},{"MachineName":"WIN-2DKE1ERCQC6","Data":[99,0,97,0,109,0,115,0,118,0,99,0,47,0,52,0,0,0],"Index":1285,"Category":"(0)","CategoryNumber":0,"EventID":7036,"EntryType":4,"Message":"The Capability Access Manager Service service entered the running state.","Source":"Service Control Manager","ReplacementStrings":["Capability Access Manager Service","running"],"InstanceId":1073748860,"TimeGenerated":"\/Date(1580559750000)\/","TimeWritten":"\/Date(1580559750000)\/","UserName":null,"Site":null,"Container":null},{"MachineName":"WIN-2DKE1ERCQC6","Data":[118,0,100,0,115,0,47,0,49,0,0,0],"Index":1284,"Category":"(0)","CategoryNumber":0,"EventID":7036,"EntryType":4,"Message":"The Virtual Disk service entered the stopped state.","Source":"Service Control Manager","ReplacementStrings":["Virtual Disk","stopped"],"InstanceId":1073748860,"TimeGenerated":"\/Date(1580559738000)\/","TimeWritten":"\/Date(1580559738000)\/","UserName":null,"Site":null,"Container":null},{"MachineName":"WIN-2DKE1ERCQC6","Data":[78,0,101,0,116,0,83,0,101,0,116,0,117,0,112,0,83,0,118,0,99,0,47,0,49,0,0,0],"Index":1282,"Category":"(0)","CategoryNumber":0,"EventID":7036,"EntryType":4,"Message":"The Network Setup Service service entered the stopped state.","Source":"Service Control Manager","ReplacementStrings":["Network Setup Service","stopped"],"InstanceId":1073748860,"TimeGenerated":"\/Date(1580559734000)\/","TimeWritten":"\/Date(1580559734000)\/","UserName":null,"Site":null,"Container":null},{"MachineName":"WIN-2DKE1ERCQC6","Data":[68,0,115,0,109,0,83,0,118,0,99,0,47,0,52,0,0,0],"Index":1280,"Category":"(0)","CategoryNumber":0,"EventID":7036,"EntryType":4,"Message":"The Device Setup Manager service entered the running state.","Source":"Service Control Manager","ReplacementStrings":["Device Setup Manager","running"],"InstanceId":1073748860,"TimeGenerated":"\/Date(1580559725000)\/","TimeWritten":"\/Date(1580559725000)\/","UserName":null,"Site":null,"Container":null},{"MachineName":"WIN-2DKE1ERCQC6","Data":[115,0,119,0,112,0,114,0,118,0,47,0,49,0,0,0],"Index":1279,"Category":"(0)","CategoryNumber":0,"EventID":7036,"EntryType":4,"Message":"The Microsoft Software Shadow Copy Provider service entered the stopped state.","Source":"Service Control Manager","ReplacementStrings":["Microsoft Software Shadow Copy Provider","stopped"],"InstanceId":1073748860,"TimeGenerated":"\/Date(1580559690000)\/","TimeWritten":"\/Date(1580559690000)\/","UserName":null,"Site":null,"Container":null},{"MachineName":"WIN-2DKE1ERCQC6","Data":[100,0,101,0,102,0,114,0,97,0,103,0,115,0,118,0,99,0,47,0,52,0,0,0],"Index":1278,"Category":"(0)","CategoryNumber":0,"EventID":7036,"EntryType":4,"Message":"The Optimize drives service entered the running state.","Source":"Service Control Manager","ReplacementStrings":["Optimize drives","running"],"InstanceId":1073748860,"TimeGenerated":"\/Date(1580559690000)\/","TimeWritten":"\/Date(1580559690000)\/","UserName":null,"Site":null,"Container":null},{"MachineName":"WIN-2DKE1ERCQC6","Data":[118,0,100,0,115,0,47,0,52,0,0,0],"Index":1276,"Category":"(0)","CategoryNumber":0,"EventID":7036,"EntryType":4,"Message":"The Virtual Disk service entered the running state.","Source":"Service Control Manager","ReplacementStrings":["Virtual Disk","running"],"InstanceId":1073748860,"TimeGenerated":"\/Date(1580559654000)\/","TimeWritten":"\/Date(1580559654000)\/","UserName":null,"Site":null,"Container":null},{"MachineName":"WIN-2DKE1ERCQC6","Data":[99,0,97,0,109,0,115,0,118,0,99,0,47,0,49,0,0,0],"Index":1274,"Category":"(0)","CategoryNumber":0,"EventID":7036,"EntryType":4,"Message":"The Capability Access Manager Service service entered the stopped state.","Source":"Service Control Manager","ReplacementStrings":["Capability Access Manager Service","stopped"],"InstanceId":1073748860,"TimeGenerated":"\/Date(1580559597000)\/","TimeWritten":"\/Date(1580559597000)\/","UserName":null,"Site":null,"Container":null},{"MachineName":"WIN-2DKE1ERCQC6","Data":[86,0,83,0,83,0,47,0,49,0,0,0],"Index":1273,"Category":"(0)","CategoryNumber":0,"EventID":7036,"EntryType":4,"Message":"The Volume Shadow Copy service entered the stopped state.","Source":"Service Control Manager","ReplacementStrings":["Volume Shadow Copy","stopped"],"InstanceId":1073748860,"TimeGenerated":"\/Date(1580559510000)\/","TimeWritten":"\/Date(1580559510000)\/","UserName":null,"Site":null,"Container":null},{"MachineName":"WIN-2DKE1ERCQC6","Data":[87,0,98,0,105,0,111,0,83,0,114,0,118,0,99,0,47,0,49,0,0,0],"Index":1272,"Category":"(0)","CategoryNumber":0,"EventID":7036,"EntryType":4,"Message":"The Windows Biometric Service service entered the stopped state.","Source":"Service Control Manager","ReplacementStrings":["Windows Biometric Service","stopped"],"InstanceId":1073748860,"TimeGenerated":"\/Date(1580559495000)\/","TimeWritten":"\/Date(1580559495000)\/","UserName":null,"Site":null,"Container":null},{"MachineName":"WIN-2DKE1ERCQC6","Data":[78,0,101,0,116,0,83,0,101,0,116,0,117,0,112,0,83,0,118,0,99,0,47,0,52,0,0,0],"Index":1271,"Category":"(0)","CategoryNumber":0,"EventID":7036,"EntryType":4,"Message":"The Network Setup Service service entered the running state.","Source":"Service Control Manager","ReplacementStrings":["Network Setup Service","running"],"InstanceId":1073748860,"TimeGenerated":"\/Date(1580559482000)\/","TimeWritten":"\/Date(1580559482000)\/","UserName":null,"Site":null,"Container":null},{"MachineName":"WIN-2DKE1ERCQC6","Data":[115,0,119,0,112,0,114,0,118,0,47,0,52,0,0,0],"Index":1268,"Category":"(0)","CategoryNumber":0,"EventID":7036,"EntryType":4,"Message":"The Microsoft Software Shadow Copy Provider service entered the running state.","Source":"Service Control Manager","ReplacementStrings":["Microsoft Software Shadow Copy Provider","running"],"InstanceId":1073748860,"TimeGenerated":"\/Date(1580559330000)\/","TimeWritten":"\/Date(1580559330000)\/","UserName":null,"Site":null,"Container":null},{"MachineName":"WIN-2DKE1ERCQC6","Data":[86,0,83,0,83,0,47,0,52,0,0,0],"Index":1267,"Category":"(0)","CategoryNumber":0,"EventID":7036,"EntryType":4,"Message":"The Volume Shadow Copy service entered the running state.","Source":"Service Control Manager","ReplacementStrings":["Volume Shadow Copy","running"],"InstanceId":1073748860,"TimeGenerated":"\/Date(1580559330000)\/","TimeWritten":"\/Date(1580559330000)\/","UserName":null,"Site":null,"Container":null},{"MachineName":"WIN-2DKE1ERCQC6","Data":[84,0,114,0,117,0,115,0,116,0,101,0,100,0,73,0,110,0,115,0,116,0,97,0,108,0,108,0,101,0,114,0,47,0,52,0,0,0],"Index":1264,"Category":"(0)","CategoryNumber":0,"EventID":7036,"EntryType":4,"Message":"The Windows Modules Installer service entered the running state.","Source":"Service Control Manager","ReplacementStrings":["Windows Modules Installer","running"],"InstanceId":1073748860,"TimeGenerated":"\/Date(1580559323000)\/","TimeWritten":"\/Date(1580559323000)\/","UserName":null,"Site":null,"Container":null},{"MachineName":"WIN-2DKE1ERCQC6","Data":[119,0,117,0,97,0,117,0,115,0,101,0,114,0,118,0,47,0,52,0,0,0],"Index":1263,"Category":"(0)","CategoryNumber":0,"EventID":7036,"EntryType":4,"Message":"The Windows Update service entered the running state.","Source":"Service Control Manager","ReplacementStrings":["Windows Update","running"],"InstanceId":1073748860,"TimeGenerated":"\/Date(1580559315000)\/","TimeWritten":"\/Date(1580559315000)\/","UserName":null,"Site":null,"Container":null},{"MachineName":"WIN-2DKE1ERCQC6","Data":[87,0,98,0,105,0,111,0,83,0,114,0,118,0,99,0,47,0,52,0,0,0],"Index":1262,"Category":"(0)","CategoryNumber":0,"EventID":7036,"EntryType":4,"Message":"The Windows Biometric Service service entered the running state.","Source":"Service Control Manager","ReplacementStrings":["Windows Biometric Service","running"],"InstanceId":1073748860,"TimeGenerated":"\/Date(1580559297000)\/","TimeWritten":"\/Date(1580559297000)\/","UserName":null,"Site":null,"Container":null},{"MachineName":"WIN-2DKE1ERCQC6","Data":[99,0,97,0,109,0,115,0,118,0,99,0,47,0,52,0,0,0],"Index":1261,"Category":"(0)","CategoryNumber":0,"EventID":7036,"EntryType":4,"Message":"The Capability Access Manager Service service entered the running state.","Source":"Service Control Manager","ReplacementStrings":["Capability Access Manager Service","running"],"InstanceId":1073748860,"TimeGenerated":"\/Date(1580559296000)\/","TimeWritten":"\/Date(1580559296000)\/","UserName":null,"Site":null,"Container":null},{"MachineName":"WIN-2DKE1ERCQC6","Data":[66,0,116,0,104,0,65,0,118,0,99,0,116,0,112,0,83,0,118,0,99,0,47,0,52,0,0,0],"Index":1260,"Category":"(0)","CategoryNumber":0,"EventID":7036,"EntryType":4,"Message":"The AVCTP service service entered the running state.","Source":"Service Control Manager","ReplacementStrings":["AVCTP service","running"],"InstanceId":1073748860,"TimeGenerated":"\/Date(1580559296000)\/","TimeWritten":"\/Date(1580559296000)\/","UserName":null,"Site":null,"Container":null},{"MachineName":"WIN-2DKE1ERCQC6","Data":[115,0,112,0,112,0,115,0,118,0,99,0,47,0,49,0,0,0],"Index":1259,"Category":"(0)","CategoryNumber":0,"EventID":7036,"EntryType":4,"Message":"The Software Protection service entered the stopped state.","Source":"Service Control Manager","ReplacementStrings":["Software Protection","stopped"],"InstanceId":1073748860,"TimeGenerated":"\/Date(1580559291000)\/","TimeWritten":"\/Date(1580559291000)\/","UserName":null,"Site":null,"Container":null},{"MachineName":"WIN-2DKE1ERCQC6","Data":[115,0,112,0,112,0,115,0,118,0,99,0,47,0,52,0,0,0],"Index":1258,"Category":"(0)","CategoryNumber":0,"EventID":7036,"EntryType":4,"Message":"The Software Protection service entered the running state.","Source":"Service Control Manager","ReplacementStrings":["Software Protection","running"],"InstanceId":1073748860,"TimeGenerated":"\/Date(1580559260000)\/","TimeWritten":"\/Date(1580559260000)\/","UserName":null,"Site":null,"Container":null},{"MachineName":"WIN-2DKE1ERCQC6","Data":[81,0,87,0,65,0,86,0,69,0,47,0,52,0,0,0],"Index":1257,"Category":"(0)","CategoryNumber":0,"EventID":7036,"EntryType":4,"Message":"The Quality Windows Audio Video Experience service entered the running state.","Source":"Service Control Manager","ReplacementStrings":["Quality Windows Audio Video Experience","running"],"InstanceId":1073748860,"TimeGenerated":"\/Date(1580559212000)\/","TimeWritten":"\/Date(1580559212000)\/","UserName":null,"Site":null,"Container":null},{"MachineName":"WIN-2DKE1ERCQC6","Data":[78,0,101,0,116,0,83,0,101,0,116,0,117,0,112,0,83,0,118,0,99,0,47,0,49,0,0,0],"Index":1256,"Category":"(0)","CategoryNumber":0,"EventID":7036,"EntryType":4,"Message":"The Network Setup Service service entered the stopped state.","Source":"Service Control Manager","ReplacementStrings":["Network Setup Service","stopped"],"InstanceId":1073748860,"TimeGenerated":"\/Date(1580556067000)\/","TimeWritten":"\/Date(1580556067000)\/","UserName":null,"Site":null,"Container":null},{"MachineName":"WIN-2DKE1ERCQC6","Data":[78,0,101,0,116,0,83,0,101,0,116,0,117,0,112,0,83,0,118,0,99,0,47,0,52,0,0,0],"Index":1255,"Category":"(0)","CategoryNumber":0,"EventID":7036,"EntryType":4,"Message":"The Network Setup Service service entered the running state.","Source":"Service Control Manager","ReplacementStrings":["Network Setup Service","running"],"InstanceId":1073748860,"TimeGenerated":"\/Date(1580555886000)\/","TimeWritten":"\/Date(1580555886000)\/","UserName":null,"Site":null,"Container":null},{"MachineName":"WIN-2DKE1ERCQC6","Data":[99,0,97,0,109,0,115,0,118,0,99,0,47,0,49,0,0,0],"Index":1254,"Category":"(0)","CategoryNumber":0,"EventID":7036,"EntryType":4,"Message":"The Capability Access Manager Service service entered the stopped state.","Source":"Service Control Manager","ReplacementStrings":["Capability Access Manager Service","stopped"],"InstanceId":1073748860,"TimeGenerated":"\/Date(1580555841000)\/","TimeWritten":"\/Date(1580555841000)\/","UserName":null,"Site":null,"Container":null},{"MachineName":"WIN-2DKE1ERCQC6","Data":[119,0,117,0,97,0,117,0,115,0,101,0,114,0,118,0,47,0,49,0,0,0],"Index":1253,"Category":"(0)","CategoryNumber":0,"EventID":7036,"EntryType":4,"Message":"The Windows Update service entered the stopped state.","Source":"Service Control Manager","ReplacementStrings":["Windows Update","stopped"],"InstanceId":1073748860,"TimeGenerated":"\/Date(1580555621000)\/","TimeWritten":"\/Date(1580555621000)\/","UserName":null,"Site":null,"Container":null},{"MachineName":"WIN-2DKE1ERCQC6","Data":[115,0,112,0,112,0,115,0,118,0,99,0,47,0,49,0,0,0],"Index":1252,"Category":"(0)","CategoryNumber":0,"EventID":7036,"EntryType":4,"Message":"The Software Protection service entered the stopped state.","Source":"Service Control Manager","ReplacementStrings":["Software Protection","stopped"],"InstanceId":1073748860,"TimeGenerated":"\/Date(1580555571000)\/","TimeWritten":"\/Date(1580555571000)\/","UserName":null,"Site":null,"Container":null},{"MachineName":"WIN-2DKE1ERCQC6","Data":[99,0,97,0,109,0,115,0,118,0,99,0,47,0,52,0,0,0],"Index":1251,"Category":"(0)","CategoryNumber":0,"EventID":7036,"EntryType":4,"Message":"The Capability Access Manager Service service entered the running state.","Source":"Service Control Manager","ReplacementStrings":["Capability Access Manager Service","running"],"InstanceId":1073748860,"TimeGenerated":"\/Date(1580555541000)\/","TimeWritten":"\/Date(1580555541000)\/","UserName":null,"Site":null,"Container":null},{"MachineName":"WIN-2DKE1ERCQC6","Data":[115,0,112,0,112,0,115,0,118,0,99,0,47,0,52,0,0,0],"Index":1250,"Category":"(0)","CategoryNumber":0,"EventID":7036,"EntryType":4,"Message":"The Software Protection service entered the running state.","Source":"Service Control Manager","ReplacementStrings":["Software Protection","running"],"InstanceId":1073748860,"TimeGenerated":"\/Date(1580555540000)\/","TimeWritten":"\/Date(1580555540000)\/","UserName":null,"Site":null,"Container":null},{"MachineName":"WIN-2DKE1ERCQC6","Data":[68,0,111,0,83,0,118,0,99,0,47,0,49,0,0,0],"Index":1249,"Category":"(0)","CategoryNumber":0,"EventID":7036,"EntryType":4,"Message":"The Delivery Optimization service entered the stopped state.","Source":"Service Control Manager","ReplacementStrings":["Delivery Optimization","stopped"],"InstanceId":1073748860,"TimeGenerated":"\/Date(1580555316000)\/","TimeWritten":"\/Date(1580555316000)\/","UserName":null,"Site":null,"Container":null},{"MachineName":"WIN-2DKE1ERCQC6","Data":[119,0,108,0,105,0,100,0,115,0,118,0,99,0,47,0,49,0,0,0],"Index":1248,"Category":"(0)","CategoryNumber":0,"EventID":7036,"EntryType":4,"Message":"The Microsoft Account Sign-in Assistant service entered the stopped state.","Source":"Service Control Manager","ReplacementStrings":["Microsoft Account Sign-in Assistant","stopped"],"InstanceId":1073748860,"TimeGenerated":"\/Date(1580555193000)\/","TimeWritten":"\/Date(1580555193000)\/","UserName":null,"Site":null,"Container":null},{"MachineName":"WIN-2DKE1ERCQC6","Data":[84,0,114,0,117,0,115,0,116,0,101,0,100,0,73,0,110,0,115,0,116,0,97,0,108,0,108,0,101,0,114,0,47,0,49,0,0,0],"Index":1247,"Category":"(0)","CategoryNumber":0,"EventID":7036,"EntryType":4,"Message":"The Windows Modules Installer service entered the stopped state.","Source":"Service Control Manager","ReplacementStrings":["Windows Modules Installer","stopped"],"InstanceId":1073748860,"TimeGenerated":"\/Date(1580555132000)\/","TimeWritten":"\/Date(1580555132000)\/","UserName":null,"Site":null,"Container":null},{"MachineName":"WIN-2DKE1ERCQC6","Data":[87,0,97,0,97,0,83,0,77,0,101,0,100,0,105,0,99,0,83,0,118,0,99,0,47,0,49,0,0,0],"Index":1246,"Category":"(0)","CategoryNumber":0,"EventID":7036,"EntryType":4,"Message":"The Windows Update Medic Service service entered the stopped state.","Source":"Service Control Manager","ReplacementStrings":["Windows Update Medic Service","stopped"],"InstanceId":1073748860,"TimeGenerated":"\/Date(1580555061000)\/","TimeWritten":"\/Date(1580555061000)\/","UserName":null,"Site":null,"Container":null},{"MachineName":"WIN-2DKE1ERCQC6","Data":[68,0,111,0,83,0,118,0,99,0,47,0,52,0,0,0],"Index":1243,"Category":"(0)","CategoryNumber":0,"EventID":7036,"EntryType":4,"Message":"The Delivery Optimization service entered the running state.","Source":"Service Control Manager","ReplacementStrings":["Delivery Optimization","running"],"InstanceId":1073748860,"TimeGenerated":"\/Date(1580555016000)\/","TimeWritten":"\/Date(1580555016000)\/","UserName":null,"Site":null,"Container":null},{"MachineName":"WIN-2DKE1ERCQC6","Data":[119,0,108,0,105,0,100,0,115,0,118,0,99,0,47,0,52,0,0,0],"Index":1242,"Category":"(0)","CategoryNumber":0,"EventID":7036,"EntryType":4,"Message":"The Microsoft Account Sign-in Assistant service entered the running state.","Source":"Service Control Manager","ReplacementStrings":["Microsoft Account Sign-in Assistant","running"],"InstanceId":1073748860,"TimeGenerated":"\/Date(1580555012000)\/","TimeWritten":"\/Date(1580555012000)\/","UserName":null,"Site":null,"Container":null},{"MachineName":"WIN-2DKE1ERCQC6","Data":[84,0,114,0,117,0,115,0,116,0,101,0,100,0,73,0,110,0,115,0,116,0,97,0,108,0,108,0,101,0,114,0,47,0,52,0,0,0],"Index":1241,"Category":"(0)","CategoryNumber":0,"EventID":7036,"EntryType":4,"Message":"The Windows Modules Installer service entered the running state.","Source":"Service Control Manager","ReplacementStrings":["Windows Modules Installer","running"],"InstanceId":1073748860,"TimeGenerated":"\/Date(1580555005000)\/","TimeWritten":"\/Date(1580555005000)\/","UserName":null,"Site":null,"Container":null},{"MachineName":"WIN-2DKE1ERCQC6","Data":[119,0,117,0,97,0,117,0,115,0,101,0,114,0,118,0,47,0,52,0,0,0],"Index":1240,"Category":"(0)","CategoryNumber":0,"EventID":7036,"EntryType":4,"Message":"The Windows Update service entered the running state.","Source":"Service Control Manager","ReplacementStrings":["Windows Update","running"],"InstanceId":1073748860,"TimeGenerated":"\/Date(1580555003000)\/","TimeWritten":"\/Date(1580555003000)\/","UserName":null,"Site":null,"Container":null},