{"MachineName":"SERWER01","Data":[78,0,101,0,116,0,83,0,101,0,116,0,117,0,112,0,83,0,118,0,99,0,47,0,52,0,0,0],"Index":1566,"Category":"(0)","CategoryNumber":0,"EventID":7036,"EntryType":4,"Message":"The Network Setup Service service entered the running state.","Source":"Service Control Manager","ReplacementStrings":["Network Setup Service","running"],"InstanceId":1073748860,"TimeGenerated":"\/Date(1580584002000)\/","TimeWritten":"\/Date(1580584002000)\/","UserName":null,"Site":null,"Container":null},{"MachineName":"SERWER01","Data":[78,0,101,0,116,0,83,0,101,0,116,0,117,0,112,0,83,0,118,0,99,0,47,0,49,0,0,0],"Index":1565,"Category":"(0)","CategoryNumber":0,"EventID":7036,"EntryType":4,"Message":"The Network Setup Service service entered the stopped state.","Source":"Service Control Manager","ReplacementStrings":["Network Setup Service","stopped"],"InstanceId":1073748860,"TimeGenerated":"\/Date(1580580407000)\/","TimeWritten":"\/Date(1580580407000)\/","UserName":null,"Site":null,"Container":null},{"MachineName":"SERWER01","Data":[78,0,101,0,116,0,83,0,101,0,116,0,117,0,112,0,83,0,118,0,99,0,47,0,52,0,0,0],"Index":1564,"Category":"(0)","CategoryNumber":0,"EventID":7036,"EntryType":4,"Message":"The Network Setup Service service entered the running state.","Source":"Service Control Manager","ReplacementStrings":["Network Setup Service","running"],"InstanceId":1073748860,"TimeGenerated":"\/Date(1580580402000)\/","TimeWritten":"\/Date(1580580402000)\/","UserName":null,"Site":null,"Container":null},{"MachineName":"SERWER01","Data":[78,0,101,0,116,0,83,0,101,0,116,0,117,0,112,0,83,0,118,0,99,0,47,0,49,0,0,0],"Index":1563,"Category":"(0)","CategoryNumber":0,"EventID":7036,"EntryType":4,"Message":"The Network Setup Service service entered the stopped state.","Source":"Service Control Manager","ReplacementStrings":["Network Setup Service","stopped"],"InstanceId":1073748860,"TimeGenerated":"\/Date(1580576807000)\/","TimeWritten":"\/Date(1580576807000)\/","UserName":null,"Site":null,"Container":null},{"MachineName":"SERWER01","Data":[78,0,101,0,116,0,83,0,101,0,116,0,117,0,112,0,83,0,118,0,99,0,47,0,52,0,0,0],"Index":1562,"Category":"(0)","CategoryNumber":0,"EventID":7036,"EntryType":4,"Message":"The Network Setup Service service entered the running state.","Source":"Service Control Manager","ReplacementStrings":["Network Setup Service","running"],"InstanceId":1073748860,"TimeGenerated":"\/Date(1580576802000)\/","TimeWritten":"\/Date(1580576802000)\/","UserName":null,"Site":null,"Container":null},{"MachineName":"SERWER01","Data":[78,0,101,0,116,0,83,0,101,0,116,0,117,0,112,0,83,0,118,0,99,0,47,0,49,0,0,0],"Index":1561,"Category":"(0)","CategoryNumber":0,"EventID":7036,"EntryType":4,"Message":"The Network Setup Service service entered the stopped state.","Source":"Service Control Manager","ReplacementStrings":["Network Setup Service","stopped"],"InstanceId":1073748860,"TimeGenerated":"\/Date(1580573206000)\/","TimeWritten":"\/Date(1580573206000)\/","UserName":null,"Site":null,"Container":null},{"MachineName":"SERWER01","Data":[78,0,101,0,116,0,83,0,101,0,116,0,117,0,112,0,83,0,118,0,99,0,47,0,52,0,0,0],"Index":1560,"Category":"(0)","CategoryNumber":0,"EventID":7036,"EntryType":4,"Message":"The Network Setup Service service entered the running state.","Source":"Service Control Manager","ReplacementStrings":["Network Setup Service","running"],"InstanceId":1073748860,"TimeGenerated":"\/Date(1580573202000)\/","TimeWritten":"\/Date(1580573202000)\/","UserName":null,"Site":null,"Container":null},{"MachineName":"SERWER01","Data":[87,0,97,0,97,0,83,0,77,0,101,0,100,0,105,0,99,0,83,0,118,0,99,0,47,0,49,0,0,0],"Index":1559,"Category":"(0)","CategoryNumber":0,"EventID":7036,"EntryType":4,"Message":"The Windows Update Medic Service service entered the stopped state.","Source":"Service Control Manager","ReplacementStrings":["Windows Update Medic Service","stopped"],"InstanceId":1073748860,"TimeGenerated":"\/Date(1580569840000)\/","TimeWritten":"\/Date(1580569840000)\/","UserName":null,"Site":null,"Container":null},{"MachineName":"SERWER01","Data":[87,0,97,0,97,0,83,0,77,0,101,0,100,0,105,0,99,0,83,0,118,0,99,0,47,0,52,0,0,0],"Index":1558,"Category":"(0)","CategoryNumber":0,"EventID":7036,"EntryType":4,"Message":"The Windows Update Medic Service service entered the running state.","Source":"Service Control Manager","ReplacementStrings":["Windows Update Medic Service","running"],"InstanceId":1073748860,"TimeGenerated":"\/Date(1580569780000)\/","TimeWritten":"\/Date(1580569780000)\/","UserName":null,"Site":null,"Container":null},{"MachineName":"SERWER01","Data":[78,0,101,0,116,0,83,0,101,0,116,0,117,0,112,0,83,0,118,0,99,0,47,0,49,0,0,0],"Index":1557,"Category":"(0)","CategoryNumber":0,"EventID":7036,"EntryType":4,"Message":"The Network Setup Service service entered the stopped state.","Source":"Service Control Manager","ReplacementStrings":["Network Setup Service","stopped"],"InstanceId":1073748860,"TimeGenerated":"\/Date(1580569606000)\/","TimeWritten":"\/Date(1580569606000)\/","UserName":null,"Site":null,"Container":null},{"MachineName":"SERWER01","Data":[78,0,101,0,116,0,83,0,101,0,116,0,117,0,112,0,83,0,118,0,99,0,47,0,52,0,0,0],"Index":1556,"Category":"(0)","CategoryNumber":0,"EventID":7036,"EntryType":4,"Message":"The Network Setup Service service entered the running state.","Source":"Service Control Manager","ReplacementStrings":["Network Setup Service","running"],"InstanceId":1073748860,"TimeGenerated":"\/Date(1580569602000)\/","TimeWritten":"\/Date(1580569602000)\/","UserName":null,"Site":null,"Container":null},{"MachineName":"SERWER01","Data":[78,0,101,0,116,0,83,0,101,0,116,0,117,0,112,0,83,0,118,0,99,0,47,0,49,0,0,0],"Index":1555,"Category":"(0)","CategoryNumber":0,"EventID":7036,"EntryType":4,"Message":"The Network Setup Service service entered the stopped state.","Source":"Service Control Manager","ReplacementStrings":["Network Setup Service","stopped"],"InstanceId":1073748860,"TimeGenerated":"\/Date(1580566005000)\/","TimeWritten":"\/Date(1580566005000)\/","UserName":null,"Site":null,"Container":null},{"MachineName":"SERWER01","Data":[78,0,101,0,116,0,83,0,101,0,116,0,117,0,112,0,83,0,118,0,99,0,47,0,52,0,0,0],"Index":1554,"Category":"(0)","CategoryNumber":0,"EventID":7036,"EntryType":4,"Message":"The Network Setup Service service entered the running state.","Source":"Service Control Manager","ReplacementStrings":["Network Setup Service","running"],"InstanceId":1073748860,"TimeGenerated":"\/Date(1580566002000)\/","TimeWritten":"\/Date(1580566002000)\/","UserName":null,"Site":null,"Container":null},{"MachineName":"SERWER01","Data":[65,0,112,0,112,0,88,0,83,0,118,0,99,0,47,0,49,0,0,0],"Index":1553,"Category":"(0)","CategoryNumber":0,"EventID":7036,"EntryType":4,"Message":"The AppX Deployment Service (AppXSVC) service entered the stopped state.","Source":"Service Control Manager","ReplacementStrings":["AppX Deployment Service (AppXSVC)","stopped"],"InstanceId":1073748860,"TimeGenerated":"\/Date(1580563646000)\/","TimeWritten":"\/Date(1580563646000)\/","UserName":null,"Site":null,"Container":null},{"MachineName":"SERWER01","Data":[119,0,117,0,97,0,117,0,115,0,101,0,114,0,118,0,47,0,49,0,0,0],"Index":1551,"Category":"(0)","CategoryNumber":0,"EventID":7036,"EntryType":4,"Message":"The Windows Update service entered the stopped state.","Source":"Service Control Manager","ReplacementStrings":["Windows Update","stopped"],"InstanceId":1073748860,"TimeGenerated":"\/Date(1580563494000)\/","TimeWritten":"\/Date(1580563494000)\/","UserName":null,"Site":null,"Container":null},{"MachineName":"SERWER01","Data":[66,0,73,0,84,0,83,0,47,0,49,0,0,0],"Index":1550,"Category":"(0)","CategoryNumber":0,"EventID":7036,"EntryType":4,"Message":"The Background Intelligent Transfer Service service entered the stopped state.","Source":"Service Control Manager","ReplacementStrings":["Background Intelligent Transfer Service","stopped"],"InstanceId":1073748860,"TimeGenerated":"\/Date(1580563462000)\/","TimeWritten":"\/Date(1580563462000)\/","UserName":null,"Site":null,"Container":null},{"MachineName":"SERWER01","Data":[83,0,116,0,97,0,116,0,101,0,82,0,101,0,112,0,111,0,115,0,105,0,116,0,111,0,114,0,121,0,47,0,49,0,0,0],"Index":1548,"Category":"(0)","CategoryNumber":0,"EventID":7036,"EntryType":4,"Message":"The State Repository Service service entered the stopped state.","Source":"Service Control Manager","ReplacementStrings":["State Repository Service","stopped"],"InstanceId":1073748860,"TimeGenerated":"\/Date(1580563403000)\/","TimeWritten":"\/Date(1580563403000)\/","UserName":null,"Site":null,"Container":null},{"MachineName":"SERWER01","Data":[65,0,112,0,112,0,88,0,83,0,118,0,99,0,47,0,52,0,0,0],"Index":1547,"Category":"(0)","CategoryNumber":0,"EventID":7036,"EntryType":4,"Message":"The AppX Deployment Service (AppXSVC) service entered the running state.","Source":"Service Control Manager","ReplacementStrings":["AppX Deployment Service (AppXSVC)","running"],"InstanceId":1073748860,"TimeGenerated":"\/Date(1580563343000)\/","TimeWritten":"\/Date(1580563343000)\/","UserName":null,"Site":null,"Container":null},{"MachineName":"SERWER01","Data":[83,0,116,0,97,0,116,0,101,0,82,0,101,0,112,0,111,0,115,0,105,0,116,0,111,0,114,0,121,0,47,0,52,0,0,0],"Index":1546,"Category":"(0)","CategoryNumber":0,"EventID":7036,"EntryType":4,"Message":"The State Repository Service service entered the running state.","Source":"Service Control Manager","ReplacementStrings":["State Repository Service","running"],"InstanceId":1073748860,"TimeGenerated":"\/Date(1580563343000)\/","TimeWritten":"\/Date(1580563343000)\/","UserName":null,"Site":null,"Container":null},{"MachineName":"SERWER01","Data":[66,0,73,0,84,0,83,0,47,0,52,0,0,0],"Index":1544,"Category":"(0)","CategoryNumber":0,"EventID":7036,"EntryType":4,"Message":"The Background Intelligent Transfer Service service entered the running state.","Source":"Service Control Manager","ReplacementStrings":["Background Intelligent Transfer Service","running"],"InstanceId":1073748860,"TimeGenerated":"\/Date(1580563341000)\/","TimeWritten":"\/Date(1580563341000)\/","UserName":null,"Site":null,"Container":null},{"MachineName":"SERWER01","Data":[119,0,108,0,105,0,100,0,115,0,118,0,99,0,47,0,49,0,0,0],"Index":1542,"Category":"(0)","CategoryNumber":0,"EventID":7036,"EntryType":4,"Message":"The Microsoft Account Sign-in Assistant service entered the stopped state.","Source":"Service Control Manager","ReplacementStrings":["Microsoft Account Sign-in Assistant","stopped"],"InstanceId":1073748860,"TimeGenerated":"\/Date(1580563071000)\/","TimeWritten":"\/Date(1580563071000)\/","UserName":null,"Site":null,"Container":null},{"MachineName":"SERWER01","Data":[119,0,108,0,105,0,100,0,115,0,118,0,99,0,47,0,52,0,0,0],"Index":1540,"Category":"(0)","CategoryNumber":0,"EventID":7036,"EntryType":4,"Message":"The Microsoft Account Sign-in Assistant service entered the running state.","Source":"Service Control Manager","ReplacementStrings":["Microsoft Account Sign-in Assistant","running"],"InstanceId":1073748860,"TimeGenerated":"\/Date(1580562890000)\/","TimeWritten":"\/Date(1580562890000)\/","UserName":null,"Site":null,"Container":null},{"MachineName":"SERWER01","Data":[82,0,101,0,109,0,111,0,116,0,101,0,82,0,101,0,103,0,105,0,115,0,116,0,114,0,121,0,47,0,49,0,0,0],"Index":1539,"Category":"(0)","CategoryNumber":0,"EventID":7036,"EntryType":4,"Message":"The Remote Registry service entered the stopped state.","Source":"Service Control Manager","ReplacementStrings":["Remote Registry","stopped"],"InstanceId":1073748860,"TimeGenerated":"\/Date(1580562880000)\/","TimeWritten":"\/Date(1580562880000)\/","UserName":null,"Site":null,"Container":null},{"MachineName":"SERWER01","Data":[84,0,114,0,117,0,115,0,116,0,101,0,100,0,73,0,110,0,115,0,116,0,97,0,108,0,108,0,101,0,114,0,47,0,49,0,0,0],"Index":1537,"Category":"(0)","CategoryNumber":0,"EventID":7036,"EntryType":4,"Message":"The Windows Modules Installer service entered the stopped state.","Source":"Service Control Manager","ReplacementStrings":["Windows Modules Installer","stopped"],"InstanceId":1073748860,"TimeGenerated":"\/Date(1580562531000)\/","TimeWritten":"\/Date(1580562531000)\/","UserName":null,"Site":null,"Container":null},{"MachineName":"SERWER01","Data":[115,0,112,0,112,0,115,0,118,0,99,0,47,0,49,0,0,0],"Index":1536,"Category":"(0)","CategoryNumber":0,"EventID":7036,"EntryType":4,"Message":"The Software Protection service entered the stopped state.","Source":"Service Control Manager","ReplacementStrings":["Software Protection","stopped"],"InstanceId":1073748860,"TimeGenerated":"\/Date(1580562430000)\/","TimeWritten":"\/Date(1580562430000)\/","UserName":null,"Site":null,"Container":null},{"MachineName":"SERWER01","Data":[78,0,101,0,116,0,83,0,101,0,116,0,117,0,112,0,83,0,118,0,99,0,47,0,49,0,0,0],"Index":1535,"Category":"(0)","CategoryNumber":0,"EventID":7036,"EntryType":4,"Message":"The Network Setup Service service entered the stopped state.","Source":"Service Control Manager","ReplacementStrings":["Network Setup Service","stopped"],"InstanceId":1073748860,"TimeGenerated":"\/Date(1580562423000)\/","TimeWritten":"\/Date(1580562423000)\/","UserName":null,"Site":null,"Container":null},{"MachineName":"SERWER01","Data":[67,0,68,0,80,0,83,0,118,0,99,0,47,0,52,0,0,0],"Index":1530,"Category":"(0)","CategoryNumber":0,"EventID":7036,"EntryType":4,"Message":"The Connected Devices Platform Service service entered the running state.","Source":"Service Control Manager","ReplacementStrings":["Connected Devices Platform Service","running"],"InstanceId":1073748860,"TimeGenerated":"\/Date(1580562411000)\/","TimeWritten":"\/Date(1580562411000)\/","UserName":null,"Site":null,"Container":null},{"MachineName":"SERWER01","Data":[85,0,115,0,111,0,83,0,118,0,99,0,47,0,52,0,0,0],"Index":1529,"Category":"(0)","CategoryNumber":0,"EventID":7036,"EntryType":4,"Message":"The Update Orchestrator Service service entered the running state.","Source":"Service Control Manager","ReplacementStrings":["Update Orchestrator Service","running"],"InstanceId":1073748860,"TimeGenerated":"\/Date(1580562411000)\/","TimeWritten":"\/Date(1580562411000)\/","UserName":null,"Site":null,"Container":null},{"MachineName":"SERWER01","Data":[119,0,117,0,97,0,117,0,115,0,101,0,114,0,118,0,47,0,52,0,0,0],"Index":1528,"Category":"(0)","CategoryNumber":0,"EventID":7036,"EntryType":4,"Message":"The Windows Update service entered the running state.","Source":"Service Control Manager","ReplacementStrings":["Windows Update","running"],"InstanceId":1073748860,"TimeGenerated":"\/Date(1580562405000)\/","TimeWritten":"\/Date(1580562405000)\/","UserName":null,"Site":null,"Container":null},{"MachineName":"SERWER01","Data":[78,0,101,0,116,0,83,0,101,0,116,0,117,0,112,0,83,0,118,0,99,0,47,0,52,0,0,0],"Index":1527,"Category":"(0)","CategoryNumber":0,"EventID":7036,"EntryType":4,"Message":"The Network Setup Service service entered the running state.","Source":"Service Control Manager","ReplacementStrings":["Network Setup Service","running"],"InstanceId":1073748860,"TimeGenerated":"\/Date(1580562402000)\/","TimeWritten":"\/Date(1580562402000)\/","UserName":null,"Site":null,"Container":null},{"MachineName":"SERWER01","Data":[85,0,65,0,76,0,83,0,86,0,67,0,47,0,52,0,0,0],"Index":1526,"Category":"(0)","CategoryNumber":0,"EventID":7036,"EntryType":4,"Message":"The User Access Logging Service service entered the running state.","Source":"Service Control Manager","ReplacementStrings":["User Access Logging Service","running"],"InstanceId":1073748860,"TimeGenerated":"\/Date(1580562402000)\/","TimeWritten":"\/Date(1580562402000)\/","UserName":null,"Site":null,"Container":null},{"MachineName":"SERWER01","Data":[87,0,80,0,68,0,66,0,117,0,115,0,69,0,110,0,117,0,109,0,47,0,49,0,0,0],"Index":1525,"Category":"(0)","CategoryNumber":0,"EventID":7036,"EntryType":4,"Message":"The Portable Device Enumerator Service service entered the stopped state.","Source":"Service Control Manager","ReplacementStrings":["Portable Device Enumerator Service","stopped"],"InstanceId":1073748860,"TimeGenerated":"\/Date(1580562401000)\/","TimeWritten":"\/Date(1580562401000)\/","UserName":null,"Site":null,"Container":null},{"MachineName":"SERWER01","Data":[115,0,112,0,112,0,115,0,118,0,99,0,47,0,52,0,0,0],"Index":1524,"Category":"(0)","CategoryNumber":0,"EventID":7036,"EntryType":4,"Message":"The Software Protection service entered the running state.","Source":"Service Control Manager","ReplacementStrings":["Software Protection","running"],"InstanceId":1073748860,"TimeGenerated":"\/Date(1580562400000)\/","TimeWritten":"\/Date(1580562400000)\/","UserName":null,"Site":null,"Container":null},{"MachineName":"SERWER01","Data":[77,0,83,0,68,0,84,0,67,0,47,0,52,0,0,0],"Index":1523,"Category":"(0)","CategoryNumber":0,"EventID":7036,"EntryType":4,"Message":"The Distributed Transaction Coordinator service entered the running state.","Source":"Service Control Manager","ReplacementStrings":["Distributed Transaction Coordinator","running"],"InstanceId":1073748860,"TimeGenerated":"\/Date(1580562400000)\/","TimeWritten":"\/Date(1580562400000)\/","UserName":null,"Site":null,"Container":null},{"MachineName":"SERWER01","Data":[68,0,80,0,83,0,47,0,52,0,0,0],"Index":1522,"Category":"(0)","CategoryNumber":0,"EventID":7036,"EntryType":4,"Message":"The Diagnostic Policy Service service entered the running state.","Source":"Service Control Manager","ReplacementStrings":["Diagnostic Policy Service","running"],"InstanceId":1073748860,"TimeGenerated":"\/Date(1580562400000)\/","TimeWritten":"\/Date(1580562400000)\/","UserName":null,"Site":null,"Container":null},{"MachineName":"SERWER01","Data":[115,0,112,0,112,0,115,0,118,0,99,0,47,0,49,0,0,0],"Index":1521,"Category":"(0)","CategoryNumber":0,"EventID":7036,"EntryType":4,"Message":"The Software Protection service entered the stopped state.","Source":"Service Control Manager","ReplacementStrings":["Software Protection","stopped"],"InstanceId":1073748860,"TimeGenerated":"\/Date(1580562325000)\/","TimeWritten":"\/Date(1580562325000)\/","UserName":null,"Site":null,"Container":null},{"MachineName":"SERWER01","Data":[78,0,101,0,116,0,83,0,101,0,116,0,117,0,112,0,83,0,118,0,99,0,47,0,49,0,0,0],"Index":1519,"Category":"(0)","CategoryNumber":0,"EventID":7036,"EntryType":4,"Message":"The Network Setup Service service entered the stopped state.","Source":"Service Control Manager","ReplacementStrings":["Network Setup Service","stopped"],"InstanceId":1073748860,"TimeGenerated":"\/Date(1580562298000)\/","TimeWritten":"\/Date(1580562298000)\/","UserName":null,"Site":null,"Container":null},{"MachineName":"SERWER01","Data":[78,0,101,0,116,0,83,0,101,0,116,0,117,0,112,0,83,0,118,0,99,0,47,0,52,0,0,0],"Index":1513,"Category":"(0)","CategoryNumber":0,"EventID":7036,"EntryType":4,"Message":"The Network Setup Service service entered the running state.","Source":"Service Control Manager","ReplacementStrings":["Network Setup Service","running"],"InstanceId":1073748860,"TimeGenerated":"\/Date(1580562294000)\/","TimeWritten":"\/Date(1580562294000)\/","UserName":null,"Site":null,"Container":null},{"MachineName":"SERWER01","Data":[87,0,100,0,78,0,105,0,115,0,83,0,118,0,99,0,47,0,52,0,0,0],"Index":1508,"Category":"(0)","CategoryNumber":0,"EventID":7036,"EntryType":4,"Message":"The Windows Defender Antivirus Network Inspection Service service entered the running state.","Source":"Service Control Manager","ReplacementStrings":["Windows Defender Antivirus Network Inspection Service","running"],"InstanceId":1073748860,"TimeGenerated":"\/Date(1580562286000)\/","TimeWritten":"\/Date(1580562286000)\/","UserName":null,"Site":null,"Container":null},{"MachineName":"SERWER01","Data":[78,0,99,0,98,0,83,0,101,0,114,0,118,0,105,0,99,0,101,0,47,0,52,0,0,0],"Index":1506,"Category":"(0)","CategoryNumber":0,"EventID":7036,"EntryType":4,"Message":"The NcbService service entered the running state.","Source":"Service Control Manager","ReplacementStrings":["NcbService","running"],"InstanceId":1073748860,"TimeGenerated":"\/Date(1580562282000)\/","TimeWritten":"\/Date(1580562282000)\/","UserName":null,"Site":null,"Container":null},{"MachineName":"SERWER01","Data":[115,0,112,0,112,0,115,0,118,0,99,0,47,0,52,0,0,0],"Index":1504,"Category":"(0)","CategoryNumber":0,"EventID":7036,"EntryType":4,"Message":"The Software Protection service entered the running state.","Source":"Service Control Manager","ReplacementStrings":["Software Protection","running"],"InstanceId":1073748860,"TimeGenerated":"\/Date(1580562281000)\/","TimeWritten":"\/Date(1580562281000)\/","UserName":null,"Site":null,"Container":null},{"MachineName":"SERWER01","Data":[68,0,105,0,97,0,103,0,84,0,114,0,97,0,99,0,107,0,47,0,52,0,0,0],"Index":1503,"Category":"(0)","CategoryNumber":0,"EventID":7036,"EntryType":4,"Message":"The DiagTrack service entered the running state.","Source":"Service Control Manager","ReplacementStrings":["DiagTrack","running"],"InstanceId":1073748860,"TimeGenerated":"\/Date(1580562281000)\/","TimeWritten":"\/Date(1580562281000)\/","UserName":null,"Site":null,"Container":null},{"MachineName":"SERWER01","Data":[84,0,101,0,97,0,109,0,86,0,105,0,101,0,119,0,101,0,114,0,47,0,52,0,0,0],"Index":1502,"Category":"(0)","CategoryNumber":0,"EventID":7036,"EntryType":4,"Message":"The TeamViewer service entered the running state.","Source":"Service Control Manager","ReplacementStrings":["TeamViewer","running"],"InstanceId":1073748860,"TimeGenerated":"\/Date(1580562281000)\/","TimeWritten":"\/Date(1580562281000)\/","UserName":null,"Site":null,"Container":null},{"MachineName":"SERWER01","Data":[118,0,109,0,99,0,111,0,109,0,112,0,117,0,116,0,101,0,47,0,52,0,0,0],"Index":1501,"Category":"(0)","CategoryNumber":0,"EventID":7036,"EntryType":4,"Message":"The Hyper-V Host Compute Service service entered the running state.","Source":"Service Control Manager","ReplacementStrings":["Hyper-V Host Compute Service","running"],"InstanceId":1073748860,"TimeGenerated":"\/Date(1580562281000)\/","TimeWritten":"\/Date(1580562281000)\/","UserName":null,"Site":null,"Container":null},{"MachineName":"SERWER01","Data":[68,0,78,0,83,0,47,0,52,0,0,0],"Index":1500,"Category":"(0)","CategoryNumber":0,"EventID":7036,"EntryType":4,"Message":"The DNS service entered the running state.","Source":"Service Control Manager","ReplacementStrings":["DNS","running"],"InstanceId":1073748860,"TimeGenerated":"\/Date(1580562280000)\/","TimeWritten":"\/Date(1580562280000)\/","UserName":null,"Site":null,"Container":null},{"MachineName":"SERWER01","Data":[118,0,109,0,109,0,115,0,47,0,52,0,0,0],"Index":1498,"Category":"(0)","CategoryNumber":0,"EventID":7036,"EntryType":4,"Message":"The vmms service entered the running state.","Source":"Service Control Manager","ReplacementStrings":["vmms","running"],"InstanceId":1073748860,"TimeGenerated":"\/Date(1580562280000)\/","TimeWritten":"\/Date(1580562280000)\/","UserName":null,"Site":null,"Container":null},{"MachineName":"SERWER01","Data":[87,0,105,0,110,0,82,0,77,0,47,0,52,0,0,0],"Index":1497,"Category":"(0)","CategoryNumber":0,"EventID":7036,"EntryType":4,"Message":"The WinRM service entered the running state.","Source":"Service Control Manager","ReplacementStrings":["WinRM","running"],"InstanceId":1073748860,"TimeGenerated":"\/Date(1580562280000)\/","TimeWritten":"\/Date(1580562280000)\/","UserName":null,"Site":null,"Container":null},{"MachineName":"SERWER01","Data":[78,0,102,0,115,0,83,0,101,0,114,0,118,0,105,0,99,0,101,0,47,0,52,0,0,0],"Index":1496,"Category":"(0)","CategoryNumber":0,"EventID":7036,"EntryType":4,"Message":"The NfsService service entered the running state.","Source":"Service Control Manager","ReplacementStrings":["NfsService","running"],"InstanceId":1073748860,"TimeGenerated":"\/Date(1580562280000)\/","TimeWritten":"\/Date(1580562280000)\/","UserName":null,"Site":null,"Container":null},{"MachineName":"SERWER01","Data":[76,0,97,0,110,0,109,0,97,0,110,0,83,0,101,0,114,0,118,0,101,0,114,0,47,0,52,0,0,0],"Index":1495,"Category":"(0)","CategoryNumber":0,"EventID":7036,"EntryType":4,"Message":"The LanmanServer service entered the running state.","Source":"Service Control Manager","ReplacementStrings":["LanmanServer","running"],"InstanceId":1073748860,"TimeGenerated":"\/Date(1580562280000)\/","TimeWritten":"\/Date(1580562280000)\/","UserName":null,"Site":null,"Container":null},{"MachineName":"SERWER01","Data":[87,0,105,0,110,0,68,0,101,0,102,0,101,0,110,0,100,0,47,0,52,0,0,0],"Index":1494,"Category":"(0)","CategoryNumber":0,"EventID":7036,"EntryType":4,"Message":"The WinDefend service entered the running state.","Source":"Service Control Manager","ReplacementStrings":["WinDefend","running"],"InstanceId":1073748860,"TimeGenerated":"\/Date(1580562280000)\/","TimeWritten":"\/Date(1580562280000)\/","UserName":null,"Site":null,"Container":null},{"MachineName":"SERWER01","Data":[105,0,112,0,104,0,108,0,112,0,115,0,118,0,99,0,47,0,52,0,0,0],"Index":1493,"Category":"(0)","CategoryNumber":0,"EventID":7036,"EntryType":4,"Message":"The iphlpsvc service entered the running state.","Source":"Service Control Manager","ReplacementStrings":["iphlpsvc","running"],"InstanceId":1073748860,"TimeGenerated":"\/Date(1580562280000)\/","TimeWritten":"\/Date(1580562280000)\/","UserName":null,"Site":null,"Container":null},{"MachineName":"SERWER01","Data":[87,0,112,0,110,0,83,0,101,0,114,0,118,0,105,0,99,0,101,0,47,0,52,0,0,0],"Index":1492,"Category":"(0)","CategoryNumber":0,"EventID":7036,"EntryType":4,"Message":"The WpnService service entered the running state.","Source":"Service Control Manager","ReplacementStrings":["WpnService","running"],"InstanceId":1073748860,"TimeGenerated":"\/Date(1580562280000)\/","TimeWritten":"\/Date(1580562280000)\/","UserName":null,"Site":null,"Container":null},{"MachineName":"SERWER01","Data":[87,0,51,0,50,0,84,0,105,0,109,0,101,0,47,0,52,0,0,0],"Index":1491,"Category":"(0)","CategoryNumber":0,"EventID":7036,"EntryType":4,"Message":"The W32Time service entered the running state.","Source":"Service Control Manager","ReplacementStrings":["W32Time","running"],"InstanceId":1073748860,"TimeGenerated":"\/Date(1580562280000)\/","TimeWritten":"\/Date(1580562280000)\/","UserName":null,"Site":null,"Container":null},{"MachineName":"SERWER01","Data":[67,0,114,0,121,0,112,0,116,0,83,0,118,0,99,0,47,0,52,0,0,0],"Index":1489,"Category":"(0)","CategoryNumber":0,"EventID":7036,"EntryType":4,"Message":"The CryptSvc service entered the running state.","Source":"Service Control Manager","ReplacementStrings":["CryptSvc","running"],"InstanceId":1073748860,"TimeGenerated":"\/Date(1580562280000)\/","TimeWritten":"\/Date(1580562280000)\/","UserName":null,"Site":null,"Container":null},{"MachineName":"SERWER01","Data":[87,0,105,0,110,0,109,0,103,0,109,0,116,0,47,0,52,0,0,0],"Index":1488,"Category":"(0)","CategoryNumber":0,"EventID":7036,"EntryType":4,"Message":"The Winmgmt service entered the running state.","Source":"Service Control Manager","ReplacementStrings":["Winmgmt","running"],"InstanceId":1073748860,"TimeGenerated":"\/Date(1580562280000)\/","TimeWritten":"\/Date(1580562280000)\/","UserName":null,"Site":null,"Container":null},{"MachineName":"SERWER01","Data":[84,0,114,0,107,0,87,0,107,0,115,0,47,0,52,0,0,0],"Index":1487,"Category":"(0)","CategoryNumber":0,"EventID":7036,"EntryType":4,"Message":"The TrkWks service entered the running state.","Source":"Service Control Manager","ReplacementStrings":["TrkWks","running"],"InstanceId":1073748860,"TimeGenerated":"\/Date(1580562280000)\/","TimeWritten":"\/Date(1580562280000)\/","UserName":null,"Site":null,"Container":null},{"MachineName":"SERWER01","Data":[82,0,101,0,109,0,111,0,116,0,101,0,82,0,101,0,103,0,105,0,115,0,116,0,114,0,121,0,47,0,52,0,0,0],"Index":1486,"Category":"(0)","CategoryNumber":0,"EventID":7036,"EntryType":4,"Message":"The RemoteRegistry service entered the running state.","Source":"Service Control Manager","ReplacementStrings":["RemoteRegistry","running"],"InstanceId":1073748860,"TimeGenerated":"\/Date(1580562280000)\/","TimeWritten":"\/Date(1580562280000)\/","UserName":null,"Site":null,"Container":null},{"MachineName":"SERWER01","Data":[67,0,111,0,114,0,101,0,77,0,101,0,115,0,115,0,97,0,103,0,105,0,110,0,103,0,82,0,101,0,103,0,105,0,115,0,116,0,114,0,97,0,114,0,47,0,52,0,0,0],"Index":1485,"Category":"(0)","CategoryNumber":0,"EventID":7036,"EntryType":4,"Message":"The CoreMessagingRegistrar service entered the running state.","Source":"Service Control Manager","ReplacementStrings":["CoreMessagingRegistrar","running"],"InstanceId":1073748860,"TimeGenerated":"\/Date(1580562280000)\/","TimeWritten":"\/Date(1580562280000)\/","UserName":null,"Site":null,"Container":null},{"MachineName":"SERWER01","Data":[83,0,121,0,115,0,77,0,97,0,105,0,110,0,47,0,52,0,0,0],"Index":1484,"Category":"(0)","CategoryNumber":0,"EventID":7036,"EntryType":4,"Message":"The SysMain service entered the running state.","Source":"Service Control Manager","ReplacementStrings":["SysMain","running"],"InstanceId":1073748860,"TimeGenerated":"\/Date(1580562280000)\/","TimeWritten":"\/Date(1580562280000)\/","UserName":null,"Site":null,"Container":null},{"MachineName":"SERWER01","Data":[83,0,112,0,111,0,111,0,108,0,101,0,114,0,47,0,52,0,0,0],"Index":1482,"Category":"(0)","CategoryNumber":0,"EventID":7036,"EntryType":4,"Message":"The Spooler service entered the running state.","Source":"Service Control Manager","ReplacementStrings":["Spooler","running"],"InstanceId":1073748860,"TimeGenerated":"\/Date(1580562280000)\/","TimeWritten":"\/Date(1580562280000)\/","UserName":null,"Site":null,"Container":null},{"MachineName":"SERWER01","Data":[72,0,118,0,72,0,111,0,115,0,116,0,47,0,52,0,0,0],"Index":1481,"Category":"(0)","CategoryNumber":0,"EventID":7036,"EntryType":4,"Message":"The HvHost service entered the running state.","Source":"Service Control Manager","ReplacementStrings":["HvHost","running"],"InstanceId":1073748860,"TimeGenerated":"\/Date(1580562280000)\/","TimeWritten":"\/Date(1580562280000)\/","UserName":null,"Site":null,"Container":null},{"MachineName":"SERWER01","Data":[108,0,109,0,104,0,111,0,115,0,116,0,115,0,47,0,52,0,0,0],"Index":1479,"Category":"(0)","CategoryNumber":0,"EventID":7036,"EntryType":4,"Message":"The lmhosts service entered the running state.","Source":"Service Control Manager","ReplacementStrings":["lmhosts","running"],"InstanceId":1073748860,"TimeGenerated":"\/Date(1580562280000)\/","TimeWritten":"\/Date(1580562280000)\/","UserName":null,"Site":null,"Container":null},{"MachineName":"SERWER01","Data":[109,0,112,0,115,0,115,0,118,0,99,0,47,0,52,0,0,0],"Index":1478,"Category":"(0)","CategoryNumber":0,"EventID":7036,"EntryType":4,"Message":"The mpssvc service entered the running state.","Source":"Service Control Manager","ReplacementStrings":["mpssvc","running"],"InstanceId":1073748860,"TimeGenerated":"\/Date(1580562280000)\/","TimeWritten":"\/Date(1580562280000)\/","UserName":null,"Site":null,"Container":null},{"MachineName":"SERWER01","Data":[83,0,97,0,109,0,83,0,115,0,47,0,52,0,0,0],"Index":1477,"Category":"(0)","CategoryNumber":0,"EventID":7036,"EntryType":4,"Message":"The SamSs service entered the running state.","Source":"Service Control Manager","ReplacementStrings":["SamSs","running"],"InstanceId":1073748860,"TimeGenerated":"\/Date(1580562280000)\/","TimeWritten":"\/Date(1580562280000)\/","UserName":null,"Site":null,"Container":null},{"MachineName":"SERWER01","Data":[75,0,101,0,121,0,73,0,115,0,111,0,47,0,52,0,0,0],"Index":1476,"Category":"(0)","CategoryNumber":0,"EventID":7036,"EntryType":4,"Message":"The KeyIso service entered the running state.","Source":"Service Control Manager","ReplacementStrings":["KeyIso","running"],"InstanceId":1073748860,"TimeGenerated":"\/Date(1580562280000)\/","TimeWritten":"\/Date(1580562280000)\/","UserName":null,"Site":null,"Container":null},{"MachineName":"SERWER01","Data":[66,0,70,0,69,0,47,0,52,0,0,0],"Index":1474,"Category":"(0)","CategoryNumber":0,"EventID":7036,"EntryType":4,"Message":"The BFE service entered the running state.","Source":"Service Control Manager","ReplacementStrings":["BFE","running"],"InstanceId":1073748860,"TimeGenerated":"\/Date(1580562280000)\/","TimeWritten":"\/Date(1580562280000)\/","UserName":null,"Site":null,"Container":null},{"MachineName":"SERWER01","Data":[87,0,99,0,109,0,115,0,118,0,99,0,47,0,52,0,0,0],"Index":1473,"Category":"(0)","CategoryNumber":0,"EventID":7036,"EntryType":4,"Message":"The Wcmsvc service entered the running state.","Source":"Service Control Manager","ReplacementStrings":["Wcmsvc","running"],"InstanceId":1073748860,"TimeGenerated":"\/Date(1580562280000)\/","TimeWritten":"\/Date(1580562280000)\/","UserName":null,"Site":null,"Container":null},{"MachineName":"SERWER01","Data":[87,0,105,0,110,0,72,0,116,0,116,0,112,0,65,0,117,0,116,0,111,0,80,0,114,0,111,0,120,0,121,0,83,0,118,0,99,0,47,0,52,0,0,0],"Index":1472,"Category":"(0)","CategoryNumber":0,"EventID":7036,"EntryType":4,"Message":"The WinHttpAutoProxySvc service entered the running state.","Source":"Service Control Manager","ReplacementStrings":["WinHttpAutoProxySvc","running"],"InstanceId":1073748860,"TimeGenerated":"\/Date(1580562280000)\/","TimeWritten":"\/Date(1580562280000)\/","UserName":null,"Site":null,"Container":null},{"MachineName":"SERWER01","Data":[110,0,101,0,116,0,112,0,114,0,111,0,102,0,109,0,47,0,52,0,0,0],"Index":1471,"Category":"(0)","CategoryNumber":0,"EventID":7036,"EntryType":4,"Message":"The netprofm service entered the running state.","Source":"Service Control Manager","ReplacementStrings":["netprofm","running"],"InstanceId":1073748860,"TimeGenerated":"\/Date(1580562280000)\/","TimeWritten":"\/Date(1580562280000)\/","UserName":null,"Site":null,"Container":null},{"MachineName":"SERWER01","Data":[70,0,111,0,110,0,116,0,67,0,97,0,99,0,104,0,101,0,47,0,52,0,0,0],"Index":1470,"Category":"(0)","CategoryNumber":0,"EventID":7036,"EntryType":4,"Message":"The FontCache service entered the running state.","Source":"Service Control Manager","ReplacementStrings":["FontCache","running"],"InstanceId":1073748860,"TimeGenerated":"\/Date(1580562279000)\/","TimeWritten":"\/Date(1580562279000)\/","UserName":null,"Site":null,"Container":null},{"MachineName":"SERWER01","Data":[78,0,108,0,97,0,83,0,118,0,99,0,47,0,52,0,0,0],"Index":1469,"Category":"(0)","CategoryNumber":0,"EventID":7036,"EntryType":4,"Message":"The NlaSvc service entered the running state.","Source":"Service Control Manager","ReplacementStrings":["NlaSvc","running"],"InstanceId":1073748860,"TimeGenerated":"\/Date(1580562279000)\/","TimeWritten":"\/Date(1580562279000)\/","UserName":null,"Site":null,"Container":null},{"MachineName":"SERWER01","Data":[83,0,101,0,115,0,115,0,105,0,111,0,110,0,69,0,110,0,118,0,47,0,52,0,0,0],"Index":1468,"Category":"(0)","CategoryNumber":0,"EventID":7036,"EntryType":4,"Message":"The SessionEnv service entered the running state.","Source":"Service Control Manager","ReplacementStrings":["SessionEnv","running"],"InstanceId":1073748860,"TimeGenerated":"\/Date(1580562279000)\/","TimeWritten":"\/Date(1580562279000)\/","UserName":null,"Site":null,"Container":null},{"MachineName":"SERWER01","Data":[85,0,115,0,101,0,114,0,77,0,97,0,110,0,97,0,103,0,101,0,114,0,47,0,52,0,0,0],"Index":1467,"Category":"(0)","CategoryNumber":0,"EventID":7036,"EntryType":4,"Message":"The UserManager service entered the running state.","Source":"Service Control Manager","ReplacementStrings":["UserManager","running"],"InstanceId":1073748860,"TimeGenerated":"\/Date(1580562279000)\/","TimeWritten":"\/Date(1580562279000)\/","UserName":null,"Site":null,"Container":null},{"MachineName":"SERWER01","Data":[83,0,104,0,101,0,108,0,108,0,72,0,87,0,68,0,101,0,116,0,101,0,99,0,116,0,105,0,111,0,110,0,47,0,52,0,0,0],"Index":1466,"Category":"(0)","CategoryNumber":0,"EventID":7036,"EntryType":4,"Message":"The ShellHWDetection service entered the running state.","Source":"Service Control Manager","ReplacementStrings":["ShellHWDetection","running"],"InstanceId":1073748860,"TimeGenerated":"\/Date(1580562279000)\/","TimeWritten":"\/Date(1580562279000)\/","UserName":null,"Site":null,"Container":null},{"MachineName":"SERWER01","Data":[76,0,97,0,110,0,109,0,97,0,110,0,87,0,111,0,114,0,107,0,115,0,116,0,97,0,116,0,105,0,111,0,110,0,47,0,52,0,0,0],"Index":1465,"Category":"(0)","CategoryNumber":0,"EventID":7036,"EntryType":4,"Message":"The LanmanWorkstation service entered the running state.","Source":"Service Control Manager","ReplacementStrings":["LanmanWorkstation","running"],"InstanceId":1073748860,"TimeGenerated":"\/Date(1580562279000)\/","TimeWritten":"\/Date(1580562279000)\/","UserName":null,"Site":null,"Container":null},{"MachineName":"SERWER01","Data":[68,0,104,0,99,0,112,0,47,0,52,0,0,0],"Index":1464,"Category":"(0)","CategoryNumber":0,"EventID":7036,"EntryType":4,"Message":"The Dhcp service entered the running state.","Source":"Service Control Manager","ReplacementStrings":["Dhcp","running"],"InstanceId":1073748860,"TimeGenerated":"\/Date(1580562279000)\/","TimeWritten":"\/Date(1580562279000)\/","UserName":null,"Site":null,"Container":null},{"MachineName":"SERWER01","Data":[68,0,110,0,115,0,99,0,97,0,99,0,104,0,101,0,47,0,52,0,0,0],"Index":1463,"Category":"(0)","CategoryNumber":0,"EventID":7036,"EntryType":4,"Message":"The Dnscache service entered the running state.","Source":"Service Control Manager","ReplacementStrings":["Dnscache","running"],"InstanceId":1073748860,"TimeGenerated":"\/Date(1580562279000)\/","TimeWritten":"\/Date(1580562279000)\/","UserName":null,"Site":null,"Container":null},{"MachineName":"SERWER01","Data":[83,0,99,0,104,0,101,0,100,0,117,0,108,0,101,0,47,0,52,0,0,0],"Index":1459,"Category":"(0)","CategoryNumber":0,"EventID":7036,"EntryType":4,"Message":"The Schedule service entered the running state.","Source":"Service Control Manager","ReplacementStrings":["Schedule","running"],"InstanceId":1073748860,"TimeGenerated":"\/Date(1580562279000)\/","TimeWritten":"\/Date(1580562279000)\/","UserName":null,"Site":null,"Container":null},{"MachineName":"SERWER01","Data":[110,0,115,0,105,0,47,0,52,0,0,0],"Index":1458,"Category":"(0)","CategoryNumber":0,"EventID":7036,"EntryType":4,"Message":"The nsi service entered the running state.","Source":"Service Control Manager","ReplacementStrings":["nsi","running"],"InstanceId":1073748860,"TimeGenerated":"\/Date(1580562279000)\/","TimeWritten":"\/Date(1580562279000)\/","UserName":null,"Site":null,"Container":null},{"MachineName":"SERWER01","Data":[67,0,101,0,114,0,116,0,80,0,114,0,111,0,112,0,83,0,118,0,99,0,47,0,52,0,0,0],"Index":1457,"Category":"(0)","CategoryNumber":0,"EventID":7036,"EntryType":4,"Message":"The CertPropSvc service entered the running state.","Source":"Service Control Manager","ReplacementStrings":["CertPropSvc","running"],"InstanceId":1073748860,"TimeGenerated":"\/Date(1580562279000)\/","TimeWritten":"\/Date(1580562279000)\/","UserName":null,"Site":null,"Container":null},{"MachineName":"SERWER01","Data":[83,0,69,0,78,0,83,0,47,0,52,0,0,0],"Index":1456,"Category":"(0)","CategoryNumber":0,"EventID":7036,"EntryType":4,"Message":"The SENS service entered the running state.","Source":"Service Control Manager","ReplacementStrings":["SENS","running"],"InstanceId":1073748860,"TimeGenerated":"\/Date(1580562279000)\/","TimeWritten":"\/Date(1580562279000)\/","UserName":null,"Site":null,"Container":null},{"MachineName":"SERWER01","Data":[84,0,114,0,117,0,115,0,116,0,101,0,100,0,73,0,110,0,115,0,116,0,97,0,108,0,108,0,101,0,114,0,47,0,52,0,0,0],"Index":1455,"Category":"(0)","CategoryNumber":0,"EventID":7036,"EntryType":4,"Message":"The TrustedInstaller service entered the running state.","Source":"Service Control Manager","ReplacementStrings":["TrustedInstaller","running"],"InstanceId":1073748860,"TimeGenerated":"\/Date(1580562279000)\/","TimeWritten":"\/Date(1580562279000)\/","UserName":null,"Site":null,"Container":null},{"MachineName":"SERWER01","Data":[85,0,109,0,82,0,100,0,112,0,83,0,101,0,114,0,118,0,105,0,99,0,101,0,47,0,52,0,0,0],"Index":1454,"Category":"(0)","CategoryNumber":0,"EventID":7036,"EntryType":4,"Message":"The UmRdpService service entered the running state.","Source":"Service Control Manager","ReplacementStrings":["UmRdpService","running"],"InstanceId":1073748860,"TimeGenerated":"\/Date(1580562279000)\/","TimeWritten":"\/Date(1580562279000)\/","UserName":null,"Site":null,"Container":null},{"MachineName":"SERWER01","Data":[69,0,118,0,101,0,110,0,116,0,83,0,121,0,115,0,116,0,101,0,109,0,47,0,52,0,0,0],"Index":1453,"Category":"(0)","CategoryNumber":0,"EventID":7036,"EntryType":4,"Message":"The EventSystem service entered the running state.","Source":"Service Control Manager","ReplacementStrings":["EventSystem","running"],"InstanceId":1073748860,"TimeGenerated":"\/Date(1580562279000)\/","TimeWritten":"\/Date(1580562279000)\/","UserName":null,"Site":null,"Container":null},{"MachineName":"SERWER01","Data":[103,0,112,0,115,0,118,0,99,0,47,0,52,0,0,0],"Index":1452,"Category":"(0)","CategoryNumber":0,"EventID":7036,"EntryType":4,"Message":"The gpsvc service entered the running state.","Source":"Service Control Manager","ReplacementStrings":["gpsvc","running"],"InstanceId":1073748860,"TimeGenerated":"\/Date(1580562279000)\/","TimeWritten":"\/Date(1580562279000)\/","UserName":null,"Site":null,"Container":null},{"MachineName":"SERWER01","Data":[80,0,114,0,111,0,102,0,83,0,118,0,99,0,47,0,52,0,0,0],"Index":1451,"Category":"(0)","CategoryNumber":0,"EventID":7036,"EntryType":4,"Message":"The ProfSvc service entered the running state.","Source":"Service Control Manager","ReplacementStrings":["ProfSvc","running"],"InstanceId":1073748860,"TimeGenerated":"\/Date(1580562279000)\/","TimeWritten":"\/Date(1580562279000)\/","UserName":null,"Site":null,"Container":null},{"MachineName":"SERWER01","Data":[84,0,104,0,101,0,109,0,101,0,115,0,47,0,52,0,0,0],"Index":1450,"Category":"(0)","CategoryNumber":0,"EventID":7036,"EntryType":4,"Message":"The Themes service entered the running state.","Source":"Service Control Manager","ReplacementStrings":["Themes","running"],"InstanceId":1073748860,"TimeGenerated":"\/Date(1580562279000)\/","TimeWritten":"\/Date(1580562279000)\/","UserName":null,"Site":null,"Container":null},{"MachineName":"SERWER01","Data":[69,0,118,0,101,0,110,0,116,0,76,0,111,0,103,0,47,0,52,0,0,0],"Index":1449,"Category":"(0)","CategoryNumber":0,"EventID":7036,"EntryType":4,"Message":"The EventLog service entered the running state.","Source":"Service Control Manager","ReplacementStrings":["EventLog","running"],"InstanceId":1073748860,"TimeGenerated":"\/Date(1580562279000)\/","TimeWritten":"\/Date(1580562279000)\/","UserName":null,"Site":null,"Container":null},{"MachineName":"SERWER01","Data":[87,0,80,0,68,0,66,0,117,0,115,0,69,0,110,0,117,0,109,0,47,0,52,0,0,0],"Index":1444,"Category":"(0)","CategoryNumber":0,"EventID":7036,"EntryType":4,"Message":"The WPDBusEnum service entered the running state.","Source":"Service Control Manager","ReplacementStrings":["WPDBusEnum","running"],"InstanceId":1073748860,"TimeGenerated":"\/Date(1580562279000)\/","TimeWritten":"\/Date(1580562279000)\/","UserName":null,"Site":null,"Container":null},{"MachineName":"SERWER01","Data":[84,0,105,0,109,0,101,0,66,0,114,0,111,0,107,0,101,0,114,0,83,0,118,0,99,0,47,0,52,0,0,0],"Index":1441,"Category":"(0)","CategoryNumber":0,"EventID":7036,"EntryType":4,"Message":"The TimeBrokerSvc service entered the running state.","Source":"Service Control Manager","ReplacementStrings":["TimeBrokerSvc","running"],"InstanceId":1073748860,"TimeGenerated":"\/Date(1580562279000)\/","TimeWritten":"\/Date(1580562279000)\/","UserName":null,"Site":null,"Container":null},{"MachineName":"SERWER01","Data":[84,0,101,0,114,0,109,0,83,0,101,0,114,0,118,0,105,0,99,0,101,0,47,0,52,0,0,0],"Index":1440,"Category":"(0)","CategoryNumber":0,"EventID":7036,"EntryType":4,"Message":"The TermService service entered the running state.","Source":"Service Control Manager","ReplacementStrings":["TermService","running"],"InstanceId":1073748860,"TimeGenerated":"\/Date(1580562279000)\/","TimeWritten":"\/Date(1580562279000)\/","UserName":null,"Site":null,"Container":null},{"MachineName":"SERWER01","Data":[83,0,121,0,115,0,116,0,101,0,109,0,69,0,118,0,101,0,110,0,116,0,115,0,66,0,114,0,111,0,107,0,101,0,114,0,47,0,52,0,0,0],"Index":1437,"Category":"(0)","CategoryNumber":0,"EventID":7036,"EntryType":4,"Message":"The SystemEventsBroker service entered the running state.","Source":"Service Control Manager","ReplacementStrings":["SystemEventsBroker","running"],"InstanceId":1073748860,"TimeGenerated":"\/Date(1580562279000)\/","TimeWritten":"\/Date(1580562279000)\/","UserName":null,"Site":null,"Container":null},{"MachineName":"SERWER01","Data":[66,0,114,0,111,0,107,0,101,0,114,0,73,0,110,0,102,0,114,0,97,0,115,0,116,0,114,0,117,0,99,0,116,0,117,0,114,0,101,0,47,0,52,0,0,0],"Index":1436,"Category":"(0)","CategoryNumber":0,"EventID":7036,"EntryType":4,"Message":"The BrokerInfrastructure service entered the running state.","Source":"Service Control Manager","ReplacementStrings":["BrokerInfrastructure","running"],"InstanceId":1073748860,"TimeGenerated":"\/Date(1580562279000)\/","TimeWritten":"\/Date(1580562279000)\/","UserName":null,"Site":null,"Container":null},{"MachineName":"SERWER01","Data":[76,0,83,0,77,0,47,0,52,0,0,0],"Index":1435,"Category":"(0)","CategoryNumber":0,"EventID":7036,"EntryType":4,"Message":"The LSM service entered the running state.","Source":"Service Control Manager","ReplacementStrings":["LSM","running"],"InstanceId":1073748860,"TimeGenerated":"\/Date(1580562279000)\/","TimeWritten":"\/Date(1580562279000)\/","UserName":null,"Site":null,"Container":null},{"MachineName":"SERWER01","Data":[82,0,112,0,99,0,83,0,115,0,47,0,52,0,0,0],"Index":1434,"Category":"(0)","CategoryNumber":0,"EventID":7036,"EntryType":4,"Message":"The RpcSs service entered the running state.","Source":"Service Control Manager","ReplacementStrings":["RpcSs","running"],"InstanceId":1073748860,"TimeGenerated":"\/Date(1580562279000)\/","TimeWritten":"\/Date(1580562279000)\/","UserName":null,"Site":null,"Container":null},{"MachineName":"SERWER01","Data":[82,0,112,0,99,0,69,0,112,0,116,0,77,0,97,0,112,0,112,0,101,0,114,0,47,0,52,0,0,0],"Index":1433,"Category":"(0)","CategoryNumber":0,"EventID":7036,"EntryType":4,"Message":"The RpcEptMapper service entered the running state.","Source":"Service Control Manager","ReplacementStrings":["RpcEptMapper","running"],"InstanceId":1073748860,"TimeGenerated":"\/Date(1580562279000)\/","TimeWritten":"\/Date(1580562279000)\/","UserName":null,"Site":null,"Container":null},{"MachineName":"SERWER01","Data":[68,0,99,0,111,0,109,0,76,0,97,0,117,0,110,0,99,0,104,0,47,0,52,0,0,0],"Index":1432,"Category":"(0)","CategoryNumber":0,"EventID":7036,"EntryType":4,"Message":"The DcomLaunch service entered the running state.","Source":"Service Control Manager","ReplacementStrings":["DcomLaunch","running"],"InstanceId":1073748860,"TimeGenerated":"\/Date(1580562279000)\/","TimeWritten":"\/Date(1580562279000)\/","UserName":null,"Site":null,"Container":null},{"MachineName":"SERWER01","Data":[80,0,111,0,119,0,101,0,114,0,47,0,52,0,0,0],"Index":1431,"Category":"(0)","CategoryNumber":0,"EventID":7036,"EntryType":4,"Message":"The Power service entered the running state.","Source":"Service Control Manager","ReplacementStrings":["Power","running"],"InstanceId":1073748860,"TimeGenerated":"\/Date(1580562279000)\/","TimeWritten":"\/Date(1580562279000)\/","UserName":null,"Site":null,"Container":null},{"MachineName":"SERWER01","Data":[80,0,108,0,117,0,103,0,80,0,108,0,97,0,121,0,47,0,52,0,0,0],"Index":1430,"Category":"(0)","CategoryNumber":0,"EventID":7036,"EntryType":4,"Message":"The PlugPlay service entered the running state.","Source":"Service Control Manager","ReplacementStrings":["PlugPlay","running"],"InstanceId":1073748860,"TimeGenerated":"\/Date(1580562279000)\/","TimeWritten":"\/Date(1580562279000)\/","UserName":null,"Site":null,"Container":null},{"MachineName":"SERWER01","Data":[67,0,114,0,121,0,112,0,116,0,83,0,118,0,99,0,47,0,49,0,0,0],"Index":1385,"Category":"(0)","CategoryNumber":0,"EventID":7036,"EntryType":4,"Message":"The Cryptographic Services service entered the stopped state.","Source":"Service Control Manager","ReplacementStrings":["Cryptographic Services","stopped"],"InstanceId":1073748860,"TimeGenerated":"\/Date(1580562105000)\/","TimeWritten":"\/Date(1580562105000)\/","UserName":null,"Site":null,"Container":null},{"MachineName":"SERWER01","Data":[119,0,117,0,97,0,117,0,115,0,101,0,114,0,118,0,47,0,49,0,0,0],"Index":1379,"Category":"(0)","CategoryNumber":0,"EventID":7036,"EntryType":4,"Message":"The Windows Update service entered the stopped state.","Source":"Service Control Manager","ReplacementStrings":["Windows Update","stopped"],"InstanceId":1073748860,"TimeGenerated":"\/Date(1580562100000)\/","TimeWritten":"\/Date(1580562100000)\/","UserName":null,"Site":null,"Container":null},{"MachineName":"SERWER01","Data":[68,0,78,0,83,0,47,0,49,0,0,0],"Index":1378,"Category":"(0)","CategoryNumber":0,"EventID":7036,"EntryType":4,"Message":"The DNS Server service entered the stopped state.","Source":"Service Control Manager","ReplacementStrings":["DNS Server","stopped"],"InstanceId":1073748860,"TimeGenerated":"\/Date(1580562099000)\/","TimeWritten":"\/Date(1580562099000)\/","UserName":null,"Site":null,"Container":null},{"MachineName":"SERWER01","Data":[83,0,99,0,104,0,101,0,100,0,117,0,108,0,101,0,47,0,49,0,0,0],"Index":1377,"Category":"(0)","CategoryNumber":0,"EventID":7036,"EntryType":4,"Message":"The Task Scheduler service entered the stopped state.","Source":"Service Control Manager","ReplacementStrings":["Task Scheduler","stopped"],"InstanceId":1073748860,"TimeGenerated":"\/Date(1580562099000)\/","TimeWritten":"\/Date(1580562099000)\/","UserName":null,"Site":null,"Container":null},