{"MachineName":"SERWER01","Data":[87,0,112,0,110,0,85,0,115,0,101,0,114,0,83,0,101,0,114,0,118,0,105,0,99,0,101,0,95,0,52,0,99,0,99,0,102,0,54,0,47,0,52,0,0,0],"Index":4621,"Category":"(0)","CategoryNumber":0,"EventID":7036,"EntryType":4,"Message":"The Windows Push Notifications User Service_4ccf6 service entered the running state.","Source":"Service Control Manager","ReplacementStrings":["Windows Push Notifications User Service_4ccf6","running"],"InstanceId":1073748860,"TimeGenerated":"\/Date(1580981096000)\/","TimeWritten":"\/Date(1580981096000)\/","UserName":null,"Site":null,"Container":null},{"MachineName":"SERWER01","Data":[83,0,116,0,97,0,116,0,101,0,82,0,101,0,112,0,111,0,115,0,105,0,116,0,111,0,114,0,121,0,47,0,52,0,0,0],"Index":4620,"Category":"(0)","CategoryNumber":0,"EventID":7036,"EntryType":4,"Message":"The State Repository Service service entered the running state.","Source":"Service Control Manager","ReplacementStrings":["State Repository Service","running"],"InstanceId":1073748860,"TimeGenerated":"\/Date(1580981096000)\/","TimeWritten":"\/Date(1580981096000)\/","UserName":null,"Site":null,"Container":null},{"MachineName":"SERWER01","Data":[99,0,97,0,109,0,115,0,118,0,99,0,47,0,52,0,0,0],"Index":4615,"Category":"(0)","CategoryNumber":0,"EventID":7036,"EntryType":4,"Message":"The Capability Access Manager Service service entered the running state.","Source":"Service Control Manager","ReplacementStrings":["Capability Access Manager Service","running"],"InstanceId":1073748860,"TimeGenerated":"\/Date(1580981086000)\/","TimeWritten":"\/Date(1580981086000)\/","UserName":null,"Site":null,"Container":null},{"MachineName":"SERWER01","Data":[116,0,122,0,97,0,117,0,116,0,111,0,117,0,112,0,100,0,97,0,116,0,101,0,47,0,52,0,0,0],"Index":4614,"Category":"(0)","CategoryNumber":0,"EventID":7036,"EntryType":4,"Message":"The Auto Time Zone Updater service entered the running state.","Source":"Service Control Manager","ReplacementStrings":["Auto Time Zone Updater","running"],"InstanceId":1073748860,"TimeGenerated":"\/Date(1580981086000)\/","TimeWritten":"\/Date(1580981086000)\/","UserName":null,"Site":null,"Container":null},{"MachineName":"SERWER01","Data":[87,0,100,0,78,0,105,0,115,0,83,0,118,0,99,0,47,0,52,0,0,0],"Index":4612,"Category":"(0)","CategoryNumber":0,"EventID":7036,"EntryType":4,"Message":"The Windows Defender Antivirus Network Inspection Service service entered the running state.","Source":"Service Control Manager","ReplacementStrings":["Windows Defender Antivirus Network Inspection Service","running"],"InstanceId":1073748860,"TimeGenerated":"\/Date(1580981085000)\/","TimeWritten":"\/Date(1580981085000)\/","UserName":null,"Site":null,"Container":null},{"MachineName":"SERWER01","Data":[78,0,99,0,98,0,83,0,101,0,114,0,118,0,105,0,99,0,101,0,47,0,52,0,0,0],"Index":4610,"Category":"(0)","CategoryNumber":0,"EventID":7036,"EntryType":4,"Message":"The NcbService service entered the running state.","Source":"Service Control Manager","ReplacementStrings":["NcbService","running"],"InstanceId":1073748860,"TimeGenerated":"\/Date(1580981084000)\/","TimeWritten":"\/Date(1580981084000)\/","UserName":null,"Site":null,"Container":null},{"MachineName":"SERWER01","Data":[70,0,68,0,82,0,101,0,115,0,80,0,117,0,98,0,47,0,52,0,0,0],"Index":4609,"Category":"(0)","CategoryNumber":0,"EventID":7036,"EntryType":4,"Message":"The Function Discovery Resource Publication service entered the running state.","Source":"Service Control Manager","ReplacementStrings":["Function Discovery Resource Publication","running"],"InstanceId":1073748860,"TimeGenerated":"\/Date(1580981084000)\/","TimeWritten":"\/Date(1580981084000)\/","UserName":null,"Site":null,"Container":null},{"MachineName":"SERWER01","Data":[102,0,100,0,80,0,72,0,111,0,115,0,116,0,47,0,52,0,0,0],"Index":4608,"Category":"(0)","CategoryNumber":0,"EventID":7036,"EntryType":4,"Message":"The Function Discovery Provider Host service entered the running state.","Source":"Service Control Manager","ReplacementStrings":["Function Discovery Provider Host","running"],"InstanceId":1073748860,"TimeGenerated":"\/Date(1580981084000)\/","TimeWritten":"\/Date(1580981084000)\/","UserName":null,"Site":null,"Container":null},{"MachineName":"SERWER01","Data":[115,0,112,0,112,0,115,0,118,0,99,0,47,0,52,0,0,0],"Index":4607,"Category":"(0)","CategoryNumber":0,"EventID":7036,"EntryType":4,"Message":"The Software Protection service entered the running state.","Source":"Service Control Manager","ReplacementStrings":["Software Protection","running"],"InstanceId":1073748860,"TimeGenerated":"\/Date(1580981083000)\/","TimeWritten":"\/Date(1580981083000)\/","UserName":null,"Site":null,"Container":null},{"MachineName":"SERWER01","Data":[68,0,105,0,97,0,103,0,84,0,114,0,97,0,99,0,107,0,47,0,52,0,0,0],"Index":4606,"Category":"(0)","CategoryNumber":0,"EventID":7036,"EntryType":4,"Message":"The DiagTrack service entered the running state.","Source":"Service Control Manager","ReplacementStrings":["DiagTrack","running"],"InstanceId":1073748860,"TimeGenerated":"\/Date(1580981083000)\/","TimeWritten":"\/Date(1580981083000)\/","UserName":null,"Site":null,"Container":null},{"MachineName":"SERWER01","Data":[84,0,101,0,97,0,109,0,86,0,105,0,101,0,119,0,101,0,114,0,47,0,52,0,0,0],"Index":4605,"Category":"(0)","CategoryNumber":0,"EventID":7036,"EntryType":4,"Message":"The TeamViewer service entered the running state.","Source":"Service Control Manager","ReplacementStrings":["TeamViewer","running"],"InstanceId":1073748860,"TimeGenerated":"\/Date(1580981083000)\/","TimeWritten":"\/Date(1580981083000)\/","UserName":null,"Site":null,"Container":null},{"MachineName":"SERWER01","Data":[118,0,109,0,99,0,111,0,109,0,112,0,117,0,116,0,101,0,47,0,52,0,0,0],"Index":4604,"Category":"(0)","CategoryNumber":0,"EventID":7036,"EntryType":4,"Message":"The Hyper-V Host Compute Service service entered the running state.","Source":"Service Control Manager","ReplacementStrings":["Hyper-V Host Compute Service","running"],"InstanceId":1073748860,"TimeGenerated":"\/Date(1580981083000)\/","TimeWritten":"\/Date(1580981083000)\/","UserName":null,"Site":null,"Container":null},{"MachineName":"SERWER01","Data":[68,0,78,0,83,0,47,0,52,0,0,0],"Index":4602,"Category":"(0)","CategoryNumber":0,"EventID":7036,"EntryType":4,"Message":"The DNS service entered the running state.","Source":"Service Control Manager","ReplacementStrings":["DNS","running"],"InstanceId":1073748860,"TimeGenerated":"\/Date(1580981083000)\/","TimeWritten":"\/Date(1580981083000)\/","UserName":null,"Site":null,"Container":null},{"MachineName":"SERWER01","Data":[118,0,109,0,109,0,115,0,47,0,52,0,0,0],"Index":4601,"Category":"(0)","CategoryNumber":0,"EventID":7036,"EntryType":4,"Message":"The vmms service entered the running state.","Source":"Service Control Manager","ReplacementStrings":["vmms","running"],"InstanceId":1073748860,"TimeGenerated":"\/Date(1580981083000)\/","TimeWritten":"\/Date(1580981083000)\/","UserName":null,"Site":null,"Container":null},{"MachineName":"SERWER01","Data":[72,0,118,0,72,0,111,0,115,0,116,0,47,0,52,0,0,0],"Index":4600,"Category":"(0)","CategoryNumber":0,"EventID":7036,"EntryType":4,"Message":"The HvHost service entered the running state.","Source":"Service Control Manager","ReplacementStrings":["HvHost","running"],"InstanceId":1073748860,"TimeGenerated":"\/Date(1580981083000)\/","TimeWritten":"\/Date(1580981083000)\/","UserName":null,"Site":null,"Container":null},{"MachineName":"SERWER01","Data":[87,0,105,0,110,0,82,0,77,0,47,0,52,0,0,0],"Index":4599,"Category":"(0)","CategoryNumber":0,"EventID":7036,"EntryType":4,"Message":"The WinRM service entered the running state.","Source":"Service Control Manager","ReplacementStrings":["WinRM","running"],"InstanceId":1073748860,"TimeGenerated":"\/Date(1580981083000)\/","TimeWritten":"\/Date(1580981083000)\/","UserName":null,"Site":null,"Container":null},{"MachineName":"SERWER01","Data":[87,0,105,0,110,0,68,0,101,0,102,0,101,0,110,0,100,0,47,0,52,0,0,0],"Index":4595,"Category":"(0)","CategoryNumber":0,"EventID":7036,"EntryType":4,"Message":"The WinDefend service entered the running state.","Source":"Service Control Manager","ReplacementStrings":["WinDefend","running"],"InstanceId":1073748860,"TimeGenerated":"\/Date(1580981083000)\/","TimeWritten":"\/Date(1580981083000)\/","UserName":null,"Site":null,"Container":null},{"MachineName":"SERWER01","Data":[76,0,97,0,110,0,109,0,97,0,110,0,83,0,101,0,114,0,118,0,101,0,114,0,47,0,52,0,0,0],"Index":4594,"Category":"(0)","CategoryNumber":0,"EventID":7036,"EntryType":4,"Message":"The LanmanServer service entered the running state.","Source":"Service Control Manager","ReplacementStrings":["LanmanServer","running"],"InstanceId":1073748860,"TimeGenerated":"\/Date(1580981083000)\/","TimeWritten":"\/Date(1580981083000)\/","UserName":null,"Site":null,"Container":null},{"MachineName":"SERWER01","Data":[105,0,112,0,104,0,108,0,112,0,115,0,118,0,99,0,47,0,52,0,0,0],"Index":4593,"Category":"(0)","CategoryNumber":0,"EventID":7036,"EntryType":4,"Message":"The iphlpsvc service entered the running state.","Source":"Service Control Manager","ReplacementStrings":["iphlpsvc","running"],"InstanceId":1073748860,"TimeGenerated":"\/Date(1580981083000)\/","TimeWritten":"\/Date(1580981083000)\/","UserName":null,"Site":null,"Container":null},{"MachineName":"SERWER01","Data":[87,0,51,0,50,0,84,0,105,0,109,0,101,0,47,0,52,0,0,0],"Index":4591,"Category":"(0)","CategoryNumber":0,"EventID":7036,"EntryType":4,"Message":"The W32Time service entered the running state.","Source":"Service Control Manager","ReplacementStrings":["W32Time","running"],"InstanceId":1073748860,"TimeGenerated":"\/Date(1580981083000)\/","TimeWritten":"\/Date(1580981083000)\/","UserName":null,"Site":null,"Container":null},{"MachineName":"SERWER01","Data":[87,0,112,0,110,0,83,0,101,0,114,0,118,0,105,0,99,0,101,0,47,0,52,0,0,0],"Index":4590,"Category":"(0)","CategoryNumber":0,"EventID":7036,"EntryType":4,"Message":"The WpnService service entered the running state.","Source":"Service Control Manager","ReplacementStrings":["WpnService","running"],"InstanceId":1073748860,"TimeGenerated":"\/Date(1580981083000)\/","TimeWritten":"\/Date(1580981083000)\/","UserName":null,"Site":null,"Container":null},{"MachineName":"SERWER01","Data":[87,0,105,0,110,0,109,0,103,0,109,0,116,0,47,0,52,0,0,0],"Index":4588,"Category":"(0)","CategoryNumber":0,"EventID":7036,"EntryType":4,"Message":"The Winmgmt service entered the running state.","Source":"Service Control Manager","ReplacementStrings":["Winmgmt","running"],"InstanceId":1073748860,"TimeGenerated":"\/Date(1580981083000)\/","TimeWritten":"\/Date(1580981083000)\/","UserName":null,"Site":null,"Container":null},{"MachineName":"SERWER01","Data":[67,0,114,0,121,0,112,0,116,0,83,0,118,0,99,0,47,0,52,0,0,0],"Index":4587,"Category":"(0)","CategoryNumber":0,"EventID":7036,"EntryType":4,"Message":"The CryptSvc service entered the running state.","Source":"Service Control Manager","ReplacementStrings":["CryptSvc","running"],"InstanceId":1073748860,"TimeGenerated":"\/Date(1580981083000)\/","TimeWritten":"\/Date(1580981083000)\/","UserName":null,"Site":null,"Container":null},{"MachineName":"SERWER01","Data":[83,0,121,0,115,0,77,0,97,0,105,0,110,0,47,0,52,0,0,0],"Index":4586,"Category":"(0)","CategoryNumber":0,"EventID":7036,"EntryType":4,"Message":"The SysMain service entered the running state.","Source":"Service Control Manager","ReplacementStrings":["SysMain","running"],"InstanceId":1073748860,"TimeGenerated":"\/Date(1580981083000)\/","TimeWritten":"\/Date(1580981083000)\/","UserName":null,"Site":null,"Container":null},{"MachineName":"SERWER01","Data":[82,0,101,0,109,0,111,0,116,0,101,0,82,0,101,0,103,0,105,0,115,0,116,0,114,0,121,0,47,0,52,0,0,0],"Index":4585,"Category":"(0)","CategoryNumber":0,"EventID":7036,"EntryType":4,"Message":"The RemoteRegistry service entered the running state.","Source":"Service Control Manager","ReplacementStrings":["RemoteRegistry","running"],"InstanceId":1073748860,"TimeGenerated":"\/Date(1580981083000)\/","TimeWritten":"\/Date(1580981083000)\/","UserName":null,"Site":null,"Container":null},{"MachineName":"SERWER01","Data":[109,0,112,0,115,0,115,0,118,0,99,0,47,0,52,0,0,0],"Index":4584,"Category":"(0)","CategoryNumber":0,"EventID":7036,"EntryType":4,"Message":"The mpssvc service entered the running state.","Source":"Service Control Manager","ReplacementStrings":["mpssvc","running"],"InstanceId":1073748860,"TimeGenerated":"\/Date(1580981083000)\/","TimeWritten":"\/Date(1580981083000)\/","UserName":null,"Site":null,"Container":null},{"MachineName":"SERWER01","Data":[84,0,114,0,107,0,87,0,107,0,115,0,47,0,52,0,0,0],"Index":4583,"Category":"(0)","CategoryNumber":0,"EventID":7036,"EntryType":4,"Message":"The TrkWks service entered the running state.","Source":"Service Control Manager","ReplacementStrings":["TrkWks","running"],"InstanceId":1073748860,"TimeGenerated":"\/Date(1580981083000)\/","TimeWritten":"\/Date(1580981083000)\/","UserName":null,"Site":null,"Container":null},{"MachineName":"SERWER01","Data":[83,0,112,0,111,0,111,0,108,0,101,0,114,0,47,0,52,0,0,0],"Index":4581,"Category":"(0)","CategoryNumber":0,"EventID":7036,"EntryType":4,"Message":"The Spooler service entered the running state.","Source":"Service Control Manager","ReplacementStrings":["Spooler","running"],"InstanceId":1073748860,"TimeGenerated":"\/Date(1580981083000)\/","TimeWritten":"\/Date(1580981083000)\/","UserName":null,"Site":null,"Container":null},{"MachineName":"SERWER01","Data":[83,0,97,0,109,0,83,0,115,0,47,0,52,0,0,0],"Index":4580,"Category":"(0)","CategoryNumber":0,"EventID":7036,"EntryType":4,"Message":"The SamSs service entered the running state.","Source":"Service Control Manager","ReplacementStrings":["SamSs","running"],"InstanceId":1073748860,"TimeGenerated":"\/Date(1580981082000)\/","TimeWritten":"\/Date(1580981082000)\/","UserName":null,"Site":null,"Container":null},{"MachineName":"SERWER01","Data":[87,0,99,0,109,0,115,0,118,0,99,0,47,0,52,0,0,0],"Index":4579,"Category":"(0)","CategoryNumber":0,"EventID":7036,"EntryType":4,"Message":"The Wcmsvc service entered the running state.","Source":"Service Control Manager","ReplacementStrings":["Wcmsvc","running"],"InstanceId":1073748860,"TimeGenerated":"\/Date(1580981082000)\/","TimeWritten":"\/Date(1580981082000)\/","UserName":null,"Site":null,"Container":null},{"MachineName":"SERWER01","Data":[66,0,70,0,69,0,47,0,52,0,0,0],"Index":4578,"Category":"(0)","CategoryNumber":0,"EventID":7036,"EntryType":4,"Message":"The BFE service entered the running state.","Source":"Service Control Manager","ReplacementStrings":["BFE","running"],"InstanceId":1073748860,"TimeGenerated":"\/Date(1580981082000)\/","TimeWritten":"\/Date(1580981082000)\/","UserName":null,"Site":null,"Container":null},{"MachineName":"SERWER01","Data":[87,0,105,0,110,0,72,0,116,0,116,0,112,0,65,0,117,0,116,0,111,0,80,0,114,0,111,0,120,0,121,0,83,0,118,0,99,0,47,0,52,0,0,0],"Index":4577,"Category":"(0)","CategoryNumber":0,"EventID":7036,"EntryType":4,"Message":"The WinHttpAutoProxySvc service entered the running state.","Source":"Service Control Manager","ReplacementStrings":["WinHttpAutoProxySvc","running"],"InstanceId":1073748860,"TimeGenerated":"\/Date(1580981082000)\/","TimeWritten":"\/Date(1580981082000)\/","UserName":null,"Site":null,"Container":null},{"MachineName":"SERWER01","Data":[110,0,101,0,116,0,112,0,114,0,111,0,102,0,109,0,47,0,52,0,0,0],"Index":4576,"Category":"(0)","CategoryNumber":0,"EventID":7036,"EntryType":4,"Message":"The netprofm service entered the running state.","Source":"Service Control Manager","ReplacementStrings":["netprofm","running"],"InstanceId":1073748860,"TimeGenerated":"\/Date(1580981082000)\/","TimeWritten":"\/Date(1580981082000)\/","UserName":null,"Site":null,"Container":null},{"MachineName":"SERWER01","Data":[85,0,115,0,101,0,114,0,77,0,97,0,110,0,97,0,103,0,101,0,114,0,47,0,52,0,0,0],"Index":4575,"Category":"(0)","CategoryNumber":0,"EventID":7036,"EntryType":4,"Message":"The UserManager service entered the running state.","Source":"Service Control Manager","ReplacementStrings":["UserManager","running"],"InstanceId":1073748860,"TimeGenerated":"\/Date(1580981082000)\/","TimeWritten":"\/Date(1580981082000)\/","UserName":null,"Site":null,"Container":null},{"MachineName":"SERWER01","Data":[78,0,108,0,97,0,83,0,118,0,99,0,47,0,52,0,0,0],"Index":4574,"Category":"(0)","CategoryNumber":0,"EventID":7036,"EntryType":4,"Message":"The NlaSvc service entered the running state.","Source":"Service Control Manager","ReplacementStrings":["NlaSvc","running"],"InstanceId":1073748860,"TimeGenerated":"\/Date(1580981082000)\/","TimeWritten":"\/Date(1580981082000)\/","UserName":null,"Site":null,"Container":null},{"MachineName":"SERWER01","Data":[83,0,101,0,115,0,115,0,105,0,111,0,110,0,69,0,110,0,118,0,47,0,52,0,0,0],"Index":4573,"Category":"(0)","CategoryNumber":0,"EventID":7036,"EntryType":4,"Message":"The SessionEnv service entered the running state.","Source":"Service Control Manager","ReplacementStrings":["SessionEnv","running"],"InstanceId":1073748860,"TimeGenerated":"\/Date(1580981082000)\/","TimeWritten":"\/Date(1580981082000)\/","UserName":null,"Site":null,"Container":null},{"MachineName":"SERWER01","Data":[83,0,104,0,101,0,108,0,108,0,72,0,87,0,68,0,101,0,116,0,101,0,99,0,116,0,105,0,111,0,110,0,47,0,52,0,0,0],"Index":4572,"Category":"(0)","CategoryNumber":0,"EventID":7036,"EntryType":4,"Message":"The ShellHWDetection service entered the running state.","Source":"Service Control Manager","ReplacementStrings":["ShellHWDetection","running"],"InstanceId":1073748860,"TimeGenerated":"\/Date(1580981082000)\/","TimeWritten":"\/Date(1580981082000)\/","UserName":null,"Site":null,"Container":null},{"MachineName":"SERWER01","Data":[83,0,99,0,104,0,101,0,100,0,117,0,108,0,101,0,47,0,52,0,0,0],"Index":4571,"Category":"(0)","CategoryNumber":0,"EventID":7036,"EntryType":4,"Message":"The Schedule service entered the running state.","Source":"Service Control Manager","ReplacementStrings":["Schedule","running"],"InstanceId":1073748860,"TimeGenerated":"\/Date(1580981082000)\/","TimeWritten":"\/Date(1580981082000)\/","UserName":null,"Site":null,"Container":null},{"MachineName":"SERWER01","Data":[76,0,97,0,110,0,109,0,97,0,110,0,87,0,111,0,114,0,107,0,115,0,116,0,97,0,116,0,105,0,111,0,110,0,47,0,52,0,0,0],"Index":4570,"Category":"(0)","CategoryNumber":0,"EventID":7036,"EntryType":4,"Message":"The LanmanWorkstation service entered the running state.","Source":"Service Control Manager","ReplacementStrings":["LanmanWorkstation","running"],"InstanceId":1073748860,"TimeGenerated":"\/Date(1580981082000)\/","TimeWritten":"\/Date(1580981082000)\/","UserName":null,"Site":null,"Container":null},{"MachineName":"SERWER01","Data":[68,0,104,0,99,0,112,0,47,0,52,0,0,0],"Index":4569,"Category":"(0)","CategoryNumber":0,"EventID":7036,"EntryType":4,"Message":"The Dhcp service entered the running state.","Source":"Service Control Manager","ReplacementStrings":["Dhcp","running"],"InstanceId":1073748860,"TimeGenerated":"\/Date(1580981082000)\/","TimeWritten":"\/Date(1580981082000)\/","UserName":null,"Site":null,"Container":null},{"MachineName":"SERWER01","Data":[68,0,110,0,115,0,99,0,97,0,99,0,104,0,101,0,47,0,52,0,0,0],"Index":4568,"Category":"(0)","CategoryNumber":0,"EventID":7036,"EntryType":4,"Message":"The Dnscache service entered the running state.","Source":"Service Control Manager","ReplacementStrings":["Dnscache","running"],"InstanceId":1073748860,"TimeGenerated":"\/Date(1580981082000)\/","TimeWritten":"\/Date(1580981082000)\/","UserName":null,"Site":null,"Container":null},{"MachineName":"SERWER01","Data":[70,0,111,0,110,0,116,0,67,0,97,0,99,0,104,0,101,0,47,0,52,0,0,0],"Index":4567,"Category":"(0)","CategoryNumber":0,"EventID":7036,"EntryType":4,"Message":"The FontCache service entered the running state.","Source":"Service Control Manager","ReplacementStrings":["FontCache","running"],"InstanceId":1073748860,"TimeGenerated":"\/Date(1580981082000)\/","TimeWritten":"\/Date(1580981082000)\/","UserName":null,"Site":null,"Container":null},{"MachineName":"SERWER01","Data":[110,0,115,0,105,0,47,0,52,0,0,0],"Index":4560,"Category":"(0)","CategoryNumber":0,"EventID":7036,"EntryType":4,"Message":"The nsi service entered the running state.","Source":"Service Control Manager","ReplacementStrings":["nsi","running"],"InstanceId":1073748860,"TimeGenerated":"\/Date(1580981082000)\/","TimeWritten":"\/Date(1580981082000)\/","UserName":null,"Site":null,"Container":null},{"MachineName":"SERWER01","Data":[67,0,101,0,114,0,116,0,80,0,114,0,111,0,112,0,83,0,118,0,99,0,47,0,52,0,0,0],"Index":4559,"Category":"(0)","CategoryNumber":0,"EventID":7036,"EntryType":4,"Message":"The CertPropSvc service entered the running state.","Source":"Service Control Manager","ReplacementStrings":["CertPropSvc","running"],"InstanceId":1073748860,"TimeGenerated":"\/Date(1580981082000)\/","TimeWritten":"\/Date(1580981082000)\/","UserName":null,"Site":null,"Container":null},{"MachineName":"SERWER01","Data":[83,0,69,0,78,0,83,0,47,0,52,0,0,0],"Index":4558,"Category":"(0)","CategoryNumber":0,"EventID":7036,"EntryType":4,"Message":"The SENS service entered the running state.","Source":"Service Control Manager","ReplacementStrings":["SENS","running"],"InstanceId":1073748860,"TimeGenerated":"\/Date(1580981082000)\/","TimeWritten":"\/Date(1580981082000)\/","UserName":null,"Site":null,"Container":null},{"MachineName":"SERWER01","Data":[84,0,114,0,117,0,115,0,116,0,101,0,100,0,73,0,110,0,115,0,116,0,97,0,108,0,108,0,101,0,114,0,47,0,52,0,0,0],"Index":4557,"Category":"(0)","CategoryNumber":0,"EventID":7036,"EntryType":4,"Message":"The TrustedInstaller service entered the running state.","Source":"Service Control Manager","ReplacementStrings":["TrustedInstaller","running"],"InstanceId":1073748860,"TimeGenerated":"\/Date(1580981082000)\/","TimeWritten":"\/Date(1580981082000)\/","UserName":null,"Site":null,"Container":null},{"MachineName":"SERWER01","Data":[80,0,114,0,111,0,102,0,83,0,118,0,99,0,47,0,52,0,0,0],"Index":4554,"Category":"(0)","CategoryNumber":0,"EventID":7036,"EntryType":4,"Message":"The ProfSvc service entered the running state.","Source":"Service Control Manager","ReplacementStrings":["ProfSvc","running"],"InstanceId":1073748860,"TimeGenerated":"\/Date(1580981082000)\/","TimeWritten":"\/Date(1580981082000)\/","UserName":null,"Site":null,"Container":null},{"MachineName":"SERWER01","Data":[69,0,118,0,101,0,110,0,116,0,83,0,121,0,115,0,116,0,101,0,109,0,47,0,52,0,0,0],"Index":4553,"Category":"(0)","CategoryNumber":0,"EventID":7036,"EntryType":4,"Message":"The EventSystem service entered the running state.","Source":"Service Control Manager","ReplacementStrings":["EventSystem","running"],"InstanceId":1073748860,"TimeGenerated":"\/Date(1580981082000)\/","TimeWritten":"\/Date(1580981082000)\/","UserName":null,"Site":null,"Container":null},{"MachineName":"SERWER01","Data":[103,0,112,0,115,0,118,0,99,0,47,0,52,0,0,0],"Index":4552,"Category":"(0)","CategoryNumber":0,"EventID":7036,"EntryType":4,"Message":"The gpsvc service entered the running state.","Source":"Service Control Manager","ReplacementStrings":["gpsvc","running"],"InstanceId":1073748860,"TimeGenerated":"\/Date(1580981082000)\/","TimeWritten":"\/Date(1580981082000)\/","UserName":null,"Site":null,"Container":null},{"MachineName":"SERWER01","Data":[85,0,109,0,82,0,100,0,112,0,83,0,101,0,114,0,118,0,105,0,99,0,101,0,47,0,52,0,0,0],"Index":4551,"Category":"(0)","CategoryNumber":0,"EventID":7036,"EntryType":4,"Message":"The UmRdpService service entered the running state.","Source":"Service Control Manager","ReplacementStrings":["UmRdpService","running"],"InstanceId":1073748860,"TimeGenerated":"\/Date(1580981082000)\/","TimeWritten":"\/Date(1580981082000)\/","UserName":null,"Site":null,"Container":null},{"MachineName":"SERWER01","Data":[84,0,104,0,101,0,109,0,101,0,115,0,47,0,52,0,0,0],"Index":4550,"Category":"(0)","CategoryNumber":0,"EventID":7036,"EntryType":4,"Message":"The Themes service entered the running state.","Source":"Service Control Manager","ReplacementStrings":["Themes","running"],"InstanceId":1073748860,"TimeGenerated":"\/Date(1580981082000)\/","TimeWritten":"\/Date(1580981082000)\/","UserName":null,"Site":null,"Container":null},{"MachineName":"SERWER01","Data":[69,0,118,0,101,0,110,0,116,0,76,0,111,0,103,0,47,0,52,0,0,0],"Index":4549,"Category":"(0)","CategoryNumber":0,"EventID":7036,"EntryType":4,"Message":"The EventLog service entered the running state.","Source":"Service Control Manager","ReplacementStrings":["EventLog","running"],"InstanceId":1073748860,"TimeGenerated":"\/Date(1580981082000)\/","TimeWritten":"\/Date(1580981082000)\/","UserName":null,"Site":null,"Container":null},{"MachineName":"SERWER01","Data":[67,0,111,0,114,0,101,0,77,0,101,0,115,0,115,0,97,0,103,0,105,0,110,0,103,0,82,0,101,0,103,0,105,0,115,0,116,0,114,0,97,0,114,0,47,0,52,0,0,0],"Index":4547,"Category":"(0)","CategoryNumber":0,"EventID":7036,"EntryType":4,"Message":"The CoreMessagingRegistrar service entered the running state.","Source":"Service Control Manager","ReplacementStrings":["CoreMessagingRegistrar","running"],"InstanceId":1073748860,"TimeGenerated":"\/Date(1580981082000)\/","TimeWritten":"\/Date(1580981082000)\/","UserName":null,"Site":null,"Container":null},{"MachineName":"SERWER01","Data":[87,0,80,0,68,0,66,0,117,0,115,0,69,0,110,0,117,0,109,0,47,0,52,0,0,0],"Index":4542,"Category":"(0)","CategoryNumber":0,"EventID":7036,"EntryType":4,"Message":"The WPDBusEnum service entered the running state.","Source":"Service Control Manager","ReplacementStrings":["WPDBusEnum","running"],"InstanceId":1073748860,"TimeGenerated":"\/Date(1580981082000)\/","TimeWritten":"\/Date(1580981082000)\/","UserName":null,"Site":null,"Container":null},{"MachineName":"SERWER01","Data":[84,0,105,0,109,0,101,0,66,0,114,0,111,0,107,0,101,0,114,0,83,0,118,0,99,0,47,0,52,0,0,0],"Index":4540,"Category":"(0)","CategoryNumber":0,"EventID":7036,"EntryType":4,"Message":"The TimeBrokerSvc service entered the running state.","Source":"Service Control Manager","ReplacementStrings":["TimeBrokerSvc","running"],"InstanceId":1073748860,"TimeGenerated":"\/Date(1580981082000)\/","TimeWritten":"\/Date(1580981082000)\/","UserName":null,"Site":null,"Container":null},{"MachineName":"SERWER01","Data":[84,0,101,0,114,0,109,0,83,0,101,0,114,0,118,0,105,0,99,0,101,0,47,0,52,0,0,0],"Index":4539,"Category":"(0)","CategoryNumber":0,"EventID":7036,"EntryType":4,"Message":"The TermService service entered the running state.","Source":"Service Control Manager","ReplacementStrings":["TermService","running"],"InstanceId":1073748860,"TimeGenerated":"\/Date(1580981082000)\/","TimeWritten":"\/Date(1580981082000)\/","UserName":null,"Site":null,"Container":null},{"MachineName":"SERWER01","Data":[108,0,109,0,104,0,111,0,115,0,116,0,115,0,47,0,52,0,0,0],"Index":4538,"Category":"(0)","CategoryNumber":0,"EventID":7036,"EntryType":4,"Message":"The lmhosts service entered the running state.","Source":"Service Control Manager","ReplacementStrings":["lmhosts","running"],"InstanceId":1073748860,"TimeGenerated":"\/Date(1580981082000)\/","TimeWritten":"\/Date(1580981082000)\/","UserName":null,"Site":null,"Container":null},{"MachineName":"SERWER01","Data":[83,0,121,0,115,0,116,0,101,0,109,0,69,0,118,0,101,0,110,0,116,0,115,0,66,0,114,0,111,0,107,0,101,0,114,0,47,0,52,0,0,0],"Index":4537,"Category":"(0)","CategoryNumber":0,"EventID":7036,"EntryType":4,"Message":"The SystemEventsBroker service entered the running state.","Source":"Service Control Manager","ReplacementStrings":["SystemEventsBroker","running"],"InstanceId":1073748860,"TimeGenerated":"\/Date(1580981082000)\/","TimeWritten":"\/Date(1580981082000)\/","UserName":null,"Site":null,"Container":null},{"MachineName":"SERWER01","Data":[66,0,114,0,111,0,107,0,101,0,114,0,73,0,110,0,102,0,114,0,97,0,115,0,116,0,114,0,117,0,99,0,116,0,117,0,114,0,101,0,47,0,52,0,0,0],"Index":4536,"Category":"(0)","CategoryNumber":0,"EventID":7036,"EntryType":4,"Message":"The BrokerInfrastructure service entered the running state.","Source":"Service Control Manager","ReplacementStrings":["BrokerInfrastructure","running"],"InstanceId":1073748860,"TimeGenerated":"\/Date(1580981082000)\/","TimeWritten":"\/Date(1580981082000)\/","UserName":null,"Site":null,"Container":null},{"MachineName":"SERWER01","Data":[76,0,83,0,77,0,47,0,52,0,0,0],"Index":4535,"Category":"(0)","CategoryNumber":0,"EventID":7036,"EntryType":4,"Message":"The LSM service entered the running state.","Source":"Service Control Manager","ReplacementStrings":["LSM","running"],"InstanceId":1073748860,"TimeGenerated":"\/Date(1580981082000)\/","TimeWritten":"\/Date(1580981082000)\/","UserName":null,"Site":null,"Container":null},{"MachineName":"SERWER01","Data":[82,0,112,0,99,0,83,0,115,0,47,0,52,0,0,0],"Index":4534,"Category":"(0)","CategoryNumber":0,"EventID":7036,"EntryType":4,"Message":"The RpcSs service entered the running state.","Source":"Service Control Manager","ReplacementStrings":["RpcSs","running"],"InstanceId":1073748860,"TimeGenerated":"\/Date(1580981082000)\/","TimeWritten":"\/Date(1580981082000)\/","UserName":null,"Site":null,"Container":null},{"MachineName":"SERWER01","Data":[82,0,112,0,99,0,69,0,112,0,116,0,77,0,97,0,112,0,112,0,101,0,114,0,47,0,52,0,0,0],"Index":4533,"Category":"(0)","CategoryNumber":0,"EventID":7036,"EntryType":4,"Message":"The RpcEptMapper service entered the running state.","Source":"Service Control Manager","ReplacementStrings":["RpcEptMapper","running"],"InstanceId":1073748860,"TimeGenerated":"\/Date(1580981082000)\/","TimeWritten":"\/Date(1580981082000)\/","UserName":null,"Site":null,"Container":null},{"MachineName":"SERWER01","Data":[68,0,99,0,111,0,109,0,76,0,97,0,117,0,110,0,99,0,104,0,47,0,52,0,0,0],"Index":4532,"Category":"(0)","CategoryNumber":0,"EventID":7036,"EntryType":4,"Message":"The DcomLaunch service entered the running state.","Source":"Service Control Manager","ReplacementStrings":["DcomLaunch","running"],"InstanceId":1073748860,"TimeGenerated":"\/Date(1580981082000)\/","TimeWritten":"\/Date(1580981082000)\/","UserName":null,"Site":null,"Container":null},{"MachineName":"SERWER01","Data":[80,0,111,0,119,0,101,0,114,0,47,0,52,0,0,0],"Index":4531,"Category":"(0)","CategoryNumber":0,"EventID":7036,"EntryType":4,"Message":"The Power service entered the running state.","Source":"Service Control Manager","ReplacementStrings":["Power","running"],"InstanceId":1073748860,"TimeGenerated":"\/Date(1580981082000)\/","TimeWritten":"\/Date(1580981082000)\/","UserName":null,"Site":null,"Container":null},{"MachineName":"SERWER01","Data":[80,0,108,0,117,0,103,0,80,0,108,0,97,0,121,0,47,0,52,0,0,0],"Index":4530,"Category":"(0)","CategoryNumber":0,"EventID":7036,"EntryType":4,"Message":"The PlugPlay service entered the running state.","Source":"Service Control Manager","ReplacementStrings":["PlugPlay","running"],"InstanceId":1073748860,"TimeGenerated":"\/Date(1580981081000)\/","TimeWritten":"\/Date(1580981081000)\/","UserName":null,"Site":null,"Container":null},{"MachineName":"SERWER01","Data":[70,0,68,0,82,0,101,0,115,0,80,0,117,0,98,0,47,0,49,0,0,0],"Index":4455,"Category":"(0)","CategoryNumber":0,"EventID":7036,"EntryType":4,"Message":"The Function Discovery Resource Publication service entered the stopped state.","Source":"Service Control Manager","ReplacementStrings":["Function Discovery Resource Publication","stopped"],"InstanceId":1073748860,"TimeGenerated":"\/Date(1580980906000)\/","TimeWritten":"\/Date(1580980906000)\/","UserName":null,"Site":null,"Container":null},{"MachineName":"SERWER01","Data":[87,0,105,0,110,0,68,0,101,0,102,0,101,0,110,0,100,0,47,0,49,0,0,0],"Index":4454,"Category":"(0)","CategoryNumber":0,"EventID":7036,"EntryType":4,"Message":"The Windows Defender Antivirus Service service entered the stopped state.","Source":"Service Control Manager","ReplacementStrings":["Windows Defender Antivirus Service","stopped"],"InstanceId":1073748860,"TimeGenerated":"\/Date(1580980905000)\/","TimeWritten":"\/Date(1580980905000)\/","UserName":null,"Site":null,"Container":null},{"MachineName":"SERWER01","Data":[68,0,78,0,83,0,47,0,49,0,0,0],"Index":4453,"Category":"(0)","CategoryNumber":0,"EventID":7036,"EntryType":4,"Message":"The DNS Server service entered the stopped state.","Source":"Service Control Manager","ReplacementStrings":["DNS Server","stopped"],"InstanceId":1073748860,"TimeGenerated":"\/Date(1580980905000)\/","TimeWritten":"\/Date(1580980905000)\/","UserName":null,"Site":null,"Container":null},{"MachineName":"SERWER01","Data":[68,0,80,0,83,0,47,0,49,0,0,0],"Index":4452,"Category":"(0)","CategoryNumber":0,"EventID":7036,"EntryType":4,"Message":"The Diagnostic Policy Service service entered the stopped state.","Source":"Service Control Manager","ReplacementStrings":["Diagnostic Policy Service","stopped"],"InstanceId":1073748860,"TimeGenerated":"\/Date(1580980905000)\/","TimeWritten":"\/Date(1580980905000)\/","UserName":null,"Site":null,"Container":null},{"MachineName":"SERWER01","Data":[69,0,118,0,101,0,110,0,116,0,76,0,111,0,103,0,47,0,49,0,0,0],"Index":4451,"Category":"(0)","CategoryNumber":0,"EventID":7036,"EntryType":4,"Message":"The Windows Event Log service entered the stopped state.","Source":"Service Control Manager","ReplacementStrings":["Windows Event Log","stopped"],"InstanceId":1073748860,"TimeGenerated":"\/Date(1580980905000)\/","TimeWritten":"\/Date(1580980905000)\/","UserName":null,"Site":null,"Container":null},{"MachineName":"SERWER01","Data":[83,0,99,0,104,0,101,0,100,0,117,0,108,0,101,0,47,0,49,0,0,0],"Index":4450,"Category":"(0)","CategoryNumber":0,"EventID":7036,"EntryType":4,"Message":"The Task Scheduler service entered the stopped state.","Source":"Service Control Manager","ReplacementStrings":["Task Scheduler","stopped"],"InstanceId":1073748860,"TimeGenerated":"\/Date(1580980905000)\/","TimeWritten":"\/Date(1580980905000)\/","UserName":null,"Site":null,"Container":null},{"MachineName":"SERWER01","Data":[78,0,102,0,115,0,83,0,101,0,114,0,118,0,105,0,99,0,101,0,47,0,49,0,0,0],"Index":4449,"Category":"(0)","CategoryNumber":0,"EventID":7036,"EntryType":4,"Message":"The Server for NFS service entered the stopped state.","Source":"Service Control Manager","ReplacementStrings":["Server for NFS","stopped"],"InstanceId":1073748860,"TimeGenerated":"\/Date(1580980905000)\/","TimeWritten":"\/Date(1580980905000)\/","UserName":null,"Site":null,"Container":null},{"MachineName":"SERWER01","Data":[84,0,101,0,114,0,109,0,83,0,101,0,114,0,118,0,105,0,99,0,101,0,47,0,49,0,0,0],"Index":4447,"Category":"(0)","CategoryNumber":0,"EventID":7036,"EntryType":4,"Message":"The Remote Desktop Services service entered the stopped state.","Source":"Service Control Manager","ReplacementStrings":["Remote Desktop Services","stopped"],"InstanceId":1073748860,"TimeGenerated":"\/Date(1580980905000)\/","TimeWritten":"\/Date(1580980905000)\/","UserName":null,"Site":null,"Container":null},{"MachineName":"SERWER01","Data":[84,0,101,0,97,0,109,0,86,0,105,0,101,0,119,0,101,0,114,0,47,0,49,0,0,0],"Index":4446,"Category":"(0)","CategoryNumber":0,"EventID":7036,"EntryType":4,"Message":"The TeamViewer service entered the stopped state.","Source":"Service Control Manager","ReplacementStrings":["TeamViewer","stopped"],"InstanceId":1073748860,"TimeGenerated":"\/Date(1580980905000)\/","TimeWritten":"\/Date(1580980905000)\/","UserName":null,"Site":null,"Container":null},{"MachineName":"SERWER01","Data":[67,0,114,0,121,0,112,0,116,0,83,0,118,0,99,0,47,0,49,0,0,0],"Index":4445,"Category":"(0)","CategoryNumber":0,"EventID":7036,"EntryType":4,"Message":"The Cryptographic Services service entered the stopped state.","Source":"Service Control Manager","ReplacementStrings":["Cryptographic Services","stopped"],"InstanceId":1073748860,"TimeGenerated":"\/Date(1580980905000)\/","TimeWritten":"\/Date(1580980905000)\/","UserName":null,"Site":null,"Container":null},{"MachineName":"SERWER01","Data":[87,0,99,0,109,0,115,0,118,0,99,0,47,0,49,0,0,0],"Index":4444,"Category":"(0)","CategoryNumber":0,"EventID":7036,"EntryType":4,"Message":"The Windows Connection Manager service entered the stopped state.","Source":"Service Control Manager","ReplacementStrings":["Windows Connection Manager","stopped"],"InstanceId":1073748860,"TimeGenerated":"\/Date(1580980905000)\/","TimeWritten":"\/Date(1580980905000)\/","UserName":null,"Site":null,"Container":null},{"MachineName":"SERWER01","Data":[83,0,116,0,97,0,116,0,101,0,82,0,101,0,112,0,111,0,115,0,105,0,116,0,111,0,114,0,121,0,47,0,49,0,0,0],"Index":4443,"Category":"(0)","CategoryNumber":0,"EventID":7036,"EntryType":4,"Message":"The State Repository Service service entered the stopped state.","Source":"Service Control Manager","ReplacementStrings":["State Repository Service","stopped"],"InstanceId":1073748860,"TimeGenerated":"\/Date(1580980905000)\/","TimeWritten":"\/Date(1580980905000)\/","UserName":null,"Site":null,"Container":null},{"MachineName":"SERWER01","Data":[70,0,111,0,110,0,116,0,67,0,97,0,99,0,104,0,101,0,47,0,49,0,0,0],"Index":4442,"Category":"(0)","CategoryNumber":0,"EventID":7036,"EntryType":4,"Message":"The Windows Font Cache Service service entered the stopped state.","Source":"Service Control Manager","ReplacementStrings":["Windows Font Cache Service","stopped"],"InstanceId":1073748860,"TimeGenerated":"\/Date(1580980905000)\/","TimeWritten":"\/Date(1580980905000)\/","UserName":null,"Site":null,"Container":null},{"MachineName":"SERWER01","Data":[87,0,105,0,110,0,72,0,116,0,116,0,112,0,65,0,117,0,116,0,111,0,80,0,114,0,111,0,120,0,121,0,83,0,118,0,99,0,47,0,49,0,0,0],"Index":4441,"Category":"(0)","CategoryNumber":0,"EventID":7036,"EntryType":4,"Message":"The WinHTTP Web Proxy Auto-Discovery Service service entered the stopped state.","Source":"Service Control Manager","ReplacementStrings":["WinHTTP Web Proxy Auto-Discovery Service","stopped"],"InstanceId":1073748860,"TimeGenerated":"\/Date(1580980905000)\/","TimeWritten":"\/Date(1580980905000)\/","UserName":null,"Site":null,"Container":null},{"MachineName":"SERWER01","Data":[77,0,83,0,68,0,84,0,67,0,47,0,49,0,0,0],"Index":4440,"Category":"(0)","CategoryNumber":0,"EventID":7036,"EntryType":4,"Message":"The Distributed Transaction Coordinator service entered the stopped state.","Source":"Service Control Manager","ReplacementStrings":["Distributed Transaction Coordinator","stopped"],"InstanceId":1073748860,"TimeGenerated":"\/Date(1580980905000)\/","TimeWritten":"\/Date(1580980905000)\/","UserName":null,"Site":null,"Container":null},{"MachineName":"SERWER01","Data":[87,0,105,0,110,0,82,0,77,0,47,0,49,0,0,0],"Index":4439,"Category":"(0)","CategoryNumber":0,"EventID":7036,"EntryType":4,"Message":"The Windows Remote Management (WS-Management) service entered the stopped state.","Source":"Service Control Manager","ReplacementStrings":["Windows Remote Management (WS-Management)","stopped"],"InstanceId":1073748860,"TimeGenerated":"\/Date(1580980905000)\/","TimeWritten":"\/Date(1580980905000)\/","UserName":null,"Site":null,"Container":null},{"MachineName":"SERWER01","Data":[85,0,115,0,111,0,83,0,118,0,99,0,47,0,49,0,0,0],"Index":4438,"Category":"(0)","CategoryNumber":0,"EventID":7036,"EntryType":4,"Message":"The Update Orchestrator Service service entered the stopped state.","Source":"Service Control Manager","ReplacementStrings":["Update Orchestrator Service","stopped"],"InstanceId":1073748860,"TimeGenerated":"\/Date(1580980905000)\/","TimeWritten":"\/Date(1580980905000)\/","UserName":null,"Site":null,"Container":null},{"MachineName":"SERWER01","Data":[68,0,104,0,99,0,112,0,47,0,49,0,0,0],"Index":4437,"Category":"(0)","CategoryNumber":0,"EventID":7036,"EntryType":4,"Message":"The DHCP Client service entered the stopped state.","Source":"Service Control Manager","ReplacementStrings":["DHCP Client","stopped"],"InstanceId":1073748860,"TimeGenerated":"\/Date(1580980905000)\/","TimeWritten":"\/Date(1580980905000)\/","UserName":null,"Site":null,"Container":null},{"MachineName":"SERWER01","Data":[80,0,108,0,117,0,103,0,80,0,108,0,97,0,121,0,47,0,49,0,0,0],"Index":4434,"Category":"(0)","CategoryNumber":0,"EventID":7036,"EntryType":4,"Message":"The Plug and Play service entered the stopped state.","Source":"Service Control Manager","ReplacementStrings":["Plug and Play","stopped"],"InstanceId":1073748860,"TimeGenerated":"\/Date(1580980905000)\/","TimeWritten":"\/Date(1580980905000)\/","UserName":null,"Site":null,"Container":null},{"MachineName":"SERWER01","Data":[83,0,121,0,115,0,77,0,97,0,105,0,110,0,47,0,49,0,0,0],"Index":4433,"Category":"(0)","CategoryNumber":0,"EventID":7036,"EntryType":4,"Message":"The SysMain service entered the stopped state.","Source":"Service Control Manager","ReplacementStrings":["SysMain","stopped"],"InstanceId":1073748860,"TimeGenerated":"\/Date(1580980905000)\/","TimeWritten":"\/Date(1580980905000)\/","UserName":null,"Site":null,"Container":null},{"MachineName":"SERWER01","Data":[87,0,105,0,110,0,109,0,103,0,109,0,116,0,47,0,49,0,0,0],"Index":4432,"Category":"(0)","CategoryNumber":0,"EventID":7036,"EntryType":4,"Message":"The Windows Management Instrumentation service entered the stopped state.","Source":"Service Control Manager","ReplacementStrings":["Windows Management Instrumentation","stopped"],"InstanceId":1073748860,"TimeGenerated":"\/Date(1580980905000)\/","TimeWritten":"\/Date(1580980905000)\/","UserName":null,"Site":null,"Container":null},{"MachineName":"SERWER01","Data":[65,0,112,0,112,0,88,0,83,0,118,0,99,0,47,0,49,0,0,0],"Index":4431,"Category":"(0)","CategoryNumber":0,"EventID":7036,"EntryType":4,"Message":"The AppX Deployment Service (AppXSVC) service entered the stopped state.","Source":"Service Control Manager","ReplacementStrings":["AppX Deployment Service (AppXSVC)","stopped"],"InstanceId":1073748860,"TimeGenerated":"\/Date(1580980905000)\/","TimeWritten":"\/Date(1580980905000)\/","UserName":null,"Site":null,"Container":null},{"MachineName":"SERWER01","Data":[80,0,99,0,97,0,83,0,118,0,99,0,47,0,49,0,0,0],"Index":4430,"Category":"(0)","CategoryNumber":0,"EventID":7036,"EntryType":4,"Message":"The Program Compatibility Assistant Service service entered the stopped state.","Source":"Service Control Manager","ReplacementStrings":["Program Compatibility Assistant Service","stopped"],"InstanceId":1073748860,"TimeGenerated":"\/Date(1580980905000)\/","TimeWritten":"\/Date(1580980905000)\/","UserName":null,"Site":null,"Container":null},{"MachineName":"SERWER01","Data":[72,0,118,0,72,0,111,0,115,0,116,0,47,0,49,0,0,0],"Index":4425,"Category":"(0)","CategoryNumber":0,"EventID":7036,"EntryType":4,"Message":"The HV Host Service service entered the stopped state.","Source":"Service Control Manager","ReplacementStrings":["HV Host Service","stopped"],"InstanceId":1073748860,"TimeGenerated":"\/Date(1580980905000)\/","TimeWritten":"\/Date(1580980905000)\/","UserName":null,"Site":null,"Container":null},{"MachineName":"SERWER01","Data":[80,0,114,0,111,0,102,0,83,0,118,0,99,0,47,0,49,0,0,0],"Index":4424,"Category":"(0)","CategoryNumber":0,"EventID":7036,"EntryType":4,"Message":"The User Profile Service service entered the stopped state.","Source":"Service Control Manager","ReplacementStrings":["User Profile Service","stopped"],"InstanceId":1073748860,"TimeGenerated":"\/Date(1580980905000)\/","TimeWritten":"\/Date(1580980905000)\/","UserName":null,"Site":null,"Container":null},{"MachineName":"SERWER01","Data":[67,0,101,0,114,0,116,0,80,0,114,0,111,0,112,0,83,0,118,0,99,0,47,0,49,0,0,0],"Index":4423,"Category":"(0)","CategoryNumber":0,"EventID":7036,"EntryType":4,"Message":"The Certificate Propagation service entered the stopped state.","Source":"Service Control Manager","ReplacementStrings":["Certificate Propagation","stopped"],"InstanceId":1073748860,"TimeGenerated":"\/Date(1580980905000)\/","TimeWritten":"\/Date(1580980905000)\/","UserName":null,"Site":null,"Container":null},{"MachineName":"SERWER01","Data":[84,0,114,0,107,0,87,0,107,0,115,0,47,0,49,0,0,0],"Index":4422,"Category":"(0)","CategoryNumber":0,"EventID":7036,"EntryType":4,"Message":"The Distributed Link Tracking Client service entered the stopped state.","Source":"Service Control Manager","ReplacementStrings":["Distributed Link Tracking Client","stopped"],"InstanceId":1073748860,"TimeGenerated":"\/Date(1580980905000)\/","TimeWritten":"\/Date(1580980905000)\/","UserName":null,"Site":null,"Container":null},{"MachineName":"SERWER01","Data":[85,0,109,0,82,0,100,0,112,0,83,0,101,0,114,0,118,0,105,0,99,0,101,0,47,0,49,0,0,0],"Index":4421,"Category":"(0)","CategoryNumber":0,"EventID":7036,"EntryType":4,"Message":"The Remote Desktop Services UserMode Port Redirector service entered the stopped state.","Source":"Service Control Manager","ReplacementStrings":["Remote Desktop Services UserMode Port Redirector","stopped"],"InstanceId":1073748860,"TimeGenerated":"\/Date(1580980905000)\/","TimeWritten":"\/Date(1580980905000)\/","UserName":null,"Site":null,"Container":null},{"MachineName":"SERWER01","Data":[87,0,51,0,50,0,84,0,105,0,109,0,101,0,47,0,49,0,0,0],"Index":4418,"Category":"(0)","CategoryNumber":0,"EventID":7036,"EntryType":4,"Message":"The Windows Time service entered the stopped state.","Source":"Service Control Manager","ReplacementStrings":["Windows Time","stopped"],"InstanceId":1073748860,"TimeGenerated":"\/Date(1580980905000)\/","TimeWritten":"\/Date(1580980905000)\/","UserName":null,"Site":null,"Container":null},{"MachineName":"SERWER01","Data":[68,0,105,0,97,0,103,0,84,0,114,0,97,0,99,0,107,0,47,0,49,0,0,0],"Index":4416,"Category":"(0)","CategoryNumber":0,"EventID":7036,"EntryType":4,"Message":"The Connected User Experiences and Telemetry service entered the stopped state.","Source":"Service Control Manager","ReplacementStrings":["Connected User Experiences and Telemetry","stopped"],"InstanceId":1073748860,"TimeGenerated":"\/Date(1580980904000)\/","TimeWritten":"\/Date(1580980904000)\/","UserName":null,"Site":null,"Container":null},{"MachineName":"SERWER01","Data":[85,0,65,0,76,0,83,0,86,0,67,0,47,0,49,0,0,0],"Index":4415,"Category":"(0)","CategoryNumber":0,"EventID":7036,"EntryType":4,"Message":"The User Access Logging Service service entered the stopped state.","Source":"Service Control Manager","ReplacementStrings":["User Access Logging Service","stopped"],"InstanceId":1073748860,"TimeGenerated":"\/Date(1580980904000)\/","TimeWritten":"\/Date(1580980904000)\/","UserName":null,"Site":null,"Container":null},{"MachineName":"SERWER01","Data":[68,0,115,0,83,0,118,0,99,0,47,0,49,0,0,0],"Index":4414,"Category":"(0)","CategoryNumber":0,"EventID":7036,"EntryType":4,"Message":"The Data Sharing Service service entered the stopped state.","Source":"Service Control Manager","ReplacementStrings":["Data Sharing Service","stopped"],"InstanceId":1073748860,"TimeGenerated":"\/Date(1580980904000)\/","TimeWritten":"\/Date(1580980904000)\/","UserName":null,"Site":null,"Container":null},{"MachineName":"SERWER01","Data":[84,0,114,0,117,0,115,0,116,0,101,0,100,0,73,0,110,0,115,0,116,0,97,0,108,0,108,0,101,0,114,0,47,0,49,0,0,0],"Index":4413,"Category":"(0)","CategoryNumber":0,"EventID":7036,"EntryType":4,"Message":"The Windows Modules Installer service entered the stopped state.","Source":"Service Control Manager","ReplacementStrings":["Windows Modules Installer","stopped"],"InstanceId":1073748860,"TimeGenerated":"\/Date(1580980904000)\/","TimeWritten":"\/Date(1580980904000)\/","UserName":null,"Site":null,"Container":null},{"MachineName":"SERWER01","Data":[103,0,112,0,115,0,118,0,99,0,47,0,49,0,0,0],"Index":4412,"Category":"(0)","CategoryNumber":0,"EventID":7036,"EntryType":4,"Message":"The Group Policy Client service entered the stopped state.","Source":"Service Control Manager","ReplacementStrings":["Group Policy Client","stopped"],"InstanceId":1073748860,"TimeGenerated":"\/Date(1580980903000)\/","TimeWritten":"\/Date(1580980903000)\/","UserName":null,"Site":null,"Container":null},{"MachineName":"SERWER01","Data":[118,0,109,0,109,0,115,0,47,0,49,0,0,0],"Index":4411,"Category":"(0)","CategoryNumber":0,"EventID":7036,"EntryType":4,"Message":"The Hyper-V Virtual Machine Management service entered the stopped state.","Source":"Service Control Manager","ReplacementStrings":["Hyper-V Virtual Machine Management","stopped"],"InstanceId":1073748860,"TimeGenerated":"\/Date(1580980903000)\/","TimeWritten":"\/Date(1580980903000)\/","UserName":null,"Site":null,"Container":null},{"MachineName":"SERWER01","Data":[84,0,114,0,117,0,115,0,116,0,101,0,100,0,73,0,110,0,115,0,116,0,97,0,108,0,108,0,101,0,114,0,47,0,52,0,0,0],"Index":4410,"Category":"(0)","CategoryNumber":0,"EventID":7036,"EntryType":4,"Message":"The Windows Modules Installer service entered the running state.","Source":"Service Control Manager","ReplacementStrings":["Windows Modules Installer","running"],"InstanceId":1073748860,"TimeGenerated":"\/Date(1580980903000)\/","TimeWritten":"\/Date(1580980903000)\/","UserName":null,"Site":null,"Container":null},{"MachineName":"SERWER01","Data":[87,0,112,0,110,0,85,0,115,0,101,0,114,0,83,0,101,0,114,0,118,0,105,0,99,0,101,0,95,0,49,0,55,0,99,0,100,0,102,0,97,0,47,0,49,0,0,0],"Index":4408,"Category":"(0)","CategoryNumber":0,"EventID":7036,"EntryType":4,"Message":"The Windows Push Notifications User Service_17cdfa service entered the stopped state.","Source":"Service Control Manager","ReplacementStrings":["Windows Push Notifications User Service_17cdfa","stopped"],"InstanceId":1073748860,"TimeGenerated":"\/Date(1580980903000)\/","TimeWritten":"\/Date(1580980903000)\/","UserName":null,"Site":null,"Container":null},