{"MachineName":"WIN-2DKE1ERCQC6","Data":[86,0,83,0,83,0,47,0,52,0,0,0],"Index":782,"Category":"(0)","CategoryNumber":0,"EventID":7036,"EntryType":4,"Message":"The Volume Shadow Copy service entered the running state.","Source":"Service Control Manager","ReplacementStrings":["Volume Shadow Copy","running"],"InstanceId":1073748860,"TimeGenerated":"\/Date(1580508626000)\/","TimeWritten":"\/Date(1580508626000)\/","UserName":null,"Site":null,"Container":null},{"MachineName":"WIN-2DKE1ERCQC6","Data":[78,0,101,0,116,0,83,0,101,0,116,0,117,0,112,0,83,0,118,0,99,0,47,0,52,0,0,0],"Index":780,"Category":"(0)","CategoryNumber":0,"EventID":7036,"EntryType":4,"Message":"The Network Setup Service service entered the running state.","Source":"Service Control Manager","ReplacementStrings":["Network Setup Service","running"],"InstanceId":1073748860,"TimeGenerated":"\/Date(1580508603000)\/","TimeWritten":"\/Date(1580508603000)\/","UserName":null,"Site":null,"Container":null},{"MachineName":"WIN-2DKE1ERCQC6","Data":[115,0,119,0,112,0,114,0,118,0,47,0,49,0,0,0],"Index":779,"Category":"(0)","CategoryNumber":0,"EventID":7036,"EntryType":4,"Message":"The Microsoft Software Shadow Copy Provider service entered the stopped state.","Source":"Service Control Manager","ReplacementStrings":["Microsoft Software Shadow Copy Provider","stopped"],"InstanceId":1073748860,"TimeGenerated":"\/Date(1580508416000)\/","TimeWritten":"\/Date(1580508416000)\/","UserName":null,"Site":null,"Container":null},{"MachineName":"WIN-2DKE1ERCQC6","Data":[68,0,111,0,83,0,118,0,99,0,47,0,49,0,0,0],"Index":778,"Category":"(0)","CategoryNumber":0,"EventID":7036,"EntryType":4,"Message":"The Delivery Optimization service entered the stopped state.","Source":"Service Control Manager","ReplacementStrings":["Delivery Optimization","stopped"],"InstanceId":1073748860,"TimeGenerated":"\/Date(1580508385000)\/","TimeWritten":"\/Date(1580508385000)\/","UserName":null,"Site":null,"Container":null},{"MachineName":"WIN-2DKE1ERCQC6","Data":[86,0,83,0,83,0,47,0,49,0,0,0],"Index":777,"Category":"(0)","CategoryNumber":0,"EventID":7036,"EntryType":4,"Message":"The Volume Shadow Copy service entered the stopped state.","Source":"Service Control Manager","ReplacementStrings":["Volume Shadow Copy","stopped"],"InstanceId":1073748860,"TimeGenerated":"\/Date(1580508236000)\/","TimeWritten":"\/Date(1580508236000)\/","UserName":null,"Site":null,"Container":null},{"MachineName":"WIN-2DKE1ERCQC6","Data":[78,0,101,0,116,0,83,0,101,0,116,0,117,0,112,0,83,0,118,0,99,0,47,0,49,0,0,0],"Index":776,"Category":"(0)","CategoryNumber":0,"EventID":7036,"EntryType":4,"Message":"The Network Setup Service service entered the stopped state.","Source":"Service Control Manager","ReplacementStrings":["Network Setup Service","stopped"],"InstanceId":1073748860,"TimeGenerated":"\/Date(1580508227000)\/","TimeWritten":"\/Date(1580508227000)\/","UserName":null,"Site":null,"Container":null},{"MachineName":"WIN-2DKE1ERCQC6","Data":[87,0,97,0,97,0,83,0,77,0,101,0,100,0,105,0,99,0,83,0,118,0,99,0,47,0,49,0,0,0],"Index":775,"Category":"(0)","CategoryNumber":0,"EventID":7036,"EntryType":4,"Message":"The Windows Update Medic Service service entered the stopped state.","Source":"Service Control Manager","ReplacementStrings":["Windows Update Medic Service","stopped"],"InstanceId":1073748860,"TimeGenerated":"\/Date(1580508141000)\/","TimeWritten":"\/Date(1580508141000)\/","UserName":null,"Site":null,"Container":null},{"MachineName":"WIN-2DKE1ERCQC6","Data":[68,0,111,0,83,0,118,0,99,0,47,0,52,0,0,0],"Index":769,"Category":"(0)","CategoryNumber":0,"EventID":7036,"EntryType":4,"Message":"The Delivery Optimization service entered the running state.","Source":"Service Control Manager","ReplacementStrings":["Delivery Optimization","running"],"InstanceId":1073748860,"TimeGenerated":"\/Date(1580508085000)\/","TimeWritten":"\/Date(1580508085000)\/","UserName":null,"Site":null,"Container":null},{"MachineName":"WIN-2DKE1ERCQC6","Data":[119,0,117,0,97,0,117,0,115,0,101,0,114,0,118,0,47,0,52,0,0,0],"Index":768,"Category":"(0)","CategoryNumber":0,"EventID":7036,"EntryType":4,"Message":"The Windows Update service entered the running state.","Source":"Service Control Manager","ReplacementStrings":["Windows Update","running"],"InstanceId":1073748860,"TimeGenerated":"\/Date(1580508083000)\/","TimeWritten":"\/Date(1580508083000)\/","UserName":null,"Site":null,"Container":null},{"MachineName":"WIN-2DKE1ERCQC6","Data":[87,0,97,0,97,0,83,0,77,0,101,0,100,0,105,0,99,0,83,0,118,0,99,0,47,0,52,0,0,0],"Index":767,"Category":"(0)","CategoryNumber":0,"EventID":7036,"EntryType":4,"Message":"The Windows Update Medic Service service entered the running state.","Source":"Service Control Manager","ReplacementStrings":["Windows Update Medic Service","running"],"InstanceId":1073748860,"TimeGenerated":"\/Date(1580508081000)\/","TimeWritten":"\/Date(1580508081000)\/","UserName":null,"Site":null,"Container":null},{"MachineName":"WIN-2DKE1ERCQC6","Data":[115,0,119,0,112,0,114,0,118,0,47,0,52,0,0,0],"Index":765,"Category":"(0)","CategoryNumber":0,"EventID":7036,"EntryType":4,"Message":"The Microsoft Software Shadow Copy Provider service entered the running state.","Source":"Service Control Manager","ReplacementStrings":["Microsoft Software Shadow Copy Provider","running"],"InstanceId":1073748860,"TimeGenerated":"\/Date(1580508056000)\/","TimeWritten":"\/Date(1580508056000)\/","UserName":null,"Site":null,"Container":null},{"MachineName":"WIN-2DKE1ERCQC6","Data":[86,0,83,0,83,0,47,0,52,0,0,0],"Index":764,"Category":"(0)","CategoryNumber":0,"EventID":7036,"EntryType":4,"Message":"The Volume Shadow Copy service entered the running state.","Source":"Service Control Manager","ReplacementStrings":["Volume Shadow Copy","running"],"InstanceId":1073748860,"TimeGenerated":"\/Date(1580508056000)\/","TimeWritten":"\/Date(1580508056000)\/","UserName":null,"Site":null,"Container":null},{"MachineName":"WIN-2DKE1ERCQC6","Data":[78,0,102,0,115,0,83,0,101,0,114,0,118,0,105,0,99,0,101,0,47,0,52,0,0,0],"Index":763,"Category":"(0)","CategoryNumber":0,"EventID":7036,"EntryType":4,"Message":"The Server for NFS service entered the running state.","Source":"Service Control Manager","ReplacementStrings":["Server for NFS","running"],"InstanceId":1073748860,"TimeGenerated":"\/Date(1580508056000)\/","TimeWritten":"\/Date(1580508056000)\/","UserName":null,"Site":null,"Container":null},{"MachineName":"WIN-2DKE1ERCQC6","Data":[78,0,101,0,116,0,83,0,101,0,116,0,117,0,112,0,83,0,118,0,99,0,47,0,52,0,0,0],"Index":760,"Category":"(0)","CategoryNumber":0,"EventID":7036,"EntryType":4,"Message":"The Network Setup Service service entered the running state.","Source":"Service Control Manager","ReplacementStrings":["Network Setup Service","running"],"InstanceId":1073748860,"TimeGenerated":"\/Date(1580507977000)\/","TimeWritten":"\/Date(1580507977000)\/","UserName":null,"Site":null,"Container":null},{"MachineName":"WIN-2DKE1ERCQC6","Data":[115,0,115,0,104,0,100,0,47,0,49,0,0,0],"Index":759,"Category":"(0)","CategoryNumber":0,"EventID":7036,"EntryType":4,"Message":"The OpenSSH SSH Server service entered the stopped state.","Source":"Service Control Manager","ReplacementStrings":["OpenSSH SSH Server","stopped"],"InstanceId":1073748860,"TimeGenerated":"\/Date(1580507843000)\/","TimeWritten":"\/Date(1580507843000)\/","UserName":null,"Site":null,"Container":null},{"MachineName":"WIN-2DKE1ERCQC6","Data":[100,0,101,0,102,0,114,0,97,0,103,0,115,0,118,0,99,0,47,0,49,0,0,0],"Index":758,"Category":"(0)","CategoryNumber":0,"EventID":7036,"EntryType":4,"Message":"The Optimize drives service entered the stopped state.","Source":"Service Control Manager","ReplacementStrings":["Optimize drives","stopped"],"InstanceId":1073748860,"TimeGenerated":"\/Date(1580507830000)\/","TimeWritten":"\/Date(1580507830000)\/","UserName":null,"Site":null,"Container":null},{"MachineName":"WIN-2DKE1ERCQC6","Data":[78,0,101,0,116,0,83,0,101,0,116,0,117,0,112,0,83,0,118,0,99,0,47,0,49,0,0,0],"Index":757,"Category":"(0)","CategoryNumber":0,"EventID":7036,"EntryType":4,"Message":"The Network Setup Service service entered the stopped state.","Source":"Service Control Manager","ReplacementStrings":["Network Setup Service","stopped"],"InstanceId":1073748860,"TimeGenerated":"\/Date(1580507827000)\/","TimeWritten":"\/Date(1580507827000)\/","UserName":null,"Site":null,"Container":null},{"MachineName":"WIN-2DKE1ERCQC6","Data":[78,0,101,0,116,0,83,0,101,0,116,0,117,0,112,0,83,0,118,0,99,0,47,0,52,0,0,0],"Index":756,"Category":"(0)","CategoryNumber":0,"EventID":7036,"EntryType":4,"Message":"The Network Setup Service service entered the running state.","Source":"Service Control Manager","ReplacementStrings":["Network Setup Service","running"],"InstanceId":1073748860,"TimeGenerated":"\/Date(1580507700000)\/","TimeWritten":"\/Date(1580507700000)\/","UserName":null,"Site":null,"Container":null},{"MachineName":"WIN-2DKE1ERCQC6","Data":[100,0,101,0,102,0,114,0,97,0,103,0,115,0,118,0,99,0,47,0,52,0,0,0],"Index":755,"Category":"(0)","CategoryNumber":0,"EventID":7036,"EntryType":4,"Message":"The Optimize drives service entered the running state.","Source":"Service Control Manager","ReplacementStrings":["Optimize drives","running"],"InstanceId":1073748860,"TimeGenerated":"\/Date(1580507630000)\/","TimeWritten":"\/Date(1580507630000)\/","UserName":null,"Site":null,"Container":null},{"MachineName":"WIN-2DKE1ERCQC6","Data":[119,0,117,0,97,0,117,0,115,0,101,0,114,0,118,0,47,0,49,0,0,0],"Index":754,"Category":"(0)","CategoryNumber":0,"EventID":7036,"EntryType":4,"Message":"The Windows Update service entered the stopped state.","Source":"Service Control Manager","ReplacementStrings":["Windows Update","stopped"],"InstanceId":1073748860,"TimeGenerated":"\/Date(1580507339000)\/","TimeWritten":"\/Date(1580507339000)\/","UserName":null,"Site":null,"Container":null},{"MachineName":"WIN-2DKE1ERCQC6","Data":[115,0,109,0,112,0,104,0,111,0,115,0,116,0,47,0,49,0,0,0],"Index":753,"Category":"(0)","CategoryNumber":0,"EventID":7036,"EntryType":4,"Message":"The Microsoft Storage Spaces SMP service entered the stopped state.","Source":"Service Control Manager","ReplacementStrings":["Microsoft Storage Spaces SMP","stopped"],"InstanceId":1073748860,"TimeGenerated":"\/Date(1580507243000)\/","TimeWritten":"\/Date(1580507243000)\/","UserName":null,"Site":null,"Container":null},{"MachineName":"WIN-2DKE1ERCQC6","Data":[115,0,119,0,112,0,114,0,118,0,47,0,49,0,0,0],"Index":752,"Category":"(0)","CategoryNumber":0,"EventID":7036,"EntryType":4,"Message":"The Microsoft Software Shadow Copy Provider service entered the stopped state.","Source":"Service Control Manager","ReplacementStrings":["Microsoft Software Shadow Copy Provider","stopped"],"InstanceId":1073748860,"TimeGenerated":"\/Date(1580507098000)\/","TimeWritten":"\/Date(1580507098000)\/","UserName":null,"Site":null,"Container":null},{"MachineName":"WIN-2DKE1ERCQC6","Data":[68,0,111,0,83,0,118,0,99,0,47,0,49,0,0,0],"Index":751,"Category":"(0)","CategoryNumber":0,"EventID":7036,"EntryType":4,"Message":"The Delivery Optimization service entered the stopped state.","Source":"Service Control Manager","ReplacementStrings":["Delivery Optimization","stopped"],"InstanceId":1073748860,"TimeGenerated":"\/Date(1580507029000)\/","TimeWritten":"\/Date(1580507029000)\/","UserName":null,"Site":null,"Container":null},{"MachineName":"WIN-2DKE1ERCQC6","Data":[99,0,97,0,109,0,115,0,118,0,99,0,47,0,49,0,0,0],"Index":750,"Category":"(0)","CategoryNumber":0,"EventID":7036,"EntryType":4,"Message":"The Capability Access Manager Service service entered the stopped state.","Source":"Service Control Manager","ReplacementStrings":["Capability Access Manager Service","stopped"],"InstanceId":1073748860,"TimeGenerated":"\/Date(1580506998000)\/","TimeWritten":"\/Date(1580506998000)\/","UserName":null,"Site":null,"Container":null},{"MachineName":"WIN-2DKE1ERCQC6","Data":[86,0,83,0,83,0,47,0,49,0,0,0],"Index":749,"Category":"(0)","CategoryNumber":0,"EventID":7036,"EntryType":4,"Message":"The Volume Shadow Copy service entered the stopped state.","Source":"Service Control Manager","ReplacementStrings":["Volume Shadow Copy","stopped"],"InstanceId":1073748860,"TimeGenerated":"\/Date(1580506918000)\/","TimeWritten":"\/Date(1580506918000)\/","UserName":null,"Site":null,"Container":null},{"MachineName":"WIN-2DKE1ERCQC6","Data":[87,0,98,0,105,0,111,0,83,0,114,0,118,0,99,0,47,0,49,0,0,0],"Index":747,"Category":"(0)","CategoryNumber":0,"EventID":7036,"EntryType":4,"Message":"The Windows Biometric Service service entered the stopped state.","Source":"Service Control Manager","ReplacementStrings":["Windows Biometric Service","stopped"],"InstanceId":1073748860,"TimeGenerated":"\/Date(1580506896000)\/","TimeWritten":"\/Date(1580506896000)\/","UserName":null,"Site":null,"Container":null},{"MachineName":"WIN-2DKE1ERCQC6","Data":[78,0,101,0,116,0,83,0,101,0,116,0,117,0,112,0,83,0,118,0,99,0,47,0,49,0,0,0],"Index":746,"Category":"(0)","CategoryNumber":0,"EventID":7036,"EntryType":4,"Message":"The Network Setup Service service entered the stopped state.","Source":"Service Control Manager","ReplacementStrings":["Network Setup Service","stopped"],"InstanceId":1073748860,"TimeGenerated":"\/Date(1580506870000)\/","TimeWritten":"\/Date(1580506870000)\/","UserName":null,"Site":null,"Container":null},{"MachineName":"WIN-2DKE1ERCQC6","Data":[115,0,115,0,104,0,100,0,47,0,52,0,0,0],"Index":745,"Category":"(0)","CategoryNumber":0,"EventID":7036,"EntryType":4,"Message":"The OpenSSH SSH Server service entered the running state.","Source":"Service Control Manager","ReplacementStrings":["OpenSSH SSH Server","running"],"InstanceId":1073748860,"TimeGenerated":"\/Date(1580506791000)\/","TimeWritten":"\/Date(1580506791000)\/","UserName":null,"Site":null,"Container":null},{"MachineName":"WIN-2DKE1ERCQC6","Data":[78,0,101,0,116,0,83,0,101,0,116,0,117,0,112,0,83,0,118,0,99,0,47,0,52,0,0,0],"Index":744,"Category":"(0)","CategoryNumber":0,"EventID":7036,"EntryType":4,"Message":"The Network Setup Service service entered the running state.","Source":"Service Control Manager","ReplacementStrings":["Network Setup Service","running"],"InstanceId":1073748860,"TimeGenerated":"\/Date(1580506777000)\/","TimeWritten":"\/Date(1580506777000)\/","UserName":null,"Site":null,"Container":null},{"MachineName":"WIN-2DKE1ERCQC6","Data":[115,0,119,0,112,0,114,0,118,0,47,0,52,0,0,0],"Index":742,"Category":"(0)","CategoryNumber":0,"EventID":7036,"EntryType":4,"Message":"The Microsoft Software Shadow Copy Provider service entered the running state.","Source":"Service Control Manager","ReplacementStrings":["Microsoft Software Shadow Copy Provider","running"],"InstanceId":1073748860,"TimeGenerated":"\/Date(1580506738000)\/","TimeWritten":"\/Date(1580506738000)\/","UserName":null,"Site":null,"Container":null},{"MachineName":"WIN-2DKE1ERCQC6","Data":[86,0,83,0,83,0,47,0,52,0,0,0],"Index":741,"Category":"(0)","CategoryNumber":0,"EventID":7036,"EntryType":4,"Message":"The Volume Shadow Copy service entered the running state.","Source":"Service Control Manager","ReplacementStrings":["Volume Shadow Copy","running"],"InstanceId":1073748860,"TimeGenerated":"\/Date(1580506738000)\/","TimeWritten":"\/Date(1580506738000)\/","UserName":null,"Site":null,"Container":null},{"MachineName":"WIN-2DKE1ERCQC6","Data":[68,0,111,0,83,0,118,0,99,0,47,0,52,0,0,0],"Index":740,"Category":"(0)","CategoryNumber":0,"EventID":7036,"EntryType":4,"Message":"The Delivery Optimization service entered the running state.","Source":"Service Control Manager","ReplacementStrings":["Delivery Optimization","running"],"InstanceId":1073748860,"TimeGenerated":"\/Date(1580506729000)\/","TimeWritten":"\/Date(1580506729000)\/","UserName":null,"Site":null,"Container":null},{"MachineName":"WIN-2DKE1ERCQC6","Data":[119,0,117,0,97,0,117,0,115,0,101,0,114,0,118,0,47,0,52,0,0,0],"Index":738,"Category":"(0)","CategoryNumber":0,"EventID":7036,"EntryType":4,"Message":"The Windows Update service entered the running state.","Source":"Service Control Manager","ReplacementStrings":["Windows Update","running"],"InstanceId":1073748860,"TimeGenerated":"\/Date(1580506722000)\/","TimeWritten":"\/Date(1580506722000)\/","UserName":null,"Site":null,"Container":null},{"MachineName":"WIN-2DKE1ERCQC6","Data":[87,0,98,0,105,0,111,0,83,0,114,0,118,0,99,0,47,0,52,0,0,0],"Index":736,"Category":"(0)","CategoryNumber":0,"EventID":7036,"EntryType":4,"Message":"The Windows Biometric Service service entered the running state.","Source":"Service Control Manager","ReplacementStrings":["Windows Biometric Service","running"],"InstanceId":1073748860,"TimeGenerated":"\/Date(1580506698000)\/","TimeWritten":"\/Date(1580506698000)\/","UserName":null,"Site":null,"Container":null},{"MachineName":"WIN-2DKE1ERCQC6","Data":[84,0,114,0,117,0,115,0,116,0,101,0,100,0,73,0,110,0,115,0,116,0,97,0,108,0,108,0,101,0,114,0,47,0,52,0,0,0],"Index":735,"Category":"(0)","CategoryNumber":0,"EventID":7036,"EntryType":4,"Message":"The Windows Modules Installer service entered the running state.","Source":"Service Control Manager","ReplacementStrings":["Windows Modules Installer","running"],"InstanceId":1073748860,"TimeGenerated":"\/Date(1580506698000)\/","TimeWritten":"\/Date(1580506698000)\/","UserName":null,"Site":null,"Container":null},{"MachineName":"WIN-2DKE1ERCQC6","Data":[99,0,97,0,109,0,115,0,118,0,99,0,47,0,52,0,0,0],"Index":734,"Category":"(0)","CategoryNumber":0,"EventID":7036,"EntryType":4,"Message":"The Capability Access Manager Service service entered the running state.","Source":"Service Control Manager","ReplacementStrings":["Capability Access Manager Service","running"],"InstanceId":1073748860,"TimeGenerated":"\/Date(1580506698000)\/","TimeWritten":"\/Date(1580506698000)\/","UserName":null,"Site":null,"Container":null},{"MachineName":"WIN-2DKE1ERCQC6","Data":[115,0,109,0,112,0,104,0,111,0,115,0,116,0,47,0,52,0,0,0],"Index":733,"Category":"(0)","CategoryNumber":0,"EventID":7036,"EntryType":4,"Message":"The Microsoft Storage Spaces SMP service entered the running state.","Source":"Service Control Manager","ReplacementStrings":["Microsoft Storage Spaces SMP","running"],"InstanceId":1073748860,"TimeGenerated":"\/Date(1580506342000)\/","TimeWritten":"\/Date(1580506342000)\/","UserName":null,"Site":null,"Container":null},{"MachineName":"WIN-2DKE1ERCQC6","Data":[119,0,108,0,105,0,100,0,115,0,118,0,99,0,47,0,49,0,0,0],"Index":732,"Category":"(0)","CategoryNumber":0,"EventID":7036,"EntryType":4,"Message":"The Microsoft Account Sign-in Assistant service entered the stopped state.","Source":"Service Control Manager","ReplacementStrings":["Microsoft Account Sign-in Assistant","stopped"],"InstanceId":1073748860,"TimeGenerated":"\/Date(1580506332000)\/","TimeWritten":"\/Date(1580506332000)\/","UserName":null,"Site":null,"Container":null},{"MachineName":"WIN-2DKE1ERCQC6","Data":[84,0,114,0,117,0,115,0,116,0,101,0,100,0,73,0,110,0,115,0,116,0,97,0,108,0,108,0,101,0,114,0,47,0,49,0,0,0],"Index":731,"Category":"(0)","CategoryNumber":0,"EventID":7036,"EntryType":4,"Message":"The Windows Modules Installer service entered the stopped state.","Source":"Service Control Manager","ReplacementStrings":["Windows Modules Installer","stopped"],"InstanceId":1073748860,"TimeGenerated":"\/Date(1580506296000)\/","TimeWritten":"\/Date(1580506296000)\/","UserName":null,"Site":null,"Container":null},{"MachineName":"WIN-2DKE1ERCQC6","Data":[78,0,101,0,116,0,83,0,101,0,116,0,117,0,112,0,83,0,118,0,99,0,47,0,49,0,0,0],"Index":730,"Category":"(0)","CategoryNumber":0,"EventID":7036,"EntryType":4,"Message":"The Network Setup Service service entered the stopped state.","Source":"Service Control Manager","ReplacementStrings":["Network Setup Service","stopped"],"InstanceId":1073748860,"TimeGenerated":"\/Date(1580506270000)\/","TimeWritten":"\/Date(1580506270000)\/","UserName":null,"Site":null,"Container":null},{"MachineName":"WIN-2DKE1ERCQC6","Data":[68,0,115,0,109,0,83,0,118,0,99,0,47,0,49,0,0,0],"Index":729,"Category":"(0)","CategoryNumber":0,"EventID":7036,"EntryType":4,"Message":"The Device Setup Manager service entered the stopped state.","Source":"Service Control Manager","ReplacementStrings":["Device Setup Manager","stopped"],"InstanceId":1073748860,"TimeGenerated":"\/Date(1580506219000)\/","TimeWritten":"\/Date(1580506219000)\/","UserName":null,"Site":null,"Container":null},{"MachineName":"WIN-2DKE1ERCQC6","Data":[99,0,97,0,109,0,115,0,118,0,99,0,47,0,49,0,0,0],"Index":728,"Category":"(0)","CategoryNumber":0,"EventID":7036,"EntryType":4,"Message":"The Capability Access Manager Service service entered the stopped state.","Source":"Service Control Manager","ReplacementStrings":["Capability Access Manager Service","stopped"],"InstanceId":1073748860,"TimeGenerated":"\/Date(1580506183000)\/","TimeWritten":"\/Date(1580506183000)\/","UserName":null,"Site":null,"Container":null},{"MachineName":"WIN-2DKE1ERCQC6","Data":[78,0,101,0,116,0,83,0,101,0,116,0,117,0,112,0,83,0,118,0,99,0,47,0,52,0,0,0],"Index":727,"Category":"(0)","CategoryNumber":0,"EventID":7036,"EntryType":4,"Message":"The Network Setup Service service entered the running state.","Source":"Service Control Manager","ReplacementStrings":["Network Setup Service","running"],"InstanceId":1073748860,"TimeGenerated":"\/Date(1580506177000)\/","TimeWritten":"\/Date(1580506177000)\/","UserName":null,"Site":null,"Container":null},{"MachineName":"WIN-2DKE1ERCQC6","Data":[84,0,114,0,117,0,115,0,116,0,101,0,100,0,73,0,110,0,115,0,116,0,97,0,108,0,108,0,101,0,114,0,47,0,52,0,0,0],"Index":726,"Category":"(0)","CategoryNumber":0,"EventID":7036,"EntryType":4,"Message":"The Windows Modules Installer service entered the running state.","Source":"Service Control Manager","ReplacementStrings":["Windows Modules Installer","running"],"InstanceId":1073748860,"TimeGenerated":"\/Date(1580506174000)\/","TimeWritten":"\/Date(1580506174000)\/","UserName":null,"Site":null,"Container":null},{"MachineName":"WIN-2DKE1ERCQC6","Data":[68,0,115,0,109,0,83,0,118,0,99,0,47,0,52,0,0,0],"Index":725,"Category":"(0)","CategoryNumber":0,"EventID":7036,"EntryType":4,"Message":"The Device Setup Manager service entered the running state.","Source":"Service Control Manager","ReplacementStrings":["Device Setup Manager","running"],"InstanceId":1073748860,"TimeGenerated":"\/Date(1580506173000)\/","TimeWritten":"\/Date(1580506173000)\/","UserName":null,"Site":null,"Container":null},{"MachineName":"WIN-2DKE1ERCQC6","Data":[87,0,98,0,105,0,111,0,83,0,114,0,118,0,99,0,47,0,49,0,0,0],"Index":724,"Category":"(0)","CategoryNumber":0,"EventID":7036,"EntryType":4,"Message":"The Windows Biometric Service service entered the stopped state.","Source":"Service Control Manager","ReplacementStrings":["Windows Biometric Service","stopped"],"InstanceId":1073748860,"TimeGenerated":"\/Date(1580506080000)\/","TimeWritten":"\/Date(1580506080000)\/","UserName":null,"Site":null,"Container":null},{"MachineName":"WIN-2DKE1ERCQC6","Data":[119,0,108,0,105,0,100,0,115,0,118,0,99,0,47,0,52,0,0,0],"Index":723,"Category":"(0)","CategoryNumber":0,"EventID":7036,"EntryType":4,"Message":"The Microsoft Account Sign-in Assistant service entered the running state.","Source":"Service Control Manager","ReplacementStrings":["Microsoft Account Sign-in Assistant","running"],"InstanceId":1073748860,"TimeGenerated":"\/Date(1580506030000)\/","TimeWritten":"\/Date(1580506030000)\/","UserName":null,"Site":null,"Container":null},{"MachineName":"WIN-2DKE1ERCQC6","Data":[115,0,112,0,112,0,115,0,118,0,99,0,47,0,49,0,0,0],"Index":722,"Category":"(0)","CategoryNumber":0,"EventID":7036,"EntryType":4,"Message":"The Software Protection service entered the stopped state.","Source":"Service Control Manager","ReplacementStrings":["Software Protection","stopped"],"InstanceId":1073748860,"TimeGenerated":"\/Date(1580506008000)\/","TimeWritten":"\/Date(1580506008000)\/","UserName":null,"Site":null,"Container":null},{"MachineName":"WIN-2DKE1ERCQC6","Data":[115,0,112,0,112,0,115,0,118,0,99,0,47,0,52,0,0,0],"Index":721,"Category":"(0)","CategoryNumber":0,"EventID":7036,"EntryType":4,"Message":"The Software Protection service entered the running state.","Source":"Service Control Manager","ReplacementStrings":["Software Protection","running"],"InstanceId":1073748860,"TimeGenerated":"\/Date(1580505968000)\/","TimeWritten":"\/Date(1580505968000)\/","UserName":null,"Site":null,"Container":null},{"MachineName":"WIN-2DKE1ERCQC6","Data":[115,0,112,0,112,0,115,0,118,0,99,0,47,0,49,0,0,0],"Index":720,"Category":"(0)","CategoryNumber":0,"EventID":7036,"EntryType":4,"Message":"The Software Protection service entered the stopped state.","Source":"Service Control Manager","ReplacementStrings":["Software Protection","stopped"],"InstanceId":1073748860,"TimeGenerated":"\/Date(1580505935000)\/","TimeWritten":"\/Date(1580505935000)\/","UserName":null,"Site":null,"Container":null},{"MachineName":"WIN-2DKE1ERCQC6","Data":[87,0,98,0,105,0,111,0,83,0,114,0,118,0,99,0,47,0,52,0,0,0],"Index":719,"Category":"(0)","CategoryNumber":0,"EventID":7036,"EntryType":4,"Message":"The Windows Biometric Service service entered the running state.","Source":"Service Control Manager","ReplacementStrings":["Windows Biometric Service","running"],"InstanceId":1073748860,"TimeGenerated":"\/Date(1580505882000)\/","TimeWritten":"\/Date(1580505882000)\/","UserName":null,"Site":null,"Container":null},{"MachineName":"WIN-2DKE1ERCQC6","Data":[115,0,112,0,112,0,115,0,118,0,99,0,47,0,52,0,0,0],"Index":718,"Category":"(0)","CategoryNumber":0,"EventID":7036,"EntryType":4,"Message":"The Software Protection service entered the running state.","Source":"Service Control Manager","ReplacementStrings":["Software Protection","running"],"InstanceId":1073748860,"TimeGenerated":"\/Date(1580505882000)\/","TimeWritten":"\/Date(1580505882000)\/","UserName":null,"Site":null,"Container":null},{"MachineName":"WIN-2DKE1ERCQC6","Data":[99,0,97,0,109,0,115,0,118,0,99,0,47,0,52,0,0,0],"Index":717,"Category":"(0)","CategoryNumber":0,"EventID":7036,"EntryType":4,"Message":"The Capability Access Manager Service service entered the running state.","Source":"Service Control Manager","ReplacementStrings":["Capability Access Manager Service","running"],"InstanceId":1073748860,"TimeGenerated":"\/Date(1580505882000)\/","TimeWritten":"\/Date(1580505882000)\/","UserName":null,"Site":null,"Container":null},{"MachineName":"WIN-2DKE1ERCQC6","Data":[83,0,101,0,99,0,117,0,114,0,105,0,116,0,121,0,72,0,101,0,97,0,108,0,116,0,104,0,83,0,101,0,114,0,118,0,105,0,99,0,101,0,47,0,52,0,0,0],"Index":716,"Category":"(0)","CategoryNumber":0,"EventID":7036,"EntryType":4,"Message":"The Windows Security Service service entered the running state.","Source":"Service Control Manager","ReplacementStrings":["Windows Security Service","running"],"InstanceId":1073748860,"TimeGenerated":"\/Date(1580505882000)\/","TimeWritten":"\/Date(1580505882000)\/","UserName":null,"Site":null,"Container":null},{"MachineName":"WIN-2DKE1ERCQC6","Data":[66,0,116,0,104,0,65,0,118,0,99,0,116,0,112,0,83,0,118,0,99,0,47,0,52,0,0,0],"Index":715,"Category":"(0)","CategoryNumber":0,"EventID":7036,"EntryType":4,"Message":"The AVCTP service service entered the running state.","Source":"Service Control Manager","ReplacementStrings":["AVCTP service","running"],"InstanceId":1073748860,"TimeGenerated":"\/Date(1580505881000)\/","TimeWritten":"\/Date(1580505881000)\/","UserName":null,"Site":null,"Container":null},{"MachineName":"WIN-2DKE1ERCQC6","Data":[84,0,114,0,117,0,115,0,116,0,101,0,100,0,73,0,110,0,115,0,116,0,97,0,108,0,108,0,101,0,114,0,47,0,49,0,0,0],"Index":714,"Category":"(0)","CategoryNumber":0,"EventID":7036,"EntryType":4,"Message":"The Windows Modules Installer service entered the stopped state.","Source":"Service Control Manager","ReplacementStrings":["Windows Modules Installer","stopped"],"InstanceId":1073748860,"TimeGenerated":"\/Date(1580505770000)\/","TimeWritten":"\/Date(1580505770000)\/","UserName":null,"Site":null,"Container":null},{"MachineName":"WIN-2DKE1ERCQC6","Data":[84,0,114,0,117,0,115,0,116,0,101,0,100,0,73,0,110,0,115,0,116,0,97,0,108,0,108,0,101,0,114,0,47,0,52,0,0,0],"Index":713,"Category":"(0)","CategoryNumber":0,"EventID":7036,"EntryType":4,"Message":"The Windows Modules Installer service entered the running state.","Source":"Service Control Manager","ReplacementStrings":["Windows Modules Installer","running"],"InstanceId":1073748860,"TimeGenerated":"\/Date(1580505649000)\/","TimeWritten":"\/Date(1580505649000)\/","UserName":null,"Site":null,"Container":null},{"MachineName":"WIN-2DKE1ERCQC6","Data":[78,0,101,0,116,0,83,0,101,0,116,0,117,0,112,0,83,0,118,0,99,0,47,0,49,0,0,0],"Index":712,"Category":"(0)","CategoryNumber":0,"EventID":7036,"EntryType":4,"Message":"The Network Setup Service service entered the stopped state.","Source":"Service Control Manager","ReplacementStrings":["Network Setup Service","stopped"],"InstanceId":1073748860,"TimeGenerated":"\/Date(1580505245000)\/","TimeWritten":"\/Date(1580505245000)\/","UserName":null,"Site":null,"Container":null},{"MachineName":"WIN-2DKE1ERCQC6","Data":[78,0,101,0,116,0,83,0,101,0,116,0,117,0,112,0,83,0,118,0,99,0,47,0,52,0,0,0],"Index":711,"Category":"(0)","CategoryNumber":0,"EventID":7036,"EntryType":4,"Message":"The Network Setup Service service entered the running state.","Source":"Service Control Manager","ReplacementStrings":["Network Setup Service","running"],"InstanceId":1073748860,"TimeGenerated":"\/Date(1580505064000)\/","TimeWritten":"\/Date(1580505064000)\/","UserName":null,"Site":null,"Container":null},{"MachineName":"WIN-2DKE1ERCQC6","Data":[78,0,101,0,116,0,83,0,101,0,116,0,117,0,112,0,83,0,118,0,99,0,47,0,49,0,0,0],"Index":710,"Category":"(0)","CategoryNumber":0,"EventID":7036,"EntryType":4,"Message":"The Network Setup Service service entered the stopped state.","Source":"Service Control Manager","ReplacementStrings":["Network Setup Service","stopped"],"InstanceId":1073748860,"TimeGenerated":"\/Date(1580501645000)\/","TimeWritten":"\/Date(1580501645000)\/","UserName":null,"Site":null,"Container":null},{"MachineName":"WIN-2DKE1ERCQC6","Data":[78,0,101,0,116,0,83,0,101,0,116,0,117,0,112,0,83,0,118,0,99,0,47,0,52,0,0,0],"Index":709,"Category":"(0)","CategoryNumber":0,"EventID":7036,"EntryType":4,"Message":"The Network Setup Service service entered the running state.","Source":"Service Control Manager","ReplacementStrings":["Network Setup Service","running"],"InstanceId":1073748860,"TimeGenerated":"\/Date(1580501464000)\/","TimeWritten":"\/Date(1580501464000)\/","UserName":null,"Site":null,"Container":null},{"MachineName":"WIN-2DKE1ERCQC6","Data":[78,0,101,0,116,0,83,0,101,0,116,0,117,0,112,0,83,0,118,0,99,0,47,0,49,0,0,0],"Index":707,"Category":"(0)","CategoryNumber":0,"EventID":7036,"EntryType":4,"Message":"The Network Setup Service service entered the stopped state.","Source":"Service Control Manager","ReplacementStrings":["Network Setup Service","stopped"],"InstanceId":1073748860,"TimeGenerated":"\/Date(1580498045000)\/","TimeWritten":"\/Date(1580498045000)\/","UserName":null,"Site":null,"Container":null},{"MachineName":"WIN-2DKE1ERCQC6","Data":[78,0,101,0,116,0,83,0,101,0,116,0,117,0,112,0,83,0,118,0,99,0,47,0,52,0,0,0],"Index":706,"Category":"(0)","CategoryNumber":0,"EventID":7036,"EntryType":4,"Message":"The Network Setup Service service entered the running state.","Source":"Service Control Manager","ReplacementStrings":["Network Setup Service","running"],"InstanceId":1073748860,"TimeGenerated":"\/Date(1580497864000)\/","TimeWritten":"\/Date(1580497864000)\/","UserName":null,"Site":null,"Container":null},{"MachineName":"WIN-2DKE1ERCQC6","Data":[78,0,101,0,116,0,83,0,101,0,116,0,117,0,112,0,83,0,118,0,99,0,47,0,49,0,0,0],"Index":705,"Category":"(0)","CategoryNumber":0,"EventID":7036,"EntryType":4,"Message":"The Network Setup Service service entered the stopped state.","Source":"Service Control Manager","ReplacementStrings":["Network Setup Service","stopped"],"InstanceId":1073748860,"TimeGenerated":"\/Date(1580494445000)\/","TimeWritten":"\/Date(1580494445000)\/","UserName":null,"Site":null,"Container":null},{"MachineName":"WIN-2DKE1ERCQC6","Data":[78,0,101,0,116,0,83,0,101,0,116,0,117,0,112,0,83,0,118,0,99,0,47,0,52,0,0,0],"Index":704,"Category":"(0)","CategoryNumber":0,"EventID":7036,"EntryType":4,"Message":"The Network Setup Service service entered the running state.","Source":"Service Control Manager","ReplacementStrings":["Network Setup Service","running"],"InstanceId":1073748860,"TimeGenerated":"\/Date(1580494264000)\/","TimeWritten":"\/Date(1580494264000)\/","UserName":null,"Site":null,"Container":null},{"MachineName":"WIN-2DKE1ERCQC6","Data":[78,0,101,0,116,0,83,0,101,0,116,0,117,0,112,0,83,0,118,0,99,0,47,0,49,0,0,0],"Index":703,"Category":"(0)","CategoryNumber":0,"EventID":7036,"EntryType":4,"Message":"The Network Setup Service service entered the stopped state.","Source":"Service Control Manager","ReplacementStrings":["Network Setup Service","stopped"],"InstanceId":1073748860,"TimeGenerated":"\/Date(1580490845000)\/","TimeWritten":"\/Date(1580490845000)\/","UserName":null,"Site":null,"Container":null},{"MachineName":"WIN-2DKE1ERCQC6","Data":[78,0,101,0,116,0,83,0,101,0,116,0,117,0,112,0,83,0,118,0,99,0,47,0,52,0,0,0],"Index":702,"Category":"(0)","CategoryNumber":0,"EventID":7036,"EntryType":4,"Message":"The Network Setup Service service entered the running state.","Source":"Service Control Manager","ReplacementStrings":["Network Setup Service","running"],"InstanceId":1073748860,"TimeGenerated":"\/Date(1580490664000)\/","TimeWritten":"\/Date(1580490664000)\/","UserName":null,"Site":null,"Container":null},{"MachineName":"WIN-2DKE1ERCQC6","Data":[78,0,101,0,116,0,83,0,101,0,116,0,117,0,112,0,83,0,118,0,99,0,47,0,49,0,0,0],"Index":701,"Category":"(0)","CategoryNumber":0,"EventID":7036,"EntryType":4,"Message":"The Network Setup Service service entered the stopped state.","Source":"Service Control Manager","ReplacementStrings":["Network Setup Service","stopped"],"InstanceId":1073748860,"TimeGenerated":"\/Date(1580487245000)\/","TimeWritten":"\/Date(1580487245000)\/","UserName":null,"Site":null,"Container":null},{"MachineName":"WIN-2DKE1ERCQC6","Data":[78,0,101,0,116,0,83,0,101,0,116,0,117,0,112,0,83,0,118,0,99,0,47,0,52,0,0,0],"Index":700,"Category":"(0)","CategoryNumber":0,"EventID":7036,"EntryType":4,"Message":"The Network Setup Service service entered the running state.","Source":"Service Control Manager","ReplacementStrings":["Network Setup Service","running"],"InstanceId":1073748860,"TimeGenerated":"\/Date(1580487064000)\/","TimeWritten":"\/Date(1580487064000)\/","UserName":null,"Site":null,"Container":null},{"MachineName":"WIN-2DKE1ERCQC6","Data":[78,0,101,0,116,0,83,0,101,0,116,0,117,0,112,0,83,0,118,0,99,0,47,0,49,0,0,0],"Index":699,"Category":"(0)","CategoryNumber":0,"EventID":7036,"EntryType":4,"Message":"The Network Setup Service service entered the stopped state.","Source":"Service Control Manager","ReplacementStrings":["Network Setup Service","stopped"],"InstanceId":1073748860,"TimeGenerated":"\/Date(1580483645000)\/","TimeWritten":"\/Date(1580483645000)\/","UserName":null,"Site":null,"Container":null},{"MachineName":"WIN-2DKE1ERCQC6","Data":[78,0,101,0,116,0,83,0,101,0,116,0,117,0,112,0,83,0,118,0,99,0,47,0,52,0,0,0],"Index":698,"Category":"(0)","CategoryNumber":0,"EventID":7036,"EntryType":4,"Message":"The Network Setup Service service entered the running state.","Source":"Service Control Manager","ReplacementStrings":["Network Setup Service","running"],"InstanceId":1073748860,"TimeGenerated":"\/Date(1580483464000)\/","TimeWritten":"\/Date(1580483464000)\/","UserName":null,"Site":null,"Container":null},{"MachineName":"WIN-2DKE1ERCQC6","Data":[78,0,101,0,116,0,83,0,101,0,116,0,117,0,112,0,83,0,118,0,99,0,47,0,49,0,0,0],"Index":697,"Category":"(0)","CategoryNumber":0,"EventID":7036,"EntryType":4,"Message":"The Network Setup Service service entered the stopped state.","Source":"Service Control Manager","ReplacementStrings":["Network Setup Service","stopped"],"InstanceId":1073748860,"TimeGenerated":"\/Date(1580480045000)\/","TimeWritten":"\/Date(1580480045000)\/","UserName":null,"Site":null,"Container":null},{"MachineName":"WIN-2DKE1ERCQC6","Data":[78,0,101,0,116,0,83,0,101,0,116,0,117,0,112,0,83,0,118,0,99,0,47,0,52,0,0,0],"Index":696,"Category":"(0)","CategoryNumber":0,"EventID":7036,"EntryType":4,"Message":"The Network Setup Service service entered the running state.","Source":"Service Control Manager","ReplacementStrings":["Network Setup Service","running"],"InstanceId":1073748860,"TimeGenerated":"\/Date(1580479864000)\/","TimeWritten":"\/Date(1580479864000)\/","UserName":null,"Site":null,"Container":null},{"MachineName":"WIN-2DKE1ERCQC6","Data":[78,0,101,0,116,0,83,0,101,0,116,0,117,0,112,0,83,0,118,0,99,0,47,0,49,0,0,0],"Index":695,"Category":"(0)","CategoryNumber":0,"EventID":7036,"EntryType":4,"Message":"The Network Setup Service service entered the stopped state.","Source":"Service Control Manager","ReplacementStrings":["Network Setup Service","stopped"],"InstanceId":1073748860,"TimeGenerated":"\/Date(1580476445000)\/","TimeWritten":"\/Date(1580476445000)\/","UserName":null,"Site":null,"Container":null},{"MachineName":"WIN-2DKE1ERCQC6","Data":[78,0,101,0,116,0,83,0,101,0,116,0,117,0,112,0,83,0,118,0,99,0,47,0,52,0,0,0],"Index":694,"Category":"(0)","CategoryNumber":0,"EventID":7036,"EntryType":4,"Message":"The Network Setup Service service entered the running state.","Source":"Service Control Manager","ReplacementStrings":["Network Setup Service","running"],"InstanceId":1073748860,"TimeGenerated":"\/Date(1580476264000)\/","TimeWritten":"\/Date(1580476264000)\/","UserName":null,"Site":null,"Container":null},{"MachineName":"WIN-2DKE1ERCQC6","Data":[119,0,117,0,97,0,117,0,115,0,101,0,114,0,118,0,47,0,49,0,0,0],"Index":693,"Category":"(0)","CategoryNumber":0,"EventID":7036,"EntryType":4,"Message":"The Windows Update service entered the stopped state.","Source":"Service Control Manager","ReplacementStrings":["Windows Update","stopped"],"InstanceId":1073748860,"TimeGenerated":"\/Date(1580473914000)\/","TimeWritten":"\/Date(1580473914000)\/","UserName":null,"Site":null,"Container":null},{"MachineName":"WIN-2DKE1ERCQC6","Data":[119,0,117,0,97,0,117,0,115,0,101,0,114,0,118,0,47,0,52,0,0,0],"Index":692,"Category":"(0)","CategoryNumber":0,"EventID":7036,"EntryType":4,"Message":"The Windows Update service entered the running state.","Source":"Service Control Manager","ReplacementStrings":["Windows Update","running"],"InstanceId":1073748860,"TimeGenerated":"\/Date(1580473314000)\/","TimeWritten":"\/Date(1580473314000)\/","UserName":null,"Site":null,"Container":null},{"MachineName":"WIN-2DKE1ERCQC6","Data":[119,0,117,0,97,0,117,0,115,0,101,0,114,0,118,0,47,0,49,0,0,0],"Index":691,"Category":"(0)","CategoryNumber":0,"EventID":7036,"EntryType":4,"Message":"The Windows Update service entered the stopped state.","Source":"Service Control Manager","ReplacementStrings":["Windows Update","stopped"],"InstanceId":1073748860,"TimeGenerated":"\/Date(1580473171000)\/","TimeWritten":"\/Date(1580473171000)\/","UserName":null,"Site":null,"Container":null},{"MachineName":"WIN-2DKE1ERCQC6","Data":[67,0,108,0,105,0,112,0,83,0,86,0,67,0,47,0,49,0,0,0],"Index":690,"Category":"(0)","CategoryNumber":0,"EventID":7036,"EntryType":4,"Message":"The Client License Service (ClipSVC) service entered the stopped state.","Source":"Service Control Manager","ReplacementStrings":["Client License Service (ClipSVC)","stopped"],"InstanceId":1073748860,"TimeGenerated":"\/Date(1580472872000)\/","TimeWritten":"\/Date(1580472872000)\/","UserName":null,"Site":null,"Container":null},{"MachineName":"WIN-2DKE1ERCQC6","Data":[78,0,101,0,116,0,83,0,101,0,116,0,117,0,112,0,83,0,118,0,99,0,47,0,49,0,0,0],"Index":689,"Category":"(0)","CategoryNumber":0,"EventID":7036,"EntryType":4,"Message":"The Network Setup Service service entered the stopped state.","Source":"Service Control Manager","ReplacementStrings":["Network Setup Service","stopped"],"InstanceId":1073748860,"TimeGenerated":"\/Date(1580472845000)\/","TimeWritten":"\/Date(1580472845000)\/","UserName":null,"Site":null,"Container":null},{"MachineName":"WIN-2DKE1ERCQC6","Data":[119,0,108,0,105,0,100,0,115,0,118,0,99,0,47,0,49,0,0,0],"Index":688,"Category":"(0)","CategoryNumber":0,"EventID":7036,"EntryType":4,"Message":"The Microsoft Account Sign-in Assistant service entered the stopped state.","Source":"Service Control Manager","ReplacementStrings":["Microsoft Account Sign-in Assistant","stopped"],"InstanceId":1073748860,"TimeGenerated":"\/Date(1580472750000)\/","TimeWritten":"\/Date(1580472750000)\/","UserName":null,"Site":null,"Container":null},{"MachineName":"WIN-2DKE1ERCQC6","Data":[78,0,101,0,116,0,83,0,101,0,116,0,117,0,112,0,83,0,118,0,99,0,47,0,52,0,0,0],"Index":687,"Category":"(0)","CategoryNumber":0,"EventID":7036,"EntryType":4,"Message":"The Network Setup Service service entered the running state.","Source":"Service Control Manager","ReplacementStrings":["Network Setup Service","running"],"InstanceId":1073748860,"TimeGenerated":"\/Date(1580472664000)\/","TimeWritten":"\/Date(1580472664000)\/","UserName":null,"Site":null,"Container":null},{"MachineName":"WIN-2DKE1ERCQC6","Data":[115,0,112,0,112,0,115,0,118,0,99,0,47,0,49,0,0,0],"Index":686,"Category":"(0)","CategoryNumber":0,"EventID":7036,"EntryType":4,"Message":"The Software Protection service entered the stopped state.","Source":"Service Control Manager","ReplacementStrings":["Software Protection","stopped"],"InstanceId":1073748860,"TimeGenerated":"\/Date(1580472607000)\/","TimeWritten":"\/Date(1580472607000)\/","UserName":null,"Site":null,"Container":null},{"MachineName":"WIN-2DKE1ERCQC6","Data":[119,0,108,0,105,0,100,0,115,0,118,0,99,0,47,0,52,0,0,0],"Index":685,"Category":"(0)","CategoryNumber":0,"EventID":7036,"EntryType":4,"Message":"The Microsoft Account Sign-in Assistant service entered the running state.","Source":"Service Control Manager","ReplacementStrings":["Microsoft Account Sign-in Assistant","running"],"InstanceId":1073748860,"TimeGenerated":"\/Date(1580472569000)\/","TimeWritten":"\/Date(1580472569000)\/","UserName":null,"Site":null,"Container":null},{"MachineName":"WIN-2DKE1ERCQC6","Data":[119,0,117,0,97,0,117,0,115,0,101,0,114,0,118,0,47,0,52,0,0,0],"Index":684,"Category":"(0)","CategoryNumber":0,"EventID":7036,"EntryType":4,"Message":"The Windows Update service entered the running state.","Source":"Service Control Manager","ReplacementStrings":["Windows Update","running"],"InstanceId":1073748860,"TimeGenerated":"\/Date(1580472568000)\/","TimeWritten":"\/Date(1580472568000)\/","UserName":null,"Site":null,"Container":null},{"MachineName":"WIN-2DKE1ERCQC6","Data":[76,0,105,0,99,0,101,0,110,0,115,0,101,0,77,0,97,0,110,0,97,0,103,0,101,0,114,0,47,0,52,0,0,0],"Index":683,"Category":"(0)","CategoryNumber":0,"EventID":7036,"EntryType":4,"Message":"The Windows License Manager Service service entered the running state.","Source":"Service Control Manager","ReplacementStrings":["Windows License Manager Service","running"],"InstanceId":1073748860,"TimeGenerated":"\/Date(1580472566000)\/","TimeWritten":"\/Date(1580472566000)\/","UserName":null,"Site":null,"Container":null},{"MachineName":"WIN-2DKE1ERCQC6","Data":[115,0,112,0,112,0,115,0,118,0,99,0,47,0,52,0,0,0],"Index":682,"Category":"(0)","CategoryNumber":0,"EventID":7036,"EntryType":4,"Message":"The Software Protection service entered the running state.","Source":"Service Control Manager","ReplacementStrings":["Software Protection","running"],"InstanceId":1073748860,"TimeGenerated":"\/Date(1580472560000)\/","TimeWritten":"\/Date(1580472560000)\/","UserName":null,"Site":null,"Container":null},{"MachineName":"WIN-2DKE1ERCQC6","Data":[67,0,108,0,105,0,112,0,83,0,86,0,67,0,47,0,52,0,0,0],"Index":681,"Category":"(0)","CategoryNumber":0,"EventID":7036,"EntryType":4,"Message":"The Client License Service (ClipSVC) service entered the running state.","Source":"Service Control Manager","ReplacementStrings":["Client License Service (ClipSVC)","running"],"InstanceId":1073748860,"TimeGenerated":"\/Date(1580472560000)\/","TimeWritten":"\/Date(1580472560000)\/","UserName":null,"Site":null,"Container":null},{"MachineName":"WIN-2DKE1ERCQC6","Data":[99,0,97,0,109,0,115,0,118,0,99,0,47,0,49,0,0,0],"Index":679,"Category":"(0)","CategoryNumber":0,"EventID":7036,"EntryType":4,"Message":"The Capability Access Manager Service service entered the stopped state.","Source":"Service Control Manager","ReplacementStrings":["Capability Access Manager Service","stopped"],"InstanceId":1073748860,"TimeGenerated":"\/Date(1580470944000)\/","TimeWritten":"\/Date(1580470944000)\/","UserName":null,"Site":null,"Container":null},{"MachineName":"WIN-2DKE1ERCQC6","Data":[115,0,112,0,112,0,115,0,118,0,99,0,47,0,49,0,0,0],"Index":678,"Category":"(0)","CategoryNumber":0,"EventID":7036,"EntryType":4,"Message":"The Software Protection service entered the stopped state.","Source":"Service Control Manager","ReplacementStrings":["Software Protection","stopped"],"InstanceId":1073748860,"TimeGenerated":"\/Date(1580470673000)\/","TimeWritten":"\/Date(1580470673000)\/","UserName":null,"Site":null,"Container":null},{"MachineName":"WIN-2DKE1ERCQC6","Data":[99,0,97,0,109,0,115,0,118,0,99,0,47,0,52,0,0,0],"Index":677,"Category":"(0)","CategoryNumber":0,"EventID":7036,"EntryType":4,"Message":"The Capability Access Manager Service service entered the running state.","Source":"Service Control Manager","ReplacementStrings":["Capability Access Manager Service","running"],"InstanceId":1073748860,"TimeGenerated":"\/Date(1580470643000)\/","TimeWritten":"\/Date(1580470643000)\/","UserName":null,"Site":null,"Container":null},{"MachineName":"WIN-2DKE1ERCQC6","Data":[115,0,112,0,112,0,115,0,118,0,99,0,47,0,52,0,0,0],"Index":676,"Category":"(0)","CategoryNumber":0,"EventID":7036,"EntryType":4,"Message":"The Software Protection service entered the running state.","Source":"Service Control Manager","ReplacementStrings":["Software Protection","running"],"InstanceId":1073748860,"TimeGenerated":"\/Date(1580470642000)\/","TimeWritten":"\/Date(1580470642000)\/","UserName":null,"Site":null,"Container":null},{"MachineName":"WIN-2DKE1ERCQC6","Data":[119,0,117,0,97,0,117,0,115,0,101,0,114,0,118,0,47,0,49,0,0,0],"Index":675,"Category":"(0)","CategoryNumber":0,"EventID":7036,"EntryType":4,"Message":"The Windows Update service entered the stopped state.","Source":"Service Control Manager","ReplacementStrings":["Windows Update","stopped"],"InstanceId":1073748860,"TimeGenerated":"\/Date(1580469880000)\/","TimeWritten":"\/Date(1580469880000)\/","UserName":null,"Site":null,"Container":null},{"MachineName":"WIN-2DKE1ERCQC6","Data":[68,0,111,0,83,0,118,0,99,0,47,0,49,0,0,0],"Index":674,"Category":"(0)","CategoryNumber":0,"EventID":7036,"EntryType":4,"Message":"The Delivery Optimization service entered the stopped state.","Source":"Service Control Manager","ReplacementStrings":["Delivery Optimization","stopped"],"InstanceId":1073748860,"TimeGenerated":"\/Date(1580469555000)\/","TimeWritten":"\/Date(1580469555000)\/","UserName":null,"Site":null,"Container":null},{"MachineName":"WIN-2DKE1ERCQC6","Data":[119,0,108,0,105,0,100,0,115,0,118,0,99,0,47,0,49,0,0,0],"Index":673,"Category":"(0)","CategoryNumber":0,"EventID":7036,"EntryType":4,"Message":"The Microsoft Account Sign-in Assistant service entered the stopped state.","Source":"Service Control Manager","ReplacementStrings":["Microsoft Account Sign-in Assistant","stopped"],"InstanceId":1073748860,"TimeGenerated":"\/Date(1580469423000)\/","TimeWritten":"\/Date(1580469423000)\/","UserName":null,"Site":null,"Container":null},{"MachineName":"WIN-2DKE1ERCQC6","Data":[84,0,114,0,117,0,115,0,116,0,101,0,100,0,73,0,110,0,115,0,116,0,97,0,108,0,108,0,101,0,114,0,47,0,49,0,0,0],"Index":672,"Category":"(0)","CategoryNumber":0,"EventID":7036,"EntryType":4,"Message":"The Windows Modules Installer service entered the stopped state.","Source":"Service Control Manager","ReplacementStrings":["Windows Modules Installer","stopped"],"InstanceId":1073748860,"TimeGenerated":"\/Date(1580469374000)\/","TimeWritten":"\/Date(1580469374000)\/","UserName":null,"Site":null,"Container":null},{"MachineName":"WIN-2DKE1ERCQC6","Data":[87,0,97,0,97,0,83,0,77,0,101,0,100,0,105,0,99,0,83,0,118,0,99,0,47,0,49,0,0,0],"Index":671,"Category":"(0)","CategoryNumber":0,"EventID":7036,"EntryType":4,"Message":"The Windows Update Medic Service service entered the stopped state.","Source":"Service Control Manager","ReplacementStrings":["Windows Update Medic Service","stopped"],"InstanceId":1073748860,"TimeGenerated":"\/Date(1580469303000)\/","TimeWritten":"\/Date(1580469303000)\/","UserName":null,"Site":null,"Container":null},{"MachineName":"WIN-2DKE1ERCQC6","Data":[68,0,111,0,83,0,118,0,99,0,47,0,52,0,0,0],"Index":669,"Category":"(0)","CategoryNumber":0,"EventID":7036,"EntryType":4,"Message":"The Delivery Optimization service entered the running state.","Source":"Service Control Manager","ReplacementStrings":["Delivery Optimization","running"],"InstanceId":1073748860,"TimeGenerated":"\/Date(1580469255000)\/","TimeWritten":"\/Date(1580469255000)\/","UserName":null,"Site":null,"Container":null},{"MachineName":"WIN-2DKE1ERCQC6","Data":[84,0,114,0,117,0,115,0,116,0,101,0,100,0,73,0,110,0,115,0,116,0,97,0,108,0,108,0,101,0,114,0,47,0,52,0,0,0],"Index":668,"Category":"(0)","CategoryNumber":0,"EventID":7036,"EntryType":4,"Message":"The Windows Modules Installer service entered the running state.","Source":"Service Control Manager","ReplacementStrings":["Windows Modules Installer","running"],"InstanceId":1073748860,"TimeGenerated":"\/Date(1580469248000)\/","TimeWritten":"\/Date(1580469248000)\/","UserName":null,"Site":null,"Container":null},