{"MachineName":"SERWER01","Data":[85,0,109,0,82,0,100,0,112,0,83,0,101,0,114,0,118,0,105,0,99,0,101,0,47,0,49,0,0,0],"Index":2473,"Category":"(0)","CategoryNumber":0,"EventID":7036,"EntryType":4,"Message":"The Remote Desktop Services UserMode Port Redirector service entered the stopped state.","Source":"Service Control Manager","ReplacementStrings":["Remote Desktop Services UserMode Port Redirector","stopped"],"InstanceId":1073748860,"TimeGenerated":"\/Date(1580776476000)\/","TimeWritten":"\/Date(1580776476000)\/","UserName":null,"Site":null,"Container":null},{"MachineName":"SERWER01","Data":[67,0,108,0,105,0,112,0,83,0,86,0,67,0,47,0,49,0,0,0],"Index":2471,"Category":"(0)","CategoryNumber":0,"EventID":7036,"EntryType":4,"Message":"The Client License Service (ClipSVC) service entered the stopped state.","Source":"Service Control Manager","ReplacementStrings":["Client License Service (ClipSVC)","stopped"],"InstanceId":1073748860,"TimeGenerated":"\/Date(1580776476000)\/","TimeWritten":"\/Date(1580776476000)\/","UserName":null,"Site":null,"Container":null},{"MachineName":"SERWER01","Data":[68,0,105,0,97,0,103,0,84,0,114,0,97,0,99,0,107,0,47,0,49,0,0,0],"Index":2469,"Category":"(0)","CategoryNumber":0,"EventID":7036,"EntryType":4,"Message":"The Connected User Experiences and Telemetry service entered the stopped state.","Source":"Service Control Manager","ReplacementStrings":["Connected User Experiences and Telemetry","stopped"],"InstanceId":1073748860,"TimeGenerated":"\/Date(1580776475000)\/","TimeWritten":"\/Date(1580776475000)\/","UserName":null,"Site":null,"Container":null},{"MachineName":"SERWER01","Data":[85,0,65,0,76,0,83,0,86,0,67,0,47,0,49,0,0,0],"Index":2468,"Category":"(0)","CategoryNumber":0,"EventID":7036,"EntryType":4,"Message":"The User Access Logging Service service entered the stopped state.","Source":"Service Control Manager","ReplacementStrings":["User Access Logging Service","stopped"],"InstanceId":1073748860,"TimeGenerated":"\/Date(1580776475000)\/","TimeWritten":"\/Date(1580776475000)\/","UserName":null,"Site":null,"Container":null},{"MachineName":"SERWER01","Data":[84,0,114,0,117,0,115,0,116,0,101,0,100,0,73,0,110,0,115,0,116,0,97,0,108,0,108,0,101,0,114,0,47,0,49,0,0,0],"Index":2467,"Category":"(0)","CategoryNumber":0,"EventID":7036,"EntryType":4,"Message":"The Windows Modules Installer service entered the stopped state.","Source":"Service Control Manager","ReplacementStrings":["Windows Modules Installer","stopped"],"InstanceId":1073748860,"TimeGenerated":"\/Date(1580776475000)\/","TimeWritten":"\/Date(1580776475000)\/","UserName":null,"Site":null,"Container":null},{"MachineName":"SERWER01","Data":[78,0,101,0,116,0,83,0,101,0,116,0,117,0,112,0,83,0,118,0,99,0,47,0,49,0,0,0],"Index":2466,"Category":"(0)","CategoryNumber":0,"EventID":7036,"EntryType":4,"Message":"The Network Setup Service service entered the stopped state.","Source":"Service Control Manager","ReplacementStrings":["Network Setup Service","stopped"],"InstanceId":1073748860,"TimeGenerated":"\/Date(1580776475000)\/","TimeWritten":"\/Date(1580776475000)\/","UserName":null,"Site":null,"Container":null},{"MachineName":"SERWER01","Data":[103,0,112,0,115,0,118,0,99,0,47,0,49,0,0,0],"Index":2463,"Category":"(0)","CategoryNumber":0,"EventID":7036,"EntryType":4,"Message":"The Group Policy Client service entered the stopped state.","Source":"Service Control Manager","ReplacementStrings":["Group Policy Client","stopped"],"InstanceId":1073748860,"TimeGenerated":"\/Date(1580776470000)\/","TimeWritten":"\/Date(1580776470000)\/","UserName":null,"Site":null,"Container":null},{"MachineName":"SERWER01","Data":[87,0,112,0,110,0,85,0,115,0,101,0,114,0,83,0,101,0,114,0,118,0,105,0,99,0,101,0,95,0,52,0,100,0,49,0,51,0,101,0,47,0,49,0,0,0],"Index":2461,"Category":"(0)","CategoryNumber":0,"EventID":7036,"EntryType":4,"Message":"The Windows Push Notifications User Service_4d13e service entered the stopped state.","Source":"Service Control Manager","ReplacementStrings":["Windows Push Notifications User Service_4d13e","stopped"],"InstanceId":1073748860,"TimeGenerated":"\/Date(1580776470000)\/","TimeWritten":"\/Date(1580776470000)\/","UserName":null,"Site":null,"Container":null},{"MachineName":"SERWER01","Data":[67,0,68,0,80,0,85,0,115,0,101,0,114,0,83,0,118,0,99,0,95,0,52,0,100,0,49,0,51,0,101,0,47,0,49,0,0,0],"Index":2460,"Category":"(0)","CategoryNumber":0,"EventID":7036,"EntryType":4,"Message":"The Connected Devices Platform User Service_4d13e service entered the stopped state.","Source":"Service Control Manager","ReplacementStrings":["Connected Devices Platform User Service_4d13e","stopped"],"InstanceId":1073748860,"TimeGenerated":"\/Date(1580776470000)\/","TimeWritten":"\/Date(1580776470000)\/","UserName":null,"Site":null,"Container":null},{"MachineName":"SERWER01","Data":[80,0,105,0,109,0,73,0,110,0,100,0,101,0,120,0,77,0,97,0,105,0,110,0,116,0,101,0,110,0,97,0,110,0,99,0,101,0,83,0,118,0,99,0,95,0,52,0,100,0,49,0,51,0,101,0,47,0,49,0,0,0],"Index":2459,"Category":"(0)","CategoryNumber":0,"EventID":7036,"EntryType":4,"Message":"The Contact Data_4d13e service entered the stopped state.","Source":"Service Control Manager","ReplacementStrings":["Contact Data_4d13e","stopped"],"InstanceId":1073748860,"TimeGenerated":"\/Date(1580776470000)\/","TimeWritten":"\/Date(1580776470000)\/","UserName":null,"Site":null,"Container":null},{"MachineName":"SERWER01","Data":[85,0,110,0,105,0,115,0,116,0,111,0,114,0,101,0,83,0,118,0,99,0,95,0,52,0,100,0,49,0,51,0,101,0,47,0,49,0,0,0],"Index":2458,"Category":"(0)","CategoryNumber":0,"EventID":7036,"EntryType":4,"Message":"The User Data Storage_4d13e service entered the stopped state.","Source":"Service Control Manager","ReplacementStrings":["User Data Storage_4d13e","stopped"],"InstanceId":1073748860,"TimeGenerated":"\/Date(1580776470000)\/","TimeWritten":"\/Date(1580776470000)\/","UserName":null,"Site":null,"Container":null},{"MachineName":"SERWER01","Data":[85,0,115,0,101,0,114,0,68,0,97,0,116,0,97,0,83,0,118,0,99,0,95,0,52,0,100,0,49,0,51,0,101,0,47,0,49,0,0,0],"Index":2457,"Category":"(0)","CategoryNumber":0,"EventID":7036,"EntryType":4,"Message":"The User Data Access_4d13e service entered the stopped state.","Source":"Service Control Manager","ReplacementStrings":["User Data Access_4d13e","stopped"],"InstanceId":1073748860,"TimeGenerated":"\/Date(1580776470000)\/","TimeWritten":"\/Date(1580776470000)\/","UserName":null,"Site":null,"Container":null},{"MachineName":"SERWER01","Data":[87,0,98,0,105,0,111,0,83,0,114,0,118,0,99,0,47,0,49,0,0,0],"Index":2454,"Category":"(0)","CategoryNumber":0,"EventID":7036,"EntryType":4,"Message":"The Windows Biometric Service service entered the stopped state.","Source":"Service Control Manager","ReplacementStrings":["Windows Biometric Service","stopped"],"InstanceId":1073748860,"TimeGenerated":"\/Date(1580776446000)\/","TimeWritten":"\/Date(1580776446000)\/","UserName":null,"Site":null,"Container":null},{"MachineName":"SERWER01","Data":[119,0,108,0,105,0,100,0,115,0,118,0,99,0,47,0,52,0,0,0],"Index":2453,"Category":"(0)","CategoryNumber":0,"EventID":7036,"EntryType":4,"Message":"The Microsoft Account Sign-in Assistant service entered the running state.","Source":"Service Control Manager","ReplacementStrings":["Microsoft Account Sign-in Assistant","running"],"InstanceId":1073748860,"TimeGenerated":"\/Date(1580776431000)\/","TimeWritten":"\/Date(1580776431000)\/","UserName":null,"Site":null,"Container":null},{"MachineName":"SERWER01","Data":[87,0,97,0,97,0,83,0,77,0,101,0,100,0,105,0,99,0,83,0,118,0,99,0,47,0,52,0,0,0],"Index":2452,"Category":"(0)","CategoryNumber":0,"EventID":7036,"EntryType":4,"Message":"The Windows Update Medic Service service entered the running state.","Source":"Service Control Manager","ReplacementStrings":["Windows Update Medic Service","running"],"InstanceId":1073748860,"TimeGenerated":"\/Date(1580776431000)\/","TimeWritten":"\/Date(1580776431000)\/","UserName":null,"Site":null,"Container":null},{"MachineName":"SERWER01","Data":[115,0,119,0,112,0,114,0,118,0,47,0,52,0,0,0],"Index":2451,"Category":"(0)","CategoryNumber":0,"EventID":7036,"EntryType":4,"Message":"The Microsoft Software Shadow Copy Provider service entered the running state.","Source":"Service Control Manager","ReplacementStrings":["Microsoft Software Shadow Copy Provider","running"],"InstanceId":1073748860,"TimeGenerated":"\/Date(1580776405000)\/","TimeWritten":"\/Date(1580776405000)\/","UserName":null,"Site":null,"Container":null},{"MachineName":"SERWER01","Data":[86,0,83,0,83,0,47,0,52,0,0,0],"Index":2450,"Category":"(0)","CategoryNumber":0,"EventID":7036,"EntryType":4,"Message":"The Volume Shadow Copy service entered the running state.","Source":"Service Control Manager","ReplacementStrings":["Volume Shadow Copy","running"],"InstanceId":1073748860,"TimeGenerated":"\/Date(1580776405000)\/","TimeWritten":"\/Date(1580776405000)\/","UserName":null,"Site":null,"Container":null},{"MachineName":"SERWER01","Data":[84,0,114,0,117,0,115,0,116,0,101,0,100,0,73,0,110,0,115,0,116,0,97,0,108,0,108,0,101,0,114,0,47,0,52,0,0,0],"Index":2448,"Category":"(0)","CategoryNumber":0,"EventID":7036,"EntryType":4,"Message":"The Windows Modules Installer service entered the running state.","Source":"Service Control Manager","ReplacementStrings":["Windows Modules Installer","running"],"InstanceId":1073748860,"TimeGenerated":"\/Date(1580776387000)\/","TimeWritten":"\/Date(1580776387000)\/","UserName":null,"Site":null,"Container":null},{"MachineName":"SERWER01","Data":[78,0,101,0,116,0,83,0,101,0,116,0,117,0,112,0,83,0,118,0,99,0,47,0,52,0,0,0],"Index":2447,"Category":"(0)","CategoryNumber":0,"EventID":7036,"EntryType":4,"Message":"The Network Setup Service service entered the running state.","Source":"Service Control Manager","ReplacementStrings":["Network Setup Service","running"],"InstanceId":1073748860,"TimeGenerated":"\/Date(1580776382000)\/","TimeWritten":"\/Date(1580776382000)\/","UserName":null,"Site":null,"Container":null},{"MachineName":"SERWER01","Data":[84,0,114,0,117,0,115,0,116,0,101,0,100,0,73,0,110,0,115,0,116,0,97,0,108,0,108,0,101,0,114,0,47,0,49,0,0,0],"Index":2445,"Category":"(0)","CategoryNumber":0,"EventID":7036,"EntryType":4,"Message":"The Windows Modules Installer service entered the stopped state.","Source":"Service Control Manager","ReplacementStrings":["Windows Modules Installer","stopped"],"InstanceId":1073748860,"TimeGenerated":"\/Date(1580776342000)\/","TimeWritten":"\/Date(1580776342000)\/","UserName":null,"Site":null,"Container":null},{"MachineName":"SERWER01","Data":[116,0,122,0,97,0,117,0,116,0,111,0,117,0,112,0,100,0,97,0,116,0,101,0,47,0,49,0,0,0],"Index":2444,"Category":"(0)","CategoryNumber":0,"EventID":7036,"EntryType":4,"Message":"The Auto Time Zone Updater service entered the stopped state.","Source":"Service Control Manager","ReplacementStrings":["Auto Time Zone Updater","stopped"],"InstanceId":1073748860,"TimeGenerated":"\/Date(1580776304000)\/","TimeWritten":"\/Date(1580776304000)\/","UserName":null,"Site":null,"Container":null},{"MachineName":"SERWER01","Data":[78,0,101,0,116,0,83,0,101,0,116,0,117,0,112,0,83,0,118,0,99,0,47,0,49,0,0,0],"Index":2443,"Category":"(0)","CategoryNumber":0,"EventID":7036,"EntryType":4,"Message":"The Network Setup Service service entered the stopped state.","Source":"Service Control Manager","ReplacementStrings":["Network Setup Service","stopped"],"InstanceId":1073748860,"TimeGenerated":"\/Date(1580776301000)\/","TimeWritten":"\/Date(1580776301000)\/","UserName":null,"Site":null,"Container":null},{"MachineName":"SERWER01","Data":[116,0,122,0,97,0,117,0,116,0,111,0,117,0,112,0,100,0,97,0,116,0,101,0,47,0,52,0,0,0],"Index":2442,"Category":"(0)","CategoryNumber":0,"EventID":7036,"EntryType":4,"Message":"The Auto Time Zone Updater service entered the running state.","Source":"Service Control Manager","ReplacementStrings":["Auto Time Zone Updater","running"],"InstanceId":1073748860,"TimeGenerated":"\/Date(1580776284000)\/","TimeWritten":"\/Date(1580776284000)\/","UserName":null,"Site":null,"Container":null},{"MachineName":"SERWER01","Data":[116,0,122,0,97,0,117,0,116,0,111,0,117,0,112,0,100,0,97,0,116,0,101,0,47,0,49,0,0,0],"Index":2439,"Category":"(0)","CategoryNumber":0,"EventID":7036,"EntryType":4,"Message":"The Auto Time Zone Updater service entered the stopped state.","Source":"Service Control Manager","ReplacementStrings":["Auto Time Zone Updater","stopped"],"InstanceId":1073748860,"TimeGenerated":"\/Date(1580776269000)\/","TimeWritten":"\/Date(1580776269000)\/","UserName":null,"Site":null,"Container":null},{"MachineName":"SERWER01","Data":[116,0,122,0,97,0,117,0,116,0,111,0,117,0,112,0,100,0,97,0,116,0,101,0,47,0,52,0,0,0],"Index":2437,"Category":"(0)","CategoryNumber":0,"EventID":7036,"EntryType":4,"Message":"The Auto Time Zone Updater service entered the running state.","Source":"Service Control Manager","ReplacementStrings":["Auto Time Zone Updater","running"],"InstanceId":1073748860,"TimeGenerated":"\/Date(1580776251000)\/","TimeWritten":"\/Date(1580776251000)\/","UserName":null,"Site":null,"Container":null},{"MachineName":"SERWER01","Data":[87,0,98,0,105,0,111,0,83,0,114,0,118,0,99,0,47,0,52,0,0,0],"Index":2435,"Category":"(0)","CategoryNumber":0,"EventID":7036,"EntryType":4,"Message":"The Windows Biometric Service service entered the running state.","Source":"Service Control Manager","ReplacementStrings":["Windows Biometric Service","running"],"InstanceId":1073748860,"TimeGenerated":"\/Date(1580776248000)\/","TimeWritten":"\/Date(1580776248000)\/","UserName":null,"Site":null,"Container":null},{"MachineName":"SERWER01","Data":[66,0,116,0,104,0,65,0,118,0,99,0,116,0,112,0,83,0,118,0,99,0,47,0,52,0,0,0],"Index":2434,"Category":"(0)","CategoryNumber":0,"EventID":7036,"EntryType":4,"Message":"The AVCTP service service entered the running state.","Source":"Service Control Manager","ReplacementStrings":["AVCTP service","running"],"InstanceId":1073748860,"TimeGenerated":"\/Date(1580776246000)\/","TimeWritten":"\/Date(1580776246000)\/","UserName":null,"Site":null,"Container":null},{"MachineName":"SERWER01","Data":[99,0,97,0,109,0,115,0,118,0,99,0,47,0,52,0,0,0],"Index":2433,"Category":"(0)","CategoryNumber":0,"EventID":7036,"EntryType":4,"Message":"The Capability Access Manager Service service entered the running state.","Source":"Service Control Manager","ReplacementStrings":["Capability Access Manager Service","running"],"InstanceId":1073748860,"TimeGenerated":"\/Date(1580776242000)\/","TimeWritten":"\/Date(1580776242000)\/","UserName":null,"Site":null,"Container":null},{"MachineName":"SERWER01","Data":[67,0,108,0,105,0,112,0,83,0,86,0,67,0,47,0,52,0,0,0],"Index":2432,"Category":"(0)","CategoryNumber":0,"EventID":7036,"EntryType":4,"Message":"The Client License Service (ClipSVC) service entered the running state.","Source":"Service Control Manager","ReplacementStrings":["Client License Service (ClipSVC)","running"],"InstanceId":1073748860,"TimeGenerated":"\/Date(1580776242000)\/","TimeWritten":"\/Date(1580776242000)\/","UserName":null,"Site":null,"Container":null},{"MachineName":"SERWER01","Data":[83,0,116,0,111,0,114,0,83,0,118,0,99,0,47,0,52,0,0,0],"Index":2431,"Category":"(0)","CategoryNumber":0,"EventID":7036,"EntryType":4,"Message":"The Storage Service service entered the running state.","Source":"Service Control Manager","ReplacementStrings":["Storage Service","running"],"InstanceId":1073748860,"TimeGenerated":"\/Date(1580776242000)\/","TimeWritten":"\/Date(1580776242000)\/","UserName":null,"Site":null,"Container":null},{"MachineName":"SERWER01","Data":[80,0,105,0,109,0,73,0,110,0,100,0,101,0,120,0,77,0,97,0,105,0,110,0,116,0,101,0,110,0,97,0,110,0,99,0,101,0,83,0,118,0,99,0,95,0,52,0,100,0,49,0,51,0,101,0,47,0,52,0,0,0],"Index":2430,"Category":"(0)","CategoryNumber":0,"EventID":7036,"EntryType":4,"Message":"The Contact Data_4d13e service entered the running state.","Source":"Service Control Manager","ReplacementStrings":["Contact Data_4d13e","running"],"InstanceId":1073748860,"TimeGenerated":"\/Date(1580776242000)\/","TimeWritten":"\/Date(1580776242000)\/","UserName":null,"Site":null,"Container":null},{"MachineName":"SERWER01","Data":[85,0,115,0,101,0,114,0,68,0,97,0,116,0,97,0,83,0,118,0,99,0,95,0,52,0,100,0,49,0,51,0,101,0,47,0,52,0,0,0],"Index":2429,"Category":"(0)","CategoryNumber":0,"EventID":7036,"EntryType":4,"Message":"The User Data Access_4d13e service entered the running state.","Source":"Service Control Manager","ReplacementStrings":["User Data Access_4d13e","running"],"InstanceId":1073748860,"TimeGenerated":"\/Date(1580776241000)\/","TimeWritten":"\/Date(1580776241000)\/","UserName":null,"Site":null,"Container":null},{"MachineName":"SERWER01","Data":[85,0,110,0,105,0,115,0,116,0,111,0,114,0,101,0,83,0,118,0,99,0,95,0,52,0,100,0,49,0,51,0,101,0,47,0,52,0,0,0],"Index":2428,"Category":"(0)","CategoryNumber":0,"EventID":7036,"EntryType":4,"Message":"The User Data Storage_4d13e service entered the running state.","Source":"Service Control Manager","ReplacementStrings":["User Data Storage_4d13e","running"],"InstanceId":1073748860,"TimeGenerated":"\/Date(1580776241000)\/","TimeWritten":"\/Date(1580776241000)\/","UserName":null,"Site":null,"Container":null},{"MachineName":"SERWER01","Data":[115,0,112,0,112,0,115,0,118,0,99,0,47,0,49,0,0,0],"Index":2427,"Category":"(0)","CategoryNumber":0,"EventID":7036,"EntryType":4,"Message":"The Software Protection service entered the stopped state.","Source":"Service Control Manager","ReplacementStrings":["Software Protection","stopped"],"InstanceId":1073748860,"TimeGenerated":"\/Date(1580776225000)\/","TimeWritten":"\/Date(1580776225000)\/","UserName":null,"Site":null,"Container":null},{"MachineName":"SERWER01","Data":[65,0,112,0,112,0,105,0,110,0,102,0,111,0,47,0,52,0,0,0],"Index":2426,"Category":"(0)","CategoryNumber":0,"EventID":7036,"EntryType":4,"Message":"The Application Information service entered the running state.","Source":"Service Control Manager","ReplacementStrings":["Application Information","running"],"InstanceId":1073748860,"TimeGenerated":"\/Date(1580776201000)\/","TimeWritten":"\/Date(1580776201000)\/","UserName":null,"Site":null,"Container":null},{"MachineName":"SERWER01","Data":[84,0,114,0,117,0,115,0,116,0,101,0,100,0,73,0,110,0,115,0,116,0,97,0,108,0,108,0,101,0,114,0,47,0,52,0,0,0],"Index":2425,"Category":"(0)","CategoryNumber":0,"EventID":7036,"EntryType":4,"Message":"The Windows Modules Installer service entered the running state.","Source":"Service Control Manager","ReplacementStrings":["Windows Modules Installer","running"],"InstanceId":1073748860,"TimeGenerated":"\/Date(1580776197000)\/","TimeWritten":"\/Date(1580776197000)\/","UserName":null,"Site":null,"Container":null},{"MachineName":"SERWER01","Data":[115,0,112,0,112,0,115,0,118,0,99,0,47,0,52,0,0,0],"Index":2424,"Category":"(0)","CategoryNumber":0,"EventID":7036,"EntryType":4,"Message":"The Software Protection service entered the running state.","Source":"Service Control Manager","ReplacementStrings":["Software Protection","running"],"InstanceId":1073748860,"TimeGenerated":"\/Date(1580776189000)\/","TimeWritten":"\/Date(1580776189000)\/","UserName":null,"Site":null,"Container":null},{"MachineName":"SERWER01","Data":[65,0,112,0,112,0,88,0,83,0,118,0,99,0,47,0,52,0,0,0],"Index":2423,"Category":"(0)","CategoryNumber":0,"EventID":7036,"EntryType":4,"Message":"The AppX Deployment Service (AppXSVC) service entered the running state.","Source":"Service Control Manager","ReplacementStrings":["AppX Deployment Service (AppXSVC)","running"],"InstanceId":1073748860,"TimeGenerated":"\/Date(1580776188000)\/","TimeWritten":"\/Date(1580776188000)\/","UserName":null,"Site":null,"Container":null},{"MachineName":"SERWER01","Data":[84,0,97,0,98,0,108,0,101,0,116,0,73,0,110,0,112,0,117,0,116,0,83,0,101,0,114,0,118,0,105,0,99,0,101,0,47,0,52,0,0,0],"Index":2422,"Category":"(0)","CategoryNumber":0,"EventID":7036,"EntryType":4,"Message":"The Touch Keyboard and Handwriting Panel Service service entered the running state.","Source":"Service Control Manager","ReplacementStrings":["Touch Keyboard and Handwriting Panel Service","running"],"InstanceId":1073748860,"TimeGenerated":"\/Date(1580776188000)\/","TimeWritten":"\/Date(1580776188000)\/","UserName":null,"Site":null,"Container":null},{"MachineName":"SERWER01","Data":[84,0,111,0,107,0,101,0,110,0,66,0,114,0,111,0,107,0,101,0,114,0,47,0,52,0,0,0],"Index":2421,"Category":"(0)","CategoryNumber":0,"EventID":7036,"EntryType":4,"Message":"The Web Account Manager service entered the running state.","Source":"Service Control Manager","ReplacementStrings":["Web Account Manager","running"],"InstanceId":1073748860,"TimeGenerated":"\/Date(1580776188000)\/","TimeWritten":"\/Date(1580776188000)\/","UserName":null,"Site":null,"Container":null},{"MachineName":"SERWER01","Data":[87,0,112,0,110,0,85,0,115,0,101,0,114,0,83,0,101,0,114,0,118,0,105,0,99,0,101,0,95,0,52,0,100,0,49,0,51,0,101,0,47,0,52,0,0,0],"Index":2420,"Category":"(0)","CategoryNumber":0,"EventID":7036,"EntryType":4,"Message":"The Windows Push Notifications User Service_4d13e service entered the running state.","Source":"Service Control Manager","ReplacementStrings":["Windows Push Notifications User Service_4d13e","running"],"InstanceId":1073748860,"TimeGenerated":"\/Date(1580776188000)\/","TimeWritten":"\/Date(1580776188000)\/","UserName":null,"Site":null,"Container":null},{"MachineName":"SERWER01","Data":[67,0,68,0,80,0,85,0,115,0,101,0,114,0,83,0,118,0,99,0,95,0,52,0,100,0,49,0,51,0,101,0,47,0,52,0,0,0],"Index":2419,"Category":"(0)","CategoryNumber":0,"EventID":7036,"EntryType":4,"Message":"The Connected Devices Platform User Service_4d13e service entered the running state.","Source":"Service Control Manager","ReplacementStrings":["Connected Devices Platform User Service_4d13e","running"],"InstanceId":1073748860,"TimeGenerated":"\/Date(1580776188000)\/","TimeWritten":"\/Date(1580776188000)\/","UserName":null,"Site":null,"Container":null},{"MachineName":"SERWER01","Data":[83,0,116,0,97,0,116,0,101,0,82,0,101,0,112,0,111,0,115,0,105,0,116,0,111,0,114,0,121,0,47,0,52,0,0,0],"Index":2418,"Category":"(0)","CategoryNumber":0,"EventID":7036,"EntryType":4,"Message":"The State Repository Service service entered the running state.","Source":"Service Control Manager","ReplacementStrings":["State Repository Service","running"],"InstanceId":1073748860,"TimeGenerated":"\/Date(1580776188000)\/","TimeWritten":"\/Date(1580776188000)\/","UserName":null,"Site":null,"Container":null},{"MachineName":"SERWER01","Data":[115,0,112,0,112,0,115,0,118,0,99,0,47,0,49,0,0,0],"Index":2416,"Category":"(0)","CategoryNumber":0,"EventID":7036,"EntryType":4,"Message":"The Software Protection service entered the stopped state.","Source":"Service Control Manager","ReplacementStrings":["Software Protection","stopped"],"InstanceId":1073748860,"TimeGenerated":"\/Date(1580776178000)\/","TimeWritten":"\/Date(1580776178000)\/","UserName":null,"Site":null,"Container":null},{"MachineName":"SERWER01","Data":[67,0,68,0,80,0,83,0,118,0,99,0,47,0,52,0,0,0],"Index":2415,"Category":"(0)","CategoryNumber":0,"EventID":7036,"EntryType":4,"Message":"The Connected Devices Platform Service service entered the running state.","Source":"Service Control Manager","ReplacementStrings":["Connected Devices Platform Service","running"],"InstanceId":1073748860,"TimeGenerated":"\/Date(1580776155000)\/","TimeWritten":"\/Date(1580776155000)\/","UserName":null,"Site":null,"Container":null},{"MachineName":"SERWER01","Data":[75,0,101,0,121,0,73,0,115,0,111,0,47,0,52,0,0,0],"Index":2414,"Category":"(0)","CategoryNumber":0,"EventID":7036,"EntryType":4,"Message":"The CNG Key Isolation service entered the running state.","Source":"Service Control Manager","ReplacementStrings":["CNG Key Isolation","running"],"InstanceId":1073748860,"TimeGenerated":"\/Date(1580776155000)\/","TimeWritten":"\/Date(1580776155000)\/","UserName":null,"Site":null,"Container":null},{"MachineName":"SERWER01","Data":[85,0,115,0,111,0,83,0,118,0,99,0,47,0,52,0,0,0],"Index":2413,"Category":"(0)","CategoryNumber":0,"EventID":7036,"EntryType":4,"Message":"The Update Orchestrator Service service entered the running state.","Source":"Service Control Manager","ReplacementStrings":["Update Orchestrator Service","running"],"InstanceId":1073748860,"TimeGenerated":"\/Date(1580776155000)\/","TimeWritten":"\/Date(1580776155000)\/","UserName":null,"Site":null,"Container":null},{"MachineName":"SERWER01","Data":[119,0,117,0,97,0,117,0,115,0,101,0,114,0,118,0,47,0,52,0,0,0],"Index":2412,"Category":"(0)","CategoryNumber":0,"EventID":7036,"EntryType":4,"Message":"The Windows Update service entered the running state.","Source":"Service Control Manager","ReplacementStrings":["Windows Update","running"],"InstanceId":1073748860,"TimeGenerated":"\/Date(1580776154000)\/","TimeWritten":"\/Date(1580776154000)\/","UserName":null,"Site":null,"Container":null},{"MachineName":"SERWER01","Data":[85,0,65,0,76,0,83,0,86,0,67,0,47,0,52,0,0,0],"Index":2411,"Category":"(0)","CategoryNumber":0,"EventID":7036,"EntryType":4,"Message":"The User Access Logging Service service entered the running state.","Source":"Service Control Manager","ReplacementStrings":["User Access Logging Service","running"],"InstanceId":1073748860,"TimeGenerated":"\/Date(1580776151000)\/","TimeWritten":"\/Date(1580776151000)\/","UserName":null,"Site":null,"Container":null},{"MachineName":"SERWER01","Data":[78,0,101,0,116,0,83,0,101,0,116,0,117,0,112,0,83,0,118,0,99,0,47,0,52,0,0,0],"Index":2410,"Category":"(0)","CategoryNumber":0,"EventID":7036,"EntryType":4,"Message":"The Network Setup Service service entered the running state.","Source":"Service Control Manager","ReplacementStrings":["Network Setup Service","running"],"InstanceId":1073748860,"TimeGenerated":"\/Date(1580776150000)\/","TimeWritten":"\/Date(1580776150000)\/","UserName":null,"Site":null,"Container":null},{"MachineName":"SERWER01","Data":[84,0,114,0,117,0,115,0,116,0,101,0,100,0,73,0,110,0,115,0,116,0,97,0,108,0,108,0,101,0,114,0,47,0,49,0,0,0],"Index":2409,"Category":"(0)","CategoryNumber":0,"EventID":7036,"EntryType":4,"Message":"The Windows Modules Installer service entered the stopped state.","Source":"Service Control Manager","ReplacementStrings":["Windows Modules Installer","stopped"],"InstanceId":1073748860,"TimeGenerated":"\/Date(1580776148000)\/","TimeWritten":"\/Date(1580776148000)\/","UserName":null,"Site":null,"Container":null},{"MachineName":"SERWER01","Data":[115,0,112,0,112,0,115,0,118,0,99,0,47,0,52,0,0,0],"Index":2408,"Category":"(0)","CategoryNumber":0,"EventID":7036,"EntryType":4,"Message":"The Software Protection service entered the running state.","Source":"Service Control Manager","ReplacementStrings":["Software Protection","running"],"InstanceId":1073748860,"TimeGenerated":"\/Date(1580776148000)\/","TimeWritten":"\/Date(1580776148000)\/","UserName":null,"Site":null,"Container":null},{"MachineName":"SERWER01","Data":[77,0,83,0,68,0,84,0,67,0,47,0,52,0,0,0],"Index":2407,"Category":"(0)","CategoryNumber":0,"EventID":7036,"EntryType":4,"Message":"The Distributed Transaction Coordinator service entered the running state.","Source":"Service Control Manager","ReplacementStrings":["Distributed Transaction Coordinator","running"],"InstanceId":1073748860,"TimeGenerated":"\/Date(1580776148000)\/","TimeWritten":"\/Date(1580776148000)\/","UserName":null,"Site":null,"Container":null},{"MachineName":"SERWER01","Data":[68,0,80,0,83,0,47,0,52,0,0,0],"Index":2406,"Category":"(0)","CategoryNumber":0,"EventID":7036,"EntryType":4,"Message":"The Diagnostic Policy Service service entered the running state.","Source":"Service Control Manager","ReplacementStrings":["Diagnostic Policy Service","running"],"InstanceId":1073748860,"TimeGenerated":"\/Date(1580776148000)\/","TimeWritten":"\/Date(1580776148000)\/","UserName":null,"Site":null,"Container":null},{"MachineName":"SERWER01","Data":[87,0,80,0,68,0,66,0,117,0,115,0,69,0,110,0,117,0,109,0,47,0,49,0,0,0],"Index":2405,"Category":"(0)","CategoryNumber":0,"EventID":7036,"EntryType":4,"Message":"The Portable Device Enumerator Service service entered the stopped state.","Source":"Service Control Manager","ReplacementStrings":["Portable Device Enumerator Service","stopped"],"InstanceId":1073748860,"TimeGenerated":"\/Date(1580776147000)\/","TimeWritten":"\/Date(1580776147000)\/","UserName":null,"Site":null,"Container":null},{"MachineName":"SERWER01","Data":[115,0,112,0,112,0,115,0,118,0,99,0,47,0,49,0,0,0],"Index":2404,"Category":"(0)","CategoryNumber":0,"EventID":7036,"EntryType":4,"Message":"The Software Protection service entered the stopped state.","Source":"Service Control Manager","ReplacementStrings":["Software Protection","stopped"],"InstanceId":1073748860,"TimeGenerated":"\/Date(1580776066000)\/","TimeWritten":"\/Date(1580776066000)\/","UserName":null,"Site":null,"Container":null},{"MachineName":"SERWER01","Data":[87,0,100,0,78,0,105,0,115,0,83,0,118,0,99,0,47,0,52,0,0,0],"Index":2402,"Category":"(0)","CategoryNumber":0,"EventID":7036,"EntryType":4,"Message":"The Windows Defender Antivirus Network Inspection Service service entered the running state.","Source":"Service Control Manager","ReplacementStrings":["Windows Defender Antivirus Network Inspection Service","running"],"InstanceId":1073748860,"TimeGenerated":"\/Date(1580776030000)\/","TimeWritten":"\/Date(1580776030000)\/","UserName":null,"Site":null,"Container":null},{"MachineName":"SERWER01","Data":[115,0,112,0,112,0,115,0,118,0,99,0,47,0,52,0,0,0],"Index":2400,"Category":"(0)","CategoryNumber":0,"EventID":7036,"EntryType":4,"Message":"The Software Protection service entered the running state.","Source":"Service Control Manager","ReplacementStrings":["Software Protection","running"],"InstanceId":1073748860,"TimeGenerated":"\/Date(1580776029000)\/","TimeWritten":"\/Date(1580776029000)\/","UserName":null,"Site":null,"Container":null},{"MachineName":"SERWER01","Data":[84,0,101,0,97,0,109,0,86,0,105,0,101,0,119,0,101,0,114,0,47,0,52,0,0,0],"Index":2399,"Category":"(0)","CategoryNumber":0,"EventID":7036,"EntryType":4,"Message":"The TeamViewer service entered the running state.","Source":"Service Control Manager","ReplacementStrings":["TeamViewer","running"],"InstanceId":1073748860,"TimeGenerated":"\/Date(1580776028000)\/","TimeWritten":"\/Date(1580776028000)\/","UserName":null,"Site":null,"Container":null},{"MachineName":"SERWER01","Data":[68,0,105,0,97,0,103,0,84,0,114,0,97,0,99,0,107,0,47,0,52,0,0,0],"Index":2398,"Category":"(0)","CategoryNumber":0,"EventID":7036,"EntryType":4,"Message":"The DiagTrack service entered the running state.","Source":"Service Control Manager","ReplacementStrings":["DiagTrack","running"],"InstanceId":1073748860,"TimeGenerated":"\/Date(1580776028000)\/","TimeWritten":"\/Date(1580776028000)\/","UserName":null,"Site":null,"Container":null},{"MachineName":"SERWER01","Data":[68,0,78,0,83,0,47,0,52,0,0,0],"Index":2396,"Category":"(0)","CategoryNumber":0,"EventID":7036,"EntryType":4,"Message":"The DNS service entered the running state.","Source":"Service Control Manager","ReplacementStrings":["DNS","running"],"InstanceId":1073748860,"TimeGenerated":"\/Date(1580776028000)\/","TimeWritten":"\/Date(1580776028000)\/","UserName":null,"Site":null,"Container":null},{"MachineName":"SERWER01","Data":[76,0,97,0,110,0,109,0,97,0,110,0,83,0,101,0,114,0,118,0,101,0,114,0,47,0,52,0,0,0],"Index":2395,"Category":"(0)","CategoryNumber":0,"EventID":7036,"EntryType":4,"Message":"The LanmanServer service entered the running state.","Source":"Service Control Manager","ReplacementStrings":["LanmanServer","running"],"InstanceId":1073748860,"TimeGenerated":"\/Date(1580776028000)\/","TimeWritten":"\/Date(1580776028000)\/","UserName":null,"Site":null,"Container":null},{"MachineName":"SERWER01","Data":[78,0,102,0,115,0,83,0,101,0,114,0,118,0,105,0,99,0,101,0,47,0,52,0,0,0],"Index":2392,"Category":"(0)","CategoryNumber":0,"EventID":7036,"EntryType":4,"Message":"The NfsService service entered the running state.","Source":"Service Control Manager","ReplacementStrings":["NfsService","running"],"InstanceId":1073748860,"TimeGenerated":"\/Date(1580776027000)\/","TimeWritten":"\/Date(1580776027000)\/","UserName":null,"Site":null,"Container":null},{"MachineName":"SERWER01","Data":[87,0,105,0,110,0,82,0,77,0,47,0,52,0,0,0],"Index":2391,"Category":"(0)","CategoryNumber":0,"EventID":7036,"EntryType":4,"Message":"The WinRM service entered the running state.","Source":"Service Control Manager","ReplacementStrings":["WinRM","running"],"InstanceId":1073748860,"TimeGenerated":"\/Date(1580776027000)\/","TimeWritten":"\/Date(1580776027000)\/","UserName":null,"Site":null,"Container":null},{"MachineName":"SERWER01","Data":[87,0,105,0,110,0,68,0,101,0,102,0,101,0,110,0,100,0,47,0,52,0,0,0],"Index":2390,"Category":"(0)","CategoryNumber":0,"EventID":7036,"EntryType":4,"Message":"The WinDefend service entered the running state.","Source":"Service Control Manager","ReplacementStrings":["WinDefend","running"],"InstanceId":1073748860,"TimeGenerated":"\/Date(1580776027000)\/","TimeWritten":"\/Date(1580776027000)\/","UserName":null,"Site":null,"Container":null},{"MachineName":"SERWER01","Data":[105,0,112,0,104,0,108,0,112,0,115,0,118,0,99,0,47,0,52,0,0,0],"Index":2389,"Category":"(0)","CategoryNumber":0,"EventID":7036,"EntryType":4,"Message":"The iphlpsvc service entered the running state.","Source":"Service Control Manager","ReplacementStrings":["iphlpsvc","running"],"InstanceId":1073748860,"TimeGenerated":"\/Date(1580776027000)\/","TimeWritten":"\/Date(1580776027000)\/","UserName":null,"Site":null,"Container":null},{"MachineName":"SERWER01","Data":[87,0,112,0,110,0,83,0,101,0,114,0,118,0,105,0,99,0,101,0,47,0,52,0,0,0],"Index":2388,"Category":"(0)","CategoryNumber":0,"EventID":7036,"EntryType":4,"Message":"The WpnService service entered the running state.","Source":"Service Control Manager","ReplacementStrings":["WpnService","running"],"InstanceId":1073748860,"TimeGenerated":"\/Date(1580776027000)\/","TimeWritten":"\/Date(1580776027000)\/","UserName":null,"Site":null,"Container":null},{"MachineName":"SERWER01","Data":[87,0,51,0,50,0,84,0,105,0,109,0,101,0,47,0,52,0,0,0],"Index":2387,"Category":"(0)","CategoryNumber":0,"EventID":7036,"EntryType":4,"Message":"The W32Time service entered the running state.","Source":"Service Control Manager","ReplacementStrings":["W32Time","running"],"InstanceId":1073748860,"TimeGenerated":"\/Date(1580776027000)\/","TimeWritten":"\/Date(1580776027000)\/","UserName":null,"Site":null,"Container":null},{"MachineName":"SERWER01","Data":[87,0,105,0,110,0,109,0,103,0,109,0,116,0,47,0,52,0,0,0],"Index":2385,"Category":"(0)","CategoryNumber":0,"EventID":7036,"EntryType":4,"Message":"The Winmgmt service entered the running state.","Source":"Service Control Manager","ReplacementStrings":["Winmgmt","running"],"InstanceId":1073748860,"TimeGenerated":"\/Date(1580776027000)\/","TimeWritten":"\/Date(1580776027000)\/","UserName":null,"Site":null,"Container":null},{"MachineName":"SERWER01","Data":[67,0,114,0,121,0,112,0,116,0,83,0,118,0,99,0,47,0,52,0,0,0],"Index":2384,"Category":"(0)","CategoryNumber":0,"EventID":7036,"EntryType":4,"Message":"The CryptSvc service entered the running state.","Source":"Service Control Manager","ReplacementStrings":["CryptSvc","running"],"InstanceId":1073748860,"TimeGenerated":"\/Date(1580776027000)\/","TimeWritten":"\/Date(1580776027000)\/","UserName":null,"Site":null,"Container":null},{"MachineName":"SERWER01","Data":[82,0,101,0,109,0,111,0,116,0,101,0,82,0,101,0,103,0,105,0,115,0,116,0,114,0,121,0,47,0,52,0,0,0],"Index":2383,"Category":"(0)","CategoryNumber":0,"EventID":7036,"EntryType":4,"Message":"The RemoteRegistry service entered the running state.","Source":"Service Control Manager","ReplacementStrings":["RemoteRegistry","running"],"InstanceId":1073748860,"TimeGenerated":"\/Date(1580776027000)\/","TimeWritten":"\/Date(1580776027000)\/","UserName":null,"Site":null,"Container":null},{"MachineName":"SERWER01","Data":[83,0,121,0,115,0,77,0,97,0,105,0,110,0,47,0,52,0,0,0],"Index":2382,"Category":"(0)","CategoryNumber":0,"EventID":7036,"EntryType":4,"Message":"The SysMain service entered the running state.","Source":"Service Control Manager","ReplacementStrings":["SysMain","running"],"InstanceId":1073748860,"TimeGenerated":"\/Date(1580776027000)\/","TimeWritten":"\/Date(1580776027000)\/","UserName":null,"Site":null,"Container":null},{"MachineName":"SERWER01","Data":[84,0,114,0,107,0,87,0,107,0,115,0,47,0,52,0,0,0],"Index":2380,"Category":"(0)","CategoryNumber":0,"EventID":7036,"EntryType":4,"Message":"The TrkWks service entered the running state.","Source":"Service Control Manager","ReplacementStrings":["TrkWks","running"],"InstanceId":1073748860,"TimeGenerated":"\/Date(1580776027000)\/","TimeWritten":"\/Date(1580776027000)\/","UserName":null,"Site":null,"Container":null},{"MachineName":"SERWER01","Data":[83,0,112,0,111,0,111,0,108,0,101,0,114,0,47,0,52,0,0,0],"Index":2379,"Category":"(0)","CategoryNumber":0,"EventID":7036,"EntryType":4,"Message":"The Spooler service entered the running state.","Source":"Service Control Manager","ReplacementStrings":["Spooler","running"],"InstanceId":1073748860,"TimeGenerated":"\/Date(1580776027000)\/","TimeWritten":"\/Date(1580776027000)\/","UserName":null,"Site":null,"Container":null},{"MachineName":"SERWER01","Data":[83,0,97,0,109,0,83,0,115,0,47,0,52,0,0,0],"Index":2378,"Category":"(0)","CategoryNumber":0,"EventID":7036,"EntryType":4,"Message":"The SamSs service entered the running state.","Source":"Service Control Manager","ReplacementStrings":["SamSs","running"],"InstanceId":1073748860,"TimeGenerated":"\/Date(1580776027000)\/","TimeWritten":"\/Date(1580776027000)\/","UserName":null,"Site":null,"Container":null},{"MachineName":"SERWER01","Data":[109,0,112,0,115,0,115,0,118,0,99,0,47,0,52,0,0,0],"Index":2377,"Category":"(0)","CategoryNumber":0,"EventID":7036,"EntryType":4,"Message":"The mpssvc service entered the running state.","Source":"Service Control Manager","ReplacementStrings":["mpssvc","running"],"InstanceId":1073748860,"TimeGenerated":"\/Date(1580776027000)\/","TimeWritten":"\/Date(1580776027000)\/","UserName":null,"Site":null,"Container":null},{"MachineName":"SERWER01","Data":[66,0,70,0,69,0,47,0,52,0,0,0],"Index":2376,"Category":"(0)","CategoryNumber":0,"EventID":7036,"EntryType":4,"Message":"The BFE service entered the running state.","Source":"Service Control Manager","ReplacementStrings":["BFE","running"],"InstanceId":1073748860,"TimeGenerated":"\/Date(1580776027000)\/","TimeWritten":"\/Date(1580776027000)\/","UserName":null,"Site":null,"Container":null},{"MachineName":"SERWER01","Data":[83,0,101,0,115,0,115,0,105,0,111,0,110,0,69,0,110,0,118,0,47,0,52,0,0,0],"Index":2375,"Category":"(0)","CategoryNumber":0,"EventID":7036,"EntryType":4,"Message":"The SessionEnv service entered the running state.","Source":"Service Control Manager","ReplacementStrings":["SessionEnv","running"],"InstanceId":1073748860,"TimeGenerated":"\/Date(1580776027000)\/","TimeWritten":"\/Date(1580776027000)\/","UserName":null,"Site":null,"Container":null},{"MachineName":"SERWER01","Data":[85,0,115,0,101,0,114,0,77,0,97,0,110,0,97,0,103,0,101,0,114,0,47,0,52,0,0,0],"Index":2374,"Category":"(0)","CategoryNumber":0,"EventID":7036,"EntryType":4,"Message":"The UserManager service entered the running state.","Source":"Service Control Manager","ReplacementStrings":["UserManager","running"],"InstanceId":1073748860,"TimeGenerated":"\/Date(1580776027000)\/","TimeWritten":"\/Date(1580776027000)\/","UserName":null,"Site":null,"Container":null},{"MachineName":"SERWER01","Data":[87,0,99,0,109,0,115,0,118,0,99,0,47,0,52,0,0,0],"Index":2373,"Category":"(0)","CategoryNumber":0,"EventID":7036,"EntryType":4,"Message":"The Wcmsvc service entered the running state.","Source":"Service Control Manager","ReplacementStrings":["Wcmsvc","running"],"InstanceId":1073748860,"TimeGenerated":"\/Date(1580776027000)\/","TimeWritten":"\/Date(1580776027000)\/","UserName":null,"Site":null,"Container":null},{"MachineName":"SERWER01","Data":[87,0,105,0,110,0,72,0,116,0,116,0,112,0,65,0,117,0,116,0,111,0,80,0,114,0,111,0,120,0,121,0,83,0,118,0,99,0,47,0,52,0,0,0],"Index":2372,"Category":"(0)","CategoryNumber":0,"EventID":7036,"EntryType":4,"Message":"The WinHttpAutoProxySvc service entered the running state.","Source":"Service Control Manager","ReplacementStrings":["WinHttpAutoProxySvc","running"],"InstanceId":1073748860,"TimeGenerated":"\/Date(1580776027000)\/","TimeWritten":"\/Date(1580776027000)\/","UserName":null,"Site":null,"Container":null},{"MachineName":"SERWER01","Data":[76,0,97,0,110,0,109,0,97,0,110,0,87,0,111,0,114,0,107,0,115,0,116,0,97,0,116,0,105,0,111,0,110,0,47,0,52,0,0,0],"Index":2371,"Category":"(0)","CategoryNumber":0,"EventID":7036,"EntryType":4,"Message":"The LanmanWorkstation service entered the running state.","Source":"Service Control Manager","ReplacementStrings":["LanmanWorkstation","running"],"InstanceId":1073748860,"TimeGenerated":"\/Date(1580776027000)\/","TimeWritten":"\/Date(1580776027000)\/","UserName":null,"Site":null,"Container":null},{"MachineName":"SERWER01","Data":[70,0,111,0,110,0,116,0,67,0,97,0,99,0,104,0,101,0,47,0,52,0,0,0],"Index":2369,"Category":"(0)","CategoryNumber":0,"EventID":7036,"EntryType":4,"Message":"The FontCache service entered the running state.","Source":"Service Control Manager","ReplacementStrings":["FontCache","running"],"InstanceId":1073748860,"TimeGenerated":"\/Date(1580776027000)\/","TimeWritten":"\/Date(1580776027000)\/","UserName":null,"Site":null,"Container":null},{"MachineName":"SERWER01","Data":[78,0,99,0,98,0,83,0,101,0,114,0,118,0,105,0,99,0,101,0,47,0,52,0,0,0],"Index":2368,"Category":"(0)","CategoryNumber":0,"EventID":7036,"EntryType":4,"Message":"The NcbService service entered the running state.","Source":"Service Control Manager","ReplacementStrings":["NcbService","running"],"InstanceId":1073748860,"TimeGenerated":"\/Date(1580776027000)\/","TimeWritten":"\/Date(1580776027000)\/","UserName":null,"Site":null,"Container":null},{"MachineName":"SERWER01","Data":[110,0,101,0,116,0,112,0,114,0,111,0,102,0,109,0,47,0,52,0,0,0],"Index":2367,"Category":"(0)","CategoryNumber":0,"EventID":7036,"EntryType":4,"Message":"The netprofm service entered the running state.","Source":"Service Control Manager","ReplacementStrings":["netprofm","running"],"InstanceId":1073748860,"TimeGenerated":"\/Date(1580776027000)\/","TimeWritten":"\/Date(1580776027000)\/","UserName":null,"Site":null,"Container":null},{"MachineName":"SERWER01","Data":[83,0,99,0,104,0,101,0,100,0,117,0,108,0,101,0,47,0,52,0,0,0],"Index":2366,"Category":"(0)","CategoryNumber":0,"EventID":7036,"EntryType":4,"Message":"The Schedule service entered the running state.","Source":"Service Control Manager","ReplacementStrings":["Schedule","running"],"InstanceId":1073748860,"TimeGenerated":"\/Date(1580776027000)\/","TimeWritten":"\/Date(1580776027000)\/","UserName":null,"Site":null,"Container":null},{"MachineName":"SERWER01","Data":[83,0,104,0,101,0,108,0,108,0,72,0,87,0,68,0,101,0,116,0,101,0,99,0,116,0,105,0,111,0,110,0,47,0,52,0,0,0],"Index":2365,"Category":"(0)","CategoryNumber":0,"EventID":7036,"EntryType":4,"Message":"The ShellHWDetection service entered the running state.","Source":"Service Control Manager","ReplacementStrings":["ShellHWDetection","running"],"InstanceId":1073748860,"TimeGenerated":"\/Date(1580776027000)\/","TimeWritten":"\/Date(1580776027000)\/","UserName":null,"Site":null,"Container":null},{"MachineName":"SERWER01","Data":[68,0,110,0,115,0,99,0,97,0,99,0,104,0,101,0,47,0,52,0,0,0],"Index":2364,"Category":"(0)","CategoryNumber":0,"EventID":7036,"EntryType":4,"Message":"The Dnscache service entered the running state.","Source":"Service Control Manager","ReplacementStrings":["Dnscache","running"],"InstanceId":1073748860,"TimeGenerated":"\/Date(1580776027000)\/","TimeWritten":"\/Date(1580776027000)\/","UserName":null,"Site":null,"Container":null},{"MachineName":"SERWER01","Data":[67,0,101,0,114,0,116,0,80,0,114,0,111,0,112,0,83,0,118,0,99,0,47,0,52,0,0,0],"Index":2363,"Category":"(0)","CategoryNumber":0,"EventID":7036,"EntryType":4,"Message":"The CertPropSvc service entered the running state.","Source":"Service Control Manager","ReplacementStrings":["CertPropSvc","running"],"InstanceId":1073748860,"TimeGenerated":"\/Date(1580776027000)\/","TimeWritten":"\/Date(1580776027000)\/","UserName":null,"Site":null,"Container":null},{"MachineName":"SERWER01","Data":[78,0,108,0,97,0,83,0,118,0,99,0,47,0,52,0,0,0],"Index":2362,"Category":"(0)","CategoryNumber":0,"EventID":7036,"EntryType":4,"Message":"The NlaSvc service entered the running state.","Source":"Service Control Manager","ReplacementStrings":["NlaSvc","running"],"InstanceId":1073748860,"TimeGenerated":"\/Date(1580776027000)\/","TimeWritten":"\/Date(1580776027000)\/","UserName":null,"Site":null,"Container":null},{"MachineName":"SERWER01","Data":[85,0,109,0,82,0,100,0,112,0,83,0,101,0,114,0,118,0,105,0,99,0,101,0,47,0,52,0,0,0],"Index":2361,"Category":"(0)","CategoryNumber":0,"EventID":7036,"EntryType":4,"Message":"The UmRdpService service entered the running state.","Source":"Service Control Manager","ReplacementStrings":["UmRdpService","running"],"InstanceId":1073748860,"TimeGenerated":"\/Date(1580776027000)\/","TimeWritten":"\/Date(1580776027000)\/","UserName":null,"Site":null,"Container":null},{"MachineName":"SERWER01","Data":[83,0,69,0,78,0,83,0,47,0,52,0,0,0],"Index":2360,"Category":"(0)","CategoryNumber":0,"EventID":7036,"EntryType":4,"Message":"The SENS service entered the running state.","Source":"Service Control Manager","ReplacementStrings":["SENS","running"],"InstanceId":1073748860,"TimeGenerated":"\/Date(1580776027000)\/","TimeWritten":"\/Date(1580776027000)\/","UserName":null,"Site":null,"Container":null},{"MachineName":"SERWER01","Data":[68,0,104,0,99,0,112,0,47,0,52,0,0,0],"Index":2359,"Category":"(0)","CategoryNumber":0,"EventID":7036,"EntryType":4,"Message":"The Dhcp service entered the running state.","Source":"Service Control Manager","ReplacementStrings":["Dhcp","running"],"InstanceId":1073748860,"TimeGenerated":"\/Date(1580776027000)\/","TimeWritten":"\/Date(1580776027000)\/","UserName":null,"Site":null,"Container":null},{"MachineName":"SERWER01","Data":[84,0,114,0,117,0,115,0,116,0,101,0,100,0,73,0,110,0,115,0,116,0,97,0,108,0,108,0,101,0,114,0,47,0,52,0,0,0],"Index":2358,"Category":"(0)","CategoryNumber":0,"EventID":7036,"EntryType":4,"Message":"The TrustedInstaller service entered the running state.","Source":"Service Control Manager","ReplacementStrings":["TrustedInstaller","running"],"InstanceId":1073748860,"TimeGenerated":"\/Date(1580776027000)\/","TimeWritten":"\/Date(1580776027000)\/","UserName":null,"Site":null,"Container":null},{"MachineName":"SERWER01","Data":[69,0,118,0,101,0,110,0,116,0,83,0,121,0,115,0,116,0,101,0,109,0,47,0,52,0,0,0],"Index":2356,"Category":"(0)","CategoryNumber":0,"EventID":7036,"EntryType":4,"Message":"The EventSystem service entered the running state.","Source":"Service Control Manager","ReplacementStrings":["EventSystem","running"],"InstanceId":1073748860,"TimeGenerated":"\/Date(1580776027000)\/","TimeWritten":"\/Date(1580776027000)\/","UserName":null,"Site":null,"Container":null},{"MachineName":"SERWER01","Data":[80,0,114,0,111,0,102,0,83,0,118,0,99,0,47,0,52,0,0,0],"Index":2355,"Category":"(0)","CategoryNumber":0,"EventID":7036,"EntryType":4,"Message":"The ProfSvc service entered the running state.","Source":"Service Control Manager","ReplacementStrings":["ProfSvc","running"],"InstanceId":1073748860,"TimeGenerated":"\/Date(1580776027000)\/","TimeWritten":"\/Date(1580776027000)\/","UserName":null,"Site":null,"Container":null},{"MachineName":"SERWER01","Data":[103,0,112,0,115,0,118,0,99,0,47,0,52,0,0,0],"Index":2352,"Category":"(0)","CategoryNumber":0,"EventID":7036,"EntryType":4,"Message":"The gpsvc service entered the running state.","Source":"Service Control Manager","ReplacementStrings":["gpsvc","running"],"InstanceId":1073748860,"TimeGenerated":"\/Date(1580776027000)\/","TimeWritten":"\/Date(1580776027000)\/","UserName":null,"Site":null,"Container":null},{"MachineName":"SERWER01","Data":[84,0,104,0,101,0,109,0,101,0,115,0,47,0,52,0,0,0],"Index":2351,"Category":"(0)","CategoryNumber":0,"EventID":7036,"EntryType":4,"Message":"The Themes service entered the running state.","Source":"Service Control Manager","ReplacementStrings":["Themes","running"],"InstanceId":1073748860,"TimeGenerated":"\/Date(1580776027000)\/","TimeWritten":"\/Date(1580776027000)\/","UserName":null,"Site":null,"Container":null},{"MachineName":"SERWER01","Data":[67,0,111,0,114,0,101,0,77,0,101,0,115,0,115,0,97,0,103,0,105,0,110,0,103,0,82,0,101,0,103,0,105,0,115,0,116,0,114,0,97,0,114,0,47,0,52,0,0,0],"Index":2350,"Category":"(0)","CategoryNumber":0,"EventID":7036,"EntryType":4,"Message":"The CoreMessagingRegistrar service entered the running state.","Source":"Service Control Manager","ReplacementStrings":["CoreMessagingRegistrar","running"],"InstanceId":1073748860,"TimeGenerated":"\/Date(1580776027000)\/","TimeWritten":"\/Date(1580776027000)\/","UserName":null,"Site":null,"Container":null},{"MachineName":"SERWER01","Data":[110,0,115,0,105,0,47,0,52,0,0,0],"Index":2349,"Category":"(0)","CategoryNumber":0,"EventID":7036,"EntryType":4,"Message":"The nsi service entered the running state.","Source":"Service Control Manager","ReplacementStrings":["nsi","running"],"InstanceId":1073748860,"TimeGenerated":"\/Date(1580776027000)\/","TimeWritten":"\/Date(1580776027000)\/","UserName":null,"Site":null,"Container":null},