{"MachineName":"SERWER01","Data":[],"Index":4362,"Category":"(0)","CategoryNumber":0,"EventID":236,"EntryType":1,"Message":"Failed to allocate virtual function for NIC C4508715-1AC8-406E-A43F-E1B3DAAD20EE--D0AB4EEE-EC0A-4752-85E5-8094249330AF (Friendly Name: eth0), status = 3221225635.","Source":"Microsoft-Windows-Hyper-V-VmSwitch","ReplacementStrings":["3221225635","74","C4508715-1AC8-406E-A43F-E1B3DAAD20EE--D0AB4EEE-EC0A-4752-85E5-8094249330AF","4","eth0","10"],"InstanceId":236,"TimeGenerated":"\/Date(1580974617000)\/","TimeWritten":"\/Date(1580974617000)\/","UserName":"NT VIRTUAL MACHINE\\C4508715-1AC8-406E-A43F-E1B3DAAD20EE","Site":null,"Container":null},{"MachineName":"SERWER01","Data":[],"Index":4343,"Category":"(0)","CategoryNumber":0,"EventID":236,"EntryType":1,"Message":"Failed to allocate virtual function for NIC 3160975B-57AE-4C79-88F7-3815F14FCBC1--6A416459-7224-47ED-A212-C685245847AD (Friendly Name: eth0), status = 3221225860.","Source":"Microsoft-Windows-Hyper-V-VmSwitch","ReplacementStrings":["3221225860","74","3160975B-57AE-4C79-88F7-3815F14FCBC1--6A416459-7224-47ED-A212-C685245847AD","4","eth0","25"],"InstanceId":236,"TimeGenerated":"\/Date(1580961750000)\/","TimeWritten":"\/Date(1580961750000)\/","UserName":"NT VIRTUAL MACHINE\\3160975B-57AE-4C79-88F7-3815F14FCBC1","Site":null,"Container":null},{"MachineName":"SERWER01","Data":[],"Index":4340,"Category":"(0)","CategoryNumber":0,"EventID":236,"EntryType":1,"Message":"Failed to allocate virtual function for NIC 3160975B-57AE-4C79-88F7-3815F14FCBC1--6A416459-7224-47ED-A212-C685245847AD (Friendly Name: eth0), status = 3221225635.","Source":"Microsoft-Windows-Hyper-V-VmSwitch","ReplacementStrings":["3221225635","74","3160975B-57AE-4C79-88F7-3815F14FCBC1--6A416459-7224-47ED-A212-C685245847AD","4","eth0","10"],"InstanceId":236,"TimeGenerated":"\/Date(1580961744000)\/","TimeWritten":"\/Date(1580961744000)\/","UserName":"NT VIRTUAL MACHINE\\3160975B-57AE-4C79-88F7-3815F14FCBC1","Site":null,"Container":null},{"MachineName":"SERWER01","Data":[],"Index":4197,"Category":"(0)","CategoryNumber":0,"EventID":236,"EntryType":1,"Message":"Failed to allocate virtual function for NIC 3160975B-57AE-4C79-88F7-3815F14FCBC1--6A416459-7224-47ED-A212-C685245847AD (Friendly Name: eth0), status = 3221225860.","Source":"Microsoft-Windows-Hyper-V-VmSwitch","ReplacementStrings":["3221225860","74","3160975B-57AE-4C79-88F7-3815F14FCBC1--6A416459-7224-47ED-A212-C685245847AD","4","eth0","25"],"InstanceId":236,"TimeGenerated":"\/Date(1580928713000)\/","TimeWritten":"\/Date(1580928713000)\/","UserName":"NT VIRTUAL MACHINE\\3160975B-57AE-4C79-88F7-3815F14FCBC1","Site":null,"Container":null},{"MachineName":"SERWER01","Data":[],"Index":4194,"Category":"(0)","CategoryNumber":0,"EventID":236,"EntryType":1,"Message":"Failed to allocate virtual function for NIC 3160975B-57AE-4C79-88F7-3815F14FCBC1--6A416459-7224-47ED-A212-C685245847AD (Friendly Name: eth0), status = 3221225635.","Source":"Microsoft-Windows-Hyper-V-VmSwitch","ReplacementStrings":["3221225635","74","3160975B-57AE-4C79-88F7-3815F14FCBC1--6A416459-7224-47ED-A212-C685245847AD","4","eth0","10"],"InstanceId":236,"TimeGenerated":"\/Date(1580928707000)\/","TimeWritten":"\/Date(1580928707000)\/","UserName":"NT VIRTUAL MACHINE\\3160975B-57AE-4C79-88F7-3815F14FCBC1","Site":null,"Container":null},{"MachineName":"SERWER01","Data":[],"Index":4188,"Category":"(0)","CategoryNumber":0,"EventID":236,"EntryType":1,"Message":"Failed to allocate virtual function for NIC 3160975B-57AE-4C79-88F7-3815F14FCBC1--6A416459-7224-47ED-A212-C685245847AD (Friendly Name: eth0), status = 3221225860.","Source":"Microsoft-Windows-Hyper-V-VmSwitch","ReplacementStrings":["3221225860","74","3160975B-57AE-4C79-88F7-3815F14FCBC1--6A416459-7224-47ED-A212-C685245847AD","4","eth0","25"],"InstanceId":236,"TimeGenerated":"\/Date(1580927627000)\/","TimeWritten":"\/Date(1580927627000)\/","UserName":"NT VIRTUAL MACHINE\\3160975B-57AE-4C79-88F7-3815F14FCBC1","Site":null,"Container":null},{"MachineName":"SERWER01","Data":[],"Index":4186,"Category":"(0)","CategoryNumber":0,"EventID":236,"EntryType":1,"Message":"Failed to allocate virtual function for NIC 3160975B-57AE-4C79-88F7-3815F14FCBC1--6A416459-7224-47ED-A212-C685245847AD (Friendly Name: eth0), status = 3221225635.","Source":"Microsoft-Windows-Hyper-V-VmSwitch","ReplacementStrings":["3221225635","74","3160975B-57AE-4C79-88F7-3815F14FCBC1--6A416459-7224-47ED-A212-C685245847AD","4","eth0","10"],"InstanceId":236,"TimeGenerated":"\/Date(1580927621000)\/","TimeWritten":"\/Date(1580927621000)\/","UserName":"NT VIRTUAL MACHINE\\3160975B-57AE-4C79-88F7-3815F14FCBC1","Site":null,"Container":null},{"MachineName":"SERWER01","Data":[],"Index":4173,"Category":"(0)","CategoryNumber":0,"EventID":236,"EntryType":1,"Message":"Failed to allocate virtual function for NIC D537EADB-2961-4F8C-AAF0-FD2C4B007CA2--005F7A26-D329-477C-A146-45F5CAC4B01D (Friendly Name: eth0), status = 3221225860.","Source":"Microsoft-Windows-Hyper-V-VmSwitch","ReplacementStrings":["3221225860","74","D537EADB-2961-4F8C-AAF0-FD2C4B007CA2--005F7A26-D329-477C-A146-45F5CAC4B01D","4","eth0","25"],"InstanceId":236,"TimeGenerated":"\/Date(1580926640000)\/","TimeWritten":"\/Date(1580926640000)\/","UserName":"","Site":null,"Container":null},{"MachineName":"SERWER01","Data":[],"Index":4170,"Category":"(0)","CategoryNumber":0,"EventID":236,"EntryType":1,"Message":"Failed to allocate virtual function for NIC D537EADB-2961-4F8C-AAF0-FD2C4B007CA2--005F7A26-D329-477C-A146-45F5CAC4B01D (Friendly Name: eth0), status = 3221225635.","Source":"Microsoft-Windows-Hyper-V-VmSwitch","ReplacementStrings":["3221225635","74","D537EADB-2961-4F8C-AAF0-FD2C4B007CA2--005F7A26-D329-477C-A146-45F5CAC4B01D","4","eth0","10"],"InstanceId":236,"TimeGenerated":"\/Date(1580926634000)\/","TimeWritten":"\/Date(1580926634000)\/","UserName":"","Site":null,"Container":null},{"MachineName":"SERWER01","Data":[],"Index":4161,"Category":"(0)","CategoryNumber":0,"EventID":236,"EntryType":1,"Message":"Failed to allocate virtual function for NIC D537EADB-2961-4F8C-AAF0-FD2C4B007CA2--005F7A26-D329-477C-A146-45F5CAC4B01D (Friendly Name: eth0), status = 3221225860.","Source":"Microsoft-Windows-Hyper-V-VmSwitch","ReplacementStrings":["3221225860","74","D537EADB-2961-4F8C-AAF0-FD2C4B007CA2--005F7A26-D329-477C-A146-45F5CAC4B01D","4","eth0","25"],"InstanceId":236,"TimeGenerated":"\/Date(1580925410000)\/","TimeWritten":"\/Date(1580925410000)\/","UserName":"","Site":null,"Container":null},{"MachineName":"SERWER01","Data":[],"Index":4159,"Category":"(0)","CategoryNumber":0,"EventID":236,"EntryType":1,"Message":"Failed to allocate virtual function for NIC D537EADB-2961-4F8C-AAF0-FD2C4B007CA2--005F7A26-D329-477C-A146-45F5CAC4B01D (Friendly Name: eth0), status = 3221225635.","Source":"Microsoft-Windows-Hyper-V-VmSwitch","ReplacementStrings":["3221225635","74","D537EADB-2961-4F8C-AAF0-FD2C4B007CA2--005F7A26-D329-477C-A146-45F5CAC4B01D","4","eth0","10"],"InstanceId":236,"TimeGenerated":"\/Date(1580925404000)\/","TimeWritten":"\/Date(1580925404000)\/","UserName":"","Site":null,"Container":null},{"MachineName":"SERWER01","Data":[],"Index":4068,"Category":"(0)","CategoryNumber":0,"EventID":236,"EntryType":1,"Message":"Failed to allocate virtual function for NIC AD30FFE9-DC6C-4C58-A3F2-AFD3C219735E--049FE61F-C49A-4DE4-943B-C6C884E716B8 (Friendly Name: eth0), status = 3221225860.","Source":"Microsoft-Windows-Hyper-V-VmSwitch","ReplacementStrings":["3221225860","74","AD30FFE9-DC6C-4C58-A3F2-AFD3C219735E--049FE61F-C49A-4DE4-943B-C6C884E716B8","4","eth0","25"],"InstanceId":236,"TimeGenerated":"\/Date(1580864920000)\/","TimeWritten":"\/Date(1580864920000)\/","UserName":"","Site":null,"Container":null},{"MachineName":"SERWER01","Data":[],"Index":4066,"Category":"(0)","CategoryNumber":0,"EventID":236,"EntryType":1,"Message":"Failed to allocate virtual function for NIC EAEDF708-F1F1-4822-96DC-7877E048B170--54534D8F-1F58-40BA-B144-380D7A558C15 (Friendly Name: eth0), status = 3221225860.","Source":"Microsoft-Windows-Hyper-V-VmSwitch","ReplacementStrings":["3221225860","74","EAEDF708-F1F1-4822-96DC-7877E048B170--54534D8F-1F58-40BA-B144-380D7A558C15","4","eth0","25"],"InstanceId":236,"TimeGenerated":"\/Date(1580864918000)\/","TimeWritten":"\/Date(1580864918000)\/","UserName":"","Site":null,"Container":null},{"MachineName":"SERWER01","Data":[],"Index":4064,"Category":"(0)","CategoryNumber":0,"EventID":236,"EntryType":1,"Message":"Failed to allocate virtual function for NIC AD30FFE9-DC6C-4C58-A3F2-AFD3C219735E--049FE61F-C49A-4DE4-943B-C6C884E716B8 (Friendly Name: eth0), status = 3221225635.","Source":"Microsoft-Windows-Hyper-V-VmSwitch","ReplacementStrings":["3221225635","74","AD30FFE9-DC6C-4C58-A3F2-AFD3C219735E--049FE61F-C49A-4DE4-943B-C6C884E716B8","4","eth0","10"],"InstanceId":236,"TimeGenerated":"\/Date(1580864915000)\/","TimeWritten":"\/Date(1580864915000)\/","UserName":"","Site":null,"Container":null},{"MachineName":"SERWER01","Data":[],"Index":4060,"Category":"(0)","CategoryNumber":0,"EventID":236,"EntryType":1,"Message":"Failed to allocate virtual function for NIC EAEDF708-F1F1-4822-96DC-7877E048B170--54534D8F-1F58-40BA-B144-380D7A558C15 (Friendly Name: eth0), status = 3221225635.","Source":"Microsoft-Windows-Hyper-V-VmSwitch","ReplacementStrings":["3221225635","74","EAEDF708-F1F1-4822-96DC-7877E048B170--54534D8F-1F58-40BA-B144-380D7A558C15","4","eth0","10"],"InstanceId":236,"TimeGenerated":"\/Date(1580864912000)\/","TimeWritten":"\/Date(1580864912000)\/","UserName":"","Site":null,"Container":null},{"MachineName":"SERWER01","Data":[],"Index":3999,"Category":"(0)","CategoryNumber":0,"EventID":236,"EntryType":1,"Message":"Failed to allocate virtual function for NIC AD30FFE9-DC6C-4C58-A3F2-AFD3C219735E--049FE61F-C49A-4DE4-943B-C6C884E716B8 (Friendly Name: eth0), status = 3221225860.","Source":"Microsoft-Windows-Hyper-V-VmSwitch","ReplacementStrings":["3221225860","74","AD30FFE9-DC6C-4C58-A3F2-AFD3C219735E--049FE61F-C49A-4DE4-943B-C6C884E716B8","4","eth0","25"],"InstanceId":236,"TimeGenerated":"\/Date(1580853283000)\/","TimeWritten":"\/Date(1580853283000)\/","UserName":"","Site":null,"Container":null},{"MachineName":"SERWER01","Data":[],"Index":3997,"Category":"(0)","CategoryNumber":0,"EventID":236,"EntryType":1,"Message":"Failed to allocate virtual function for NIC AD30FFE9-DC6C-4C58-A3F2-AFD3C219735E--049FE61F-C49A-4DE4-943B-C6C884E716B8 (Friendly Name: eth0), status = 3221225635.","Source":"Microsoft-Windows-Hyper-V-VmSwitch","ReplacementStrings":["3221225635","74","AD30FFE9-DC6C-4C58-A3F2-AFD3C219735E--049FE61F-C49A-4DE4-943B-C6C884E716B8","4","eth0","10"],"InstanceId":236,"TimeGenerated":"\/Date(1580853277000)\/","TimeWritten":"\/Date(1580853277000)\/","UserName":"","Site":null,"Container":null},{"MachineName":"SERWER01","Data":[],"Index":3992,"Category":"(0)","CategoryNumber":0,"EventID":236,"EntryType":1,"Message":"Failed to allocate virtual function for NIC EAEDF708-F1F1-4822-96DC-7877E048B170--54534D8F-1F58-40BA-B144-380D7A558C15 (Friendly Name: eth0), status = 3221225860.","Source":"Microsoft-Windows-Hyper-V-VmSwitch","ReplacementStrings":["3221225860","74","EAEDF708-F1F1-4822-96DC-7877E048B170--54534D8F-1F58-40BA-B144-380D7A558C15","4","eth0","25"],"InstanceId":236,"TimeGenerated":"\/Date(1580853266000)\/","TimeWritten":"\/Date(1580853266000)\/","UserName":"","Site":null,"Container":null},{"MachineName":"SERWER01","Data":[],"Index":3990,"Category":"(0)","CategoryNumber":0,"EventID":236,"EntryType":1,"Message":"Failed to allocate virtual function for NIC EAEDF708-F1F1-4822-96DC-7877E048B170--54534D8F-1F58-40BA-B144-380D7A558C15 (Friendly Name: eth0), status = 3221225635.","Source":"Microsoft-Windows-Hyper-V-VmSwitch","ReplacementStrings":["3221225635","74","EAEDF708-F1F1-4822-96DC-7877E048B170--54534D8F-1F58-40BA-B144-380D7A558C15","4","eth0","10"],"InstanceId":236,"TimeGenerated":"\/Date(1580853260000)\/","TimeWritten":"\/Date(1580853260000)\/","UserName":"","Site":null,"Container":null},{"MachineName":"SERWER01","Data":[],"Index":3985,"Category":"(0)","CategoryNumber":0,"EventID":236,"EntryType":1,"Message":"Failed to allocate virtual function for NIC 3F7EF241-4B06-4635-A8A1-4240A2217FC4--151AF50B-A566-4CC9-837E-0D532F88F688 (Friendly Name: eth0), status = 3221225860.","Source":"Microsoft-Windows-Hyper-V-VmSwitch","ReplacementStrings":["3221225860","74","3F7EF241-4B06-4635-A8A1-4240A2217FC4--151AF50B-A566-4CC9-837E-0D532F88F688","4","eth0","25"],"InstanceId":236,"TimeGenerated":"\/Date(1580853254000)\/","TimeWritten":"\/Date(1580853254000)\/","UserName":"","Site":null,"Container":null},{"MachineName":"SERWER01","Data":[],"Index":3983,"Category":"(0)","CategoryNumber":0,"EventID":236,"EntryType":1,"Message":"Failed to allocate virtual function for NIC 3F7EF241-4B06-4635-A8A1-4240A2217FC4--151AF50B-A566-4CC9-837E-0D532F88F688 (Friendly Name: eth0), status = 3221225635.","Source":"Microsoft-Windows-Hyper-V-VmSwitch","ReplacementStrings":["3221225635","74","3F7EF241-4B06-4635-A8A1-4240A2217FC4--151AF50B-A566-4CC9-837E-0D532F88F688","4","eth0","10"],"InstanceId":236,"TimeGenerated":"\/Date(1580853249000)\/","TimeWritten":"\/Date(1580853249000)\/","UserName":"","Site":null,"Container":null},{"MachineName":"SERWER01","Data":[],"Index":3975,"Category":"(0)","CategoryNumber":0,"EventID":236,"EntryType":1,"Message":"Failed to allocate virtual function for NIC EAEDF708-F1F1-4822-96DC-7877E048B170--54534D8F-1F58-40BA-B144-380D7A558C15 (Friendly Name: eth0), status = 3221225860.","Source":"Microsoft-Windows-Hyper-V-VmSwitch","ReplacementStrings":["3221225860","74","EAEDF708-F1F1-4822-96DC-7877E048B170--54534D8F-1F58-40BA-B144-380D7A558C15","4","eth0","25"],"InstanceId":236,"TimeGenerated":"\/Date(1580852417000)\/","TimeWritten":"\/Date(1580852417000)\/","UserName":"","Site":null,"Container":null},{"MachineName":"SERWER01","Data":[],"Index":3973,"Category":"(0)","CategoryNumber":0,"EventID":236,"EntryType":1,"Message":"Failed to allocate virtual function for NIC AD30FFE9-DC6C-4C58-A3F2-AFD3C219735E--049FE61F-C49A-4DE4-943B-C6C884E716B8 (Friendly Name: eth0), status = 3221225860.","Source":"Microsoft-Windows-Hyper-V-VmSwitch","ReplacementStrings":["3221225860","74","AD30FFE9-DC6C-4C58-A3F2-AFD3C219735E--049FE61F-C49A-4DE4-943B-C6C884E716B8","4","eth0","25"],"InstanceId":236,"TimeGenerated":"\/Date(1580852413000)\/","TimeWritten":"\/Date(1580852413000)\/","UserName":"","Site":null,"Container":null},{"MachineName":"SERWER01","Data":[],"Index":3971,"Category":"(0)","CategoryNumber":0,"EventID":236,"EntryType":1,"Message":"Failed to allocate virtual function for NIC EAEDF708-F1F1-4822-96DC-7877E048B170--54534D8F-1F58-40BA-B144-380D7A558C15 (Friendly Name: eth0), status = 3221225635.","Source":"Microsoft-Windows-Hyper-V-VmSwitch","ReplacementStrings":["3221225635","74","EAEDF708-F1F1-4822-96DC-7877E048B170--54534D8F-1F58-40BA-B144-380D7A558C15","4","eth0","10"],"InstanceId":236,"TimeGenerated":"\/Date(1580852410000)\/","TimeWritten":"\/Date(1580852410000)\/","UserName":"","Site":null,"Container":null},{"MachineName":"SERWER01","Data":[],"Index":3968,"Category":"(0)","CategoryNumber":0,"EventID":236,"EntryType":1,"Message":"Failed to allocate virtual function for NIC AD30FFE9-DC6C-4C58-A3F2-AFD3C219735E--049FE61F-C49A-4DE4-943B-C6C884E716B8 (Friendly Name: eth0), status = 3221225635.","Source":"Microsoft-Windows-Hyper-V-VmSwitch","ReplacementStrings":["3221225635","74","AD30FFE9-DC6C-4C58-A3F2-AFD3C219735E--049FE61F-C49A-4DE4-943B-C6C884E716B8","4","eth0","10"],"InstanceId":236,"TimeGenerated":"\/Date(1580852406000)\/","TimeWritten":"\/Date(1580852406000)\/","UserName":"","Site":null,"Container":null},{"MachineName":"SERWER01","Data":[],"Index":3958,"Category":"(0)","CategoryNumber":0,"EventID":236,"EntryType":1,"Message":"Failed to allocate virtual function for NIC 3F7EF241-4B06-4635-A8A1-4240A2217FC4--151AF50B-A566-4CC9-837E-0D532F88F688 (Friendly Name: eth0), status = 3221225860.","Source":"Microsoft-Windows-Hyper-V-VmSwitch","ReplacementStrings":["3221225860","74","3F7EF241-4B06-4635-A8A1-4240A2217FC4--151AF50B-A566-4CC9-837E-0D532F88F688","4","eth0","25"],"InstanceId":236,"TimeGenerated":"\/Date(1580852128000)\/","TimeWritten":"\/Date(1580852128000)\/","UserName":"","Site":null,"Container":null},{"MachineName":"SERWER01","Data":[],"Index":3956,"Category":"(0)","CategoryNumber":0,"EventID":236,"EntryType":1,"Message":"Failed to allocate virtual function for NIC 3F7EF241-4B06-4635-A8A1-4240A2217FC4--151AF50B-A566-4CC9-837E-0D532F88F688 (Friendly Name: eth0), status = 3221225635.","Source":"Microsoft-Windows-Hyper-V-VmSwitch","ReplacementStrings":["3221225635","74","3F7EF241-4B06-4635-A8A1-4240A2217FC4--151AF50B-A566-4CC9-837E-0D532F88F688","4","eth0","10"],"InstanceId":236,"TimeGenerated":"\/Date(1580852122000)\/","TimeWritten":"\/Date(1580852122000)\/","UserName":"","Site":null,"Container":null},{"MachineName":"SERWER01","Data":[],"Index":3861,"Category":"(0)","CategoryNumber":0,"EventID":236,"EntryType":1,"Message":"Failed to allocate virtual function for NIC CC009475-F809-474E-A192-D73E67ED36D8--7EA1CC05-3827-4E86-BCCD-6DA4C3E00F97 (Friendly Name: eth0), status = 3221225860.","Source":"Microsoft-Windows-Hyper-V-VmSwitch","ReplacementStrings":["3221225860","74","CC009475-F809-474E-A192-D73E67ED36D8--7EA1CC05-3827-4E86-BCCD-6DA4C3E00F97","4","eth0","25"],"InstanceId":236,"TimeGenerated":"\/Date(1580844576000)\/","TimeWritten":"\/Date(1580844576000)\/","UserName":"","Site":null,"Container":null},{"MachineName":"SERWER01","Data":[],"Index":3859,"Category":"(0)","CategoryNumber":0,"EventID":236,"EntryType":1,"Message":"Failed to allocate virtual function for NIC 380DE2B8-1D13-413A-B098-D0467803E9C4--D0FB355A-CA61-4592-A650-EFCBC7B62FBB (Friendly Name: eth0), status = 3221225860.","Source":"Microsoft-Windows-Hyper-V-VmSwitch","ReplacementStrings":["3221225860","74","380DE2B8-1D13-413A-B098-D0467803E9C4--D0FB355A-CA61-4592-A650-EFCBC7B62FBB","4","eth0","25"],"InstanceId":236,"TimeGenerated":"\/Date(1580844573000)\/","TimeWritten":"\/Date(1580844573000)\/","UserName":"","Site":null,"Container":null},{"MachineName":"SERWER01","Data":[],"Index":3857,"Category":"(0)","CategoryNumber":0,"EventID":236,"EntryType":1,"Message":"Failed to allocate virtual function for NIC BF8EB716-CAF9-407B-B478-0EE1199E87C2--DE4BB477-2FE9-4EB6-AA68-B39E8921E394 (Friendly Name: eth0), status = 3221225860.","Source":"Microsoft-Windows-Hyper-V-VmSwitch","ReplacementStrings":["3221225860","74","BF8EB716-CAF9-407B-B478-0EE1199E87C2--DE4BB477-2FE9-4EB6-AA68-B39E8921E394","4","eth0","25"],"InstanceId":236,"TimeGenerated":"\/Date(1580844567000)\/","TimeWritten":"\/Date(1580844567000)\/","UserName":"","Site":null,"Container":null},{"MachineName":"SERWER01","Data":[],"Index":3855,"Category":"(0)","CategoryNumber":0,"EventID":236,"EntryType":1,"Message":"Failed to allocate virtual function for NIC CC009475-F809-474E-A192-D73E67ED36D8--7EA1CC05-3827-4E86-BCCD-6DA4C3E00F97 (Friendly Name: eth0), status = 3221225635.","Source":"Microsoft-Windows-Hyper-V-VmSwitch","ReplacementStrings":["3221225635","74","CC009475-F809-474E-A192-D73E67ED36D8--7EA1CC05-3827-4E86-BCCD-6DA4C3E00F97","4","eth0","10"],"InstanceId":236,"TimeGenerated":"\/Date(1580844564000)\/","TimeWritten":"\/Date(1580844564000)\/","UserName":"","Site":null,"Container":null},{"MachineName":"SERWER01","Data":[],"Index":3852,"Category":"(0)","CategoryNumber":0,"EventID":236,"EntryType":1,"Message":"Failed to allocate virtual function for NIC 380DE2B8-1D13-413A-B098-D0467803E9C4--D0FB355A-CA61-4592-A650-EFCBC7B62FBB (Friendly Name: eth0), status = 3221225635.","Source":"Microsoft-Windows-Hyper-V-VmSwitch","ReplacementStrings":["3221225635","74","380DE2B8-1D13-413A-B098-D0467803E9C4--D0FB355A-CA61-4592-A650-EFCBC7B62FBB","4","eth0","10"],"InstanceId":236,"TimeGenerated":"\/Date(1580844562000)\/","TimeWritten":"\/Date(1580844562000)\/","UserName":"","Site":null,"Container":null},{"MachineName":"SERWER01","Data":[],"Index":3849,"Category":"(0)","CategoryNumber":0,"EventID":236,"EntryType":1,"Message":"Failed to allocate virtual function for NIC 24480CB7-82F2-4718-8235-1CA498EDB538--37B5F8DC-1008-4228-B6D1-20255E3CAC0B (Friendly Name: eth0), status = 3221225860.","Source":"Microsoft-Windows-Hyper-V-VmSwitch","ReplacementStrings":["3221225860","74","24480CB7-82F2-4718-8235-1CA498EDB538--37B5F8DC-1008-4228-B6D1-20255E3CAC0B","4","eth0","25"],"InstanceId":236,"TimeGenerated":"\/Date(1580844560000)\/","TimeWritten":"\/Date(1580844560000)\/","UserName":"","Site":null,"Container":null},{"MachineName":"SERWER01","Data":[],"Index":3847,"Category":"(0)","CategoryNumber":0,"EventID":236,"EntryType":1,"Message":"Failed to allocate virtual function for NIC BF8EB716-CAF9-407B-B478-0EE1199E87C2--DE4BB477-2FE9-4EB6-AA68-B39E8921E394 (Friendly Name: eth0), status = 3221225635.","Source":"Microsoft-Windows-Hyper-V-VmSwitch","ReplacementStrings":["3221225635","74","BF8EB716-CAF9-407B-B478-0EE1199E87C2--DE4BB477-2FE9-4EB6-AA68-B39E8921E394","4","eth0","10"],"InstanceId":236,"TimeGenerated":"\/Date(1580844557000)\/","TimeWritten":"\/Date(1580844557000)\/","UserName":"","Site":null,"Container":null},{"MachineName":"SERWER01","Data":[],"Index":3844,"Category":"(0)","CategoryNumber":0,"EventID":236,"EntryType":1,"Message":"Failed to allocate virtual function for NIC 24480CB7-82F2-4718-8235-1CA498EDB538--37B5F8DC-1008-4228-B6D1-20255E3CAC0B (Friendly Name: eth0), status = 3221225635.","Source":"Microsoft-Windows-Hyper-V-VmSwitch","ReplacementStrings":["3221225635","74","24480CB7-82F2-4718-8235-1CA498EDB538--37B5F8DC-1008-4228-B6D1-20255E3CAC0B","4","eth0","10"],"InstanceId":236,"TimeGenerated":"\/Date(1580844553000)\/","TimeWritten":"\/Date(1580844553000)\/","UserName":"","Site":null,"Container":null},{"MachineName":"SERWER01","Data":[],"Index":3676,"Category":"(0)","CategoryNumber":0,"EventID":236,"EntryType":1,"Message":"Failed to allocate virtual function for NIC 3E1C2A07-34D2-4B01-A765-5F89373C9DC3--751E8174-23C2-4492-BF6C-A5944715F386 (Friendly Name: eth0), status = 3221225860.","Source":"Microsoft-Windows-Hyper-V-VmSwitch","ReplacementStrings":["3221225860","74","3E1C2A07-34D2-4B01-A765-5F89373C9DC3--751E8174-23C2-4492-BF6C-A5944715F386","4","eth0","25"],"InstanceId":236,"TimeGenerated":"\/Date(1580842178000)\/","TimeWritten":"\/Date(1580842178000)\/","UserName":"","Site":null,"Container":null},{"MachineName":"SERWER01","Data":[],"Index":3674,"Category":"(0)","CategoryNumber":0,"EventID":236,"EntryType":1,"Message":"Failed to allocate virtual function for NIC 184D49EF-B1C8-4334-89CC-27EB209BC9B7--C7CDA4AE-6C33-4C52-AC4D-F20459A58F36 (Friendly Name: eth0), status = 3221225860.","Source":"Microsoft-Windows-Hyper-V-VmSwitch","ReplacementStrings":["3221225860","74","184D49EF-B1C8-4334-89CC-27EB209BC9B7--C7CDA4AE-6C33-4C52-AC4D-F20459A58F36","4","eth0","25"],"InstanceId":236,"TimeGenerated":"\/Date(1580842175000)\/","TimeWritten":"\/Date(1580842175000)\/","UserName":"","Site":null,"Container":null},{"MachineName":"SERWER01","Data":[],"Index":3672,"Category":"(0)","CategoryNumber":0,"EventID":236,"EntryType":1,"Message":"Failed to allocate virtual function for NIC 3E1C2A07-34D2-4B01-A765-5F89373C9DC3--751E8174-23C2-4492-BF6C-A5944715F386 (Friendly Name: eth0), status = 3221225635.","Source":"Microsoft-Windows-Hyper-V-VmSwitch","ReplacementStrings":["3221225635","74","3E1C2A07-34D2-4B01-A765-5F89373C9DC3--751E8174-23C2-4492-BF6C-A5944715F386","4","eth0","10"],"InstanceId":236,"TimeGenerated":"\/Date(1580842171000)\/","TimeWritten":"\/Date(1580842171000)\/","UserName":"","Site":null,"Container":null},{"MachineName":"SERWER01","Data":[],"Index":3669,"Category":"(0)","CategoryNumber":0,"EventID":236,"EntryType":1,"Message":"Failed to allocate virtual function for NIC 184D49EF-B1C8-4334-89CC-27EB209BC9B7--C7CDA4AE-6C33-4C52-AC4D-F20459A58F36 (Friendly Name: eth0), status = 3221225635.","Source":"Microsoft-Windows-Hyper-V-VmSwitch","ReplacementStrings":["3221225635","74","184D49EF-B1C8-4334-89CC-27EB209BC9B7--C7CDA4AE-6C33-4C52-AC4D-F20459A58F36","4","eth0","10"],"InstanceId":236,"TimeGenerated":"\/Date(1580842167000)\/","TimeWritten":"\/Date(1580842167000)\/","UserName":"","Site":null,"Container":null},{"MachineName":"SERWER01","Data":[],"Index":3637,"Category":"(0)","CategoryNumber":0,"EventID":236,"EntryType":1,"Message":"Failed to allocate virtual function for NIC F37E7F4C-78CC-4094-A53E-7457FBA91109--7DA09133-524B-495F-A288-A6A55354B2FE (Friendly Name: eth0), status = 3221225860.","Source":"Microsoft-Windows-Hyper-V-VmSwitch","ReplacementStrings":["3221225860","74","F37E7F4C-78CC-4094-A53E-7457FBA91109--7DA09133-524B-495F-A288-A6A55354B2FE","4","eth0","25"],"InstanceId":236,"TimeGenerated":"\/Date(1580841544000)\/","TimeWritten":"\/Date(1580841544000)\/","UserName":"","Site":null,"Container":null},{"MachineName":"SERWER01","Data":[],"Index":3635,"Category":"(0)","CategoryNumber":0,"EventID":236,"EntryType":1,"Message":"Failed to allocate virtual function for NIC 33446826-64DB-4B1E-9C46-A6E3DA2EE4DB--1630E485-189B-422A-82A4-D1EB2165F7F1 (Friendly Name: eth0), status = 3221225860.","Source":"Microsoft-Windows-Hyper-V-VmSwitch","ReplacementStrings":["3221225860","74","33446826-64DB-4B1E-9C46-A6E3DA2EE4DB--1630E485-189B-422A-82A4-D1EB2165F7F1","4","eth0","25"],"InstanceId":236,"TimeGenerated":"\/Date(1580841543000)\/","TimeWritten":"\/Date(1580841543000)\/","UserName":"","Site":null,"Container":null},{"MachineName":"SERWER01","Data":[],"Index":3633,"Category":"(0)","CategoryNumber":0,"EventID":236,"EntryType":1,"Message":"Failed to allocate virtual function for NIC F37E7F4C-78CC-4094-A53E-7457FBA91109--7DA09133-524B-495F-A288-A6A55354B2FE (Friendly Name: eth0), status = 3221225635.","Source":"Microsoft-Windows-Hyper-V-VmSwitch","ReplacementStrings":["3221225635","74","F37E7F4C-78CC-4094-A53E-7457FBA91109--7DA09133-524B-495F-A288-A6A55354B2FE","4","eth0","10"],"InstanceId":236,"TimeGenerated":"\/Date(1580841537000)\/","TimeWritten":"\/Date(1580841537000)\/","UserName":"","Site":null,"Container":null},{"MachineName":"SERWER01","Data":[],"Index":3630,"Category":"(0)","CategoryNumber":0,"EventID":236,"EntryType":1,"Message":"Failed to allocate virtual function for NIC 33446826-64DB-4B1E-9C46-A6E3DA2EE4DB--1630E485-189B-422A-82A4-D1EB2165F7F1 (Friendly Name: eth0), status = 3221225635.","Source":"Microsoft-Windows-Hyper-V-VmSwitch","ReplacementStrings":["3221225635","74","33446826-64DB-4B1E-9C46-A6E3DA2EE4DB--1630E485-189B-422A-82A4-D1EB2165F7F1","4","eth0","10"],"InstanceId":236,"TimeGenerated":"\/Date(1580841537000)\/","TimeWritten":"\/Date(1580841537000)\/","UserName":"","Site":null,"Container":null},{"MachineName":"SERWER01","Data":[],"Index":3606,"Category":"(0)","CategoryNumber":0,"EventID":236,"EntryType":1,"Message":"Failed to allocate virtual function for NIC 15E71C24-D3FB-41CF-9C2D-C5060247C206--49DAE6EA-F682-404D-9C50-19C8C45BA515 (Friendly Name: eth0), status = 3221225860.","Source":"Microsoft-Windows-Hyper-V-VmSwitch","ReplacementStrings":["3221225860","74","15E71C24-D3FB-41CF-9C2D-C5060247C206--49DAE6EA-F682-404D-9C50-19C8C45BA515","4","eth0","25"],"InstanceId":236,"TimeGenerated":"\/Date(1580839882000)\/","TimeWritten":"\/Date(1580839882000)\/","UserName":"","Site":null,"Container":null},{"MachineName":"SERWER01","Data":[],"Index":3604,"Category":"(0)","CategoryNumber":0,"EventID":236,"EntryType":1,"Message":"Failed to allocate virtual function for NIC 15E71C24-D3FB-41CF-9C2D-C5060247C206--49DAE6EA-F682-404D-9C50-19C8C45BA515 (Friendly Name: eth0), status = 3221225635.","Source":"Microsoft-Windows-Hyper-V-VmSwitch","ReplacementStrings":["3221225635","74","15E71C24-D3FB-41CF-9C2D-C5060247C206--49DAE6EA-F682-404D-9C50-19C8C45BA515","4","eth0","10"],"InstanceId":236,"TimeGenerated":"\/Date(1580839876000)\/","TimeWritten":"\/Date(1580839876000)\/","UserName":"","Site":null,"Container":null},{"MachineName":"SERWER01","Data":[],"Index":3458,"Category":"(0)","CategoryNumber":0,"EventID":236,"EntryType":1,"Message":"Failed to allocate virtual function for NIC 643757E7-1CBE-4373-9A15-9C4D18809EAB--2F2B779E-935B-4102-BD1B-777FCFB83D7E (Friendly Name: eth0), status = 3221225860.","Source":"Microsoft-Windows-Hyper-V-VmSwitch","ReplacementStrings":["3221225860","74","643757E7-1CBE-4373-9A15-9C4D18809EAB--2F2B779E-935B-4102-BD1B-777FCFB83D7E","4","eth0","25"],"InstanceId":236,"TimeGenerated":"\/Date(1580834858000)\/","TimeWritten":"\/Date(1580834858000)\/","UserName":"","Site":null,"Container":null},{"MachineName":"SERWER01","Data":[],"Index":3456,"Category":"(0)","CategoryNumber":0,"EventID":236,"EntryType":1,"Message":"Failed to allocate virtual function for NIC 643757E7-1CBE-4373-9A15-9C4D18809EAB--2F2B779E-935B-4102-BD1B-777FCFB83D7E (Friendly Name: eth0), status = 3221225635.","Source":"Microsoft-Windows-Hyper-V-VmSwitch","ReplacementStrings":["3221225635","74","643757E7-1CBE-4373-9A15-9C4D18809EAB--2F2B779E-935B-4102-BD1B-777FCFB83D7E","4","eth0","10"],"InstanceId":236,"TimeGenerated":"\/Date(1580834853000)\/","TimeWritten":"\/Date(1580834853000)\/","UserName":"","Site":null,"Container":null},{"MachineName":"SERWER01","Data":[],"Index":3355,"Category":"(0)","CategoryNumber":0,"EventID":236,"EntryType":1,"Message":"Failed to allocate virtual function for NIC 3F9F53E2-0B39-4C4D-8A39-EE6D8CC17DB9--3489A422-25BD-4E73-A7FE-2BAA313327B2 (Friendly Name: eth0), status = 3221225635.","Source":"Microsoft-Windows-Hyper-V-VmSwitch","ReplacementStrings":["3221225635","74","3F9F53E2-0B39-4C4D-8A39-EE6D8CC17DB9--3489A422-25BD-4E73-A7FE-2BAA313327B2","4","eth0","10"],"InstanceId":236,"TimeGenerated":"\/Date(1580832109000)\/","TimeWritten":"\/Date(1580832109000)\/","UserName":"","Site":null,"Container":null},{"MachineName":"SERWER01","Data":[],"Index":3032,"Category":"(0)","CategoryNumber":0,"EventID":236,"EntryType":1,"Message":"Failed to allocate virtual function for NIC B6AB7649-CBC2-4912-805A-58BD5234B723--4ABC02B2-390F-4CDC-AC41-01867B44E162 (Friendly Name: eth0), status = 3221225635.","Source":"Microsoft-Windows-Hyper-V-VmSwitch","ReplacementStrings":["3221225635","74","B6AB7649-CBC2-4912-805A-58BD5234B723--4ABC02B2-390F-4CDC-AC41-01867B44E162","4","eth0","10"],"InstanceId":236,"TimeGenerated":"\/Date(1580786362000)\/","TimeWritten":"\/Date(1580786362000)\/","UserName":"","Site":null,"Container":null}]