[{"MachineName":"SERWER01","Data":[],"Index":5778,"Category":"(0)","CategoryNumber":0,"EventID":236,"EntryType":1,"Message":"Failed to allocate virtual function for NIC D7A665C9-B7E5-4E62-AA83-667D25A431E4--A4D8BB0D-8B79-42FC-99A9-906019A1E92F (Friendly Name: eth0), status = 3221225860.","Source":"Microsoft-Windows-Hyper-V-VmSwitch","ReplacementStrings":["3221225860","74","D7A665C9-B7E5-4E62-AA83-667D25A431E4--A4D8BB0D-8B79-42FC-99A9-906019A1E92F","4","eth0","25"],"InstanceId":236,"TimeGenerated":"\/Date(1581367002000)\/","TimeWritten":"\/Date(1581367002000)\/","UserName":"NT VIRTUAL MACHINE\\D7A665C9-B7E5-4E62-AA83-667D25A431E4","Site":null,"Container":null},{"MachineName":"SERWER01","Data":[],"Index":5776,"Category":"(0)","CategoryNumber":0,"EventID":236,"EntryType":1,"Message":"Failed to allocate virtual function for NIC 2DAF0E65-ACB1-411E-9A4A-4E6E0250D3EA--946BE7B1-B8D9-41AC-8627-1CF07CA262E6 (Friendly Name: eth0), status = 3221225860.","Source":"Microsoft-Windows-Hyper-V-VmSwitch","ReplacementStrings":["3221225860","74","2DAF0E65-ACB1-411E-9A4A-4E6E0250D3EA--946BE7B1-B8D9-41AC-8627-1CF07CA262E6","4","eth0","25"],"InstanceId":236,"TimeGenerated":"\/Date(1581366998000)\/","TimeWritten":"\/Date(1581366998000)\/","UserName":"NT VIRTUAL MACHINE\\2DAF0E65-ACB1-411E-9A4A-4E6E0250D3EA","Site":null,"Container":null},{"MachineName":"SERWER01","Data":[],"Index":5774,"Category":"(0)","CategoryNumber":0,"EventID":236,"EntryType":1,"Message":"Failed to allocate virtual function for NIC 5AF393AE-B971-46FB-8A87-A3DCC54323A2--00F531EE-8A97-4B67-83E4-7E63B41909E0 (Friendly Name: eth0), status = 3221225860.","Source":"Microsoft-Windows-Hyper-V-VmSwitch","ReplacementStrings":["3221225860","74","5AF393AE-B971-46FB-8A87-A3DCC54323A2--00F531EE-8A97-4B67-83E4-7E63B41909E0","4","eth0","25"],"InstanceId":236,"TimeGenerated":"\/Date(1581366995000)\/","TimeWritten":"\/Date(1581366995000)\/","UserName":"NT VIRTUAL MACHINE\\5AF393AE-B971-46FB-8A87-A3DCC54323A2","Site":null,"Container":null},{"MachineName":"SERWER01","Data":[],"Index":5772,"Category":"(0)","CategoryNumber":0,"EventID":236,"EntryType":1,"Message":"Failed to allocate virtual function for NIC D7A665C9-B7E5-4E62-AA83-667D25A431E4--A4D8BB0D-8B79-42FC-99A9-906019A1E92F (Friendly Name: eth0), status = 3221225635.","Source":"Microsoft-Windows-Hyper-V-VmSwitch","ReplacementStrings":["3221225635","74","D7A665C9-B7E5-4E62-AA83-667D25A431E4--A4D8BB0D-8B79-42FC-99A9-906019A1E92F","4","eth0","10"],"InstanceId":236,"TimeGenerated":"\/Date(1581366994000)\/","TimeWritten":"\/Date(1581366994000)\/","UserName":"NT VIRTUAL MACHINE\\D7A665C9-B7E5-4E62-AA83-667D25A431E4","Site":null,"Container":null},{"MachineName":"SERWER01","Data":[],"Index":5769,"Category":"(0)","CategoryNumber":0,"EventID":236,"EntryType":1,"Message":"Failed to allocate virtual function for NIC 2DAF0E65-ACB1-411E-9A4A-4E6E0250D3EA--946BE7B1-B8D9-41AC-8627-1CF07CA262E6 (Friendly Name: eth0), status = 3221225635.","Source":"Microsoft-Windows-Hyper-V-VmSwitch","ReplacementStrings":["3221225635","74","2DAF0E65-ACB1-411E-9A4A-4E6E0250D3EA--946BE7B1-B8D9-41AC-8627-1CF07CA262E6","4","eth0","10"],"InstanceId":236,"TimeGenerated":"\/Date(1581366991000)\/","TimeWritten":"\/Date(1581366991000)\/","UserName":"NT VIRTUAL MACHINE\\2DAF0E65-ACB1-411E-9A4A-4E6E0250D3EA","Site":null,"Container":null},{"MachineName":"SERWER01","Data":[],"Index":5766,"Category":"(0)","CategoryNumber":0,"EventID":236,"EntryType":1,"Message":"Failed to allocate virtual function for NIC 6E784FCA-86E2-4FCF-9F36-A6F8B6798E5F--1E32DC1E-8993-458E-AF98-D661AF26A252 (Friendly Name: eth0), status = 3221225860.","Source":"Microsoft-Windows-Hyper-V-VmSwitch","ReplacementStrings":["3221225860","74","6E784FCA-86E2-4FCF-9F36-A6F8B6798E5F--1E32DC1E-8993-458E-AF98-D661AF26A252","4","eth0","25"],"InstanceId":236,"TimeGenerated":"\/Date(1581366989000)\/","TimeWritten":"\/Date(1581366989000)\/","UserName":"NT VIRTUAL MACHINE\\6E784FCA-86E2-4FCF-9F36-A6F8B6798E5F","Site":null,"Container":null},{"MachineName":"SERWER01","Data":[],"Index":5764,"Category":"(0)","CategoryNumber":0,"EventID":236,"EntryType":1,"Message":"Failed to allocate virtual function for NIC 5AF393AE-B971-46FB-8A87-A3DCC54323A2--00F531EE-8A97-4B67-83E4-7E63B41909E0 (Friendly Name: eth0), status = 3221225635.","Source":"Microsoft-Windows-Hyper-V-VmSwitch","ReplacementStrings":["3221225635","74","5AF393AE-B971-46FB-8A87-A3DCC54323A2--00F531EE-8A97-4B67-83E4-7E63B41909E0","4","eth0","10"],"InstanceId":236,"TimeGenerated":"\/Date(1581366985000)\/","TimeWritten":"\/Date(1581366985000)\/","UserName":"NT VIRTUAL MACHINE\\5AF393AE-B971-46FB-8A87-A3DCC54323A2","Site":null,"Container":null},{"MachineName":"SERWER01","Data":[],"Index":5760,"Category":"(0)","CategoryNumber":0,"EventID":236,"EntryType":1,"Message":"Failed to allocate virtual function for NIC 6E784FCA-86E2-4FCF-9F36-A6F8B6798E5F--1E32DC1E-8993-458E-AF98-D661AF26A252 (Friendly Name: eth0), status = 3221225635.","Source":"Microsoft-Windows-Hyper-V-VmSwitch","ReplacementStrings":["3221225635","74","6E784FCA-86E2-4FCF-9F36-A6F8B6798E5F--1E32DC1E-8993-458E-AF98-D661AF26A252","4","eth0","10"],"InstanceId":236,"TimeGenerated":"\/Date(1581366980000)\/","TimeWritten":"\/Date(1581366980000)\/","UserName":"NT VIRTUAL MACHINE\\6E784FCA-86E2-4FCF-9F36-A6F8B6798E5F","Site":null,"Container":null},{"MachineName":"SERWER01","Data":[],"Index":5167,"Category":"(0)","CategoryNumber":0,"EventID":236,"EntryType":1,"Message":"Failed to allocate virtual function for NIC D7A665C9-B7E5-4E62-AA83-667D25A431E4--A4D8BB0D-8B79-42FC-99A9-906019A1E92F (Friendly Name: eth0), status = 3221225860.","Source":"Microsoft-Windows-Hyper-V-VmSwitch","ReplacementStrings":["3221225860","74","D7A665C9-B7E5-4E62-AA83-667D25A431E4--A4D8BB0D-8B79-42FC-99A9-906019A1E92F","4","eth0","25"],"InstanceId":236,"TimeGenerated":"\/Date(1581011193000)\/","TimeWritten":"\/Date(1581011193000)\/","UserName":"NT VIRTUAL MACHINE\\D7A665C9-B7E5-4E62-AA83-667D25A431E4","Site":null,"Container":null},{"MachineName":"SERWER01","Data":[],"Index":5165,"Category":"(0)","CategoryNumber":0,"EventID":236,"EntryType":1,"Message":"Failed to allocate virtual function for NIC C4508715-1AC8-406E-A43F-E1B3DAAD20EE--D0AB4EEE-EC0A-4752-85E5-8094249330AF (Friendly Name: eth0), status = 3221225860.","Source":"Microsoft-Windows-Hyper-V-VmSwitch","ReplacementStrings":["3221225860","74","C4508715-1AC8-406E-A43F-E1B3DAAD20EE--D0AB4EEE-EC0A-4752-85E5-8094249330AF","4","eth0","25"],"InstanceId":236,"TimeGenerated":"\/Date(1581011193000)\/","TimeWritten":"\/Date(1581011193000)\/","UserName":"NT VIRTUAL MACHINE\\C4508715-1AC8-406E-A43F-E1B3DAAD20EE","Site":null,"Container":null},{"MachineName":"SERWER01","Data":[],"Index":5163,"Category":"(0)","CategoryNumber":0,"EventID":236,"EntryType":1,"Message":"Failed to allocate virtual function for NIC 6E784FCA-86E2-4FCF-9F36-A6F8B6798E5F--1E32DC1E-8993-458E-AF98-D661AF26A252 (Friendly Name: eth0), status = 3221225860.","Source":"Microsoft-Windows-Hyper-V-VmSwitch","ReplacementStrings":["3221225860","74","6E784FCA-86E2-4FCF-9F36-A6F8B6798E5F--1E32DC1E-8993-458E-AF98-D661AF26A252","4","eth0","25"],"InstanceId":236,"TimeGenerated":"\/Date(1581011193000)\/","TimeWritten":"\/Date(1581011193000)\/","UserName":"NT VIRTUAL MACHINE\\6E784FCA-86E2-4FCF-9F36-A6F8B6798E5F","Site":null,"Container":null},{"MachineName":"SERWER01","Data":[],"Index":5161,"Category":"(0)","CategoryNumber":0,"EventID":236,"EntryType":1,"Message":"Failed to allocate virtual function for NIC 5AF393AE-B971-46FB-8A87-A3DCC54323A2--00F531EE-8A97-4B67-83E4-7E63B41909E0 (Friendly Name: eth0), status = 3221225860.","Source":"Microsoft-Windows-Hyper-V-VmSwitch","ReplacementStrings":["3221225860","74","5AF393AE-B971-46FB-8A87-A3DCC54323A2--00F531EE-8A97-4B67-83E4-7E63B41909E0","4","eth0","25"],"InstanceId":236,"TimeGenerated":"\/Date(1581011192000)\/","TimeWritten":"\/Date(1581011192000)\/","UserName":"NT VIRTUAL MACHINE\\5AF393AE-B971-46FB-8A87-A3DCC54323A2","Site":null,"Container":null},{"MachineName":"SERWER01","Data":[],"Index":5159,"Category":"(0)","CategoryNumber":0,"EventID":236,"EntryType":1,"Message":"Failed to allocate virtual function for NIC 3160975B-57AE-4C79-88F7-3815F14FCBC1--6A416459-7224-47ED-A212-C685245847AD (Friendly Name: eth0), status = 3221225860.","Source":"Microsoft-Windows-Hyper-V-VmSwitch","ReplacementStrings":["3221225860","74","3160975B-57AE-4C79-88F7-3815F14FCBC1--6A416459-7224-47ED-A212-C685245847AD","4","eth0","25"],"InstanceId":236,"TimeGenerated":"\/Date(1581011192000)\/","TimeWritten":"\/Date(1581011192000)\/","UserName":"NT VIRTUAL MACHINE\\3160975B-57AE-4C79-88F7-3815F14FCBC1","Site":null,"Container":null},{"MachineName":"SERWER01","Data":[],"Index":5157,"Category":"(0)","CategoryNumber":0,"EventID":236,"EntryType":1,"Message":"Failed to allocate virtual function for NIC 2DAF0E65-ACB1-411E-9A4A-4E6E0250D3EA--946BE7B1-B8D9-41AC-8627-1CF07CA262E6 (Friendly Name: eth0), status = 3221225860.","Source":"Microsoft-Windows-Hyper-V-VmSwitch","ReplacementStrings":["3221225860","74","2DAF0E65-ACB1-411E-9A4A-4E6E0250D3EA--946BE7B1-B8D9-41AC-8627-1CF07CA262E6","4","eth0","25"],"InstanceId":236,"TimeGenerated":"\/Date(1581011192000)\/","TimeWritten":"\/Date(1581011192000)\/","UserName":"NT VIRTUAL MACHINE\\2DAF0E65-ACB1-411E-9A4A-4E6E0250D3EA","Site":null,"Container":null},{"MachineName":"SERWER01","Data":[],"Index":5154,"Category":"(0)","CategoryNumber":0,"EventID":236,"EntryType":1,"Message":"Failed to allocate virtual function for NIC D7A665C9-B7E5-4E62-AA83-667D25A431E4--A4D8BB0D-8B79-42FC-99A9-906019A1E92F (Friendly Name: eth0), status = 3221225635.","Source":"Microsoft-Windows-Hyper-V-VmSwitch","ReplacementStrings":["3221225635","74","D7A665C9-B7E5-4E62-AA83-667D25A431E4--A4D8BB0D-8B79-42FC-99A9-906019A1E92F","4","eth0","10"],"InstanceId":236,"TimeGenerated":"\/Date(1581011185000)\/","TimeWritten":"\/Date(1581011185000)\/","UserName":"NT VIRTUAL MACHINE\\D7A665C9-B7E5-4E62-AA83-667D25A431E4","Site":null,"Container":null},{"MachineName":"SERWER01","Data":[],"Index":5151,"Category":"(0)","CategoryNumber":0,"EventID":236,"EntryType":1,"Message":"Failed to allocate virtual function for NIC C4508715-1AC8-406E-A43F-E1B3DAAD20EE--D0AB4EEE-EC0A-4752-85E5-8094249330AF (Friendly Name: eth0), status = 3221225635.","Source":"Microsoft-Windows-Hyper-V-VmSwitch","ReplacementStrings":["3221225635","74","C4508715-1AC8-406E-A43F-E1B3DAAD20EE--D0AB4EEE-EC0A-4752-85E5-8094249330AF","4","eth0","10"],"InstanceId":236,"TimeGenerated":"\/Date(1581011185000)\/","TimeWritten":"\/Date(1581011185000)\/","UserName":"NT VIRTUAL MACHINE\\C4508715-1AC8-406E-A43F-E1B3DAAD20EE","Site":null,"Container":null},{"MachineName":"SERWER01","Data":[],"Index":5148,"Category":"(0)","CategoryNumber":0,"EventID":236,"EntryType":1,"Message":"Failed to allocate virtual function for NIC 6E784FCA-86E2-4FCF-9F36-A6F8B6798E5F--1E32DC1E-8993-458E-AF98-D661AF26A252 (Friendly Name: eth0), status = 3221225635.","Source":"Microsoft-Windows-Hyper-V-VmSwitch","ReplacementStrings":["3221225635","74","6E784FCA-86E2-4FCF-9F36-A6F8B6798E5F--1E32DC1E-8993-458E-AF98-D661AF26A252","4","eth0","10"],"InstanceId":236,"TimeGenerated":"\/Date(1581011185000)\/","TimeWritten":"\/Date(1581011185000)\/","UserName":"NT VIRTUAL MACHINE\\6E784FCA-86E2-4FCF-9F36-A6F8B6798E5F","Site":null,"Container":null},{"MachineName":"SERWER01","Data":[],"Index":5145,"Category":"(0)","CategoryNumber":0,"EventID":236,"EntryType":1,"Message":"Failed to allocate virtual function for NIC 5AF393AE-B971-46FB-8A87-A3DCC54323A2--00F531EE-8A97-4B67-83E4-7E63B41909E0 (Friendly Name: eth0), status = 3221225635.","Source":"Microsoft-Windows-Hyper-V-VmSwitch","ReplacementStrings":["3221225635","74","5AF393AE-B971-46FB-8A87-A3DCC54323A2--00F531EE-8A97-4B67-83E4-7E63B41909E0","4","eth0","10"],"InstanceId":236,"TimeGenerated":"\/Date(1581011184000)\/","TimeWritten":"\/Date(1581011184000)\/","UserName":"NT VIRTUAL MACHINE\\5AF393AE-B971-46FB-8A87-A3DCC54323A2","Site":null,"Container":null},{"MachineName":"SERWER01","Data":[],"Index":5142,"Category":"(0)","CategoryNumber":0,"EventID":236,"EntryType":1,"Message":"Failed to allocate virtual function for NIC 3160975B-57AE-4C79-88F7-3815F14FCBC1--6A416459-7224-47ED-A212-C685245847AD (Friendly Name: eth0), status = 3221225635.","Source":"Microsoft-Windows-Hyper-V-VmSwitch","ReplacementStrings":["3221225635","74","3160975B-57AE-4C79-88F7-3815F14FCBC1--6A416459-7224-47ED-A212-C685245847AD","4","eth0","10"],"InstanceId":236,"TimeGenerated":"\/Date(1581011184000)\/","TimeWritten":"\/Date(1581011184000)\/","UserName":"NT VIRTUAL MACHINE\\3160975B-57AE-4C79-88F7-3815F14FCBC1","Site":null,"Container":null},{"MachineName":"SERWER01","Data":[],"Index":5138,"Category":"(0)","CategoryNumber":0,"EventID":236,"EntryType":1,"Message":"Failed to allocate virtual function for NIC 2DAF0E65-ACB1-411E-9A4A-4E6E0250D3EA--946BE7B1-B8D9-41AC-8627-1CF07CA262E6 (Friendly Name: eth0), status = 3221225635.","Source":"Microsoft-Windows-Hyper-V-VmSwitch","ReplacementStrings":["3221225635","74","2DAF0E65-ACB1-411E-9A4A-4E6E0250D3EA--946BE7B1-B8D9-41AC-8627-1CF07CA262E6","4","eth0","10"],"InstanceId":236,"TimeGenerated":"\/Date(1581011184000)\/","TimeWritten":"\/Date(1581011184000)\/","UserName":"NT VIRTUAL MACHINE\\2DAF0E65-ACB1-411E-9A4A-4E6E0250D3EA","Site":null,"Container":null},{"MachineName":"SERWER01","Data":[],"Index":4975,"Category":"(0)","CategoryNumber":0,"EventID":236,"EntryType":1,"Message":"Failed to allocate virtual function for NIC D7A665C9-B7E5-4E62-AA83-667D25A431E4--A4D8BB0D-8B79-42FC-99A9-906019A1E92F (Friendly Name: eth0), status = 3221225860.","Source":"Microsoft-Windows-Hyper-V-VmSwitch","ReplacementStrings":["3221225860","74","D7A665C9-B7E5-4E62-AA83-667D25A431E4--A4D8BB0D-8B79-42FC-99A9-906019A1E92F","4","eth0","25"],"InstanceId":236,"TimeGenerated":"\/Date(1581005913000)\/","TimeWritten":"\/Date(1581005913000)\/","UserName":"NT VIRTUAL MACHINE\\D7A665C9-B7E5-4E62-AA83-667D25A431E4","Site":null,"Container":null},{"MachineName":"SERWER01","Data":[],"Index":4973,"Category":"(0)","CategoryNumber":0,"EventID":236,"EntryType":1,"Message":"Failed to allocate virtual function for NIC D7A665C9-B7E5-4E62-AA83-667D25A431E4--A4D8BB0D-8B79-42FC-99A9-906019A1E92F (Friendly Name: eth0), status = 3221225635.","Source":"Microsoft-Windows-Hyper-V-VmSwitch","ReplacementStrings":["3221225635","74","D7A665C9-B7E5-4E62-AA83-667D25A431E4--A4D8BB0D-8B79-42FC-99A9-906019A1E92F","4","eth0","10"],"InstanceId":236,"TimeGenerated":"\/Date(1581005908000)\/","TimeWritten":"\/Date(1581005908000)\/","UserName":"NT VIRTUAL MACHINE\\D7A665C9-B7E5-4E62-AA83-667D25A431E4","Site":null,"Container":null},{"MachineName":"SERWER01","Data":[],"Index":4968,"Category":"(0)","CategoryNumber":0,"EventID":236,"EntryType":1,"Message":"Failed to allocate virtual function for NIC 2DAF0E65-ACB1-411E-9A4A-4E6E0250D3EA--946BE7B1-B8D9-41AC-8627-1CF07CA262E6 (Friendly Name: eth0), status = 3221225860.","Source":"Microsoft-Windows-Hyper-V-VmSwitch","ReplacementStrings":["3221225860","74","2DAF0E65-ACB1-411E-9A4A-4E6E0250D3EA--946BE7B1-B8D9-41AC-8627-1CF07CA262E6","4","eth0","25"],"InstanceId":236,"TimeGenerated":"\/Date(1581005901000)\/","TimeWritten":"\/Date(1581005901000)\/","UserName":"NT VIRTUAL MACHINE\\2DAF0E65-ACB1-411E-9A4A-4E6E0250D3EA","Site":null,"Container":null},{"MachineName":"SERWER01","Data":[],"Index":4966,"Category":"(0)","CategoryNumber":0,"EventID":236,"EntryType":1,"Message":"Failed to allocate virtual function for NIC 2DAF0E65-ACB1-411E-9A4A-4E6E0250D3EA--946BE7B1-B8D9-41AC-8627-1CF07CA262E6 (Friendly Name: eth0), status = 3221225635.","Source":"Microsoft-Windows-Hyper-V-VmSwitch","ReplacementStrings":["3221225635","74","2DAF0E65-ACB1-411E-9A4A-4E6E0250D3EA--946BE7B1-B8D9-41AC-8627-1CF07CA262E6","4","eth0","10"],"InstanceId":236,"TimeGenerated":"\/Date(1581005895000)\/","TimeWritten":"\/Date(1581005895000)\/","UserName":"NT VIRTUAL MACHINE\\2DAF0E65-ACB1-411E-9A4A-4E6E0250D3EA","Site":null,"Container":null},{"MachineName":"SERWER01","Data":[],"Index":4961,"Category":"(0)","CategoryNumber":0,"EventID":236,"EntryType":1,"Message":"Failed to allocate virtual function for NIC 5AF393AE-B971-46FB-8A87-A3DCC54323A2--00F531EE-8A97-4B67-83E4-7E63B41909E0 (Friendly Name: eth0), status = 3221225860.","Source":"Microsoft-Windows-Hyper-V-VmSwitch","ReplacementStrings":["3221225860","74","5AF393AE-B971-46FB-8A87-A3DCC54323A2--00F531EE-8A97-4B67-83E4-7E63B41909E0","4","eth0","25"],"InstanceId":236,"TimeGenerated":"\/Date(1581005889000)\/","TimeWritten":"\/Date(1581005889000)\/","UserName":"NT VIRTUAL MACHINE\\5AF393AE-B971-46FB-8A87-A3DCC54323A2","Site":null,"Container":null},{"MachineName":"SERWER01","Data":[],"Index":4959,"Category":"(0)","CategoryNumber":0,"EventID":236,"EntryType":1,"Message":"Failed to allocate virtual function for NIC 5AF393AE-B971-46FB-8A87-A3DCC54323A2--00F531EE-8A97-4B67-83E4-7E63B41909E0 (Friendly Name: eth0), status = 3221225635.","Source":"Microsoft-Windows-Hyper-V-VmSwitch","ReplacementStrings":["3221225635","74","5AF393AE-B971-46FB-8A87-A3DCC54323A2--00F531EE-8A97-4B67-83E4-7E63B41909E0","4","eth0","10"],"InstanceId":236,"TimeGenerated":"\/Date(1581005883000)\/","TimeWritten":"\/Date(1581005883000)\/","UserName":"NT VIRTUAL MACHINE\\5AF393AE-B971-46FB-8A87-A3DCC54323A2","Site":null,"Container":null},{"MachineName":"SERWER01","Data":[],"Index":4954,"Category":"(0)","CategoryNumber":0,"EventID":236,"EntryType":1,"Message":"Failed to allocate virtual function for NIC 6E784FCA-86E2-4FCF-9F36-A6F8B6798E5F--1E32DC1E-8993-458E-AF98-D661AF26A252 (Friendly Name: eth0), status = 3221225860.","Source":"Microsoft-Windows-Hyper-V-VmSwitch","ReplacementStrings":["3221225860","74","6E784FCA-86E2-4FCF-9F36-A6F8B6798E5F--1E32DC1E-8993-458E-AF98-D661AF26A252","4","eth0","25"],"InstanceId":236,"TimeGenerated":"\/Date(1581005876000)\/","TimeWritten":"\/Date(1581005876000)\/","UserName":"NT VIRTUAL MACHINE\\6E784FCA-86E2-4FCF-9F36-A6F8B6798E5F","Site":null,"Container":null},{"MachineName":"SERWER01","Data":[],"Index":4952,"Category":"(0)","CategoryNumber":0,"EventID":236,"EntryType":1,"Message":"Failed to allocate virtual function for NIC 6E784FCA-86E2-4FCF-9F36-A6F8B6798E5F--1E32DC1E-8993-458E-AF98-D661AF26A252 (Friendly Name: eth0), status = 3221225635.","Source":"Microsoft-Windows-Hyper-V-VmSwitch","ReplacementStrings":["3221225635","74","6E784FCA-86E2-4FCF-9F36-A6F8B6798E5F--1E32DC1E-8993-458E-AF98-D661AF26A252","4","eth0","10"],"InstanceId":236,"TimeGenerated":"\/Date(1581005870000)\/","TimeWritten":"\/Date(1581005870000)\/","UserName":"NT VIRTUAL MACHINE\\6E784FCA-86E2-4FCF-9F36-A6F8B6798E5F","Site":null,"Container":null},{"MachineName":"SERWER01","Data":[],"Index":4947,"Category":"(0)","CategoryNumber":0,"EventID":236,"EntryType":1,"Message":"Failed to allocate virtual function for NIC D7A665C9-B7E5-4E62-AA83-667D25A431E4--A4D8BB0D-8B79-42FC-99A9-906019A1E92F (Friendly Name: eth0), status = 3221225860.","Source":"Microsoft-Windows-Hyper-V-VmSwitch","ReplacementStrings":["3221225860","74","D7A665C9-B7E5-4E62-AA83-667D25A431E4--A4D8BB0D-8B79-42FC-99A9-906019A1E92F","4","eth0","25"],"InstanceId":236,"TimeGenerated":"\/Date(1581002067000)\/","TimeWritten":"\/Date(1581002067000)\/","UserName":"NT VIRTUAL MACHINE\\D7A665C9-B7E5-4E62-AA83-667D25A431E4","Site":null,"Container":null},{"MachineName":"SERWER01","Data":[],"Index":4945,"Category":"(0)","CategoryNumber":0,"EventID":236,"EntryType":1,"Message":"Failed to allocate virtual function for NIC D7A665C9-B7E5-4E62-AA83-667D25A431E4--A4D8BB0D-8B79-42FC-99A9-906019A1E92F (Friendly Name: eth0), status = 3221225635.","Source":"Microsoft-Windows-Hyper-V-VmSwitch","ReplacementStrings":["3221225635","74","D7A665C9-B7E5-4E62-AA83-667D25A431E4--A4D8BB0D-8B79-42FC-99A9-906019A1E92F","4","eth0","10"],"InstanceId":236,"TimeGenerated":"\/Date(1581002061000)\/","TimeWritten":"\/Date(1581002061000)\/","UserName":"NT VIRTUAL MACHINE\\D7A665C9-B7E5-4E62-AA83-667D25A431E4","Site":null,"Container":null},{"MachineName":"SERWER01","Data":[],"Index":4940,"Category":"(0)","CategoryNumber":0,"EventID":236,"EntryType":1,"Message":"Failed to allocate virtual function for NIC 2DAF0E65-ACB1-411E-9A4A-4E6E0250D3EA--946BE7B1-B8D9-41AC-8627-1CF07CA262E6 (Friendly Name: eth0), status = 3221225860.","Source":"Microsoft-Windows-Hyper-V-VmSwitch","ReplacementStrings":["3221225860","74","2DAF0E65-ACB1-411E-9A4A-4E6E0250D3EA--946BE7B1-B8D9-41AC-8627-1CF07CA262E6","4","eth0","25"],"InstanceId":236,"TimeGenerated":"\/Date(1581002054000)\/","TimeWritten":"\/Date(1581002054000)\/","UserName":"NT VIRTUAL MACHINE\\2DAF0E65-ACB1-411E-9A4A-4E6E0250D3EA","Site":null,"Container":null},{"MachineName":"SERWER01","Data":[],"Index":4938,"Category":"(0)","CategoryNumber":0,"EventID":236,"EntryType":1,"Message":"Failed to allocate virtual function for NIC 2DAF0E65-ACB1-411E-9A4A-4E6E0250D3EA--946BE7B1-B8D9-41AC-8627-1CF07CA262E6 (Friendly Name: eth0), status = 3221225635.","Source":"Microsoft-Windows-Hyper-V-VmSwitch","ReplacementStrings":["3221225635","74","2DAF0E65-ACB1-411E-9A4A-4E6E0250D3EA--946BE7B1-B8D9-41AC-8627-1CF07CA262E6","4","eth0","10"],"InstanceId":236,"TimeGenerated":"\/Date(1581002048000)\/","TimeWritten":"\/Date(1581002048000)\/","UserName":"NT VIRTUAL MACHINE\\2DAF0E65-ACB1-411E-9A4A-4E6E0250D3EA","Site":null,"Container":null},{"MachineName":"SERWER01","Data":[],"Index":4933,"Category":"(0)","CategoryNumber":0,"EventID":236,"EntryType":1,"Message":"Failed to allocate virtual function for NIC 5AF393AE-B971-46FB-8A87-A3DCC54323A2--00F531EE-8A97-4B67-83E4-7E63B41909E0 (Friendly Name: eth0), status = 3221225860.","Source":"Microsoft-Windows-Hyper-V-VmSwitch","ReplacementStrings":["3221225860","74","5AF393AE-B971-46FB-8A87-A3DCC54323A2--00F531EE-8A97-4B67-83E4-7E63B41909E0","4","eth0","25"],"InstanceId":236,"TimeGenerated":"\/Date(1581002038000)\/","TimeWritten":"\/Date(1581002038000)\/","UserName":"NT VIRTUAL MACHINE\\5AF393AE-B971-46FB-8A87-A3DCC54323A2","Site":null,"Container":null},{"MachineName":"SERWER01","Data":[],"Index":4931,"Category":"(0)","CategoryNumber":0,"EventID":236,"EntryType":1,"Message":"Failed to allocate virtual function for NIC 5AF393AE-B971-46FB-8A87-A3DCC54323A2--00F531EE-8A97-4B67-83E4-7E63B41909E0 (Friendly Name: eth0), status = 3221225635.","Source":"Microsoft-Windows-Hyper-V-VmSwitch","ReplacementStrings":["3221225635","74","5AF393AE-B971-46FB-8A87-A3DCC54323A2--00F531EE-8A97-4B67-83E4-7E63B41909E0","4","eth0","10"],"InstanceId":236,"TimeGenerated":"\/Date(1581002033000)\/","TimeWritten":"\/Date(1581002033000)\/","UserName":"NT VIRTUAL MACHINE\\5AF393AE-B971-46FB-8A87-A3DCC54323A2","Site":null,"Container":null},{"MachineName":"SERWER01","Data":[],"Index":4926,"Category":"(0)","CategoryNumber":0,"EventID":236,"EntryType":1,"Message":"Failed to allocate virtual function for NIC 6E784FCA-86E2-4FCF-9F36-A6F8B6798E5F--1E32DC1E-8993-458E-AF98-D661AF26A252 (Friendly Name: eth0), status = 3221225860.","Source":"Microsoft-Windows-Hyper-V-VmSwitch","ReplacementStrings":["3221225860","74","6E784FCA-86E2-4FCF-9F36-A6F8B6798E5F--1E32DC1E-8993-458E-AF98-D661AF26A252","4","eth0","25"],"InstanceId":236,"TimeGenerated":"\/Date(1581002022000)\/","TimeWritten":"\/Date(1581002022000)\/","UserName":"NT VIRTUAL MACHINE\\6E784FCA-86E2-4FCF-9F36-A6F8B6798E5F","Site":null,"Container":null},{"MachineName":"SERWER01","Data":[],"Index":4924,"Category":"(0)","CategoryNumber":0,"EventID":236,"EntryType":1,"Message":"Failed to allocate virtual function for NIC 6E784FCA-86E2-4FCF-9F36-A6F8B6798E5F--1E32DC1E-8993-458E-AF98-D661AF26A252 (Friendly Name: eth0), status = 3221225635.","Source":"Microsoft-Windows-Hyper-V-VmSwitch","ReplacementStrings":["3221225635","74","6E784FCA-86E2-4FCF-9F36-A6F8B6798E5F--1E32DC1E-8993-458E-AF98-D661AF26A252","4","eth0","10"],"InstanceId":236,"TimeGenerated":"\/Date(1581002016000)\/","TimeWritten":"\/Date(1581002016000)\/","UserName":"NT VIRTUAL MACHINE\\6E784FCA-86E2-4FCF-9F36-A6F8B6798E5F","Site":null,"Container":null},{"MachineName":"SERWER01","Data":[],"Index":4913,"Category":"(0)","CategoryNumber":0,"EventID":236,"EntryType":1,"Message":"Failed to allocate virtual function for NIC D7A665C9-B7E5-4E62-AA83-667D25A431E4--A4D8BB0D-8B79-42FC-99A9-906019A1E92F (Friendly Name: eth0), status = 3221225860.","Source":"Microsoft-Windows-Hyper-V-VmSwitch","ReplacementStrings":["3221225860","74","D7A665C9-B7E5-4E62-AA83-667D25A431E4--A4D8BB0D-8B79-42FC-99A9-906019A1E92F","4","eth0","25"],"InstanceId":236,"TimeGenerated":"\/Date(1581000582000)\/","TimeWritten":"\/Date(1581000582000)\/","UserName":"NT VIRTUAL MACHINE\\D7A665C9-B7E5-4E62-AA83-667D25A431E4","Site":null,"Container":null},{"MachineName":"SERWER01","Data":[],"Index":4911,"Category":"(0)","CategoryNumber":0,"EventID":236,"EntryType":1,"Message":"Failed to allocate virtual function for NIC D7A665C9-B7E5-4E62-AA83-667D25A431E4--A4D8BB0D-8B79-42FC-99A9-906019A1E92F (Friendly Name: eth0), status = 3221225635.","Source":"Microsoft-Windows-Hyper-V-VmSwitch","ReplacementStrings":["3221225635","74","D7A665C9-B7E5-4E62-AA83-667D25A431E4--A4D8BB0D-8B79-42FC-99A9-906019A1E92F","4","eth0","10"],"InstanceId":236,"TimeGenerated":"\/Date(1581000570000)\/","TimeWritten":"\/Date(1581000570000)\/","UserName":"NT VIRTUAL MACHINE\\D7A665C9-B7E5-4E62-AA83-667D25A431E4","Site":null,"Container":null},{"MachineName":"SERWER01","Data":[],"Index":4908,"Category":"(0)","CategoryNumber":0,"EventID":236,"EntryType":1,"Message":"Failed to allocate virtual function for NIC 6E784FCA-86E2-4FCF-9F36-A6F8B6798E5F--1E32DC1E-8993-458E-AF98-D661AF26A252 (Friendly Name: eth0), status = 3221225860.","Source":"Microsoft-Windows-Hyper-V-VmSwitch","ReplacementStrings":["3221225860","74","6E784FCA-86E2-4FCF-9F36-A6F8B6798E5F--1E32DC1E-8993-458E-AF98-D661AF26A252","4","eth0","25"],"InstanceId":236,"TimeGenerated":"\/Date(1581000569000)\/","TimeWritten":"\/Date(1581000569000)\/","UserName":"NT VIRTUAL MACHINE\\6E784FCA-86E2-4FCF-9F36-A6F8B6798E5F","Site":null,"Container":null},{"MachineName":"SERWER01","Data":[],"Index":4906,"Category":"(0)","CategoryNumber":0,"EventID":236,"EntryType":1,"Message":"Failed to allocate virtual function for NIC 2DAF0E65-ACB1-411E-9A4A-4E6E0250D3EA--946BE7B1-B8D9-41AC-8627-1CF07CA262E6 (Friendly Name: eth0), status = 3221225860.","Source":"Microsoft-Windows-Hyper-V-VmSwitch","ReplacementStrings":["3221225860","74","2DAF0E65-ACB1-411E-9A4A-4E6E0250D3EA--946BE7B1-B8D9-41AC-8627-1CF07CA262E6","4","eth0","25"],"InstanceId":236,"TimeGenerated":"\/Date(1581000569000)\/","TimeWritten":"\/Date(1581000569000)\/","UserName":"NT VIRTUAL MACHINE\\2DAF0E65-ACB1-411E-9A4A-4E6E0250D3EA","Site":null,"Container":null},{"MachineName":"SERWER01","Data":[],"Index":4904,"Category":"(0)","CategoryNumber":0,"EventID":236,"EntryType":1,"Message":"Failed to allocate virtual function for NIC 5AF393AE-B971-46FB-8A87-A3DCC54323A2--00F531EE-8A97-4B67-83E4-7E63B41909E0 (Friendly Name: eth0), status = 3221225860.","Source":"Microsoft-Windows-Hyper-V-VmSwitch","ReplacementStrings":["3221225860","74","5AF393AE-B971-46FB-8A87-A3DCC54323A2--00F531EE-8A97-4B67-83E4-7E63B41909E0","4","eth0","25"],"InstanceId":236,"TimeGenerated":"\/Date(1581000567000)\/","TimeWritten":"\/Date(1581000567000)\/","UserName":"NT VIRTUAL MACHINE\\5AF393AE-B971-46FB-8A87-A3DCC54323A2","Site":null,"Container":null},{"MachineName":"SERWER01","Data":[],"Index":4902,"Category":"(0)","CategoryNumber":0,"EventID":236,"EntryType":1,"Message":"Failed to allocate virtual function for NIC 6E784FCA-86E2-4FCF-9F36-A6F8B6798E5F--1E32DC1E-8993-458E-AF98-D661AF26A252 (Friendly Name: eth0), status = 3221225635.","Source":"Microsoft-Windows-Hyper-V-VmSwitch","ReplacementStrings":["3221225635","74","6E784FCA-86E2-4FCF-9F36-A6F8B6798E5F--1E32DC1E-8993-458E-AF98-D661AF26A252","4","eth0","10"],"InstanceId":236,"TimeGenerated":"\/Date(1581000559000)\/","TimeWritten":"\/Date(1581000559000)\/","UserName":"NT VIRTUAL MACHINE\\6E784FCA-86E2-4FCF-9F36-A6F8B6798E5F","Site":null,"Container":null},{"MachineName":"SERWER01","Data":[],"Index":4899,"Category":"(0)","CategoryNumber":0,"EventID":236,"EntryType":1,"Message":"Failed to allocate virtual function for NIC 2DAF0E65-ACB1-411E-9A4A-4E6E0250D3EA--946BE7B1-B8D9-41AC-8627-1CF07CA262E6 (Friendly Name: eth0), status = 3221225635.","Source":"Microsoft-Windows-Hyper-V-VmSwitch","ReplacementStrings":["3221225635","74","2DAF0E65-ACB1-411E-9A4A-4E6E0250D3EA--946BE7B1-B8D9-41AC-8627-1CF07CA262E6","4","eth0","10"],"InstanceId":236,"TimeGenerated":"\/Date(1581000558000)\/","TimeWritten":"\/Date(1581000558000)\/","UserName":"NT VIRTUAL MACHINE\\2DAF0E65-ACB1-411E-9A4A-4E6E0250D3EA","Site":null,"Container":null},{"MachineName":"SERWER01","Data":[],"Index":4896,"Category":"(0)","CategoryNumber":0,"EventID":236,"EntryType":1,"Message":"Failed to allocate virtual function for NIC 5AF393AE-B971-46FB-8A87-A3DCC54323A2--00F531EE-8A97-4B67-83E4-7E63B41909E0 (Friendly Name: eth0), status = 3221225635.","Source":"Microsoft-Windows-Hyper-V-VmSwitch","ReplacementStrings":["3221225635","74","5AF393AE-B971-46FB-8A87-A3DCC54323A2--00F531EE-8A97-4B67-83E4-7E63B41909E0","4","eth0","10"],"InstanceId":236,"TimeGenerated":"\/Date(1581000557000)\/","TimeWritten":"\/Date(1581000557000)\/","UserName":"NT VIRTUAL MACHINE\\5AF393AE-B971-46FB-8A87-A3DCC54323A2","Site":null,"Container":null},{"MachineName":"SERWER01","Data":[],"Index":4840,"Category":"(0)","CategoryNumber":0,"EventID":236,"EntryType":1,"Message":"Failed to allocate virtual function for NIC AD30FFE9-DC6C-4C58-A3F2-AFD3C219735E--049FE61F-C49A-4DE4-943B-C6C884E716B8 (Friendly Name: eth0), status = 3221225860.","Source":"Microsoft-Windows-Hyper-V-VmSwitch","ReplacementStrings":["3221225860","74","AD30FFE9-DC6C-4C58-A3F2-AFD3C219735E--049FE61F-C49A-4DE4-943B-C6C884E716B8","4","eth0","25"],"InstanceId":236,"TimeGenerated":"\/Date(1580997203000)\/","TimeWritten":"\/Date(1580997203000)\/","UserName":"","Site":null,"Container":null},{"MachineName":"SERWER01","Data":[],"Index":4838,"Category":"(0)","CategoryNumber":0,"EventID":236,"EntryType":1,"Message":"Failed to allocate virtual function for NIC 468DC334-A23C-4264-BDA0-317D9767393F--736B9A65-76E0-4AFB-9349-3021B0EE3BEF (Friendly Name: eth0), status = 3221225860.","Source":"Microsoft-Windows-Hyper-V-VmSwitch","ReplacementStrings":["3221225860","74","468DC334-A23C-4264-BDA0-317D9767393F--736B9A65-76E0-4AFB-9349-3021B0EE3BEF","4","eth0","25"],"InstanceId":236,"TimeGenerated":"\/Date(1580997203000)\/","TimeWritten":"\/Date(1580997203000)\/","UserName":"","Site":null,"Container":null},{"MachineName":"SERWER01","Data":[],"Index":4836,"Category":"(0)","CategoryNumber":0,"EventID":236,"EntryType":1,"Message":"Failed to allocate virtual function for NIC EAEDF708-F1F1-4822-96DC-7877E048B170--54534D8F-1F58-40BA-B144-380D7A558C15 (Friendly Name: eth0), status = 3221225860.","Source":"Microsoft-Windows-Hyper-V-VmSwitch","ReplacementStrings":["3221225860","74","EAEDF708-F1F1-4822-96DC-7877E048B170--54534D8F-1F58-40BA-B144-380D7A558C15","4","eth0","25"],"InstanceId":236,"TimeGenerated":"\/Date(1580997203000)\/","TimeWritten":"\/Date(1580997203000)\/","UserName":"","Site":null,"Container":null},{"MachineName":"SERWER01","Data":[],"Index":4834,"Category":"(0)","CategoryNumber":0,"EventID":236,"EntryType":1,"Message":"Failed to allocate virtual function for NIC 468DC334-A23C-4264-BDA0-317D9767393F--736B9A65-76E0-4AFB-9349-3021B0EE3BEF (Friendly Name: eth0), status = 3221225635.","Source":"Microsoft-Windows-Hyper-V-VmSwitch","ReplacementStrings":["3221225635","74","468DC334-A23C-4264-BDA0-317D9767393F--736B9A65-76E0-4AFB-9349-3021B0EE3BEF","4","eth0","10"],"InstanceId":236,"TimeGenerated":"\/Date(1580997197000)\/","TimeWritten":"\/Date(1580997197000)\/","UserName":"","Site":null,"Container":null},{"MachineName":"SERWER01","Data":[],"Index":4831,"Category":"(0)","CategoryNumber":0,"EventID":236,"EntryType":1,"Message":"Failed to allocate virtual function for NIC AD30FFE9-DC6C-4C58-A3F2-AFD3C219735E--049FE61F-C49A-4DE4-943B-C6C884E716B8 (Friendly Name: eth0), status = 3221225635.","Source":"Microsoft-Windows-Hyper-V-VmSwitch","ReplacementStrings":["3221225635","74","AD30FFE9-DC6C-4C58-A3F2-AFD3C219735E--049FE61F-C49A-4DE4-943B-C6C884E716B8","4","eth0","10"],"InstanceId":236,"TimeGenerated":"\/Date(1580997197000)\/","TimeWritten":"\/Date(1580997197000)\/","UserName":"","Site":null,"Container":null},{"MachineName":"SERWER01","Data":[],"Index":4827,"Category":"(0)","CategoryNumber":0,"EventID":236,"EntryType":1,"Message":"Failed to allocate virtual function for NIC EAEDF708-F1F1-4822-96DC-7877E048B170--54534D8F-1F58-40BA-B144-380D7A558C15 (Friendly Name: eth0), status = 3221225635.","Source":"Microsoft-Windows-Hyper-V-VmSwitch","ReplacementStrings":["3221225635","74","EAEDF708-F1F1-4822-96DC-7877E048B170--54534D8F-1F58-40BA-B144-380D7A558C15","4","eth0","10"],"InstanceId":236,"TimeGenerated":"\/Date(1580997196000)\/","TimeWritten":"\/Date(1580997196000)\/","UserName":"","Site":null,"Container":null},{"MachineName":"SERWER01","Data":[],"Index":4817,"Category":"(0)","CategoryNumber":0,"EventID":236,"EntryType":1,"Message":"Failed to allocate virtual function for NIC 468DC334-A23C-4264-BDA0-317D9767393F--736B9A65-76E0-4AFB-9349-3021B0EE3BEF (Friendly Name: eth0), status = 3221225860.","Source":"Microsoft-Windows-Hyper-V-VmSwitch","ReplacementStrings":["3221225860","74","468DC334-A23C-4264-BDA0-317D9767393F--736B9A65-76E0-4AFB-9349-3021B0EE3BEF","4","eth0","25"],"InstanceId":236,"TimeGenerated":"\/Date(1580997112000)\/","TimeWritten":"\/Date(1580997112000)\/","UserName":"","Site":null,"Container":null},{"MachineName":"SERWER01","Data":[],"Index":4814,"Category":"(0)","CategoryNumber":0,"EventID":236,"EntryType":1,"Message":"Failed to allocate virtual function for NIC 468DC334-A23C-4264-BDA0-317D9767393F--736B9A65-76E0-4AFB-9349-3021B0EE3BEF (Friendly Name: eth0), status = 3221225635.","Source":"Microsoft-Windows-Hyper-V-VmSwitch","ReplacementStrings":["3221225635","74","468DC334-A23C-4264-BDA0-317D9767393F--736B9A65-76E0-4AFB-9349-3021B0EE3BEF","4","eth0","10"],"InstanceId":236,"TimeGenerated":"\/Date(1580997107000)\/","TimeWritten":"\/Date(1580997107000)\/","UserName":"","Site":null,"Container":null},{"MachineName":"SERWER01","Data":[],"Index":4796,"Category":"(0)","CategoryNumber":0,"EventID":236,"EntryType":1,"Message":"Failed to allocate virtual function for NIC 468DC334-A23C-4264-BDA0-317D9767393F--736B9A65-76E0-4AFB-9349-3021B0EE3BEF (Friendly Name: eth0), status = 3221225860.","Source":"Microsoft-Windows-Hyper-V-VmSwitch","ReplacementStrings":["3221225860","74","468DC334-A23C-4264-BDA0-317D9767393F--736B9A65-76E0-4AFB-9349-3021B0EE3BEF","4","eth0","25"],"InstanceId":236,"TimeGenerated":"\/Date(1580992655000)\/","TimeWritten":"\/Date(1580992655000)\/","UserName":"","Site":null,"Container":null},{"MachineName":"SERWER01","Data":[],"Index":4794,"Category":"(0)","CategoryNumber":0,"EventID":236,"EntryType":1,"Message":"Failed to allocate virtual function for NIC 468DC334-A23C-4264-BDA0-317D9767393F--736B9A65-76E0-4AFB-9349-3021B0EE3BEF (Friendly Name: eth0), status = 3221225635.","Source":"Microsoft-Windows-Hyper-V-VmSwitch","ReplacementStrings":["3221225635","74","468DC334-A23C-4264-BDA0-317D9767393F--736B9A65-76E0-4AFB-9349-3021B0EE3BEF","4","eth0","10"],"InstanceId":236,"TimeGenerated":"\/Date(1580992649000)\/","TimeWritten":"\/Date(1580992649000)\/","UserName":"","Site":null,"Container":null},{"MachineName":"SERWER01","Data":[],"Index":4781,"Category":"(0)","CategoryNumber":0,"EventID":236,"EntryType":1,"Message":"Failed to allocate virtual function for NIC AD30FFE9-DC6C-4C58-A3F2-AFD3C219735E--049FE61F-C49A-4DE4-943B-C6C884E716B8 (Friendly Name: eth0), status = 3221225860.","Source":"Microsoft-Windows-Hyper-V-VmSwitch","ReplacementStrings":["3221225860","74","AD30FFE9-DC6C-4C58-A3F2-AFD3C219735E--049FE61F-C49A-4DE4-943B-C6C884E716B8","4","eth0","25"],"InstanceId":236,"TimeGenerated":"\/Date(1580990938000)\/","TimeWritten":"\/Date(1580990938000)\/","UserName":"","Site":null,"Container":null},{"MachineName":"SERWER01","Data":[],"Index":4779,"Category":"(0)","CategoryNumber":0,"EventID":236,"EntryType":1,"Message":"Failed to allocate virtual function for NIC AD30FFE9-DC6C-4C58-A3F2-AFD3C219735E--049FE61F-C49A-4DE4-943B-C6C884E716B8 (Friendly Name: eth0), status = 3221225635.","Source":"Microsoft-Windows-Hyper-V-VmSwitch","ReplacementStrings":["3221225635","74","AD30FFE9-DC6C-4C58-A3F2-AFD3C219735E--049FE61F-C49A-4DE4-943B-C6C884E716B8","4","eth0","10"],"InstanceId":236,"TimeGenerated":"\/Date(1580990932000)\/","TimeWritten":"\/Date(1580990932000)\/","UserName":"","Site":null,"Container":null},{"MachineName":"SERWER01","Data":[],"Index":4776,"Category":"(0)","CategoryNumber":0,"EventID":236,"EntryType":1,"Message":"Failed to allocate virtual function for NIC EAEDF708-F1F1-4822-96DC-7877E048B170--54534D8F-1F58-40BA-B144-380D7A558C15 (Friendly Name: eth0), status = 3221225860.","Source":"Microsoft-Windows-Hyper-V-VmSwitch","ReplacementStrings":["3221225860","74","EAEDF708-F1F1-4822-96DC-7877E048B170--54534D8F-1F58-40BA-B144-380D7A558C15","4","eth0","25"],"InstanceId":236,"TimeGenerated":"\/Date(1580990930000)\/","TimeWritten":"\/Date(1580990930000)\/","UserName":"","Site":null,"Container":null},{"MachineName":"SERWER01","Data":[],"Index":4773,"Category":"(0)","CategoryNumber":0,"EventID":236,"EntryType":1,"Message":"Failed to allocate virtual function for NIC EAEDF708-F1F1-4822-96DC-7877E048B170--54534D8F-1F58-40BA-B144-380D7A558C15 (Friendly Name: eth0), status = 3221225635.","Source":"Microsoft-Windows-Hyper-V-VmSwitch","ReplacementStrings":["3221225635","74","EAEDF708-F1F1-4822-96DC-7877E048B170--54534D8F-1F58-40BA-B144-380D7A558C15","4","eth0","10"],"InstanceId":236,"TimeGenerated":"\/Date(1580990925000)\/","TimeWritten":"\/Date(1580990925000)\/","UserName":"","Site":null,"Container":null},{"MachineName":"SERWER01","Data":[],"Index":4762,"Category":"(0)","CategoryNumber":0,"EventID":236,"EntryType":1,"Message":"Failed to allocate virtual function for NIC AD30FFE9-DC6C-4C58-A3F2-AFD3C219735E--049FE61F-C49A-4DE4-943B-C6C884E716B8 (Friendly Name: eth0), status = 3221225860.","Source":"Microsoft-Windows-Hyper-V-VmSwitch","ReplacementStrings":["3221225860","74","AD30FFE9-DC6C-4C58-A3F2-AFD3C219735E--049FE61F-C49A-4DE4-943B-C6C884E716B8","4","eth0","25"],"InstanceId":236,"TimeGenerated":"\/Date(1580990409000)\/","TimeWritten":"\/Date(1580990409000)\/","UserName":"","Site":null,"Container":null},{"MachineName":"SERWER01","Data":[],"Index":4761,"Category":"(0)","CategoryNumber":0,"EventID":236,"EntryType":1,"Message":"Failed to allocate virtual function for NIC EAEDF708-F1F1-4822-96DC-7877E048B170--54534D8F-1F58-40BA-B144-380D7A558C15 (Friendly Name: eth0), status = 3221225860.","Source":"Microsoft-Windows-Hyper-V-VmSwitch","ReplacementStrings":["3221225860","74","EAEDF708-F1F1-4822-96DC-7877E048B170--54534D8F-1F58-40BA-B144-380D7A558C15","4","eth0","25"],"InstanceId":236,"TimeGenerated":"\/Date(1580990409000)\/","TimeWritten":"\/Date(1580990409000)\/","UserName":"","Site":null,"Container":null},{"MachineName":"SERWER01","Data":[],"Index":4758,"Category":"(0)","CategoryNumber":0,"EventID":236,"EntryType":1,"Message":"Failed to allocate virtual function for NIC AD30FFE9-DC6C-4C58-A3F2-AFD3C219735E--049FE61F-C49A-4DE4-943B-C6C884E716B8 (Friendly Name: eth0), status = 3221225635.","Source":"Microsoft-Windows-Hyper-V-VmSwitch","ReplacementStrings":["3221225635","74","AD30FFE9-DC6C-4C58-A3F2-AFD3C219735E--049FE61F-C49A-4DE4-943B-C6C884E716B8","4","eth0","10"],"InstanceId":236,"TimeGenerated":"\/Date(1580990403000)\/","TimeWritten":"\/Date(1580990403000)\/","UserName":"","Site":null,"Container":null},{"MachineName":"SERWER01","Data":[],"Index":4754,"Category":"(0)","CategoryNumber":0,"EventID":236,"EntryType":1,"Message":"Failed to allocate virtual function for NIC EAEDF708-F1F1-4822-96DC-7877E048B170--54534D8F-1F58-40BA-B144-380D7A558C15 (Friendly Name: eth0), status = 3221225635.","Source":"Microsoft-Windows-Hyper-V-VmSwitch","ReplacementStrings":["3221225635","74","EAEDF708-F1F1-4822-96DC-7877E048B170--54534D8F-1F58-40BA-B144-380D7A558C15","4","eth0","10"],"InstanceId":236,"TimeGenerated":"\/Date(1580990403000)\/","TimeWritten":"\/Date(1580990403000)\/","UserName":"","Site":null,"Container":null},{"MachineName":"SERWER01","Data":[],"Index":4740,"Category":"(0)","CategoryNumber":0,"EventID":236,"EntryType":1,"Message":"Failed to allocate virtual function for NIC AD30FFE9-DC6C-4C58-A3F2-AFD3C219735E--049FE61F-C49A-4DE4-943B-C6C884E716B8 (Friendly Name: eth0), status = 3221225860.","Source":"Microsoft-Windows-Hyper-V-VmSwitch","ReplacementStrings":["3221225860","74","AD30FFE9-DC6C-4C58-A3F2-AFD3C219735E--049FE61F-C49A-4DE4-943B-C6C884E716B8","4","eth0","25"],"InstanceId":236,"TimeGenerated":"\/Date(1580988882000)\/","TimeWritten":"\/Date(1580988882000)\/","UserName":"","Site":null,"Container":null},{"MachineName":"SERWER01","Data":[],"Index":4738,"Category":"(0)","CategoryNumber":0,"EventID":236,"EntryType":1,"Message":"Failed to allocate virtual function for NIC EAEDF708-F1F1-4822-96DC-7877E048B170--54534D8F-1F58-40BA-B144-380D7A558C15 (Friendly Name: eth0), status = 3221225860.","Source":"Microsoft-Windows-Hyper-V-VmSwitch","ReplacementStrings":["3221225860","74","EAEDF708-F1F1-4822-96DC-7877E048B170--54534D8F-1F58-40BA-B144-380D7A558C15","4","eth0","25"],"InstanceId":236,"TimeGenerated":"\/Date(1580988882000)\/","TimeWritten":"\/Date(1580988882000)\/","UserName":"","Site":null,"Container":null},{"MachineName":"SERWER01","Data":[],"Index":4736,"Category":"(0)","CategoryNumber":0,"EventID":236,"EntryType":1,"Message":"Failed to allocate virtual function for NIC AD30FFE9-DC6C-4C58-A3F2-AFD3C219735E--049FE61F-C49A-4DE4-943B-C6C884E716B8 (Friendly Name: eth0), status = 3221225635.","Source":"Microsoft-Windows-Hyper-V-VmSwitch","ReplacementStrings":["3221225635","74","AD30FFE9-DC6C-4C58-A3F2-AFD3C219735E--049FE61F-C49A-4DE4-943B-C6C884E716B8","4","eth0","10"],"InstanceId":236,"TimeGenerated":"\/Date(1580988876000)\/","TimeWritten":"\/Date(1580988876000)\/","UserName":"","Site":null,"Container":null},{"MachineName":"SERWER01","Data":[],"Index":4732,"Category":"(0)","CategoryNumber":0,"EventID":236,"EntryType":1,"Message":"Failed to allocate virtual function for NIC EAEDF708-F1F1-4822-96DC-7877E048B170--54534D8F-1F58-40BA-B144-380D7A558C15 (Friendly Name: eth0), status = 3221225635.","Source":"Microsoft-Windows-Hyper-V-VmSwitch","ReplacementStrings":["3221225635","74","EAEDF708-F1F1-4822-96DC-7877E048B170--54534D8F-1F58-40BA-B144-380D7A558C15","4","eth0","10"],"InstanceId":236,"TimeGenerated":"\/Date(1580988876000)\/","TimeWritten":"\/Date(1580988876000)\/","UserName":"","Site":null,"Container":null},{"MachineName":"SERWER01","Data":[],"Index":4651,"Category":"(0)","CategoryNumber":0,"EventID":236,"EntryType":1,"Message":"Failed to allocate virtual function for NIC EAEDF708-F1F1-4822-96DC-7877E048B170--54534D8F-1F58-40BA-B144-380D7A558C15 (Friendly Name: eth0), status = 3221225860.","Source":"Microsoft-Windows-Hyper-V-VmSwitch","ReplacementStrings":["3221225860","74","EAEDF708-F1F1-4822-96DC-7877E048B170--54534D8F-1F58-40BA-B144-380D7A558C15","4","eth0","25"],"InstanceId":236,"TimeGenerated":"\/Date(1580981139000)\/","TimeWritten":"\/Date(1580981139000)\/","UserName":"","Site":null,"Container":null},{"MachineName":"SERWER01","Data":[],"Index":4649,"Category":"(0)","CategoryNumber":0,"EventID":236,"EntryType":1,"Message":"Failed to allocate virtual function for NIC AD30FFE9-DC6C-4C58-A3F2-AFD3C219735E--049FE61F-C49A-4DE4-943B-C6C884E716B8 (Friendly Name: eth0), status = 3221225860.","Source":"Microsoft-Windows-Hyper-V-VmSwitch","ReplacementStrings":["3221225860","74","AD30FFE9-DC6C-4C58-A3F2-AFD3C219735E--049FE61F-C49A-4DE4-943B-C6C884E716B8","4","eth0","25"],"InstanceId":236,"TimeGenerated":"\/Date(1580981138000)\/","TimeWritten":"\/Date(1580981138000)\/","UserName":"","Site":null,"Container":null},{"MachineName":"SERWER01","Data":[],"Index":4647,"Category":"(0)","CategoryNumber":0,"EventID":236,"EntryType":1,"Message":"Failed to allocate virtual function for NIC C4508715-1AC8-406E-A43F-E1B3DAAD20EE--D0AB4EEE-EC0A-4752-85E5-8094249330AF (Friendly Name: eth0), status = 3221225860.","Source":"Microsoft-Windows-Hyper-V-VmSwitch","ReplacementStrings":["3221225860","74","C4508715-1AC8-406E-A43F-E1B3DAAD20EE--D0AB4EEE-EC0A-4752-85E5-8094249330AF","4","eth0","25"],"InstanceId":236,"TimeGenerated":"\/Date(1580981138000)\/","TimeWritten":"\/Date(1580981138000)\/","UserName":"NT VIRTUAL MACHINE\\C4508715-1AC8-406E-A43F-E1B3DAAD20EE","Site":null,"Container":null},{"MachineName":"SERWER01","Data":[],"Index":4645,"Category":"(0)","CategoryNumber":0,"EventID":236,"EntryType":1,"Message":"Failed to allocate virtual function for NIC 3160975B-57AE-4C79-88F7-3815F14FCBC1--6A416459-7224-47ED-A212-C685245847AD (Friendly Name: eth0), status = 3221225860.","Source":"Microsoft-Windows-Hyper-V-VmSwitch","ReplacementStrings":["3221225860","74","3160975B-57AE-4C79-88F7-3815F14FCBC1--6A416459-7224-47ED-A212-C685245847AD","4","eth0","25"],"InstanceId":236,"TimeGenerated":"\/Date(1580981138000)\/","TimeWritten":"\/Date(1580981138000)\/","UserName":"NT VIRTUAL MACHINE\\3160975B-57AE-4C79-88F7-3815F14FCBC1","Site":null,"Container":null},{"MachineName":"SERWER01","Data":[],"Index":4643,"Category":"(0)","CategoryNumber":0,"EventID":236,"EntryType":1,"Message":"Failed to allocate virtual function for NIC AD30FFE9-DC6C-4C58-A3F2-AFD3C219735E--049FE61F-C49A-4DE4-943B-C6C884E716B8 (Friendly Name: eth0), status = 3221225635.","Source":"Microsoft-Windows-Hyper-V-VmSwitch","ReplacementStrings":["3221225635","74","AD30FFE9-DC6C-4C58-A3F2-AFD3C219735E--049FE61F-C49A-4DE4-943B-C6C884E716B8","4","eth0","10"],"InstanceId":236,"TimeGenerated":"\/Date(1580981132000)\/","TimeWritten":"\/Date(1580981132000)\/","UserName":"","Site":null,"Container":null},{"MachineName":"SERWER01","Data":[],"Index":4640,"Category":"(0)","CategoryNumber":0,"EventID":236,"EntryType":1,"Message":"Failed to allocate virtual function for NIC EAEDF708-F1F1-4822-96DC-7877E048B170--54534D8F-1F58-40BA-B144-380D7A558C15 (Friendly Name: eth0), status = 3221225635.","Source":"Microsoft-Windows-Hyper-V-VmSwitch","ReplacementStrings":["3221225635","74","EAEDF708-F1F1-4822-96DC-7877E048B170--54534D8F-1F58-40BA-B144-380D7A558C15","4","eth0","10"],"InstanceId":236,"TimeGenerated":"\/Date(1580981131000)\/","TimeWritten":"\/Date(1580981131000)\/","UserName":"","Site":null,"Container":null},{"MachineName":"SERWER01","Data":[],"Index":4637,"Category":"(0)","CategoryNumber":0,"EventID":236,"EntryType":1,"Message":"Failed to allocate virtual function for NIC C4508715-1AC8-406E-A43F-E1B3DAAD20EE--D0AB4EEE-EC0A-4752-85E5-8094249330AF (Friendly Name: eth0), status = 3221225635.","Source":"Microsoft-Windows-Hyper-V-VmSwitch","ReplacementStrings":["3221225635","74","C4508715-1AC8-406E-A43F-E1B3DAAD20EE--D0AB4EEE-EC0A-4752-85E5-8094249330AF","4","eth0","10"],"InstanceId":236,"TimeGenerated":"\/Date(1580981131000)\/","TimeWritten":"\/Date(1580981131000)\/","UserName":"NT VIRTUAL MACHINE\\C4508715-1AC8-406E-A43F-E1B3DAAD20EE","Site":null,"Container":null},{"MachineName":"SERWER01","Data":[],"Index":4634,"Category":"(0)","CategoryNumber":0,"EventID":236,"EntryType":1,"Message":"Failed to allocate virtual function for NIC 3160975B-57AE-4C79-88F7-3815F14FCBC1--6A416459-7224-47ED-A212-C685245847AD (Friendly Name: eth0), status = 3221225635.","Source":"Microsoft-Windows-Hyper-V-VmSwitch","ReplacementStrings":["3221225635","74","3160975B-57AE-4C79-88F7-3815F14FCBC1--6A416459-7224-47ED-A212-C685245847AD","4","eth0","10"],"InstanceId":236,"TimeGenerated":"\/Date(1580981131000)\/","TimeWritten":"\/Date(1580981131000)\/","UserName":"NT VIRTUAL MACHINE\\3160975B-57AE-4C79-88F7-3815F14FCBC1","Site":null,"Container":null},{"MachineName":"SERWER01","Data":[],"Index":4383,"Category":"(0)","CategoryNumber":0,"EventID":236,"EntryType":1,"Message":"Failed to allocate virtual function for NIC C4508715-1AC8-406E-A43F-E1B3DAAD20EE--D0AB4EEE-EC0A-4752-85E5-8094249330AF (Friendly Name: eth0), status = 3221225860.","Source":"Microsoft-Windows-Hyper-V-VmSwitch","ReplacementStrings":["3221225860","74","C4508715-1AC8-406E-A43F-E1B3DAAD20EE--D0AB4EEE-EC0A-4752-85E5-8094249330AF","4","eth0","25"],"InstanceId":236,"TimeGenerated":"\/Date(1580977822000)\/","TimeWritten":"\/Date(1580977822000)\/","UserName":"NT VIRTUAL MACHINE\\C4508715-1AC8-406E-A43F-E1B3DAAD20EE","Site":null,"Container":null},{"MachineName":"SERWER01","Data":[],"Index":4380,"Category":"(0)","CategoryNumber":0,"EventID":236,"EntryType":1,"Message":"Failed to allocate virtual function for NIC C4508715-1AC8-406E-A43F-E1B3DAAD20EE--D0AB4EEE-EC0A-4752-85E5-8094249330AF (Friendly Name: eth0), status = 3221225635.","Source":"Microsoft-Windows-Hyper-V-VmSwitch","ReplacementStrings":["3221225635","74","C4508715-1AC8-406E-A43F-E1B3DAAD20EE--D0AB4EEE-EC0A-4752-85E5-8094249330AF","4","eth0","10"],"InstanceId":236,"TimeGenerated":"\/Date(1580977816000)\/","TimeWritten":"\/Date(1580977816000)\/","UserName":"NT VIRTUAL MACHINE\\C4508715-1AC8-406E-A43F-E1B3DAAD20EE","Site":null,"Container":null},{"MachineName":"SERWER01","Data":[],"Index":4364,"Category":"(0)","CategoryNumber":0,"EventID":236,"EntryType":1,"Message":"Failed to allocate virtual function for NIC C4508715-1AC8-406E-A43F-E1B3DAAD20EE--D0AB4EEE-EC0A-4752-85E5-8094249330AF (Friendly Name: eth0), status = 3221225860.","Source":"Microsoft-Windows-Hyper-V-VmSwitch","ReplacementStrings":["3221225860","74","C4508715-1AC8-406E-A43F-E1B3DAAD20EE--D0AB4EEE-EC0A-4752-85E5-8094249330AF","4","eth0","25"],"InstanceId":236,"TimeGenerated":"\/Date(1580974623000)\/","TimeWritten":"\/Date(1580974623000)\/","UserName":"NT VIRTUAL MACHINE\\C4508715-1AC8-406E-A43F-E1B3DAAD20EE","Site":null,"Container":null},