{"MachineName":"WIN-2DKE1ERCQC6","Data":[87,0,97,0,97,0,83,0,77,0,101,0,100,0,105,0,99,0,83,0,118,0,99,0,47,0,52,0,0,0],"Index":1239,"Category":"(0)","CategoryNumber":0,"EventID":7036,"EntryType":4,"Message":"The Windows Update Medic Service service entered the running state.","Source":"Service Control Manager","ReplacementStrings":["Windows Update Medic Service","running"],"InstanceId":1073748860,"TimeGenerated":"\/Date(1580555001000)\/","TimeWritten":"\/Date(1580555001000)\/","UserName":null,"Site":null,"Container":null},{"MachineName":"WIN-2DKE1ERCQC6","Data":[78,0,101,0,116,0,83,0,101,0,116,0,117,0,112,0,83,0,118,0,99,0,47,0,49,0,0,0],"Index":1238,"Category":"(0)","CategoryNumber":0,"EventID":7036,"EntryType":4,"Message":"The Network Setup Service service entered the stopped state.","Source":"Service Control Manager","ReplacementStrings":["Network Setup Service","stopped"],"InstanceId":1073748860,"TimeGenerated":"\/Date(1580553574000)\/","TimeWritten":"\/Date(1580553574000)\/","UserName":null,"Site":null,"Container":null},{"MachineName":"WIN-2DKE1ERCQC6","Data":[78,0,101,0,116,0,83,0,101,0,116,0,117,0,112,0,83,0,118,0,99,0,47,0,52,0,0,0],"Index":1237,"Category":"(0)","CategoryNumber":0,"EventID":7036,"EntryType":4,"Message":"The Network Setup Service service entered the running state.","Source":"Service Control Manager","ReplacementStrings":["Network Setup Service","running"],"InstanceId":1073748860,"TimeGenerated":"\/Date(1580553482000)\/","TimeWritten":"\/Date(1580553482000)\/","UserName":null,"Site":null,"Container":null},{"MachineName":"WIN-2DKE1ERCQC6","Data":[84,0,114,0,117,0,115,0,116,0,101,0,100,0,73,0,110,0,115,0,116,0,97,0,108,0,108,0,101,0,114,0,47,0,49,0,0,0],"Index":1236,"Category":"(0)","CategoryNumber":0,"EventID":7036,"EntryType":4,"Message":"The Windows Modules Installer service entered the stopped state.","Source":"Service Control Manager","ReplacementStrings":["Windows Modules Installer","stopped"],"InstanceId":1073748860,"TimeGenerated":"\/Date(1580553184000)\/","TimeWritten":"\/Date(1580553184000)\/","UserName":null,"Site":null,"Container":null},{"MachineName":"WIN-2DKE1ERCQC6","Data":[84,0,114,0,117,0,115,0,116,0,101,0,100,0,73,0,110,0,115,0,116,0,97,0,108,0,108,0,101,0,114,0,47,0,52,0,0,0],"Index":1235,"Category":"(0)","CategoryNumber":0,"EventID":7036,"EntryType":4,"Message":"The Windows Modules Installer service entered the running state.","Source":"Service Control Manager","ReplacementStrings":["Windows Modules Installer","running"],"InstanceId":1073748860,"TimeGenerated":"\/Date(1580553062000)\/","TimeWritten":"\/Date(1580553062000)\/","UserName":null,"Site":null,"Container":null},{"MachineName":"WIN-2DKE1ERCQC6","Data":[83,0,101,0,99,0,117,0,114,0,105,0,116,0,121,0,72,0,101,0,97,0,108,0,116,0,104,0,83,0,101,0,114,0,118,0,105,0,99,0,101,0,47,0,52,0,0,0],"Index":1234,"Category":"(0)","CategoryNumber":0,"EventID":7036,"EntryType":4,"Message":"The Windows Security Service service entered the running state.","Source":"Service Control Manager","ReplacementStrings":["Windows Security Service","running"],"InstanceId":1073748860,"TimeGenerated":"\/Date(1580553062000)\/","TimeWritten":"\/Date(1580553062000)\/","UserName":null,"Site":null,"Container":null},{"MachineName":"WIN-2DKE1ERCQC6","Data":[78,0,101,0,116,0,83,0,101,0,116,0,117,0,112,0,83,0,118,0,99,0,47,0,49,0,0,0],"Index":1233,"Category":"(0)","CategoryNumber":0,"EventID":7036,"EntryType":4,"Message":"The Network Setup Service service entered the stopped state.","Source":"Service Control Manager","ReplacementStrings":["Network Setup Service","stopped"],"InstanceId":1073748860,"TimeGenerated":"\/Date(1580552467000)\/","TimeWritten":"\/Date(1580552467000)\/","UserName":null,"Site":null,"Container":null},{"MachineName":"WIN-2DKE1ERCQC6","Data":[78,0,101,0,116,0,83,0,101,0,116,0,117,0,112,0,83,0,118,0,99,0,47,0,52,0,0,0],"Index":1232,"Category":"(0)","CategoryNumber":0,"EventID":7036,"EntryType":4,"Message":"The Network Setup Service service entered the running state.","Source":"Service Control Manager","ReplacementStrings":["Network Setup Service","running"],"InstanceId":1073748860,"TimeGenerated":"\/Date(1580552286000)\/","TimeWritten":"\/Date(1580552286000)\/","UserName":null,"Site":null,"Container":null},{"MachineName":"WIN-2DKE1ERCQC6","Data":[119,0,108,0,105,0,100,0,115,0,118,0,99,0,47,0,49,0,0,0],"Index":1231,"Category":"(0)","CategoryNumber":0,"EventID":7036,"EntryType":4,"Message":"The Microsoft Account Sign-in Assistant service entered the stopped state.","Source":"Service Control Manager","ReplacementStrings":["Microsoft Account Sign-in Assistant","stopped"],"InstanceId":1073748860,"TimeGenerated":"\/Date(1580549050000)\/","TimeWritten":"\/Date(1580549050000)\/","UserName":null,"Site":null,"Container":null},{"MachineName":"WIN-2DKE1ERCQC6","Data":[78,0,101,0,116,0,83,0,101,0,116,0,117,0,112,0,83,0,118,0,99,0,47,0,49,0,0,0],"Index":1230,"Category":"(0)","CategoryNumber":0,"EventID":7036,"EntryType":4,"Message":"The Network Setup Service service entered the stopped state.","Source":"Service Control Manager","ReplacementStrings":["Network Setup Service","stopped"],"InstanceId":1073748860,"TimeGenerated":"\/Date(1580548867000)\/","TimeWritten":"\/Date(1580548867000)\/","UserName":null,"Site":null,"Container":null},{"MachineName":"WIN-2DKE1ERCQC6","Data":[119,0,108,0,105,0,100,0,115,0,118,0,99,0,47,0,52,0,0,0],"Index":1229,"Category":"(0)","CategoryNumber":0,"EventID":7036,"EntryType":4,"Message":"The Microsoft Account Sign-in Assistant service entered the running state.","Source":"Service Control Manager","ReplacementStrings":["Microsoft Account Sign-in Assistant","running"],"InstanceId":1073748860,"TimeGenerated":"\/Date(1580548690000)\/","TimeWritten":"\/Date(1580548690000)\/","UserName":null,"Site":null,"Container":null},{"MachineName":"WIN-2DKE1ERCQC6","Data":[78,0,101,0,116,0,83,0,101,0,116,0,117,0,112,0,83,0,118,0,99,0,47,0,52,0,0,0],"Index":1228,"Category":"(0)","CategoryNumber":0,"EventID":7036,"EntryType":4,"Message":"The Network Setup Service service entered the running state.","Source":"Service Control Manager","ReplacementStrings":["Network Setup Service","running"],"InstanceId":1073748860,"TimeGenerated":"\/Date(1580548686000)\/","TimeWritten":"\/Date(1580548686000)\/","UserName":null,"Site":null,"Container":null},{"MachineName":"WIN-2DKE1ERCQC6","Data":[119,0,117,0,97,0,117,0,115,0,101,0,114,0,118,0,47,0,49,0,0,0],"Index":1227,"Category":"(0)","CategoryNumber":0,"EventID":7036,"EntryType":4,"Message":"The Windows Update service entered the stopped state.","Source":"Service Control Manager","ReplacementStrings":["Windows Update","stopped"],"InstanceId":1073748860,"TimeGenerated":"\/Date(1580548343000)\/","TimeWritten":"\/Date(1580548343000)\/","UserName":null,"Site":null,"Container":null},{"MachineName":"WIN-2DKE1ERCQC6","Data":[87,0,97,0,97,0,83,0,77,0,101,0,100,0,105,0,99,0,83,0,118,0,99,0,47,0,49,0,0,0],"Index":1226,"Category":"(0)","CategoryNumber":0,"EventID":7036,"EntryType":4,"Message":"The Windows Update Medic Service service entered the stopped state.","Source":"Service Control Manager","ReplacementStrings":["Windows Update Medic Service","stopped"],"InstanceId":1073748860,"TimeGenerated":"\/Date(1580547798000)\/","TimeWritten":"\/Date(1580547798000)\/","UserName":null,"Site":null,"Container":null},{"MachineName":"WIN-2DKE1ERCQC6","Data":[119,0,117,0,97,0,117,0,115,0,101,0,114,0,118,0,47,0,52,0,0,0],"Index":1225,"Category":"(0)","CategoryNumber":0,"EventID":7036,"EntryType":4,"Message":"The Windows Update service entered the running state.","Source":"Service Control Manager","ReplacementStrings":["Windows Update","running"],"InstanceId":1073748860,"TimeGenerated":"\/Date(1580547740000)\/","TimeWritten":"\/Date(1580547740000)\/","UserName":null,"Site":null,"Container":null},{"MachineName":"WIN-2DKE1ERCQC6","Data":[87,0,97,0,97,0,83,0,77,0,101,0,100,0,105,0,99,0,83,0,118,0,99,0,47,0,52,0,0,0],"Index":1224,"Category":"(0)","CategoryNumber":0,"EventID":7036,"EntryType":4,"Message":"The Windows Update Medic Service service entered the running state.","Source":"Service Control Manager","ReplacementStrings":["Windows Update Medic Service","running"],"InstanceId":1073748860,"TimeGenerated":"\/Date(1580547738000)\/","TimeWritten":"\/Date(1580547738000)\/","UserName":null,"Site":null,"Container":null},{"MachineName":"WIN-2DKE1ERCQC6","Data":[119,0,108,0,105,0,100,0,115,0,118,0,99,0,47,0,49,0,0,0],"Index":1223,"Category":"(0)","CategoryNumber":0,"EventID":7036,"EntryType":4,"Message":"The Microsoft Account Sign-in Assistant service entered the stopped state.","Source":"Service Control Manager","ReplacementStrings":["Microsoft Account Sign-in Assistant","stopped"],"InstanceId":1073748860,"TimeGenerated":"\/Date(1580546694000)\/","TimeWritten":"\/Date(1580546694000)\/","UserName":null,"Site":null,"Container":null},{"MachineName":"WIN-2DKE1ERCQC6","Data":[119,0,108,0,105,0,100,0,115,0,118,0,99,0,47,0,52,0,0,0],"Index":1222,"Category":"(0)","CategoryNumber":0,"EventID":7036,"EntryType":4,"Message":"The Microsoft Account Sign-in Assistant service entered the running state.","Source":"Service Control Manager","ReplacementStrings":["Microsoft Account Sign-in Assistant","running"],"InstanceId":1073748860,"TimeGenerated":"\/Date(1580546513000)\/","TimeWritten":"\/Date(1580546513000)\/","UserName":null,"Site":null,"Container":null},{"MachineName":"WIN-2DKE1ERCQC6","Data":[78,0,101,0,116,0,83,0,101,0,116,0,117,0,112,0,83,0,118,0,99,0,47,0,49,0,0,0],"Index":1221,"Category":"(0)","CategoryNumber":0,"EventID":7036,"EntryType":4,"Message":"The Network Setup Service service entered the stopped state.","Source":"Service Control Manager","ReplacementStrings":["Network Setup Service","stopped"],"InstanceId":1073748860,"TimeGenerated":"\/Date(1580545267000)\/","TimeWritten":"\/Date(1580545267000)\/","UserName":null,"Site":null,"Container":null},{"MachineName":"WIN-2DKE1ERCQC6","Data":[78,0,101,0,116,0,83,0,101,0,116,0,117,0,112,0,83,0,118,0,99,0,47,0,52,0,0,0],"Index":1220,"Category":"(0)","CategoryNumber":0,"EventID":7036,"EntryType":4,"Message":"The Network Setup Service service entered the running state.","Source":"Service Control Manager","ReplacementStrings":["Network Setup Service","running"],"InstanceId":1073748860,"TimeGenerated":"\/Date(1580545086000)\/","TimeWritten":"\/Date(1580545086000)\/","UserName":null,"Site":null,"Container":null},{"MachineName":"WIN-2DKE1ERCQC6","Data":[66,0,73,0,84,0,83,0,47,0,49,0,0,0],"Index":1219,"Category":"(0)","CategoryNumber":0,"EventID":7036,"EntryType":4,"Message":"The Background Intelligent Transfer Service service entered the stopped state.","Source":"Service Control Manager","ReplacementStrings":["Background Intelligent Transfer Service","stopped"],"InstanceId":1073748860,"TimeGenerated":"\/Date(1580544205000)\/","TimeWritten":"\/Date(1580544205000)\/","UserName":null,"Site":null,"Container":null},{"MachineName":"WIN-2DKE1ERCQC6","Data":[66,0,73,0,84,0,83,0,47,0,52,0,0,0],"Index":1216,"Category":"(0)","CategoryNumber":0,"EventID":7036,"EntryType":4,"Message":"The Background Intelligent Transfer Service service entered the running state.","Source":"Service Control Manager","ReplacementStrings":["Background Intelligent Transfer Service","running"],"InstanceId":1073748860,"TimeGenerated":"\/Date(1580544083000)\/","TimeWritten":"\/Date(1580544083000)\/","UserName":null,"Site":null,"Container":null},{"MachineName":"WIN-2DKE1ERCQC6","Data":[78,0,101,0,116,0,83,0,101,0,116,0,117,0,112,0,83,0,118,0,99,0,47,0,49,0,0,0],"Index":1215,"Category":"(0)","CategoryNumber":0,"EventID":7036,"EntryType":4,"Message":"The Network Setup Service service entered the stopped state.","Source":"Service Control Manager","ReplacementStrings":["Network Setup Service","stopped"],"InstanceId":1073748860,"TimeGenerated":"\/Date(1580541667000)\/","TimeWritten":"\/Date(1580541667000)\/","UserName":null,"Site":null,"Container":null},{"MachineName":"WIN-2DKE1ERCQC6","Data":[78,0,101,0,116,0,83,0,101,0,116,0,117,0,112,0,83,0,118,0,99,0,47,0,52,0,0,0],"Index":1214,"Category":"(0)","CategoryNumber":0,"EventID":7036,"EntryType":4,"Message":"The Network Setup Service service entered the running state.","Source":"Service Control Manager","ReplacementStrings":["Network Setup Service","running"],"InstanceId":1073748860,"TimeGenerated":"\/Date(1580541486000)\/","TimeWritten":"\/Date(1580541486000)\/","UserName":null,"Site":null,"Container":null},{"MachineName":"WIN-2DKE1ERCQC6","Data":[78,0,101,0,116,0,83,0,101,0,116,0,117,0,112,0,83,0,118,0,99,0,47,0,49,0,0,0],"Index":1213,"Category":"(0)","CategoryNumber":0,"EventID":7036,"EntryType":4,"Message":"The Network Setup Service service entered the stopped state.","Source":"Service Control Manager","ReplacementStrings":["Network Setup Service","stopped"],"InstanceId":1073748860,"TimeGenerated":"\/Date(1580537890000)\/","TimeWritten":"\/Date(1580537890000)\/","UserName":null,"Site":null,"Container":null},{"MachineName":"WIN-2DKE1ERCQC6","Data":[78,0,101,0,116,0,83,0,101,0,116,0,117,0,112,0,83,0,118,0,99,0,47,0,52,0,0,0],"Index":1212,"Category":"(0)","CategoryNumber":0,"EventID":7036,"EntryType":4,"Message":"The Network Setup Service service entered the running state.","Source":"Service Control Manager","ReplacementStrings":["Network Setup Service","running"],"InstanceId":1073748860,"TimeGenerated":"\/Date(1580537886000)\/","TimeWritten":"\/Date(1580537886000)\/","UserName":null,"Site":null,"Container":null},{"MachineName":"WIN-2DKE1ERCQC6","Data":[78,0,101,0,116,0,83,0,101,0,116,0,117,0,112,0,83,0,118,0,99,0,47,0,49,0,0,0],"Index":1211,"Category":"(0)","CategoryNumber":0,"EventID":7036,"EntryType":4,"Message":"The Network Setup Service service entered the stopped state.","Source":"Service Control Manager","ReplacementStrings":["Network Setup Service","stopped"],"InstanceId":1073748860,"TimeGenerated":"\/Date(1580534290000)\/","TimeWritten":"\/Date(1580534290000)\/","UserName":null,"Site":null,"Container":null},{"MachineName":"WIN-2DKE1ERCQC6","Data":[78,0,101,0,116,0,83,0,101,0,116,0,117,0,112,0,83,0,118,0,99,0,47,0,52,0,0,0],"Index":1210,"Category":"(0)","CategoryNumber":0,"EventID":7036,"EntryType":4,"Message":"The Network Setup Service service entered the running state.","Source":"Service Control Manager","ReplacementStrings":["Network Setup Service","running"],"InstanceId":1073748860,"TimeGenerated":"\/Date(1580534286000)\/","TimeWritten":"\/Date(1580534286000)\/","UserName":null,"Site":null,"Container":null},{"MachineName":"WIN-2DKE1ERCQC6","Data":[78,0,101,0,116,0,83,0,101,0,116,0,117,0,112,0,83,0,118,0,99,0,47,0,49,0,0,0],"Index":1209,"Category":"(0)","CategoryNumber":0,"EventID":7036,"EntryType":4,"Message":"The Network Setup Service service entered the stopped state.","Source":"Service Control Manager","ReplacementStrings":["Network Setup Service","stopped"],"InstanceId":1073748860,"TimeGenerated":"\/Date(1580530690000)\/","TimeWritten":"\/Date(1580530690000)\/","UserName":null,"Site":null,"Container":null},{"MachineName":"WIN-2DKE1ERCQC6","Data":[78,0,101,0,116,0,83,0,101,0,116,0,117,0,112,0,83,0,118,0,99,0,47,0,52,0,0,0],"Index":1208,"Category":"(0)","CategoryNumber":0,"EventID":7036,"EntryType":4,"Message":"The Network Setup Service service entered the running state.","Source":"Service Control Manager","ReplacementStrings":["Network Setup Service","running"],"InstanceId":1073748860,"TimeGenerated":"\/Date(1580530686000)\/","TimeWritten":"\/Date(1580530686000)\/","UserName":null,"Site":null,"Container":null},{"MachineName":"WIN-2DKE1ERCQC6","Data":[78,0,101,0,116,0,83,0,101,0,116,0,117,0,112,0,83,0,118,0,99,0,47,0,49,0,0,0],"Index":1207,"Category":"(0)","CategoryNumber":0,"EventID":7036,"EntryType":4,"Message":"The Network Setup Service service entered the stopped state.","Source":"Service Control Manager","ReplacementStrings":["Network Setup Service","stopped"],"InstanceId":1073748860,"TimeGenerated":"\/Date(1580527090000)\/","TimeWritten":"\/Date(1580527090000)\/","UserName":null,"Site":null,"Container":null},{"MachineName":"WIN-2DKE1ERCQC6","Data":[78,0,101,0,116,0,83,0,101,0,116,0,117,0,112,0,83,0,118,0,99,0,47,0,52,0,0,0],"Index":1206,"Category":"(0)","CategoryNumber":0,"EventID":7036,"EntryType":4,"Message":"The Network Setup Service service entered the running state.","Source":"Service Control Manager","ReplacementStrings":["Network Setup Service","running"],"InstanceId":1073748860,"TimeGenerated":"\/Date(1580527086000)\/","TimeWritten":"\/Date(1580527086000)\/","UserName":null,"Site":null,"Container":null},{"MachineName":"WIN-2DKE1ERCQC6","Data":[78,0,101,0,116,0,83,0,101,0,116,0,117,0,112,0,83,0,118,0,99,0,47,0,49,0,0,0],"Index":1205,"Category":"(0)","CategoryNumber":0,"EventID":7036,"EntryType":4,"Message":"The Network Setup Service service entered the stopped state.","Source":"Service Control Manager","ReplacementStrings":["Network Setup Service","stopped"],"InstanceId":1073748860,"TimeGenerated":"\/Date(1580523489000)\/","TimeWritten":"\/Date(1580523489000)\/","UserName":null,"Site":null,"Container":null},{"MachineName":"WIN-2DKE1ERCQC6","Data":[78,0,101,0,116,0,83,0,101,0,116,0,117,0,112,0,83,0,118,0,99,0,47,0,52,0,0,0],"Index":1204,"Category":"(0)","CategoryNumber":0,"EventID":7036,"EntryType":4,"Message":"The Network Setup Service service entered the running state.","Source":"Service Control Manager","ReplacementStrings":["Network Setup Service","running"],"InstanceId":1073748860,"TimeGenerated":"\/Date(1580523486000)\/","TimeWritten":"\/Date(1580523486000)\/","UserName":null,"Site":null,"Container":null},{"MachineName":"WIN-2DKE1ERCQC6","Data":[78,0,101,0,116,0,83,0,101,0,116,0,117,0,112,0,83,0,118,0,99,0,47,0,49,0,0,0],"Index":1203,"Category":"(0)","CategoryNumber":0,"EventID":7036,"EntryType":4,"Message":"The Network Setup Service service entered the stopped state.","Source":"Service Control Manager","ReplacementStrings":["Network Setup Service","stopped"],"InstanceId":1073748860,"TimeGenerated":"\/Date(1580519889000)\/","TimeWritten":"\/Date(1580519889000)\/","UserName":null,"Site":null,"Container":null},{"MachineName":"WIN-2DKE1ERCQC6","Data":[78,0,101,0,116,0,83,0,101,0,116,0,117,0,112,0,83,0,118,0,99,0,47,0,52,0,0,0],"Index":1202,"Category":"(0)","CategoryNumber":0,"EventID":7036,"EntryType":4,"Message":"The Network Setup Service service entered the running state.","Source":"Service Control Manager","ReplacementStrings":["Network Setup Service","running"],"InstanceId":1073748860,"TimeGenerated":"\/Date(1580519886000)\/","TimeWritten":"\/Date(1580519886000)\/","UserName":null,"Site":null,"Container":null},{"MachineName":"WIN-2DKE1ERCQC6","Data":[67,0,108,0,105,0,112,0,83,0,86,0,67,0,47,0,49,0,0,0],"Index":1201,"Category":"(0)","CategoryNumber":0,"EventID":7036,"EntryType":4,"Message":"The Client License Service (ClipSVC) service entered the stopped state.","Source":"Service Control Manager","ReplacementStrings":["Client License Service (ClipSVC)","stopped"],"InstanceId":1073748860,"TimeGenerated":"\/Date(1580518572000)\/","TimeWritten":"\/Date(1580518572000)\/","UserName":null,"Site":null,"Container":null},{"MachineName":"WIN-2DKE1ERCQC6","Data":[67,0,108,0,105,0,112,0,83,0,86,0,67,0,47,0,52,0,0,0],"Index":1200,"Category":"(0)","CategoryNumber":0,"EventID":7036,"EntryType":4,"Message":"The Client License Service (ClipSVC) service entered the running state.","Source":"Service Control Manager","ReplacementStrings":["Client License Service (ClipSVC)","running"],"InstanceId":1073748860,"TimeGenerated":"\/Date(1580518272000)\/","TimeWritten":"\/Date(1580518272000)\/","UserName":null,"Site":null,"Container":null},{"MachineName":"WIN-2DKE1ERCQC6","Data":[119,0,117,0,97,0,117,0,115,0,101,0,114,0,118,0,47,0,49,0,0,0],"Index":1199,"Category":"(0)","CategoryNumber":0,"EventID":7036,"EntryType":4,"Message":"The Windows Update service entered the stopped state.","Source":"Service Control Manager","ReplacementStrings":["Windows Update","stopped"],"InstanceId":1073748860,"TimeGenerated":"\/Date(1580517069000)\/","TimeWritten":"\/Date(1580517069000)\/","UserName":null,"Site":null,"Container":null},{"MachineName":"WIN-2DKE1ERCQC6","Data":[87,0,97,0,97,0,83,0,77,0,101,0,100,0,105,0,99,0,83,0,118,0,99,0,47,0,49,0,0,0],"Index":1198,"Category":"(0)","CategoryNumber":0,"EventID":7036,"EntryType":4,"Message":"The Windows Update Medic Service service entered the stopped state.","Source":"Service Control Manager","ReplacementStrings":["Windows Update Medic Service","stopped"],"InstanceId":1073748860,"TimeGenerated":"\/Date(1580516524000)\/","TimeWritten":"\/Date(1580516524000)\/","UserName":null,"Site":null,"Container":null},{"MachineName":"WIN-2DKE1ERCQC6","Data":[119,0,117,0,97,0,117,0,115,0,101,0,114,0,118,0,47,0,52,0,0,0],"Index":1197,"Category":"(0)","CategoryNumber":0,"EventID":7036,"EntryType":4,"Message":"The Windows Update service entered the running state.","Source":"Service Control Manager","ReplacementStrings":["Windows Update","running"],"InstanceId":1073748860,"TimeGenerated":"\/Date(1580516467000)\/","TimeWritten":"\/Date(1580516467000)\/","UserName":null,"Site":null,"Container":null},{"MachineName":"WIN-2DKE1ERCQC6","Data":[87,0,97,0,97,0,83,0,77,0,101,0,100,0,105,0,99,0,83,0,118,0,99,0,47,0,52,0,0,0],"Index":1196,"Category":"(0)","CategoryNumber":0,"EventID":7036,"EntryType":4,"Message":"The Windows Update Medic Service service entered the running state.","Source":"Service Control Manager","ReplacementStrings":["Windows Update Medic Service","running"],"InstanceId":1073748860,"TimeGenerated":"\/Date(1580516464000)\/","TimeWritten":"\/Date(1580516464000)\/","UserName":null,"Site":null,"Container":null},{"MachineName":"WIN-2DKE1ERCQC6","Data":[78,0,101,0,116,0,83,0,101,0,116,0,117,0,112,0,83,0,118,0,99,0,47,0,49,0,0,0],"Index":1195,"Category":"(0)","CategoryNumber":0,"EventID":7036,"EntryType":4,"Message":"The Network Setup Service service entered the stopped state.","Source":"Service Control Manager","ReplacementStrings":["Network Setup Service","stopped"],"InstanceId":1073748860,"TimeGenerated":"\/Date(1580516289000)\/","TimeWritten":"\/Date(1580516289000)\/","UserName":null,"Site":null,"Container":null},{"MachineName":"WIN-2DKE1ERCQC6","Data":[78,0,101,0,116,0,83,0,101,0,116,0,117,0,112,0,83,0,118,0,99,0,47,0,52,0,0,0],"Index":1194,"Category":"(0)","CategoryNumber":0,"EventID":7036,"EntryType":4,"Message":"The Network Setup Service service entered the running state.","Source":"Service Control Manager","ReplacementStrings":["Network Setup Service","running"],"InstanceId":1073748860,"TimeGenerated":"\/Date(1580516286000)\/","TimeWritten":"\/Date(1580516286000)\/","UserName":null,"Site":null,"Container":null},{"MachineName":"WIN-2DKE1ERCQC6","Data":[119,0,117,0,97,0,117,0,115,0,101,0,114,0,118,0,47,0,49,0,0,0],"Index":1193,"Category":"(0)","CategoryNumber":0,"EventID":7036,"EntryType":4,"Message":"The Windows Update service entered the stopped state.","Source":"Service Control Manager","ReplacementStrings":["Windows Update","stopped"],"InstanceId":1073748860,"TimeGenerated":"\/Date(1580513815000)\/","TimeWritten":"\/Date(1580513815000)\/","UserName":null,"Site":null,"Container":null},{"MachineName":"WIN-2DKE1ERCQC6","Data":[119,0,117,0,97,0,117,0,115,0,101,0,114,0,118,0,47,0,52,0,0,0],"Index":1192,"Category":"(0)","CategoryNumber":0,"EventID":7036,"EntryType":4,"Message":"The Windows Update service entered the running state.","Source":"Service Control Manager","ReplacementStrings":["Windows Update","running"],"InstanceId":1073748860,"TimeGenerated":"\/Date(1580513215000)\/","TimeWritten":"\/Date(1580513215000)\/","UserName":null,"Site":null,"Container":null},{"MachineName":"WIN-2DKE1ERCQC6","Data":[78,0,101,0,116,0,83,0,101,0,116,0,117,0,112,0,83,0,118,0,99,0,47,0,49,0,0,0],"Index":1191,"Category":"(0)","CategoryNumber":0,"EventID":7036,"EntryType":4,"Message":"The Network Setup Service service entered the stopped state.","Source":"Service Control Manager","ReplacementStrings":["Network Setup Service","stopped"],"InstanceId":1073748860,"TimeGenerated":"\/Date(1580512689000)\/","TimeWritten":"\/Date(1580512689000)\/","UserName":null,"Site":null,"Container":null},{"MachineName":"WIN-2DKE1ERCQC6","Data":[78,0,101,0,116,0,83,0,101,0,116,0,117,0,112,0,83,0,118,0,99,0,47,0,52,0,0,0],"Index":1190,"Category":"(0)","CategoryNumber":0,"EventID":7036,"EntryType":4,"Message":"The Network Setup Service service entered the running state.","Source":"Service Control Manager","ReplacementStrings":["Network Setup Service","running"],"InstanceId":1073748860,"TimeGenerated":"\/Date(1580512686000)\/","TimeWritten":"\/Date(1580512686000)\/","UserName":null,"Site":null,"Container":null},{"MachineName":"WIN-2DKE1ERCQC6","Data":[119,0,117,0,97,0,117,0,115,0,101,0,114,0,118,0,47,0,49,0,0,0],"Index":1189,"Category":"(0)","CategoryNumber":0,"EventID":7036,"EntryType":4,"Message":"The Windows Update service entered the stopped state.","Source":"Service Control Manager","ReplacementStrings":["Windows Update","stopped"],"InstanceId":1073748860,"TimeGenerated":"\/Date(1580512510000)\/","TimeWritten":"\/Date(1580512510000)\/","UserName":null,"Site":null,"Container":null},{"MachineName":"WIN-2DKE1ERCQC6","Data":[119,0,117,0,97,0,117,0,115,0,101,0,114,0,118,0,47,0,52,0,0,0],"Index":1188,"Category":"(0)","CategoryNumber":0,"EventID":7036,"EntryType":4,"Message":"The Windows Update service entered the running state.","Source":"Service Control Manager","ReplacementStrings":["Windows Update","running"],"InstanceId":1073748860,"TimeGenerated":"\/Date(1580511910000)\/","TimeWritten":"\/Date(1580511910000)\/","UserName":null,"Site":null,"Container":null},{"MachineName":"WIN-2DKE1ERCQC6","Data":[119,0,117,0,97,0,117,0,115,0,101,0,114,0,118,0,47,0,49,0,0,0],"Index":1187,"Category":"(0)","CategoryNumber":0,"EventID":7036,"EntryType":4,"Message":"The Windows Update service entered the stopped state.","Source":"Service Control Manager","ReplacementStrings":["Windows Update","stopped"],"InstanceId":1073748860,"TimeGenerated":"\/Date(1580511772000)\/","TimeWritten":"\/Date(1580511772000)\/","UserName":null,"Site":null,"Container":null},{"MachineName":"WIN-2DKE1ERCQC6","Data":[115,0,119,0,112,0,114,0,118,0,47,0,49,0,0,0],"Index":1186,"Category":"(0)","CategoryNumber":0,"EventID":7036,"EntryType":4,"Message":"The Microsoft Software Shadow Copy Provider service entered the stopped state.","Source":"Service Control Manager","ReplacementStrings":["Microsoft Software Shadow Copy Provider","stopped"],"InstanceId":1073748860,"TimeGenerated":"\/Date(1580511499000)\/","TimeWritten":"\/Date(1580511499000)\/","UserName":null,"Site":null,"Container":null},{"MachineName":"WIN-2DKE1ERCQC6","Data":[86,0,83,0,83,0,47,0,49,0,0,0],"Index":1185,"Category":"(0)","CategoryNumber":0,"EventID":7036,"EntryType":4,"Message":"The Volume Shadow Copy service entered the stopped state.","Source":"Service Control Manager","ReplacementStrings":["Volume Shadow Copy","stopped"],"InstanceId":1073748860,"TimeGenerated":"\/Date(1580511319000)\/","TimeWritten":"\/Date(1580511319000)\/","UserName":null,"Site":null,"Container":null},{"MachineName":"WIN-2DKE1ERCQC6","Data":[84,0,114,0,117,0,115,0,116,0,101,0,100,0,73,0,110,0,115,0,116,0,97,0,108,0,108,0,101,0,114,0,47,0,49,0,0,0],"Index":1184,"Category":"(0)","CategoryNumber":0,"EventID":7036,"EntryType":4,"Message":"The Windows Modules Installer service entered the stopped state.","Source":"Service Control Manager","ReplacementStrings":["Windows Modules Installer","stopped"],"InstanceId":1073748860,"TimeGenerated":"\/Date(1580511287000)\/","TimeWritten":"\/Date(1580511287000)\/","UserName":null,"Site":null,"Container":null},{"MachineName":"WIN-2DKE1ERCQC6","Data":[87,0,97,0,97,0,83,0,77,0,101,0,100,0,105,0,99,0,83,0,118,0,99,0,47,0,49,0,0,0],"Index":1183,"Category":"(0)","CategoryNumber":0,"EventID":7036,"EntryType":4,"Message":"The Windows Update Medic Service service entered the stopped state.","Source":"Service Control Manager","ReplacementStrings":["Windows Update Medic Service","stopped"],"InstanceId":1073748860,"TimeGenerated":"\/Date(1580511226000)\/","TimeWritten":"\/Date(1580511226000)\/","UserName":null,"Site":null,"Container":null},{"MachineName":"WIN-2DKE1ERCQC6","Data":[78,0,101,0,116,0,83,0,101,0,116,0,117,0,112,0,83,0,118,0,99,0,47,0,49,0,0,0],"Index":1182,"Category":"(0)","CategoryNumber":0,"EventID":7036,"EntryType":4,"Message":"The Network Setup Service service entered the stopped state.","Source":"Service Control Manager","ReplacementStrings":["Network Setup Service","stopped"],"InstanceId":1073748860,"TimeGenerated":"\/Date(1580511212000)\/","TimeWritten":"\/Date(1580511212000)\/","UserName":null,"Site":null,"Container":null},{"MachineName":"WIN-2DKE1ERCQC6","Data":[119,0,117,0,97,0,117,0,115,0,101,0,114,0,118,0,47,0,52,0,0,0],"Index":1181,"Category":"(0)","CategoryNumber":0,"EventID":7036,"EntryType":4,"Message":"The Windows Update service entered the running state.","Source":"Service Control Manager","ReplacementStrings":["Windows Update","running"],"InstanceId":1073748860,"TimeGenerated":"\/Date(1580511170000)\/","TimeWritten":"\/Date(1580511170000)\/","UserName":null,"Site":null,"Container":null},{"MachineName":"WIN-2DKE1ERCQC6","Data":[87,0,97,0,97,0,83,0,77,0,101,0,100,0,105,0,99,0,83,0,118,0,99,0,47,0,52,0,0,0],"Index":1180,"Category":"(0)","CategoryNumber":0,"EventID":7036,"EntryType":4,"Message":"The Windows Update Medic Service service entered the running state.","Source":"Service Control Manager","ReplacementStrings":["Windows Update Medic Service","running"],"InstanceId":1073748860,"TimeGenerated":"\/Date(1580511166000)\/","TimeWritten":"\/Date(1580511166000)\/","UserName":null,"Site":null,"Container":null},{"MachineName":"WIN-2DKE1ERCQC6","Data":[115,0,119,0,112,0,114,0,118,0,47,0,52,0,0,0],"Index":1178,"Category":"(0)","CategoryNumber":0,"EventID":7036,"EntryType":4,"Message":"The Microsoft Software Shadow Copy Provider service entered the running state.","Source":"Service Control Manager","ReplacementStrings":["Microsoft Software Shadow Copy Provider","running"],"InstanceId":1073748860,"TimeGenerated":"\/Date(1580511139000)\/","TimeWritten":"\/Date(1580511139000)\/","UserName":null,"Site":null,"Container":null},{"MachineName":"WIN-2DKE1ERCQC6","Data":[86,0,83,0,83,0,47,0,52,0,0,0],"Index":1177,"Category":"(0)","CategoryNumber":0,"EventID":7036,"EntryType":4,"Message":"The Volume Shadow Copy service entered the running state.","Source":"Service Control Manager","ReplacementStrings":["Volume Shadow Copy","running"],"InstanceId":1073748860,"TimeGenerated":"\/Date(1580511139000)\/","TimeWritten":"\/Date(1580511139000)\/","UserName":null,"Site":null,"Container":null},{"MachineName":"WIN-2DKE1ERCQC6","Data":[68,0,78,0,83,0,47,0,52,0,0,0],"Index":1176,"Category":"(0)","CategoryNumber":0,"EventID":7036,"EntryType":4,"Message":"The DNS Server service entered the running state.","Source":"Service Control Manager","ReplacementStrings":["DNS Server","running"],"InstanceId":1073748860,"TimeGenerated":"\/Date(1580511138000)\/","TimeWritten":"\/Date(1580511138000)\/","UserName":null,"Site":null,"Container":null},{"MachineName":"WIN-2DKE1ERCQC6","Data":[84,0,114,0,117,0,115,0,116,0,101,0,100,0,73,0,110,0,115,0,116,0,97,0,108,0,108,0,101,0,114,0,47,0,52,0,0,0],"Index":1174,"Category":"(0)","CategoryNumber":0,"EventID":7036,"EntryType":4,"Message":"The Windows Modules Installer service entered the running state.","Source":"Service Control Manager","ReplacementStrings":["Windows Modules Installer","running"],"InstanceId":1073748860,"TimeGenerated":"\/Date(1580511127000)\/","TimeWritten":"\/Date(1580511127000)\/","UserName":null,"Site":null,"Container":null},{"MachineName":"WIN-2DKE1ERCQC6","Data":[78,0,101,0,116,0,83,0,101,0,116,0,117,0,112,0,83,0,118,0,99,0,47,0,52,0,0,0],"Index":1173,"Category":"(0)","CategoryNumber":0,"EventID":7036,"EntryType":4,"Message":"The Network Setup Service service entered the running state.","Source":"Service Control Manager","ReplacementStrings":["Network Setup Service","running"],"InstanceId":1073748860,"TimeGenerated":"\/Date(1580511123000)\/","TimeWritten":"\/Date(1580511123000)\/","UserName":null,"Site":null,"Container":null},{"MachineName":"WIN-2DKE1ERCQC6","Data":[78,0,101,0,116,0,83,0,101,0,116,0,117,0,112,0,83,0,118,0,99,0,47,0,49,0,0,0],"Index":1172,"Category":"(0)","CategoryNumber":0,"EventID":7036,"EntryType":4,"Message":"The Network Setup Service service entered the stopped state.","Source":"Service Control Manager","ReplacementStrings":["Network Setup Service","stopped"],"InstanceId":1073748860,"TimeGenerated":"\/Date(1580510974000)\/","TimeWritten":"\/Date(1580510974000)\/","UserName":null,"Site":null,"Container":null},{"MachineName":"WIN-2DKE1ERCQC6","Data":[78,0,101,0,116,0,83,0,101,0,116,0,117,0,112,0,83,0,118,0,99,0,47,0,52,0,0,0],"Index":1171,"Category":"(0)","CategoryNumber":0,"EventID":7036,"EntryType":4,"Message":"The Network Setup Service service entered the running state.","Source":"Service Control Manager","ReplacementStrings":["Network Setup Service","running"],"InstanceId":1073748860,"TimeGenerated":"\/Date(1580510881000)\/","TimeWritten":"\/Date(1580510881000)\/","UserName":null,"Site":null,"Container":null},{"MachineName":"WIN-2DKE1ERCQC6","Data":[78,0,101,0,116,0,83,0,101,0,116,0,117,0,112,0,83,0,118,0,99,0,47,0,49,0,0,0],"Index":1170,"Category":"(0)","CategoryNumber":0,"EventID":7036,"EntryType":4,"Message":"The Network Setup Service service entered the stopped state.","Source":"Service Control Manager","ReplacementStrings":["Network Setup Service","stopped"],"InstanceId":1073748860,"TimeGenerated":"\/Date(1580510374000)\/","TimeWritten":"\/Date(1580510374000)\/","UserName":null,"Site":null,"Container":null},{"MachineName":"WIN-2DKE1ERCQC6","Data":[78,0,101,0,116,0,83,0,101,0,116,0,117,0,112,0,83,0,118,0,99,0,47,0,52,0,0,0],"Index":1169,"Category":"(0)","CategoryNumber":0,"EventID":7036,"EntryType":4,"Message":"The Network Setup Service service entered the running state.","Source":"Service Control Manager","ReplacementStrings":["Network Setup Service","running"],"InstanceId":1073748860,"TimeGenerated":"\/Date(1580510281000)\/","TimeWritten":"\/Date(1580510281000)\/","UserName":null,"Site":null,"Container":null},{"MachineName":"WIN-2DKE1ERCQC6","Data":[119,0,117,0,97,0,117,0,115,0,101,0,114,0,118,0,47,0,49,0,0,0],"Index":1167,"Category":"(0)","CategoryNumber":0,"EventID":7036,"EntryType":4,"Message":"The Windows Update service entered the stopped state.","Source":"Service Control Manager","ReplacementStrings":["Windows Update","stopped"],"InstanceId":1073748860,"TimeGenerated":"\/Date(1580510208000)\/","TimeWritten":"\/Date(1580510208000)\/","UserName":null,"Site":null,"Container":null},{"MachineName":"WIN-2DKE1ERCQC6","Data":[68,0,115,0,109,0,83,0,118,0,99,0,47,0,49,0,0,0],"Index":1166,"Category":"(0)","CategoryNumber":0,"EventID":7036,"EntryType":4,"Message":"The Device Setup Manager service entered the stopped state.","Source":"Service Control Manager","ReplacementStrings":["Device Setup Manager","stopped"],"InstanceId":1073748860,"TimeGenerated":"\/Date(1580510208000)\/","TimeWritten":"\/Date(1580510208000)\/","UserName":null,"Site":null,"Container":null},{"MachineName":"WIN-2DKE1ERCQC6","Data":[68,0,115,0,109,0,83,0,118,0,99,0,47,0,52,0,0,0],"Index":1165,"Category":"(0)","CategoryNumber":0,"EventID":7036,"EntryType":4,"Message":"The Device Setup Manager service entered the running state.","Source":"Service Control Manager","ReplacementStrings":["Device Setup Manager","running"],"InstanceId":1073748860,"TimeGenerated":"\/Date(1580510161000)\/","TimeWritten":"\/Date(1580510161000)\/","UserName":null,"Site":null,"Container":null},{"MachineName":"WIN-2DKE1ERCQC6","Data":[84,0,114,0,117,0,115,0,116,0,101,0,100,0,73,0,110,0,115,0,116,0,97,0,108,0,108,0,101,0,114,0,47,0,49,0,0,0],"Index":1164,"Category":"(0)","CategoryNumber":0,"EventID":7036,"EntryType":4,"Message":"The Windows Modules Installer service entered the stopped state.","Source":"Service Control Manager","ReplacementStrings":["Windows Modules Installer","stopped"],"InstanceId":1073748860,"TimeGenerated":"\/Date(1580510098000)\/","TimeWritten":"\/Date(1580510098000)\/","UserName":null,"Site":null,"Container":null},{"MachineName":"WIN-2DKE1ERCQC6","Data":[84,0,114,0,117,0,115,0,116,0,101,0,100,0,73,0,110,0,115,0,116,0,97,0,108,0,108,0,101,0,114,0,47,0,52,0,0,0],"Index":1163,"Category":"(0)","CategoryNumber":0,"EventID":7036,"EntryType":4,"Message":"The Windows Modules Installer service entered the running state.","Source":"Service Control Manager","ReplacementStrings":["Windows Modules Installer","running"],"InstanceId":1073748860,"TimeGenerated":"\/Date(1580509976000)\/","TimeWritten":"\/Date(1580509976000)\/","UserName":null,"Site":null,"Container":null},{"MachineName":"WIN-2DKE1ERCQC6","Data":[65,0,112,0,112,0,88,0,83,0,118,0,99,0,47,0,49,0,0,0],"Index":1161,"Category":"(0)","CategoryNumber":0,"EventID":7036,"EntryType":4,"Message":"The AppX Deployment Service (AppXSVC) service entered the stopped state.","Source":"Service Control Manager","ReplacementStrings":["AppX Deployment Service (AppXSVC)","stopped"],"InstanceId":1073748860,"TimeGenerated":"\/Date(1580509874000)\/","TimeWritten":"\/Date(1580509874000)\/","UserName":null,"Site":null,"Container":null},{"MachineName":"WIN-2DKE1ERCQC6","Data":[67,0,108,0,105,0,112,0,83,0,86,0,67,0,47,0,49,0,0,0],"Index":1160,"Category":"(0)","CategoryNumber":0,"EventID":7036,"EntryType":4,"Message":"The Client License Service (ClipSVC) service entered the stopped state.","Source":"Service Control Manager","ReplacementStrings":["Client License Service (ClipSVC)","stopped"],"InstanceId":1073748860,"TimeGenerated":"\/Date(1580509874000)\/","TimeWritten":"\/Date(1580509874000)\/","UserName":null,"Site":null,"Container":null},{"MachineName":"WIN-2DKE1ERCQC6","Data":[68,0,111,0,83,0,118,0,99,0,47,0,49,0,0,0],"Index":1159,"Category":"(0)","CategoryNumber":0,"EventID":7036,"EntryType":4,"Message":"The Delivery Optimization service entered the stopped state.","Source":"Service Control Manager","ReplacementStrings":["Delivery Optimization","stopped"],"InstanceId":1073748860,"TimeGenerated":"\/Date(1580509874000)\/","TimeWritten":"\/Date(1580509874000)\/","UserName":null,"Site":null,"Container":null},{"MachineName":"WIN-2DKE1ERCQC6","Data":[84,0,114,0,117,0,115,0,116,0,101,0,100,0,73,0,110,0,115,0,116,0,97,0,108,0,108,0,101,0,114,0,47,0,49,0,0,0],"Index":1158,"Category":"(0)","CategoryNumber":0,"EventID":7036,"EntryType":4,"Message":"The Windows Modules Installer service entered the stopped state.","Source":"Service Control Manager","ReplacementStrings":["Windows Modules Installer","stopped"],"InstanceId":1073748860,"TimeGenerated":"\/Date(1580509691000)\/","TimeWritten":"\/Date(1580509691000)\/","UserName":null,"Site":null,"Container":null},{"MachineName":"WIN-2DKE1ERCQC6","Data":[67,0,108,0,105,0,112,0,83,0,86,0,67,0,47,0,52,0,0,0],"Index":1153,"Category":"(0)","CategoryNumber":0,"EventID":7036,"EntryType":4,"Message":"The Client License Service (ClipSVC) service entered the running state.","Source":"Service Control Manager","ReplacementStrings":["Client License Service (ClipSVC)","running"],"InstanceId":1073748860,"TimeGenerated":"\/Date(1580509574000)\/","TimeWritten":"\/Date(1580509574000)\/","UserName":null,"Site":null,"Container":null},{"MachineName":"WIN-2DKE1ERCQC6","Data":[65,0,112,0,112,0,88,0,83,0,118,0,99,0,47,0,52,0,0,0],"Index":1152,"Category":"(0)","CategoryNumber":0,"EventID":7036,"EntryType":4,"Message":"The AppX Deployment Service (AppXSVC) service entered the running state.","Source":"Service Control Manager","ReplacementStrings":["AppX Deployment Service (AppXSVC)","running"],"InstanceId":1073748860,"TimeGenerated":"\/Date(1580509574000)\/","TimeWritten":"\/Date(1580509574000)\/","UserName":null,"Site":null,"Container":null},{"MachineName":"WIN-2DKE1ERCQC6","Data":[83,0,116,0,111,0,114,0,83,0,118,0,99,0,47,0,52,0,0,0],"Index":1151,"Category":"(0)","CategoryNumber":0,"EventID":7036,"EntryType":4,"Message":"The Storage Service service entered the running state.","Source":"Service Control Manager","ReplacementStrings":["Storage Service","running"],"InstanceId":1073748860,"TimeGenerated":"\/Date(1580509574000)\/","TimeWritten":"\/Date(1580509574000)\/","UserName":null,"Site":null,"Container":null},{"MachineName":"WIN-2DKE1ERCQC6","Data":[68,0,111,0,83,0,118,0,99,0,47,0,52,0,0,0],"Index":1150,"Category":"(0)","CategoryNumber":0,"EventID":7036,"EntryType":4,"Message":"The Delivery Optimization service entered the running state.","Source":"Service Control Manager","ReplacementStrings":["Delivery Optimization","running"],"InstanceId":1073748860,"TimeGenerated":"\/Date(1580509574000)\/","TimeWritten":"\/Date(1580509574000)\/","UserName":null,"Site":null,"Container":null},{"MachineName":"WIN-2DKE1ERCQC6","Data":[84,0,114,0,117,0,115,0,116,0,101,0,100,0,73,0,110,0,115,0,116,0,97,0,108,0,108,0,101,0,114,0,47,0,52,0,0,0],"Index":1149,"Category":"(0)","CategoryNumber":0,"EventID":7036,"EntryType":4,"Message":"The Windows Modules Installer service entered the running state.","Source":"Service Control Manager","ReplacementStrings":["Windows Modules Installer","running"],"InstanceId":1073748860,"TimeGenerated":"\/Date(1580509569000)\/","TimeWritten":"\/Date(1580509569000)\/","UserName":null,"Site":null,"Container":null},{"MachineName":"WIN-2DKE1ERCQC6","Data":[82,0,101,0,109,0,111,0,116,0,101,0,82,0,101,0,103,0,105,0,115,0,116,0,114,0,121,0,47,0,49,0,0,0],"Index":1148,"Category":"(0)","CategoryNumber":0,"EventID":7036,"EntryType":4,"Message":"The Remote Registry service entered the stopped state.","Source":"Service Control Manager","ReplacementStrings":["Remote Registry","stopped"],"InstanceId":1073748860,"TimeGenerated":"\/Date(1580509563000)\/","TimeWritten":"\/Date(1580509563000)\/","UserName":null,"Site":null,"Container":null},{"MachineName":"WIN-2DKE1ERCQC6","Data":[65,0,112,0,112,0,88,0,83,0,118,0,99,0,47,0,49,0,0,0],"Index":1147,"Category":"(0)","CategoryNumber":0,"EventID":7036,"EntryType":4,"Message":"The AppX Deployment Service (AppXSVC) service entered the stopped state.","Source":"Service Control Manager","ReplacementStrings":["AppX Deployment Service (AppXSVC)","stopped"],"InstanceId":1073748860,"TimeGenerated":"\/Date(1580509377000)\/","TimeWritten":"\/Date(1580509377000)\/","UserName":null,"Site":null,"Container":null},{"MachineName":"WIN-2DKE1ERCQC6","Data":[84,0,114,0,117,0,115,0,116,0,101,0,100,0,73,0,110,0,115,0,116,0,97,0,108,0,108,0,101,0,114,0,47,0,49,0,0,0],"Index":1145,"Category":"(0)","CategoryNumber":0,"EventID":7036,"EntryType":4,"Message":"The Windows Modules Installer service entered the stopped state.","Source":"Service Control Manager","ReplacementStrings":["Windows Modules Installer","stopped"],"InstanceId":1073748860,"TimeGenerated":"\/Date(1580509234000)\/","TimeWritten":"\/Date(1580509234000)\/","UserName":null,"Site":null,"Container":null},{"MachineName":"WIN-2DKE1ERCQC6","Data":[87,0,80,0,68,0,66,0,117,0,115,0,69,0,110,0,117,0,109,0,47,0,49,0,0,0],"Index":1144,"Category":"(0)","CategoryNumber":0,"EventID":7036,"EntryType":4,"Message":"The Portable Device Enumerator Service service entered the stopped state.","Source":"Service Control Manager","ReplacementStrings":["Portable Device Enumerator Service","stopped"],"InstanceId":1073748860,"TimeGenerated":"\/Date(1580509195000)\/","TimeWritten":"\/Date(1580509195000)\/","UserName":null,"Site":null,"Container":null},{"MachineName":"WIN-2DKE1ERCQC6","Data":[78,0,101,0,116,0,83,0,101,0,116,0,117,0,112,0,83,0,118,0,99,0,47,0,49,0,0,0],"Index":1143,"Category":"(0)","CategoryNumber":0,"EventID":7036,"EntryType":4,"Message":"The Network Setup Service service entered the stopped state.","Source":"Service Control Manager","ReplacementStrings":["Network Setup Service","stopped"],"InstanceId":1073748860,"TimeGenerated":"\/Date(1580509191000)\/","TimeWritten":"\/Date(1580509191000)\/","UserName":null,"Site":null,"Container":null},{"MachineName":"WIN-2DKE1ERCQC6","Data":[115,0,112,0,112,0,115,0,118,0,99,0,47,0,49,0,0,0],"Index":1142,"Category":"(0)","CategoryNumber":0,"EventID":7036,"EntryType":4,"Message":"The Software Protection service entered the stopped state.","Source":"Service Control Manager","ReplacementStrings":["Software Protection","stopped"],"InstanceId":1073748860,"TimeGenerated":"\/Date(1580509141000)\/","TimeWritten":"\/Date(1580509141000)\/","UserName":null,"Site":null,"Container":null},{"MachineName":"WIN-2DKE1ERCQC6","Data":[80,0,99,0,97,0,83,0,118,0,99,0,47,0,52,0,0,0],"Index":1141,"Category":"(0)","CategoryNumber":0,"EventID":7036,"EntryType":4,"Message":"The Program Compatibility Assistant Service service entered the running state.","Source":"Service Control Manager","ReplacementStrings":["Program Compatibility Assistant Service","running"],"InstanceId":1073748860,"TimeGenerated":"\/Date(1580509095000)\/","TimeWritten":"\/Date(1580509095000)\/","UserName":null,"Site":null,"Container":null},{"MachineName":"WIN-2DKE1ERCQC6","Data":[65,0,112,0,112,0,105,0,110,0,102,0,111,0,47,0,52,0,0,0],"Index":1140,"Category":"(0)","CategoryNumber":0,"EventID":7036,"EntryType":4,"Message":"The Application Information service entered the running state.","Source":"Service Control Manager","ReplacementStrings":["Application Information","running"],"InstanceId":1073748860,"TimeGenerated":"\/Date(1580509088000)\/","TimeWritten":"\/Date(1580509088000)\/","UserName":null,"Site":null,"Container":null},{"MachineName":"WIN-2DKE1ERCQC6","Data":[85,0,115,0,111,0,83,0,118,0,99,0,47,0,52,0,0,0],"Index":1139,"Category":"(0)","CategoryNumber":0,"EventID":7036,"EntryType":4,"Message":"The Update Orchestrator Service service entered the running state.","Source":"Service Control Manager","ReplacementStrings":["Update Orchestrator Service","running"],"InstanceId":1073748860,"TimeGenerated":"\/Date(1580509087000)\/","TimeWritten":"\/Date(1580509087000)\/","UserName":null,"Site":null,"Container":null},{"MachineName":"WIN-2DKE1ERCQC6","Data":[119,0,117,0,97,0,117,0,115,0,101,0,114,0,118,0,47,0,52,0,0,0],"Index":1138,"Category":"(0)","CategoryNumber":0,"EventID":7036,"EntryType":4,"Message":"The Windows Update service entered the running state.","Source":"Service Control Manager","ReplacementStrings":["Windows Update","running"],"InstanceId":1073748860,"TimeGenerated":"\/Date(1580509086000)\/","TimeWritten":"\/Date(1580509086000)\/","UserName":null,"Site":null,"Container":null},{"MachineName":"WIN-2DKE1ERCQC6","Data":[84,0,114,0,117,0,115,0,116,0,101,0,100,0,73,0,110,0,115,0,116,0,97,0,108,0,108,0,101,0,114,0,47,0,52,0,0,0],"Index":1137,"Category":"(0)","CategoryNumber":0,"EventID":7036,"EntryType":4,"Message":"The Windows Modules Installer service entered the running state.","Source":"Service Control Manager","ReplacementStrings":["Windows Modules Installer","running"],"InstanceId":1073748860,"TimeGenerated":"\/Date(1580509086000)\/","TimeWritten":"\/Date(1580509086000)\/","UserName":null,"Site":null,"Container":null},{"MachineName":"WIN-2DKE1ERCQC6","Data":[85,0,65,0,76,0,83,0,86,0,67,0,47,0,52,0,0,0],"Index":1136,"Category":"(0)","CategoryNumber":0,"EventID":7036,"EntryType":4,"Message":"The User Access Logging Service service entered the running state.","Source":"Service Control Manager","ReplacementStrings":["User Access Logging Service","running"],"InstanceId":1073748860,"TimeGenerated":"\/Date(1580509085000)\/","TimeWritten":"\/Date(1580509085000)\/","UserName":null,"Site":null,"Container":null},{"MachineName":"WIN-2DKE1ERCQC6","Data":[84,0,114,0,117,0,115,0,116,0,101,0,100,0,73,0,110,0,115,0,116,0,97,0,108,0,108,0,101,0,114,0,47,0,49,0,0,0],"Index":1135,"Category":"(0)","CategoryNumber":0,"EventID":7036,"EntryType":4,"Message":"The Windows Modules Installer service entered the stopped state.","Source":"Service Control Manager","ReplacementStrings":["Windows Modules Installer","stopped"],"InstanceId":1073748860,"TimeGenerated":"\/Date(1580509084000)\/","TimeWritten":"\/Date(1580509084000)\/","UserName":null,"Site":null,"Container":null},{"MachineName":"WIN-2DKE1ERCQC6","Data":[77,0,83,0,68,0,84,0,67,0,47,0,52,0,0,0],"Index":1134,"Category":"(0)","CategoryNumber":0,"EventID":7036,"EntryType":4,"Message":"The Distributed Transaction Coordinator service entered the running state.","Source":"Service Control Manager","ReplacementStrings":["Distributed Transaction Coordinator","running"],"InstanceId":1073748860,"TimeGenerated":"\/Date(1580509084000)\/","TimeWritten":"\/Date(1580509084000)\/","UserName":null,"Site":null,"Container":null},{"MachineName":"WIN-2DKE1ERCQC6","Data":[68,0,80,0,83,0,47,0,52,0,0,0],"Index":1133,"Category":"(0)","CategoryNumber":0,"EventID":7036,"EntryType":4,"Message":"The Diagnostic Policy Service service entered the running state.","Source":"Service Control Manager","ReplacementStrings":["Diagnostic Policy Service","running"],"InstanceId":1073748860,"TimeGenerated":"\/Date(1580509083000)\/","TimeWritten":"\/Date(1580509083000)\/","UserName":null,"Site":null,"Container":null},{"MachineName":"WIN-2DKE1ERCQC6","Data":[78,0,101,0,116,0,83,0,101,0,116,0,117,0,112,0,83,0,118,0,99,0,47,0,52,0,0,0],"Index":1132,"Category":"(0)","CategoryNumber":0,"EventID":7036,"EntryType":4,"Message":"The Network Setup Service service entered the running state.","Source":"Service Control Manager","ReplacementStrings":["Network Setup Service","running"],"InstanceId":1073748860,"TimeGenerated":"\/Date(1580509081000)\/","TimeWritten":"\/Date(1580509081000)\/","UserName":null,"Site":null,"Container":null},