{"MachineName":"SERWER01","Data":[78,0,101,0,116,0,83,0,101,0,116,0,117,0,112,0,83,0,118,0,99,0,47,0,49,0,0,0],"Index":4801,"Category":"(0)","CategoryNumber":0,"EventID":7036,"EntryType":4,"Message":"The Network Setup Service service entered the stopped state.","Source":"Service Control Manager","ReplacementStrings":["Network Setup Service","stopped"],"InstanceId":1073748860,"TimeGenerated":"\/Date(1580993794000)\/","TimeWritten":"\/Date(1580993794000)\/","UserName":null,"Site":null,"Container":null},{"MachineName":"SERWER01","Data":[78,0,101,0,116,0,83,0,101,0,116,0,117,0,112,0,83,0,118,0,99,0,47,0,52,0,0,0],"Index":4800,"Category":"(0)","CategoryNumber":0,"EventID":7036,"EntryType":4,"Message":"The Network Setup Service service entered the running state.","Source":"Service Control Manager","ReplacementStrings":["Network Setup Service","running"],"InstanceId":1073748860,"TimeGenerated":"\/Date(1580993701000)\/","TimeWritten":"\/Date(1580993701000)\/","UserName":null,"Site":null,"Container":null},{"MachineName":"SERWER01","Data":[78,0,101,0,116,0,83,0,101,0,116,0,117,0,112,0,83,0,118,0,99,0,47,0,49,0,0,0],"Index":4799,"Category":"(0)","CategoryNumber":0,"EventID":7036,"EntryType":4,"Message":"The Network Setup Service service entered the stopped state.","Source":"Service Control Manager","ReplacementStrings":["Network Setup Service","stopped"],"InstanceId":1073748860,"TimeGenerated":"\/Date(1580993194000)\/","TimeWritten":"\/Date(1580993194000)\/","UserName":null,"Site":null,"Container":null},{"MachineName":"SERWER01","Data":[78,0,101,0,116,0,83,0,101,0,116,0,117,0,112,0,83,0,118,0,99,0,47,0,52,0,0,0],"Index":4798,"Category":"(0)","CategoryNumber":0,"EventID":7036,"EntryType":4,"Message":"The Network Setup Service service entered the running state.","Source":"Service Control Manager","ReplacementStrings":["Network Setup Service","running"],"InstanceId":1073748860,"TimeGenerated":"\/Date(1580993101000)\/","TimeWritten":"\/Date(1580993101000)\/","UserName":null,"Site":null,"Container":null},{"MachineName":"SERWER01","Data":[78,0,101,0,116,0,83,0,101,0,116,0,117,0,112,0,83,0,118,0,99,0,47,0,49,0,0,0],"Index":4797,"Category":"(0)","CategoryNumber":0,"EventID":7036,"EntryType":4,"Message":"The Network Setup Service service entered the stopped state.","Source":"Service Control Manager","ReplacementStrings":["Network Setup Service","stopped"],"InstanceId":1073748860,"TimeGenerated":"\/Date(1580992853000)\/","TimeWritten":"\/Date(1580992853000)\/","UserName":null,"Site":null,"Container":null},{"MachineName":"SERWER01","Data":[78,0,101,0,116,0,83,0,101,0,116,0,117,0,112,0,83,0,118,0,99,0,47,0,52,0,0,0],"Index":4789,"Category":"(0)","CategoryNumber":0,"EventID":7036,"EntryType":4,"Message":"The Network Setup Service service entered the running state.","Source":"Service Control Manager","ReplacementStrings":["Network Setup Service","running"],"InstanceId":1073748860,"TimeGenerated":"\/Date(1580992501000)\/","TimeWritten":"\/Date(1580992501000)\/","UserName":null,"Site":null,"Container":null},{"MachineName":"SERWER01","Data":[78,0,101,0,116,0,83,0,101,0,116,0,117,0,112,0,83,0,118,0,99,0,47,0,49,0,0,0],"Index":4788,"Category":"(0)","CategoryNumber":0,"EventID":7036,"EntryType":4,"Message":"The Network Setup Service service entered the stopped state.","Source":"Service Control Manager","ReplacementStrings":["Network Setup Service","stopped"],"InstanceId":1073748860,"TimeGenerated":"\/Date(1580992186000)\/","TimeWritten":"\/Date(1580992186000)\/","UserName":null,"Site":null,"Container":null},{"MachineName":"SERWER01","Data":[78,0,101,0,116,0,83,0,101,0,116,0,117,0,112,0,83,0,118,0,99,0,47,0,52,0,0,0],"Index":4787,"Category":"(0)","CategoryNumber":0,"EventID":7036,"EntryType":4,"Message":"The Network Setup Service service entered the running state.","Source":"Service Control Manager","ReplacementStrings":["Network Setup Service","running"],"InstanceId":1073748860,"TimeGenerated":"\/Date(1580992005000)\/","TimeWritten":"\/Date(1580992005000)\/","UserName":null,"Site":null,"Container":null},{"MachineName":"SERWER01","Data":[78,0,101,0,116,0,83,0,101,0,116,0,117,0,112,0,83,0,118,0,99,0,47,0,49,0,0,0],"Index":4786,"Category":"(0)","CategoryNumber":0,"EventID":7036,"EntryType":4,"Message":"The Network Setup Service service entered the stopped state.","Source":"Service Control Manager","ReplacementStrings":["Network Setup Service","stopped"],"InstanceId":1073748860,"TimeGenerated":"\/Date(1580991994000)\/","TimeWritten":"\/Date(1580991994000)\/","UserName":null,"Site":null,"Container":null},{"MachineName":"SERWER01","Data":[78,0,101,0,116,0,83,0,101,0,116,0,117,0,112,0,83,0,118,0,99,0,47,0,52,0,0,0],"Index":4785,"Category":"(0)","CategoryNumber":0,"EventID":7036,"EntryType":4,"Message":"The Network Setup Service service entered the running state.","Source":"Service Control Manager","ReplacementStrings":["Network Setup Service","running"],"InstanceId":1073748860,"TimeGenerated":"\/Date(1580991901000)\/","TimeWritten":"\/Date(1580991901000)\/","UserName":null,"Site":null,"Container":null},{"MachineName":"SERWER01","Data":[78,0,101,0,116,0,83,0,101,0,116,0,117,0,112,0,83,0,118,0,99,0,47,0,49,0,0,0],"Index":4784,"Category":"(0)","CategoryNumber":0,"EventID":7036,"EntryType":4,"Message":"The Network Setup Service service entered the stopped state.","Source":"Service Control Manager","ReplacementStrings":["Network Setup Service","stopped"],"InstanceId":1073748860,"TimeGenerated":"\/Date(1580991394000)\/","TimeWritten":"\/Date(1580991394000)\/","UserName":null,"Site":null,"Container":null},{"MachineName":"SERWER01","Data":[78,0,101,0,116,0,83,0,101,0,116,0,117,0,112,0,83,0,118,0,99,0,47,0,52,0,0,0],"Index":4783,"Category":"(0)","CategoryNumber":0,"EventID":7036,"EntryType":4,"Message":"The Network Setup Service service entered the running state.","Source":"Service Control Manager","ReplacementStrings":["Network Setup Service","running"],"InstanceId":1073748860,"TimeGenerated":"\/Date(1580991301000)\/","TimeWritten":"\/Date(1580991301000)\/","UserName":null,"Site":null,"Container":null},{"MachineName":"SERWER01","Data":[78,0,101,0,116,0,83,0,101,0,116,0,117,0,112,0,83,0,118,0,99,0,47,0,49,0,0,0],"Index":4782,"Category":"(0)","CategoryNumber":0,"EventID":7036,"EntryType":4,"Message":"The Network Setup Service service entered the stopped state.","Source":"Service Control Manager","ReplacementStrings":["Network Setup Service","stopped"],"InstanceId":1073748860,"TimeGenerated":"\/Date(1580991114000)\/","TimeWritten":"\/Date(1580991114000)\/","UserName":null,"Site":null,"Container":null},{"MachineName":"SERWER01","Data":[78,0,101,0,116,0,83,0,101,0,116,0,117,0,112,0,83,0,118,0,99,0,47,0,52,0,0,0],"Index":4774,"Category":"(0)","CategoryNumber":0,"EventID":7036,"EntryType":4,"Message":"The Network Setup Service service entered the running state.","Source":"Service Control Manager","ReplacementStrings":["Network Setup Service","running"],"InstanceId":1073748860,"TimeGenerated":"\/Date(1580990925000)\/","TimeWritten":"\/Date(1580990925000)\/","UserName":null,"Site":null,"Container":null},{"MachineName":"SERWER01","Data":[78,0,101,0,116,0,83,0,101,0,116,0,117,0,112,0,83,0,118,0,99,0,47,0,49,0,0,0],"Index":4766,"Category":"(0)","CategoryNumber":0,"EventID":7036,"EntryType":4,"Message":"The Network Setup Service service entered the stopped state.","Source":"Service Control Manager","ReplacementStrings":["Network Setup Service","stopped"],"InstanceId":1073748860,"TimeGenerated":"\/Date(1580990794000)\/","TimeWritten":"\/Date(1580990794000)\/","UserName":null,"Site":null,"Container":null},{"MachineName":"SERWER01","Data":[78,0,101,0,116,0,83,0,101,0,116,0,117,0,112,0,83,0,118,0,99,0,47,0,52,0,0,0],"Index":4765,"Category":"(0)","CategoryNumber":0,"EventID":7036,"EntryType":4,"Message":"The Network Setup Service service entered the running state.","Source":"Service Control Manager","ReplacementStrings":["Network Setup Service","running"],"InstanceId":1073748860,"TimeGenerated":"\/Date(1580990702000)\/","TimeWritten":"\/Date(1580990702000)\/","UserName":null,"Site":null,"Container":null},{"MachineName":"SERWER01","Data":[78,0,101,0,116,0,83,0,101,0,116,0,117,0,112,0,83,0,118,0,99,0,47,0,49,0,0,0],"Index":4764,"Category":"(0)","CategoryNumber":0,"EventID":7036,"EntryType":4,"Message":"The Network Setup Service service entered the stopped state.","Source":"Service Control Manager","ReplacementStrings":["Network Setup Service","stopped"],"InstanceId":1073748860,"TimeGenerated":"\/Date(1580990586000)\/","TimeWritten":"\/Date(1580990586000)\/","UserName":null,"Site":null,"Container":null},{"MachineName":"SERWER01","Data":[78,0,101,0,116,0,83,0,101,0,116,0,117,0,112,0,83,0,118,0,99,0,47,0,52,0,0,0],"Index":4755,"Category":"(0)","CategoryNumber":0,"EventID":7036,"EntryType":4,"Message":"The Network Setup Service service entered the running state.","Source":"Service Control Manager","ReplacementStrings":["Network Setup Service","running"],"InstanceId":1073748860,"TimeGenerated":"\/Date(1580990403000)\/","TimeWritten":"\/Date(1580990403000)\/","UserName":null,"Site":null,"Container":null},{"MachineName":"SERWER01","Data":[67,0,108,0,105,0,112,0,83,0,86,0,67,0,47,0,49,0,0,0],"Index":4751,"Category":"(0)","CategoryNumber":0,"EventID":7036,"EntryType":4,"Message":"The Client License Service (ClipSVC) service entered the stopped state.","Source":"Service Control Manager","ReplacementStrings":["Client License Service (ClipSVC)","stopped"],"InstanceId":1073748860,"TimeGenerated":"\/Date(1580990401000)\/","TimeWritten":"\/Date(1580990401000)\/","UserName":null,"Site":null,"Container":null},{"MachineName":"SERWER01","Data":[78,0,101,0,116,0,83,0,101,0,116,0,117,0,112,0,83,0,118,0,99,0,47,0,49,0,0,0],"Index":4746,"Category":"(0)","CategoryNumber":0,"EventID":7036,"EntryType":4,"Message":"The Network Setup Service service entered the stopped state.","Source":"Service Control Manager","ReplacementStrings":["Network Setup Service","stopped"],"InstanceId":1073748860,"TimeGenerated":"\/Date(1580990194000)\/","TimeWritten":"\/Date(1580990194000)\/","UserName":null,"Site":null,"Container":null},{"MachineName":"SERWER01","Data":[78,0,101,0,116,0,83,0,101,0,116,0,117,0,112,0,83,0,118,0,99,0,47,0,52,0,0,0],"Index":4745,"Category":"(0)","CategoryNumber":0,"EventID":7036,"EntryType":4,"Message":"The Network Setup Service service entered the running state.","Source":"Service Control Manager","ReplacementStrings":["Network Setup Service","running"],"InstanceId":1073748860,"TimeGenerated":"\/Date(1580990101000)\/","TimeWritten":"\/Date(1580990101000)\/","UserName":null,"Site":null,"Container":null},{"MachineName":"SERWER01","Data":[67,0,108,0,105,0,112,0,83,0,86,0,67,0,47,0,52,0,0,0],"Index":4744,"Category":"(0)","CategoryNumber":0,"EventID":7036,"EntryType":4,"Message":"The Client License Service (ClipSVC) service entered the running state.","Source":"Service Control Manager","ReplacementStrings":["Client License Service (ClipSVC)","running"],"InstanceId":1073748860,"TimeGenerated":"\/Date(1580990101000)\/","TimeWritten":"\/Date(1580990101000)\/","UserName":null,"Site":null,"Container":null},{"MachineName":"SERWER01","Data":[78,0,101,0,116,0,83,0,101,0,116,0,117,0,112,0,83,0,118,0,99,0,47,0,49,0,0,0],"Index":4743,"Category":"(0)","CategoryNumber":0,"EventID":7036,"EntryType":4,"Message":"The Network Setup Service service entered the stopped state.","Source":"Service Control Manager","ReplacementStrings":["Network Setup Service","stopped"],"InstanceId":1073748860,"TimeGenerated":"\/Date(1580989594000)\/","TimeWritten":"\/Date(1580989594000)\/","UserName":null,"Site":null,"Container":null},{"MachineName":"SERWER01","Data":[78,0,101,0,116,0,83,0,101,0,116,0,117,0,112,0,83,0,118,0,99,0,47,0,52,0,0,0],"Index":4742,"Category":"(0)","CategoryNumber":0,"EventID":7036,"EntryType":4,"Message":"The Network Setup Service service entered the running state.","Source":"Service Control Manager","ReplacementStrings":["Network Setup Service","running"],"InstanceId":1073748860,"TimeGenerated":"\/Date(1580989501000)\/","TimeWritten":"\/Date(1580989501000)\/","UserName":null,"Site":null,"Container":null},{"MachineName":"SERWER01","Data":[78,0,101,0,116,0,83,0,101,0,116,0,117,0,112,0,83,0,118,0,99,0,47,0,49,0,0,0],"Index":4741,"Category":"(0)","CategoryNumber":0,"EventID":7036,"EntryType":4,"Message":"The Network Setup Service service entered the stopped state.","Source":"Service Control Manager","ReplacementStrings":["Network Setup Service","stopped"],"InstanceId":1073748860,"TimeGenerated":"\/Date(1580989073000)\/","TimeWritten":"\/Date(1580989073000)\/","UserName":null,"Site":null,"Container":null},{"MachineName":"SERWER01","Data":[78,0,101,0,116,0,83,0,101,0,116,0,117,0,112,0,83,0,118,0,99,0,47,0,52,0,0,0],"Index":4733,"Category":"(0)","CategoryNumber":0,"EventID":7036,"EntryType":4,"Message":"The Network Setup Service service entered the running state.","Source":"Service Control Manager","ReplacementStrings":["Network Setup Service","running"],"InstanceId":1073748860,"TimeGenerated":"\/Date(1580988876000)\/","TimeWritten":"\/Date(1580988876000)\/","UserName":null,"Site":null,"Container":null},{"MachineName":"SERWER01","Data":[87,0,97,0,97,0,83,0,77,0,101,0,100,0,105,0,99,0,83,0,118,0,99,0,47,0,49,0,0,0],"Index":4725,"Category":"(0)","CategoryNumber":0,"EventID":7036,"EntryType":4,"Message":"The Windows Update Medic Service service entered the stopped state.","Source":"Service Control Manager","ReplacementStrings":["Windows Update Medic Service","stopped"],"InstanceId":1073748860,"TimeGenerated":"\/Date(1580988643000)\/","TimeWritten":"\/Date(1580988643000)\/","UserName":null,"Site":null,"Container":null},{"MachineName":"SERWER01","Data":[78,0,101,0,116,0,83,0,101,0,116,0,117,0,112,0,83,0,118,0,99,0,47,0,49,0,0,0],"Index":4724,"Category":"(0)","CategoryNumber":0,"EventID":7036,"EntryType":4,"Message":"The Network Setup Service service entered the stopped state.","Source":"Service Control Manager","ReplacementStrings":["Network Setup Service","stopped"],"InstanceId":1073748860,"TimeGenerated":"\/Date(1580988586000)\/","TimeWritten":"\/Date(1580988586000)\/","UserName":null,"Site":null,"Container":null},{"MachineName":"SERWER01","Data":[87,0,97,0,97,0,83,0,77,0,101,0,100,0,105,0,99,0,83,0,118,0,99,0,47,0,52,0,0,0],"Index":4723,"Category":"(0)","CategoryNumber":0,"EventID":7036,"EntryType":4,"Message":"The Windows Update Medic Service service entered the running state.","Source":"Service Control Manager","ReplacementStrings":["Windows Update Medic Service","running"],"InstanceId":1073748860,"TimeGenerated":"\/Date(1580988583000)\/","TimeWritten":"\/Date(1580988583000)\/","UserName":null,"Site":null,"Container":null},{"MachineName":"SERWER01","Data":[78,0,101,0,116,0,83,0,101,0,116,0,117,0,112,0,83,0,118,0,99,0,47,0,52,0,0,0],"Index":4722,"Category":"(0)","CategoryNumber":0,"EventID":7036,"EntryType":4,"Message":"The Network Setup Service service entered the running state.","Source":"Service Control Manager","ReplacementStrings":["Network Setup Service","running"],"InstanceId":1073748860,"TimeGenerated":"\/Date(1580988405000)\/","TimeWritten":"\/Date(1580988405000)\/","UserName":null,"Site":null,"Container":null},{"MachineName":"SERWER01","Data":[78,0,101,0,116,0,83,0,101,0,116,0,117,0,112,0,83,0,118,0,99,0,47,0,49,0,0,0],"Index":4721,"Category":"(0)","CategoryNumber":0,"EventID":7036,"EntryType":4,"Message":"The Network Setup Service service entered the stopped state.","Source":"Service Control Manager","ReplacementStrings":["Network Setup Service","stopped"],"InstanceId":1073748860,"TimeGenerated":"\/Date(1580988394000)\/","TimeWritten":"\/Date(1580988394000)\/","UserName":null,"Site":null,"Container":null},{"MachineName":"SERWER01","Data":[78,0,101,0,116,0,83,0,101,0,116,0,117,0,112,0,83,0,118,0,99,0,47,0,52,0,0,0],"Index":4720,"Category":"(0)","CategoryNumber":0,"EventID":7036,"EntryType":4,"Message":"The Network Setup Service service entered the running state.","Source":"Service Control Manager","ReplacementStrings":["Network Setup Service","running"],"InstanceId":1073748860,"TimeGenerated":"\/Date(1580988301000)\/","TimeWritten":"\/Date(1580988301000)\/","UserName":null,"Site":null,"Container":null},{"MachineName":"SERWER01","Data":[78,0,101,0,116,0,83,0,101,0,116,0,117,0,112,0,83,0,118,0,99,0,47,0,49,0,0,0],"Index":4719,"Category":"(0)","CategoryNumber":0,"EventID":7036,"EntryType":4,"Message":"The Network Setup Service service entered the stopped state.","Source":"Service Control Manager","ReplacementStrings":["Network Setup Service","stopped"],"InstanceId":1073748860,"TimeGenerated":"\/Date(1580987794000)\/","TimeWritten":"\/Date(1580987794000)\/","UserName":null,"Site":null,"Container":null},{"MachineName":"SERWER01","Data":[78,0,101,0,116,0,83,0,101,0,116,0,117,0,112,0,83,0,118,0,99,0,47,0,52,0,0,0],"Index":4718,"Category":"(0)","CategoryNumber":0,"EventID":7036,"EntryType":4,"Message":"The Network Setup Service service entered the running state.","Source":"Service Control Manager","ReplacementStrings":["Network Setup Service","running"],"InstanceId":1073748860,"TimeGenerated":"\/Date(1580987701000)\/","TimeWritten":"\/Date(1580987701000)\/","UserName":null,"Site":null,"Container":null},{"MachineName":"SERWER01","Data":[78,0,101,0,116,0,83,0,101,0,116,0,117,0,112,0,83,0,118,0,99,0,47,0,49,0,0,0],"Index":4717,"Category":"(0)","CategoryNumber":0,"EventID":7036,"EntryType":4,"Message":"The Network Setup Service service entered the stopped state.","Source":"Service Control Manager","ReplacementStrings":["Network Setup Service","stopped"],"InstanceId":1073748860,"TimeGenerated":"\/Date(1580987194000)\/","TimeWritten":"\/Date(1580987194000)\/","UserName":null,"Site":null,"Container":null},{"MachineName":"SERWER01","Data":[78,0,101,0,116,0,83,0,101,0,116,0,117,0,112,0,83,0,118,0,99,0,47,0,52,0,0,0],"Index":4716,"Category":"(0)","CategoryNumber":0,"EventID":7036,"EntryType":4,"Message":"The Network Setup Service service entered the running state.","Source":"Service Control Manager","ReplacementStrings":["Network Setup Service","running"],"InstanceId":1073748860,"TimeGenerated":"\/Date(1580987101000)\/","TimeWritten":"\/Date(1580987101000)\/","UserName":null,"Site":null,"Container":null},{"MachineName":"SERWER01","Data":[78,0,101,0,116,0,83,0,101,0,116,0,117,0,112,0,83,0,118,0,99,0,47,0,49,0,0,0],"Index":4714,"Category":"(0)","CategoryNumber":0,"EventID":7036,"EntryType":4,"Message":"The Network Setup Service service entered the stopped state.","Source":"Service Control Manager","ReplacementStrings":["Network Setup Service","stopped"],"InstanceId":1073748860,"TimeGenerated":"\/Date(1580986594000)\/","TimeWritten":"\/Date(1580986594000)\/","UserName":null,"Site":null,"Container":null},{"MachineName":"SERWER01","Data":[78,0,101,0,116,0,83,0,101,0,116,0,117,0,112,0,83,0,118,0,99,0,47,0,52,0,0,0],"Index":4713,"Category":"(0)","CategoryNumber":0,"EventID":7036,"EntryType":4,"Message":"The Network Setup Service service entered the running state.","Source":"Service Control Manager","ReplacementStrings":["Network Setup Service","running"],"InstanceId":1073748860,"TimeGenerated":"\/Date(1580986501000)\/","TimeWritten":"\/Date(1580986501000)\/","UserName":null,"Site":null,"Container":null},{"MachineName":"SERWER01","Data":[78,0,101,0,116,0,83,0,101,0,116,0,117,0,112,0,83,0,118,0,99,0,47,0,49,0,0,0],"Index":4712,"Category":"(0)","CategoryNumber":0,"EventID":7036,"EntryType":4,"Message":"The Network Setup Service service entered the stopped state.","Source":"Service Control Manager","ReplacementStrings":["Network Setup Service","stopped"],"InstanceId":1073748860,"TimeGenerated":"\/Date(1580985394000)\/","TimeWritten":"\/Date(1580985394000)\/","UserName":null,"Site":null,"Container":null},{"MachineName":"SERWER01","Data":[78,0,101,0,116,0,83,0,101,0,116,0,117,0,112,0,83,0,118,0,99,0,47,0,52,0,0,0],"Index":4711,"Category":"(0)","CategoryNumber":0,"EventID":7036,"EntryType":4,"Message":"The Network Setup Service service entered the running state.","Source":"Service Control Manager","ReplacementStrings":["Network Setup Service","running"],"InstanceId":1073748860,"TimeGenerated":"\/Date(1580985301000)\/","TimeWritten":"\/Date(1580985301000)\/","UserName":null,"Site":null,"Container":null},{"MachineName":"SERWER01","Data":[78,0,101,0,116,0,83,0,101,0,116,0,117,0,112,0,83,0,118,0,99,0,47,0,49,0,0,0],"Index":4710,"Category":"(0)","CategoryNumber":0,"EventID":7036,"EntryType":4,"Message":"The Network Setup Service service entered the stopped state.","Source":"Service Control Manager","ReplacementStrings":["Network Setup Service","stopped"],"InstanceId":1073748860,"TimeGenerated":"\/Date(1580984808000)\/","TimeWritten":"\/Date(1580984808000)\/","UserName":null,"Site":null,"Container":null},{"MachineName":"SERWER01","Data":[78,0,101,0,116,0,83,0,101,0,116,0,117,0,112,0,83,0,118,0,99,0,47,0,52,0,0,0],"Index":4709,"Category":"(0)","CategoryNumber":0,"EventID":7036,"EntryType":4,"Message":"The Network Setup Service service entered the running state.","Source":"Service Control Manager","ReplacementStrings":["Network Setup Service","running"],"InstanceId":1073748860,"TimeGenerated":"\/Date(1580984805000)\/","TimeWritten":"\/Date(1580984805000)\/","UserName":null,"Site":null,"Container":null},{"MachineName":"SERWER01","Data":[78,0,101,0,116,0,83,0,101,0,116,0,117,0,112,0,83,0,118,0,99,0,47,0,49,0,0,0],"Index":4708,"Category":"(0)","CategoryNumber":0,"EventID":7036,"EntryType":4,"Message":"The Network Setup Service service entered the stopped state.","Source":"Service Control Manager","ReplacementStrings":["Network Setup Service","stopped"],"InstanceId":1073748860,"TimeGenerated":"\/Date(1580984794000)\/","TimeWritten":"\/Date(1580984794000)\/","UserName":null,"Site":null,"Container":null},{"MachineName":"SERWER01","Data":[78,0,101,0,116,0,83,0,101,0,116,0,117,0,112,0,83,0,118,0,99,0,47,0,52,0,0,0],"Index":4707,"Category":"(0)","CategoryNumber":0,"EventID":7036,"EntryType":4,"Message":"The Network Setup Service service entered the running state.","Source":"Service Control Manager","ReplacementStrings":["Network Setup Service","running"],"InstanceId":1073748860,"TimeGenerated":"\/Date(1580984701000)\/","TimeWritten":"\/Date(1580984701000)\/","UserName":null,"Site":null,"Container":null},{"MachineName":"SERWER01","Data":[78,0,101,0,116,0,83,0,101,0,116,0,117,0,112,0,83,0,118,0,99,0,47,0,49,0,0,0],"Index":4706,"Category":"(0)","CategoryNumber":0,"EventID":7036,"EntryType":4,"Message":"The Network Setup Service service entered the stopped state.","Source":"Service Control Manager","ReplacementStrings":["Network Setup Service","stopped"],"InstanceId":1073748860,"TimeGenerated":"\/Date(1580984194000)\/","TimeWritten":"\/Date(1580984194000)\/","UserName":null,"Site":null,"Container":null},{"MachineName":"SERWER01","Data":[78,0,101,0,116,0,83,0,101,0,116,0,117,0,112,0,83,0,118,0,99,0,47,0,52,0,0,0],"Index":4705,"Category":"(0)","CategoryNumber":0,"EventID":7036,"EntryType":4,"Message":"The Network Setup Service service entered the running state.","Source":"Service Control Manager","ReplacementStrings":["Network Setup Service","running"],"InstanceId":1073748860,"TimeGenerated":"\/Date(1580984101000)\/","TimeWritten":"\/Date(1580984101000)\/","UserName":null,"Site":null,"Container":null},{"MachineName":"SERWER01","Data":[78,0,101,0,116,0,83,0,101,0,116,0,117,0,112,0,83,0,118,0,99,0,47,0,49,0,0,0],"Index":4704,"Category":"(0)","CategoryNumber":0,"EventID":7036,"EntryType":4,"Message":"The Network Setup Service service entered the stopped state.","Source":"Service Control Manager","ReplacementStrings":["Network Setup Service","stopped"],"InstanceId":1073748860,"TimeGenerated":"\/Date(1580983594000)\/","TimeWritten":"\/Date(1580983594000)\/","UserName":null,"Site":null,"Container":null},{"MachineName":"SERWER01","Data":[78,0,101,0,116,0,83,0,101,0,116,0,117,0,112,0,83,0,118,0,99,0,47,0,52,0,0,0],"Index":4703,"Category":"(0)","CategoryNumber":0,"EventID":7036,"EntryType":4,"Message":"The Network Setup Service service entered the running state.","Source":"Service Control Manager","ReplacementStrings":["Network Setup Service","running"],"InstanceId":1073748860,"TimeGenerated":"\/Date(1580983501000)\/","TimeWritten":"\/Date(1580983501000)\/","UserName":null,"Site":null,"Container":null},{"MachineName":"SERWER01","Data":[78,0,101,0,116,0,83,0,101,0,116,0,117,0,112,0,83,0,118,0,99,0,47,0,49,0,0,0],"Index":4702,"Category":"(0)","CategoryNumber":0,"EventID":7036,"EntryType":4,"Message":"The Network Setup Service service entered the stopped state.","Source":"Service Control Manager","ReplacementStrings":["Network Setup Service","stopped"],"InstanceId":1073748860,"TimeGenerated":"\/Date(1580982994000)\/","TimeWritten":"\/Date(1580982994000)\/","UserName":null,"Site":null,"Container":null},{"MachineName":"SERWER01","Data":[78,0,101,0,116,0,83,0,101,0,116,0,117,0,112,0,83,0,118,0,99,0,47,0,52,0,0,0],"Index":4701,"Category":"(0)","CategoryNumber":0,"EventID":7036,"EntryType":4,"Message":"The Network Setup Service service entered the running state.","Source":"Service Control Manager","ReplacementStrings":["Network Setup Service","running"],"InstanceId":1073748860,"TimeGenerated":"\/Date(1580982901000)\/","TimeWritten":"\/Date(1580982901000)\/","UserName":null,"Site":null,"Container":null},{"MachineName":"SERWER01","Data":[78,0,101,0,116,0,83,0,101,0,116,0,117,0,112,0,83,0,118,0,99,0,47,0,49,0,0,0],"Index":4700,"Category":"(0)","CategoryNumber":0,"EventID":7036,"EntryType":4,"Message":"The Network Setup Service service entered the stopped state.","Source":"Service Control Manager","ReplacementStrings":["Network Setup Service","stopped"],"InstanceId":1073748860,"TimeGenerated":"\/Date(1580982394000)\/","TimeWritten":"\/Date(1580982394000)\/","UserName":null,"Site":null,"Container":null},{"MachineName":"SERWER01","Data":[119,0,117,0,97,0,117,0,115,0,101,0,114,0,118,0,47,0,49,0,0,0],"Index":4698,"Category":"(0)","CategoryNumber":0,"EventID":7036,"EntryType":4,"Message":"The Windows Update service entered the stopped state.","Source":"Service Control Manager","ReplacementStrings":["Windows Update","stopped"],"InstanceId":1073748860,"TimeGenerated":"\/Date(1580982304000)\/","TimeWritten":"\/Date(1580982304000)\/","UserName":null,"Site":null,"Container":null},{"MachineName":"SERWER01","Data":[78,0,101,0,116,0,83,0,101,0,116,0,117,0,112,0,83,0,118,0,99,0,47,0,52,0,0,0],"Index":4697,"Category":"(0)","CategoryNumber":0,"EventID":7036,"EntryType":4,"Message":"The Network Setup Service service entered the running state.","Source":"Service Control Manager","ReplacementStrings":["Network Setup Service","running"],"InstanceId":1073748860,"TimeGenerated":"\/Date(1580982301000)\/","TimeWritten":"\/Date(1580982301000)\/","UserName":null,"Site":null,"Container":null},{"MachineName":"SERWER01","Data":[84,0,114,0,117,0,115,0,116,0,101,0,100,0,73,0,110,0,115,0,116,0,97,0,108,0,108,0,101,0,114,0,47,0,49,0,0,0],"Index":4696,"Category":"(0)","CategoryNumber":0,"EventID":7036,"EntryType":4,"Message":"The Windows Modules Installer service entered the stopped state.","Source":"Service Control Manager","ReplacementStrings":["Windows Modules Installer","stopped"],"InstanceId":1073748860,"TimeGenerated":"\/Date(1580982119000)\/","TimeWritten":"\/Date(1580982119000)\/","UserName":null,"Site":null,"Container":null},{"MachineName":"SERWER01","Data":[84,0,114,0,117,0,115,0,116,0,101,0,100,0,73,0,110,0,115,0,116,0,97,0,108,0,108,0,101,0,114,0,47,0,52,0,0,0],"Index":4694,"Category":"(0)","CategoryNumber":0,"EventID":7036,"EntryType":4,"Message":"The Windows Modules Installer service entered the running state.","Source":"Service Control Manager","ReplacementStrings":["Windows Modules Installer","running"],"InstanceId":1073748860,"TimeGenerated":"\/Date(1580981997000)\/","TimeWritten":"\/Date(1580981997000)\/","UserName":null,"Site":null,"Container":null},{"MachineName":"SERWER01","Data":[65,0,112,0,112,0,88,0,83,0,118,0,99,0,47,0,49,0,0,0],"Index":4693,"Category":"(0)","CategoryNumber":0,"EventID":7036,"EntryType":4,"Message":"The AppX Deployment Service (AppXSVC) service entered the stopped state.","Source":"Service Control Manager","ReplacementStrings":["AppX Deployment Service (AppXSVC)","stopped"],"InstanceId":1073748860,"TimeGenerated":"\/Date(1580981991000)\/","TimeWritten":"\/Date(1580981991000)\/","UserName":null,"Site":null,"Container":null},{"MachineName":"SERWER01","Data":[67,0,108,0,105,0,112,0,83,0,86,0,67,0,47,0,49,0,0,0],"Index":4692,"Category":"(0)","CategoryNumber":0,"EventID":7036,"EntryType":4,"Message":"The Client License Service (ClipSVC) service entered the stopped state.","Source":"Service Control Manager","ReplacementStrings":["Client License Service (ClipSVC)","stopped"],"InstanceId":1073748860,"TimeGenerated":"\/Date(1580981991000)\/","TimeWritten":"\/Date(1580981991000)\/","UserName":null,"Site":null,"Container":null},{"MachineName":"SERWER01","Data":[68,0,111,0,83,0,118,0,99,0,47,0,49,0,0,0],"Index":4691,"Category":"(0)","CategoryNumber":0,"EventID":7036,"EntryType":4,"Message":"The Delivery Optimization service entered the stopped state.","Source":"Service Control Manager","ReplacementStrings":["Delivery Optimization","stopped"],"InstanceId":1073748860,"TimeGenerated":"\/Date(1580981990000)\/","TimeWritten":"\/Date(1580981990000)\/","UserName":null,"Site":null,"Container":null},{"MachineName":"SERWER01","Data":[84,0,114,0,117,0,115,0,116,0,101,0,100,0,73,0,110,0,115,0,116,0,97,0,108,0,108,0,101,0,114,0,47,0,49,0,0,0],"Index":4690,"Category":"(0)","CategoryNumber":0,"EventID":7036,"EntryType":4,"Message":"The Windows Modules Installer service entered the stopped state.","Source":"Service Control Manager","ReplacementStrings":["Windows Modules Installer","stopped"],"InstanceId":1073748860,"TimeGenerated":"\/Date(1580981878000)\/","TimeWritten":"\/Date(1580981878000)\/","UserName":null,"Site":null,"Container":null},{"MachineName":"SERWER01","Data":[78,0,101,0,116,0,83,0,101,0,116,0,117,0,112,0,83,0,118,0,99,0,47,0,49,0,0,0],"Index":4689,"Category":"(0)","CategoryNumber":0,"EventID":7036,"EntryType":4,"Message":"The Network Setup Service service entered the stopped state.","Source":"Service Control Manager","ReplacementStrings":["Network Setup Service","stopped"],"InstanceId":1073748860,"TimeGenerated":"\/Date(1580981794000)\/","TimeWritten":"\/Date(1580981794000)\/","UserName":null,"Site":null,"Container":null},{"MachineName":"SERWER01","Data":[84,0,114,0,117,0,115,0,116,0,101,0,100,0,73,0,110,0,115,0,116,0,97,0,108,0,108,0,101,0,114,0,47,0,52,0,0,0],"Index":4688,"Category":"(0)","CategoryNumber":0,"EventID":7036,"EntryType":4,"Message":"The Windows Modules Installer service entered the running state.","Source":"Service Control Manager","ReplacementStrings":["Windows Modules Installer","running"],"InstanceId":1073748860,"TimeGenerated":"\/Date(1580981756000)\/","TimeWritten":"\/Date(1580981756000)\/","UserName":null,"Site":null,"Container":null},{"MachineName":"SERWER01","Data":[78,0,101,0,116,0,83,0,101,0,116,0,117,0,112,0,83,0,118,0,99,0,47,0,52,0,0,0],"Index":4685,"Category":"(0)","CategoryNumber":0,"EventID":7036,"EntryType":4,"Message":"The Network Setup Service service entered the running state.","Source":"Service Control Manager","ReplacementStrings":["Network Setup Service","running"],"InstanceId":1073748860,"TimeGenerated":"\/Date(1580981701000)\/","TimeWritten":"\/Date(1580981701000)\/","UserName":null,"Site":null,"Container":null},{"MachineName":"SERWER01","Data":[67,0,108,0,105,0,112,0,83,0,86,0,67,0,47,0,52,0,0,0],"Index":4682,"Category":"(0)","CategoryNumber":0,"EventID":7036,"EntryType":4,"Message":"The Client License Service (ClipSVC) service entered the running state.","Source":"Service Control Manager","ReplacementStrings":["Client License Service (ClipSVC)","running"],"InstanceId":1073748860,"TimeGenerated":"\/Date(1580981691000)\/","TimeWritten":"\/Date(1580981691000)\/","UserName":null,"Site":null,"Container":null},{"MachineName":"SERWER01","Data":[65,0,112,0,112,0,88,0,83,0,118,0,99,0,47,0,52,0,0,0],"Index":4681,"Category":"(0)","CategoryNumber":0,"EventID":7036,"EntryType":4,"Message":"The AppX Deployment Service (AppXSVC) service entered the running state.","Source":"Service Control Manager","ReplacementStrings":["AppX Deployment Service (AppXSVC)","running"],"InstanceId":1073748860,"TimeGenerated":"\/Date(1580981691000)\/","TimeWritten":"\/Date(1580981691000)\/","UserName":null,"Site":null,"Container":null},{"MachineName":"SERWER01","Data":[83,0,116,0,111,0,114,0,83,0,118,0,99,0,47,0,52,0,0,0],"Index":4680,"Category":"(0)","CategoryNumber":0,"EventID":7036,"EntryType":4,"Message":"The Storage Service service entered the running state.","Source":"Service Control Manager","ReplacementStrings":["Storage Service","running"],"InstanceId":1073748860,"TimeGenerated":"\/Date(1580981690000)\/","TimeWritten":"\/Date(1580981690000)\/","UserName":null,"Site":null,"Container":null},{"MachineName":"SERWER01","Data":[68,0,111,0,83,0,118,0,99,0,47,0,52,0,0,0],"Index":4679,"Category":"(0)","CategoryNumber":0,"EventID":7036,"EntryType":4,"Message":"The Delivery Optimization service entered the running state.","Source":"Service Control Manager","ReplacementStrings":["Delivery Optimization","running"],"InstanceId":1073748860,"TimeGenerated":"\/Date(1580981690000)\/","TimeWritten":"\/Date(1580981690000)\/","UserName":null,"Site":null,"Container":null},{"MachineName":"SERWER01","Data":[82,0,101,0,109,0,111,0,116,0,101,0,82,0,101,0,103,0,105,0,115,0,116,0,114,0,121,0,47,0,49,0,0,0],"Index":4678,"Category":"(0)","CategoryNumber":0,"EventID":7036,"EntryType":4,"Message":"The Remote Registry service entered the stopped state.","Source":"Service Control Manager","ReplacementStrings":["Remote Registry","stopped"],"InstanceId":1073748860,"TimeGenerated":"\/Date(1580981682000)\/","TimeWritten":"\/Date(1580981682000)\/","UserName":null,"Site":null,"Container":null},{"MachineName":"SERWER01","Data":[115,0,119,0,112,0,114,0,118,0,47,0,49,0,0,0],"Index":4677,"Category":"(0)","CategoryNumber":0,"EventID":7036,"EntryType":4,"Message":"The Microsoft Software Shadow Copy Provider service entered the stopped state.","Source":"Service Control Manager","ReplacementStrings":["Microsoft Software Shadow Copy Provider","stopped"],"InstanceId":1073748860,"TimeGenerated":"\/Date(1580981547000)\/","TimeWritten":"\/Date(1580981547000)\/","UserName":null,"Site":null,"Container":null},{"MachineName":"SERWER01","Data":[65,0,112,0,112,0,88,0,83,0,118,0,99,0,47,0,49,0,0,0],"Index":4675,"Category":"(0)","CategoryNumber":0,"EventID":7036,"EntryType":4,"Message":"The AppX Deployment Service (AppXSVC) service entered the stopped state.","Source":"Service Control Manager","ReplacementStrings":["AppX Deployment Service (AppXSVC)","stopped"],"InstanceId":1073748860,"TimeGenerated":"\/Date(1580981398000)\/","TimeWritten":"\/Date(1580981398000)\/","UserName":null,"Site":null,"Container":null},{"MachineName":"SERWER01","Data":[99,0,97,0,109,0,115,0,118,0,99,0,47,0,49,0,0,0],"Index":4674,"Category":"(0)","CategoryNumber":0,"EventID":7036,"EntryType":4,"Message":"The Capability Access Manager Service service entered the stopped state.","Source":"Service Control Manager","ReplacementStrings":["Capability Access Manager Service","stopped"],"InstanceId":1073748860,"TimeGenerated":"\/Date(1580981386000)\/","TimeWritten":"\/Date(1580981386000)\/","UserName":null,"Site":null,"Container":null},{"MachineName":"SERWER01","Data":[86,0,83,0,83,0,47,0,49,0,0,0],"Index":4673,"Category":"(0)","CategoryNumber":0,"EventID":7036,"EntryType":4,"Message":"The Volume Shadow Copy service entered the stopped state.","Source":"Service Control Manager","ReplacementStrings":["Volume Shadow Copy","stopped"],"InstanceId":1073748860,"TimeGenerated":"\/Date(1580981367000)\/","TimeWritten":"\/Date(1580981367000)\/","UserName":null,"Site":null,"Container":null},{"MachineName":"SERWER01","Data":[84,0,114,0,117,0,115,0,116,0,101,0,100,0,73,0,110,0,115,0,116,0,97,0,108,0,108,0,101,0,114,0,47,0,49,0,0,0],"Index":4672,"Category":"(0)","CategoryNumber":0,"EventID":7036,"EntryType":4,"Message":"The Windows Modules Installer service entered the stopped state.","Source":"Service Control Manager","ReplacementStrings":["Windows Modules Installer","stopped"],"InstanceId":1073748860,"TimeGenerated":"\/Date(1580981339000)\/","TimeWritten":"\/Date(1580981339000)\/","UserName":null,"Site":null,"Container":null},{"MachineName":"SERWER01","Data":[78,0,101,0,116,0,83,0,101,0,116,0,117,0,112,0,83,0,118,0,99,0,47,0,49,0,0,0],"Index":4671,"Category":"(0)","CategoryNumber":0,"EventID":7036,"EntryType":4,"Message":"The Network Setup Service service entered the stopped state.","Source":"Service Control Manager","ReplacementStrings":["Network Setup Service","stopped"],"InstanceId":1073748860,"TimeGenerated":"\/Date(1580981314000)\/","TimeWritten":"\/Date(1580981314000)\/","UserName":null,"Site":null,"Container":null},{"MachineName":"SERWER01","Data":[87,0,97,0,97,0,83,0,77,0,101,0,100,0,105,0,99,0,83,0,118,0,99,0,47,0,49,0,0,0],"Index":4670,"Category":"(0)","CategoryNumber":0,"EventID":7036,"EntryType":4,"Message":"The Windows Update Medic Service service entered the stopped state.","Source":"Service Control Manager","ReplacementStrings":["Windows Update Medic Service","stopped"],"InstanceId":1073748860,"TimeGenerated":"\/Date(1580981278000)\/","TimeWritten":"\/Date(1580981278000)\/","UserName":null,"Site":null,"Container":null},{"MachineName":"SERWER01","Data":[115,0,112,0,112,0,115,0,118,0,99,0,47,0,49,0,0,0],"Index":4669,"Category":"(0)","CategoryNumber":0,"EventID":7036,"EntryType":4,"Message":"The Software Protection service entered the stopped state.","Source":"Service Control Manager","ReplacementStrings":["Software Protection","stopped"],"InstanceId":1073748860,"TimeGenerated":"\/Date(1580981234000)\/","TimeWritten":"\/Date(1580981234000)\/","UserName":null,"Site":null,"Container":null},{"MachineName":"SERWER01","Data":[87,0,97,0,97,0,83,0,77,0,101,0,100,0,105,0,99,0,83,0,118,0,99,0,47,0,52,0,0,0],"Index":4668,"Category":"(0)","CategoryNumber":0,"EventID":7036,"EntryType":4,"Message":"The Windows Update Medic Service service entered the running state.","Source":"Service Control Manager","ReplacementStrings":["Windows Update Medic Service","running"],"InstanceId":1073748860,"TimeGenerated":"\/Date(1580981218000)\/","TimeWritten":"\/Date(1580981218000)\/","UserName":null,"Site":null,"Container":null},{"MachineName":"SERWER01","Data":[87,0,80,0,68,0,66,0,117,0,115,0,69,0,110,0,117,0,109,0,47,0,49,0,0,0],"Index":4667,"Category":"(0)","CategoryNumber":0,"EventID":7036,"EntryType":4,"Message":"The Portable Device Enumerator Service service entered the stopped state.","Source":"Service Control Manager","ReplacementStrings":["Portable Device Enumerator Service","stopped"],"InstanceId":1073748860,"TimeGenerated":"\/Date(1580981215000)\/","TimeWritten":"\/Date(1580981215000)\/","UserName":null,"Site":null,"Container":null},{"MachineName":"SERWER01","Data":[85,0,115,0,111,0,83,0,118,0,99,0,47,0,52,0,0,0],"Index":4666,"Category":"(0)","CategoryNumber":0,"EventID":7036,"EntryType":4,"Message":"The Update Orchestrator Service service entered the running state.","Source":"Service Control Manager","ReplacementStrings":["Update Orchestrator Service","running"],"InstanceId":1073748860,"TimeGenerated":"\/Date(1580981210000)\/","TimeWritten":"\/Date(1580981210000)\/","UserName":null,"Site":null,"Container":null},{"MachineName":"SERWER01","Data":[119,0,117,0,97,0,117,0,115,0,101,0,114,0,118,0,47,0,52,0,0,0],"Index":4665,"Category":"(0)","CategoryNumber":0,"EventID":7036,"EntryType":4,"Message":"The Windows Update service entered the running state.","Source":"Service Control Manager","ReplacementStrings":["Windows Update","running"],"InstanceId":1073748860,"TimeGenerated":"\/Date(1580981209000)\/","TimeWritten":"\/Date(1580981209000)\/","UserName":null,"Site":null,"Container":null},{"MachineName":"SERWER01","Data":[85,0,65,0,76,0,83,0,86,0,67,0,47,0,52,0,0,0],"Index":4664,"Category":"(0)","CategoryNumber":0,"EventID":7036,"EntryType":4,"Message":"The User Access Logging Service service entered the running state.","Source":"Service Control Manager","ReplacementStrings":["User Access Logging Service","running"],"InstanceId":1073748860,"TimeGenerated":"\/Date(1580981205000)\/","TimeWritten":"\/Date(1580981205000)\/","UserName":null,"Site":null,"Container":null},{"MachineName":"SERWER01","Data":[115,0,112,0,112,0,115,0,118,0,99,0,47,0,52,0,0,0],"Index":4663,"Category":"(0)","CategoryNumber":0,"EventID":7036,"EntryType":4,"Message":"The Software Protection service entered the running state.","Source":"Service Control Manager","ReplacementStrings":["Software Protection","running"],"InstanceId":1073748860,"TimeGenerated":"\/Date(1580981203000)\/","TimeWritten":"\/Date(1580981203000)\/","UserName":null,"Site":null,"Container":null},{"MachineName":"SERWER01","Data":[77,0,83,0,68,0,84,0,67,0,47,0,52,0,0,0],"Index":4662,"Category":"(0)","CategoryNumber":0,"EventID":7036,"EntryType":4,"Message":"The Distributed Transaction Coordinator service entered the running state.","Source":"Service Control Manager","ReplacementStrings":["Distributed Transaction Coordinator","running"],"InstanceId":1073748860,"TimeGenerated":"\/Date(1580981203000)\/","TimeWritten":"\/Date(1580981203000)\/","UserName":null,"Site":null,"Container":null},{"MachineName":"SERWER01","Data":[68,0,80,0,83,0,47,0,52,0,0,0],"Index":4661,"Category":"(0)","CategoryNumber":0,"EventID":7036,"EntryType":4,"Message":"The Diagnostic Policy Service service entered the running state.","Source":"Service Control Manager","ReplacementStrings":["Diagnostic Policy Service","running"],"InstanceId":1073748860,"TimeGenerated":"\/Date(1580981203000)\/","TimeWritten":"\/Date(1580981203000)\/","UserName":null,"Site":null,"Container":null},{"MachineName":"SERWER01","Data":[115,0,112,0,112,0,115,0,118,0,99,0,47,0,49,0,0,0],"Index":4660,"Category":"(0)","CategoryNumber":0,"EventID":7036,"EntryType":4,"Message":"The Software Protection service entered the stopped state.","Source":"Service Control Manager","ReplacementStrings":["Software Protection","stopped"],"InstanceId":1073748860,"TimeGenerated":"\/Date(1580981189000)\/","TimeWritten":"\/Date(1580981189000)\/","UserName":null,"Site":null,"Container":null},{"MachineName":"SERWER01","Data":[115,0,119,0,112,0,114,0,118,0,47,0,52,0,0,0],"Index":4658,"Category":"(0)","CategoryNumber":0,"EventID":7036,"EntryType":4,"Message":"The Microsoft Software Shadow Copy Provider service entered the running state.","Source":"Service Control Manager","ReplacementStrings":["Microsoft Software Shadow Copy Provider","running"],"InstanceId":1073748860,"TimeGenerated":"\/Date(1580981187000)\/","TimeWritten":"\/Date(1580981187000)\/","UserName":null,"Site":null,"Container":null},{"MachineName":"SERWER01","Data":[86,0,83,0,83,0,47,0,52,0,0,0],"Index":4657,"Category":"(0)","CategoryNumber":0,"EventID":7036,"EntryType":4,"Message":"The Volume Shadow Copy service entered the running state.","Source":"Service Control Manager","ReplacementStrings":["Volume Shadow Copy","running"],"InstanceId":1073748860,"TimeGenerated":"\/Date(1580981187000)\/","TimeWritten":"\/Date(1580981187000)\/","UserName":null,"Site":null,"Container":null},{"MachineName":"SERWER01","Data":[78,0,102,0,115,0,83,0,101,0,114,0,118,0,105,0,99,0,101,0,47,0,52,0,0,0],"Index":4656,"Category":"(0)","CategoryNumber":0,"EventID":7036,"EntryType":4,"Message":"The Server for NFS service entered the running state.","Source":"Service Control Manager","ReplacementStrings":["Server for NFS","running"],"InstanceId":1073748860,"TimeGenerated":"\/Date(1580981187000)\/","TimeWritten":"\/Date(1580981187000)\/","UserName":null,"Site":null,"Container":null},{"MachineName":"SERWER01","Data":[115,0,112,0,112,0,115,0,118,0,99,0,47,0,52,0,0,0],"Index":4653,"Category":"(0)","CategoryNumber":0,"EventID":7036,"EntryType":4,"Message":"The Software Protection service entered the running state.","Source":"Service Control Manager","ReplacementStrings":["Software Protection","running"],"InstanceId":1073748860,"TimeGenerated":"\/Date(1580981144000)\/","TimeWritten":"\/Date(1580981144000)\/","UserName":null,"Site":null,"Container":null},{"MachineName":"SERWER01","Data":[115,0,112,0,112,0,115,0,118,0,99,0,47,0,49,0,0,0],"Index":4652,"Category":"(0)","CategoryNumber":0,"EventID":7036,"EntryType":4,"Message":"The Software Protection service entered the stopped state.","Source":"Service Control Manager","ReplacementStrings":["Software Protection","stopped"],"InstanceId":1073748860,"TimeGenerated":"\/Date(1580981143000)\/","TimeWritten":"\/Date(1580981143000)\/","UserName":null,"Site":null,"Container":null},{"MachineName":"SERWER01","Data":[65,0,112,0,112,0,105,0,110,0,102,0,111,0,47,0,52,0,0,0],"Index":4631,"Category":"(0)","CategoryNumber":0,"EventID":7036,"EntryType":4,"Message":"The Application Information service entered the running state.","Source":"Service Control Manager","ReplacementStrings":["Application Information","running"],"InstanceId":1073748860,"TimeGenerated":"\/Date(1580981109000)\/","TimeWritten":"\/Date(1580981109000)\/","UserName":null,"Site":null,"Container":null},{"MachineName":"SERWER01","Data":[116,0,122,0,97,0,117,0,116,0,111,0,117,0,112,0,100,0,97,0,116,0,101,0,47,0,49,0,0,0],"Index":4630,"Category":"(0)","CategoryNumber":0,"EventID":7036,"EntryType":4,"Message":"The Auto Time Zone Updater service entered the stopped state.","Source":"Service Control Manager","ReplacementStrings":["Auto Time Zone Updater","stopped"],"InstanceId":1073748860,"TimeGenerated":"\/Date(1580981106000)\/","TimeWritten":"\/Date(1580981106000)\/","UserName":null,"Site":null,"Container":null},{"MachineName":"SERWER01","Data":[78,0,101,0,116,0,83,0,101,0,116,0,117,0,112,0,83,0,118,0,99,0,47,0,52,0,0,0],"Index":4629,"Category":"(0)","CategoryNumber":0,"EventID":7036,"EntryType":4,"Message":"The Network Setup Service service entered the running state.","Source":"Service Control Manager","ReplacementStrings":["Network Setup Service","running"],"InstanceId":1073748860,"TimeGenerated":"\/Date(1580981102000)\/","TimeWritten":"\/Date(1580981102000)\/","UserName":null,"Site":null,"Container":null},{"MachineName":"SERWER01","Data":[67,0,68,0,80,0,83,0,118,0,99,0,47,0,52,0,0,0],"Index":4627,"Category":"(0)","CategoryNumber":0,"EventID":7036,"EntryType":4,"Message":"The Connected Devices Platform Service service entered the running state.","Source":"Service Control Manager","ReplacementStrings":["Connected Devices Platform Service","running"],"InstanceId":1073748860,"TimeGenerated":"\/Date(1580981097000)\/","TimeWritten":"\/Date(1580981097000)\/","UserName":null,"Site":null,"Container":null},{"MachineName":"SERWER01","Data":[75,0,101,0,121,0,73,0,115,0,111,0,47,0,52,0,0,0],"Index":4626,"Category":"(0)","CategoryNumber":0,"EventID":7036,"EntryType":4,"Message":"The CNG Key Isolation service entered the running state.","Source":"Service Control Manager","ReplacementStrings":["CNG Key Isolation","running"],"InstanceId":1073748860,"TimeGenerated":"\/Date(1580981097000)\/","TimeWritten":"\/Date(1580981097000)\/","UserName":null,"Site":null,"Container":null},{"MachineName":"SERWER01","Data":[84,0,97,0,98,0,108,0,101,0,116,0,73,0,110,0,112,0,117,0,116,0,83,0,101,0,114,0,118,0,105,0,99,0,101,0,47,0,52,0,0,0],"Index":4625,"Category":"(0)","CategoryNumber":0,"EventID":7036,"EntryType":4,"Message":"The Touch Keyboard and Handwriting Panel Service service entered the running state.","Source":"Service Control Manager","ReplacementStrings":["Touch Keyboard and Handwriting Panel Service","running"],"InstanceId":1073748860,"TimeGenerated":"\/Date(1580981096000)\/","TimeWritten":"\/Date(1580981096000)\/","UserName":null,"Site":null,"Container":null},{"MachineName":"SERWER01","Data":[65,0,112,0,112,0,88,0,83,0,118,0,99,0,47,0,52,0,0,0],"Index":4624,"Category":"(0)","CategoryNumber":0,"EventID":7036,"EntryType":4,"Message":"The AppX Deployment Service (AppXSVC) service entered the running state.","Source":"Service Control Manager","ReplacementStrings":["AppX Deployment Service (AppXSVC)","running"],"InstanceId":1073748860,"TimeGenerated":"\/Date(1580981096000)\/","TimeWritten":"\/Date(1580981096000)\/","UserName":null,"Site":null,"Container":null},{"MachineName":"SERWER01","Data":[84,0,111,0,107,0,101,0,110,0,66,0,114,0,111,0,107,0,101,0,114,0,47,0,52,0,0,0],"Index":4623,"Category":"(0)","CategoryNumber":0,"EventID":7036,"EntryType":4,"Message":"The Web Account Manager service entered the running state.","Source":"Service Control Manager","ReplacementStrings":["Web Account Manager","running"],"InstanceId":1073748860,"TimeGenerated":"\/Date(1580981096000)\/","TimeWritten":"\/Date(1580981096000)\/","UserName":null,"Site":null,"Container":null},{"MachineName":"SERWER01","Data":[67,0,68,0,80,0,85,0,115,0,101,0,114,0,83,0,118,0,99,0,95,0,52,0,99,0,99,0,102,0,54,0,47,0,52,0,0,0],"Index":4622,"Category":"(0)","CategoryNumber":0,"EventID":7036,"EntryType":4,"Message":"The Connected Devices Platform User Service_4ccf6 service entered the running state.","Source":"Service Control Manager","ReplacementStrings":["Connected Devices Platform User Service_4ccf6","running"],"InstanceId":1073748860,"TimeGenerated":"\/Date(1580981096000)\/","TimeWritten":"\/Date(1580981096000)\/","UserName":null,"Site":null,"Container":null},