{"MachineName":"SERWER01","Data":[69,0,118,0,101,0,110,0,116,0,76,0,111,0,103,0,47,0,52,0,0,0],"Index":2344,"Category":"(0)","CategoryNumber":0,"EventID":7036,"EntryType":4,"Message":"The EventLog service entered the running state.","Source":"Service Control Manager","ReplacementStrings":["EventLog","running"],"InstanceId":1073748860,"TimeGenerated":"\/Date(1580776027000)\/","TimeWritten":"\/Date(1580776027000)\/","UserName":null,"Site":null,"Container":null},{"MachineName":"SERWER01","Data":[87,0,80,0,68,0,66,0,117,0,115,0,69,0,110,0,117,0,109,0,47,0,52,0,0,0],"Index":2343,"Category":"(0)","CategoryNumber":0,"EventID":7036,"EntryType":4,"Message":"The WPDBusEnum service entered the running state.","Source":"Service Control Manager","ReplacementStrings":["WPDBusEnum","running"],"InstanceId":1073748860,"TimeGenerated":"\/Date(1580776027000)\/","TimeWritten":"\/Date(1580776027000)\/","UserName":null,"Site":null,"Container":null},{"MachineName":"SERWER01","Data":[84,0,105,0,109,0,101,0,66,0,114,0,111,0,107,0,101,0,114,0,83,0,118,0,99,0,47,0,52,0,0,0],"Index":2340,"Category":"(0)","CategoryNumber":0,"EventID":7036,"EntryType":4,"Message":"The TimeBrokerSvc service entered the running state.","Source":"Service Control Manager","ReplacementStrings":["TimeBrokerSvc","running"],"InstanceId":1073748860,"TimeGenerated":"\/Date(1580776027000)\/","TimeWritten":"\/Date(1580776027000)\/","UserName":null,"Site":null,"Container":null},{"MachineName":"SERWER01","Data":[84,0,101,0,114,0,109,0,83,0,101,0,114,0,118,0,105,0,99,0,101,0,47,0,52,0,0,0],"Index":2339,"Category":"(0)","CategoryNumber":0,"EventID":7036,"EntryType":4,"Message":"The TermService service entered the running state.","Source":"Service Control Manager","ReplacementStrings":["TermService","running"],"InstanceId":1073748860,"TimeGenerated":"\/Date(1580776027000)\/","TimeWritten":"\/Date(1580776027000)\/","UserName":null,"Site":null,"Container":null},{"MachineName":"SERWER01","Data":[108,0,109,0,104,0,111,0,115,0,116,0,115,0,47,0,52,0,0,0],"Index":2338,"Category":"(0)","CategoryNumber":0,"EventID":7036,"EntryType":4,"Message":"The lmhosts service entered the running state.","Source":"Service Control Manager","ReplacementStrings":["lmhosts","running"],"InstanceId":1073748860,"TimeGenerated":"\/Date(1580776027000)\/","TimeWritten":"\/Date(1580776027000)\/","UserName":null,"Site":null,"Container":null},{"MachineName":"SERWER01","Data":[83,0,121,0,115,0,116,0,101,0,109,0,69,0,118,0,101,0,110,0,116,0,115,0,66,0,114,0,111,0,107,0,101,0,114,0,47,0,52,0,0,0],"Index":2337,"Category":"(0)","CategoryNumber":0,"EventID":7036,"EntryType":4,"Message":"The SystemEventsBroker service entered the running state.","Source":"Service Control Manager","ReplacementStrings":["SystemEventsBroker","running"],"InstanceId":1073748860,"TimeGenerated":"\/Date(1580776027000)\/","TimeWritten":"\/Date(1580776027000)\/","UserName":null,"Site":null,"Container":null},{"MachineName":"SERWER01","Data":[76,0,83,0,77,0,47,0,52,0,0,0],"Index":2336,"Category":"(0)","CategoryNumber":0,"EventID":7036,"EntryType":4,"Message":"The LSM service entered the running state.","Source":"Service Control Manager","ReplacementStrings":["LSM","running"],"InstanceId":1073748860,"TimeGenerated":"\/Date(1580776027000)\/","TimeWritten":"\/Date(1580776027000)\/","UserName":null,"Site":null,"Container":null},{"MachineName":"SERWER01","Data":[66,0,114,0,111,0,107,0,101,0,114,0,73,0,110,0,102,0,114,0,97,0,115,0,116,0,114,0,117,0,99,0,116,0,117,0,114,0,101,0,47,0,52,0,0,0],"Index":2333,"Category":"(0)","CategoryNumber":0,"EventID":7036,"EntryType":4,"Message":"The BrokerInfrastructure service entered the running state.","Source":"Service Control Manager","ReplacementStrings":["BrokerInfrastructure","running"],"InstanceId":1073748860,"TimeGenerated":"\/Date(1580776023000)\/","TimeWritten":"\/Date(1580776023000)\/","UserName":null,"Site":null,"Container":null},{"MachineName":"SERWER01","Data":[82,0,112,0,99,0,83,0,115,0,47,0,52,0,0,0],"Index":2332,"Category":"(0)","CategoryNumber":0,"EventID":7036,"EntryType":4,"Message":"The RpcSs service entered the running state.","Source":"Service Control Manager","ReplacementStrings":["RpcSs","running"],"InstanceId":1073748860,"TimeGenerated":"\/Date(1580776023000)\/","TimeWritten":"\/Date(1580776023000)\/","UserName":null,"Site":null,"Container":null},{"MachineName":"SERWER01","Data":[82,0,112,0,99,0,69,0,112,0,116,0,77,0,97,0,112,0,112,0,101,0,114,0,47,0,52,0,0,0],"Index":2331,"Category":"(0)","CategoryNumber":0,"EventID":7036,"EntryType":4,"Message":"The RpcEptMapper service entered the running state.","Source":"Service Control Manager","ReplacementStrings":["RpcEptMapper","running"],"InstanceId":1073748860,"TimeGenerated":"\/Date(1580776023000)\/","TimeWritten":"\/Date(1580776023000)\/","UserName":null,"Site":null,"Container":null},{"MachineName":"SERWER01","Data":[68,0,99,0,111,0,109,0,76,0,97,0,117,0,110,0,99,0,104,0,47,0,52,0,0,0],"Index":2330,"Category":"(0)","CategoryNumber":0,"EventID":7036,"EntryType":4,"Message":"The DcomLaunch service entered the running state.","Source":"Service Control Manager","ReplacementStrings":["DcomLaunch","running"],"InstanceId":1073748860,"TimeGenerated":"\/Date(1580776023000)\/","TimeWritten":"\/Date(1580776023000)\/","UserName":null,"Site":null,"Container":null},{"MachineName":"SERWER01","Data":[80,0,111,0,119,0,101,0,114,0,47,0,52,0,0,0],"Index":2329,"Category":"(0)","CategoryNumber":0,"EventID":7036,"EntryType":4,"Message":"The Power service entered the running state.","Source":"Service Control Manager","ReplacementStrings":["Power","running"],"InstanceId":1073748860,"TimeGenerated":"\/Date(1580776023000)\/","TimeWritten":"\/Date(1580776023000)\/","UserName":null,"Site":null,"Container":null},{"MachineName":"SERWER01","Data":[80,0,108,0,117,0,103,0,80,0,108,0,97,0,121,0,47,0,52,0,0,0],"Index":2328,"Category":"(0)","CategoryNumber":0,"EventID":7036,"EntryType":4,"Message":"The PlugPlay service entered the running state.","Source":"Service Control Manager","ReplacementStrings":["PlugPlay","running"],"InstanceId":1073748860,"TimeGenerated":"\/Date(1580776023000)\/","TimeWritten":"\/Date(1580776023000)\/","UserName":null,"Site":null,"Container":null},{"MachineName":"SERWER01","Data":[68,0,78,0,83,0,47,0,49,0,0,0],"Index":2288,"Category":"(0)","CategoryNumber":0,"EventID":7036,"EntryType":4,"Message":"The DNS Server service entered the stopped state.","Source":"Service Control Manager","ReplacementStrings":["DNS Server","stopped"],"InstanceId":1073748860,"TimeGenerated":"\/Date(1580775851000)\/","TimeWritten":"\/Date(1580775851000)\/","UserName":null,"Site":null,"Container":null},{"MachineName":"SERWER01","Data":[87,0,105,0,110,0,68,0,101,0,102,0,101,0,110,0,100,0,47,0,49,0,0,0],"Index":2287,"Category":"(0)","CategoryNumber":0,"EventID":7036,"EntryType":4,"Message":"The Windows Defender Antivirus Service service entered the stopped state.","Source":"Service Control Manager","ReplacementStrings":["Windows Defender Antivirus Service","stopped"],"InstanceId":1073748860,"TimeGenerated":"\/Date(1580775851000)\/","TimeWritten":"\/Date(1580775851000)\/","UserName":null,"Site":null,"Container":null},{"MachineName":"SERWER01","Data":[84,0,101,0,97,0,109,0,86,0,105,0,101,0,119,0,101,0,114,0,47,0,49,0,0,0],"Index":2286,"Category":"(0)","CategoryNumber":0,"EventID":7036,"EntryType":4,"Message":"The TeamViewer service entered the stopped state.","Source":"Service Control Manager","ReplacementStrings":["TeamViewer","stopped"],"InstanceId":1073748860,"TimeGenerated":"\/Date(1580775851000)\/","TimeWritten":"\/Date(1580775851000)\/","UserName":null,"Site":null,"Container":null},{"MachineName":"SERWER01","Data":[87,0,105,0,110,0,82,0,77,0,47,0,49,0,0,0],"Index":2285,"Category":"(0)","CategoryNumber":0,"EventID":7036,"EntryType":4,"Message":"The Windows Remote Management (WS-Management) service entered the stopped state.","Source":"Service Control Manager","ReplacementStrings":["Windows Remote Management (WS-Management)","stopped"],"InstanceId":1073748860,"TimeGenerated":"\/Date(1580775851000)\/","TimeWritten":"\/Date(1580775851000)\/","UserName":null,"Site":null,"Container":null},{"MachineName":"SERWER01","Data":[68,0,104,0,99,0,112,0,47,0,49,0,0,0],"Index":2284,"Category":"(0)","CategoryNumber":0,"EventID":7036,"EntryType":4,"Message":"The DHCP Client service entered the stopped state.","Source":"Service Control Manager","ReplacementStrings":["DHCP Client","stopped"],"InstanceId":1073748860,"TimeGenerated":"\/Date(1580775851000)\/","TimeWritten":"\/Date(1580775851000)\/","UserName":null,"Site":null,"Container":null},{"MachineName":"SERWER01","Data":[78,0,102,0,115,0,83,0,101,0,114,0,118,0,105,0,99,0,101,0,47,0,49,0,0,0],"Index":2283,"Category":"(0)","CategoryNumber":0,"EventID":7036,"EntryType":4,"Message":"The Server for NFS service entered the stopped state.","Source":"Service Control Manager","ReplacementStrings":["Server for NFS","stopped"],"InstanceId":1073748860,"TimeGenerated":"\/Date(1580775851000)\/","TimeWritten":"\/Date(1580775851000)\/","UserName":null,"Site":null,"Container":null},{"MachineName":"SERWER01","Data":[83,0,99,0,104,0,101,0,100,0,117,0,108,0,101,0,47,0,49,0,0,0],"Index":2279,"Category":"(0)","CategoryNumber":0,"EventID":7036,"EntryType":4,"Message":"The Task Scheduler service entered the stopped state.","Source":"Service Control Manager","ReplacementStrings":["Task Scheduler","stopped"],"InstanceId":1073748860,"TimeGenerated":"\/Date(1580775851000)\/","TimeWritten":"\/Date(1580775851000)\/","UserName":null,"Site":null,"Container":null},{"MachineName":"SERWER01","Data":[69,0,118,0,101,0,110,0,116,0,76,0,111,0,103,0,47,0,49,0,0,0],"Index":2278,"Category":"(0)","CategoryNumber":0,"EventID":7036,"EntryType":4,"Message":"The Windows Event Log service entered the stopped state.","Source":"Service Control Manager","ReplacementStrings":["Windows Event Log","stopped"],"InstanceId":1073748860,"TimeGenerated":"\/Date(1580775851000)\/","TimeWritten":"\/Date(1580775851000)\/","UserName":null,"Site":null,"Container":null},{"MachineName":"SERWER01","Data":[84,0,101,0,114,0,109,0,83,0,101,0,114,0,118,0,105,0,99,0,101,0,47,0,49,0,0,0],"Index":2277,"Category":"(0)","CategoryNumber":0,"EventID":7036,"EntryType":4,"Message":"The Remote Desktop Services service entered the stopped state.","Source":"Service Control Manager","ReplacementStrings":["Remote Desktop Services","stopped"],"InstanceId":1073748860,"TimeGenerated":"\/Date(1580775851000)\/","TimeWritten":"\/Date(1580775851000)\/","UserName":null,"Site":null,"Container":null},{"MachineName":"SERWER01","Data":[67,0,114,0,121,0,112,0,116,0,83,0,118,0,99,0,47,0,49,0,0,0],"Index":2276,"Category":"(0)","CategoryNumber":0,"EventID":7036,"EntryType":4,"Message":"The Cryptographic Services service entered the stopped state.","Source":"Service Control Manager","ReplacementStrings":["Cryptographic Services","stopped"],"InstanceId":1073748860,"TimeGenerated":"\/Date(1580775851000)\/","TimeWritten":"\/Date(1580775851000)\/","UserName":null,"Site":null,"Container":null},{"MachineName":"SERWER01","Data":[115,0,112,0,112,0,115,0,118,0,99,0,47,0,49,0,0,0],"Index":2272,"Category":"(0)","CategoryNumber":0,"EventID":7036,"EntryType":4,"Message":"The Software Protection service entered the stopped state.","Source":"Service Control Manager","ReplacementStrings":["Software Protection","stopped"],"InstanceId":1073748860,"TimeGenerated":"\/Date(1580775851000)\/","TimeWritten":"\/Date(1580775851000)\/","UserName":null,"Site":null,"Container":null},{"MachineName":"SERWER01","Data":[87,0,99,0,109,0,115,0,118,0,99,0,47,0,49,0,0,0],"Index":2271,"Category":"(0)","CategoryNumber":0,"EventID":7036,"EntryType":4,"Message":"The Windows Connection Manager service entered the stopped state.","Source":"Service Control Manager","ReplacementStrings":["Windows Connection Manager","stopped"],"InstanceId":1073748860,"TimeGenerated":"\/Date(1580775851000)\/","TimeWritten":"\/Date(1580775851000)\/","UserName":null,"Site":null,"Container":null},{"MachineName":"SERWER01","Data":[87,0,105,0,110,0,72,0,116,0,116,0,112,0,65,0,117,0,116,0,111,0,80,0,114,0,111,0,120,0,121,0,83,0,118,0,99,0,47,0,49,0,0,0],"Index":2270,"Category":"(0)","CategoryNumber":0,"EventID":7036,"EntryType":4,"Message":"The WinHTTP Web Proxy Auto-Discovery Service service entered the stopped state.","Source":"Service Control Manager","ReplacementStrings":["WinHTTP Web Proxy Auto-Discovery Service","stopped"],"InstanceId":1073748860,"TimeGenerated":"\/Date(1580775851000)\/","TimeWritten":"\/Date(1580775851000)\/","UserName":null,"Site":null,"Container":null},{"MachineName":"SERWER01","Data":[70,0,111,0,110,0,116,0,67,0,97,0,99,0,104,0,101,0,47,0,49,0,0,0],"Index":2269,"Category":"(0)","CategoryNumber":0,"EventID":7036,"EntryType":4,"Message":"The Windows Font Cache Service service entered the stopped state.","Source":"Service Control Manager","ReplacementStrings":["Windows Font Cache Service","stopped"],"InstanceId":1073748860,"TimeGenerated":"\/Date(1580775851000)\/","TimeWritten":"\/Date(1580775851000)\/","UserName":null,"Site":null,"Container":null},{"MachineName":"SERWER01","Data":[83,0,121,0,115,0,77,0,97,0,105,0,110,0,47,0,49,0,0,0],"Index":2268,"Category":"(0)","CategoryNumber":0,"EventID":7036,"EntryType":4,"Message":"The SysMain service entered the stopped state.","Source":"Service Control Manager","ReplacementStrings":["SysMain","stopped"],"InstanceId":1073748860,"TimeGenerated":"\/Date(1580775851000)\/","TimeWritten":"\/Date(1580775851000)\/","UserName":null,"Site":null,"Container":null},{"MachineName":"SERWER01","Data":[67,0,101,0,114,0,116,0,80,0,114,0,111,0,112,0,83,0,118,0,99,0,47,0,49,0,0,0],"Index":2267,"Category":"(0)","CategoryNumber":0,"EventID":7036,"EntryType":4,"Message":"The Certificate Propagation service entered the stopped state.","Source":"Service Control Manager","ReplacementStrings":["Certificate Propagation","stopped"],"InstanceId":1073748860,"TimeGenerated":"\/Date(1580775851000)\/","TimeWritten":"\/Date(1580775851000)\/","UserName":null,"Site":null,"Container":null},{"MachineName":"SERWER01","Data":[87,0,105,0,110,0,109,0,103,0,109,0,116,0,47,0,49,0,0,0],"Index":2265,"Category":"(0)","CategoryNumber":0,"EventID":7036,"EntryType":4,"Message":"The Windows Management Instrumentation service entered the stopped state.","Source":"Service Control Manager","ReplacementStrings":["Windows Management Instrumentation","stopped"],"InstanceId":1073748860,"TimeGenerated":"\/Date(1580775851000)\/","TimeWritten":"\/Date(1580775851000)\/","UserName":null,"Site":null,"Container":null},{"MachineName":"SERWER01","Data":[80,0,108,0,117,0,103,0,80,0,108,0,97,0,121,0,47,0,49,0,0,0],"Index":2264,"Category":"(0)","CategoryNumber":0,"EventID":7036,"EntryType":4,"Message":"The Plug and Play service entered the stopped state.","Source":"Service Control Manager","ReplacementStrings":["Plug and Play","stopped"],"InstanceId":1073748860,"TimeGenerated":"\/Date(1580775851000)\/","TimeWritten":"\/Date(1580775851000)\/","UserName":null,"Site":null,"Container":null},{"MachineName":"SERWER01","Data":[80,0,114,0,111,0,102,0,83,0,118,0,99,0,47,0,49,0,0,0],"Index":2263,"Category":"(0)","CategoryNumber":0,"EventID":7036,"EntryType":4,"Message":"The User Profile Service service entered the stopped state.","Source":"Service Control Manager","ReplacementStrings":["User Profile Service","stopped"],"InstanceId":1073748860,"TimeGenerated":"\/Date(1580775851000)\/","TimeWritten":"\/Date(1580775851000)\/","UserName":null,"Site":null,"Container":null},{"MachineName":"SERWER01","Data":[84,0,114,0,107,0,87,0,107,0,115,0,47,0,49,0,0,0],"Index":2261,"Category":"(0)","CategoryNumber":0,"EventID":7036,"EntryType":4,"Message":"The Distributed Link Tracking Client service entered the stopped state.","Source":"Service Control Manager","ReplacementStrings":["Distributed Link Tracking Client","stopped"],"InstanceId":1073748860,"TimeGenerated":"\/Date(1580775851000)\/","TimeWritten":"\/Date(1580775851000)\/","UserName":null,"Site":null,"Container":null},{"MachineName":"SERWER01","Data":[72,0,118,0,72,0,111,0,115,0,116,0,47,0,49,0,0,0],"Index":2260,"Category":"(0)","CategoryNumber":0,"EventID":7036,"EntryType":4,"Message":"The HV Host Service service entered the stopped state.","Source":"Service Control Manager","ReplacementStrings":["HV Host Service","stopped"],"InstanceId":1073748860,"TimeGenerated":"\/Date(1580775851000)\/","TimeWritten":"\/Date(1580775851000)\/","UserName":null,"Site":null,"Container":null},{"MachineName":"SERWER01","Data":[85,0,109,0,82,0,100,0,112,0,83,0,101,0,114,0,118,0,105,0,99,0,101,0,47,0,49,0,0,0],"Index":2258,"Category":"(0)","CategoryNumber":0,"EventID":7036,"EntryType":4,"Message":"The Remote Desktop Services UserMode Port Redirector service entered the stopped state.","Source":"Service Control Manager","ReplacementStrings":["Remote Desktop Services UserMode Port Redirector","stopped"],"InstanceId":1073748860,"TimeGenerated":"\/Date(1580775851000)\/","TimeWritten":"\/Date(1580775851000)\/","UserName":null,"Site":null,"Container":null},{"MachineName":"SERWER01","Data":[87,0,51,0,50,0,84,0,105,0,109,0,101,0,47,0,49,0,0,0],"Index":2256,"Category":"(0)","CategoryNumber":0,"EventID":7036,"EntryType":4,"Message":"The Windows Time service entered the stopped state.","Source":"Service Control Manager","ReplacementStrings":["Windows Time","stopped"],"InstanceId":1073748860,"TimeGenerated":"\/Date(1580775851000)\/","TimeWritten":"\/Date(1580775851000)\/","UserName":null,"Site":null,"Container":null},{"MachineName":"SERWER01","Data":[68,0,105,0,97,0,103,0,84,0,114,0,97,0,99,0,107,0,47,0,49,0,0,0],"Index":2255,"Category":"(0)","CategoryNumber":0,"EventID":7036,"EntryType":4,"Message":"The Connected User Experiences and Telemetry service entered the stopped state.","Source":"Service Control Manager","ReplacementStrings":["Connected User Experiences and Telemetry","stopped"],"InstanceId":1073748860,"TimeGenerated":"\/Date(1580775851000)\/","TimeWritten":"\/Date(1580775851000)\/","UserName":null,"Site":null,"Container":null},{"MachineName":"SERWER01","Data":[84,0,114,0,117,0,115,0,116,0,101,0,100,0,73,0,110,0,115,0,116,0,97,0,108,0,108,0,101,0,114,0,47,0,49,0,0,0],"Index":2254,"Category":"(0)","CategoryNumber":0,"EventID":7036,"EntryType":4,"Message":"The Windows Modules Installer service entered the stopped state.","Source":"Service Control Manager","ReplacementStrings":["Windows Modules Installer","stopped"],"InstanceId":1073748860,"TimeGenerated":"\/Date(1580775851000)\/","TimeWritten":"\/Date(1580775851000)\/","UserName":null,"Site":null,"Container":null},{"MachineName":"SERWER01","Data":[103,0,112,0,115,0,118,0,99,0,47,0,49,0,0,0],"Index":2253,"Category":"(0)","CategoryNumber":0,"EventID":7036,"EntryType":4,"Message":"The Group Policy Client service entered the stopped state.","Source":"Service Control Manager","ReplacementStrings":["Group Policy Client","stopped"],"InstanceId":1073748860,"TimeGenerated":"\/Date(1580775851000)\/","TimeWritten":"\/Date(1580775851000)\/","UserName":null,"Site":null,"Container":null},{"MachineName":"SERWER01","Data":[78,0,101,0,116,0,83,0,101,0,116,0,117,0,112,0,83,0,118,0,99,0,47,0,52,0,0,0],"Index":2251,"Category":"(0)","CategoryNumber":0,"EventID":7036,"EntryType":4,"Message":"The Network Setup Service service entered the running state.","Source":"Service Control Manager","ReplacementStrings":["Network Setup Service","running"],"InstanceId":1073748860,"TimeGenerated":"\/Date(1580775850000)\/","TimeWritten":"\/Date(1580775850000)\/","UserName":null,"Site":null,"Container":null},{"MachineName":"SERWER01","Data":[87,0,100,0,78,0,105,0,115,0,83,0,118,0,99,0,47,0,52,0,0,0],"Index":2247,"Category":"(0)","CategoryNumber":0,"EventID":7036,"EntryType":4,"Message":"The Windows Defender Antivirus Network Inspection Service service entered the running state.","Source":"Service Control Manager","ReplacementStrings":["Windows Defender Antivirus Network Inspection Service","running"],"InstanceId":1073748860,"TimeGenerated":"\/Date(1580775846000)\/","TimeWritten":"\/Date(1580775846000)\/","UserName":null,"Site":null,"Container":null},{"MachineName":"SERWER01","Data":[78,0,99,0,98,0,83,0,101,0,114,0,118,0,105,0,99,0,101,0,47,0,52,0,0,0],"Index":2246,"Category":"(0)","CategoryNumber":0,"EventID":7036,"EntryType":4,"Message":"The NcbService service entered the running state.","Source":"Service Control Manager","ReplacementStrings":["NcbService","running"],"InstanceId":1073748860,"TimeGenerated":"\/Date(1580775845000)\/","TimeWritten":"\/Date(1580775845000)\/","UserName":null,"Site":null,"Container":null},{"MachineName":"SERWER01","Data":[115,0,112,0,112,0,115,0,118,0,99,0,47,0,52,0,0,0],"Index":2244,"Category":"(0)","CategoryNumber":0,"EventID":7036,"EntryType":4,"Message":"The Software Protection service entered the running state.","Source":"Service Control Manager","ReplacementStrings":["Software Protection","running"],"InstanceId":1073748860,"TimeGenerated":"\/Date(1580775845000)\/","TimeWritten":"\/Date(1580775845000)\/","UserName":null,"Site":null,"Container":null},{"MachineName":"SERWER01","Data":[68,0,105,0,97,0,103,0,84,0,114,0,97,0,99,0,107,0,47,0,52,0,0,0],"Index":2243,"Category":"(0)","CategoryNumber":0,"EventID":7036,"EntryType":4,"Message":"The DiagTrack service entered the running state.","Source":"Service Control Manager","ReplacementStrings":["DiagTrack","running"],"InstanceId":1073748860,"TimeGenerated":"\/Date(1580775844000)\/","TimeWritten":"\/Date(1580775844000)\/","UserName":null,"Site":null,"Container":null},{"MachineName":"SERWER01","Data":[84,0,101,0,97,0,109,0,86,0,105,0,101,0,119,0,101,0,114,0,47,0,52,0,0,0],"Index":2242,"Category":"(0)","CategoryNumber":0,"EventID":7036,"EntryType":4,"Message":"The TeamViewer service entered the running state.","Source":"Service Control Manager","ReplacementStrings":["TeamViewer","running"],"InstanceId":1073748860,"TimeGenerated":"\/Date(1580775844000)\/","TimeWritten":"\/Date(1580775844000)\/","UserName":null,"Site":null,"Container":null},{"MachineName":"SERWER01","Data":[68,0,78,0,83,0,47,0,52,0,0,0],"Index":2240,"Category":"(0)","CategoryNumber":0,"EventID":7036,"EntryType":4,"Message":"The DNS service entered the running state.","Source":"Service Control Manager","ReplacementStrings":["DNS","running"],"InstanceId":1073748860,"TimeGenerated":"\/Date(1580775844000)\/","TimeWritten":"\/Date(1580775844000)\/","UserName":null,"Site":null,"Container":null},{"MachineName":"SERWER01","Data":[72,0,118,0,72,0,111,0,115,0,116,0,47,0,52,0,0,0],"Index":2239,"Category":"(0)","CategoryNumber":0,"EventID":7036,"EntryType":4,"Message":"The HvHost service entered the running state.","Source":"Service Control Manager","ReplacementStrings":["HvHost","running"],"InstanceId":1073748860,"TimeGenerated":"\/Date(1580775844000)\/","TimeWritten":"\/Date(1580775844000)\/","UserName":null,"Site":null,"Container":null},{"MachineName":"SERWER01","Data":[87,0,105,0,110,0,82,0,77,0,47,0,52,0,0,0],"Index":2238,"Category":"(0)","CategoryNumber":0,"EventID":7036,"EntryType":4,"Message":"The WinRM service entered the running state.","Source":"Service Control Manager","ReplacementStrings":["WinRM","running"],"InstanceId":1073748860,"TimeGenerated":"\/Date(1580775844000)\/","TimeWritten":"\/Date(1580775844000)\/","UserName":null,"Site":null,"Container":null},{"MachineName":"SERWER01","Data":[78,0,102,0,115,0,83,0,101,0,114,0,118,0,105,0,99,0,101,0,47,0,52,0,0,0],"Index":2237,"Category":"(0)","CategoryNumber":0,"EventID":7036,"EntryType":4,"Message":"The NfsService service entered the running state.","Source":"Service Control Manager","ReplacementStrings":["NfsService","running"],"InstanceId":1073748860,"TimeGenerated":"\/Date(1580775844000)\/","TimeWritten":"\/Date(1580775844000)\/","UserName":null,"Site":null,"Container":null},{"MachineName":"SERWER01","Data":[76,0,97,0,110,0,109,0,97,0,110,0,83,0,101,0,114,0,118,0,101,0,114,0,47,0,52,0,0,0],"Index":2236,"Category":"(0)","CategoryNumber":0,"EventID":7036,"EntryType":4,"Message":"The LanmanServer service entered the running state.","Source":"Service Control Manager","ReplacementStrings":["LanmanServer","running"],"InstanceId":1073748860,"TimeGenerated":"\/Date(1580775844000)\/","TimeWritten":"\/Date(1580775844000)\/","UserName":null,"Site":null,"Container":null},{"MachineName":"SERWER01","Data":[87,0,105,0,110,0,68,0,101,0,102,0,101,0,110,0,100,0,47,0,52,0,0,0],"Index":2235,"Category":"(0)","CategoryNumber":0,"EventID":7036,"EntryType":4,"Message":"The WinDefend service entered the running state.","Source":"Service Control Manager","ReplacementStrings":["WinDefend","running"],"InstanceId":1073748860,"TimeGenerated":"\/Date(1580775844000)\/","TimeWritten":"\/Date(1580775844000)\/","UserName":null,"Site":null,"Container":null},{"MachineName":"SERWER01","Data":[108,0,109,0,104,0,111,0,115,0,116,0,115,0,47,0,52,0,0,0],"Index":2234,"Category":"(0)","CategoryNumber":0,"EventID":7036,"EntryType":4,"Message":"The lmhosts service entered the running state.","Source":"Service Control Manager","ReplacementStrings":["lmhosts","running"],"InstanceId":1073748860,"TimeGenerated":"\/Date(1580775844000)\/","TimeWritten":"\/Date(1580775844000)\/","UserName":null,"Site":null,"Container":null},{"MachineName":"SERWER01","Data":[87,0,112,0,110,0,83,0,101,0,114,0,118,0,105,0,99,0,101,0,47,0,52,0,0,0],"Index":2233,"Category":"(0)","CategoryNumber":0,"EventID":7036,"EntryType":4,"Message":"The WpnService service entered the running state.","Source":"Service Control Manager","ReplacementStrings":["WpnService","running"],"InstanceId":1073748860,"TimeGenerated":"\/Date(1580775844000)\/","TimeWritten":"\/Date(1580775844000)\/","UserName":null,"Site":null,"Container":null},{"MachineName":"SERWER01","Data":[105,0,112,0,104,0,108,0,112,0,115,0,118,0,99,0,47,0,52,0,0,0],"Index":2232,"Category":"(0)","CategoryNumber":0,"EventID":7036,"EntryType":4,"Message":"The iphlpsvc service entered the running state.","Source":"Service Control Manager","ReplacementStrings":["iphlpsvc","running"],"InstanceId":1073748860,"TimeGenerated":"\/Date(1580775844000)\/","TimeWritten":"\/Date(1580775844000)\/","UserName":null,"Site":null,"Container":null},{"MachineName":"SERWER01","Data":[87,0,51,0,50,0,84,0,105,0,109,0,101,0,47,0,52,0,0,0],"Index":2231,"Category":"(0)","CategoryNumber":0,"EventID":7036,"EntryType":4,"Message":"The W32Time service entered the running state.","Source":"Service Control Manager","ReplacementStrings":["W32Time","running"],"InstanceId":1073748860,"TimeGenerated":"\/Date(1580775844000)\/","TimeWritten":"\/Date(1580775844000)\/","UserName":null,"Site":null,"Container":null},{"MachineName":"SERWER01","Data":[109,0,112,0,115,0,115,0,118,0,99,0,47,0,52,0,0,0],"Index":2228,"Category":"(0)","CategoryNumber":0,"EventID":7036,"EntryType":4,"Message":"The mpssvc service entered the running state.","Source":"Service Control Manager","ReplacementStrings":["mpssvc","running"],"InstanceId":1073748860,"TimeGenerated":"\/Date(1580775844000)\/","TimeWritten":"\/Date(1580775844000)\/","UserName":null,"Site":null,"Container":null},{"MachineName":"SERWER01","Data":[67,0,114,0,121,0,112,0,116,0,83,0,118,0,99,0,47,0,52,0,0,0],"Index":2227,"Category":"(0)","CategoryNumber":0,"EventID":7036,"EntryType":4,"Message":"The CryptSvc service entered the running state.","Source":"Service Control Manager","ReplacementStrings":["CryptSvc","running"],"InstanceId":1073748860,"TimeGenerated":"\/Date(1580775844000)\/","TimeWritten":"\/Date(1580775844000)\/","UserName":null,"Site":null,"Container":null},{"MachineName":"SERWER01","Data":[82,0,101,0,109,0,111,0,116,0,101,0,82,0,101,0,103,0,105,0,115,0,116,0,114,0,121,0,47,0,52,0,0,0],"Index":2226,"Category":"(0)","CategoryNumber":0,"EventID":7036,"EntryType":4,"Message":"The RemoteRegistry service entered the running state.","Source":"Service Control Manager","ReplacementStrings":["RemoteRegistry","running"],"InstanceId":1073748860,"TimeGenerated":"\/Date(1580775844000)\/","TimeWritten":"\/Date(1580775844000)\/","UserName":null,"Site":null,"Container":null},{"MachineName":"SERWER01","Data":[83,0,112,0,111,0,111,0,108,0,101,0,114,0,47,0,52,0,0,0],"Index":2225,"Category":"(0)","CategoryNumber":0,"EventID":7036,"EntryType":4,"Message":"The Spooler service entered the running state.","Source":"Service Control Manager","ReplacementStrings":["Spooler","running"],"InstanceId":1073748860,"TimeGenerated":"\/Date(1580775843000)\/","TimeWritten":"\/Date(1580775843000)\/","UserName":null,"Site":null,"Container":null},{"MachineName":"SERWER01","Data":[87,0,105,0,110,0,109,0,103,0,109,0,116,0,47,0,52,0,0,0],"Index":2224,"Category":"(0)","CategoryNumber":0,"EventID":7036,"EntryType":4,"Message":"The Winmgmt service entered the running state.","Source":"Service Control Manager","ReplacementStrings":["Winmgmt","running"],"InstanceId":1073748860,"TimeGenerated":"\/Date(1580775843000)\/","TimeWritten":"\/Date(1580775843000)\/","UserName":null,"Site":null,"Container":null},{"MachineName":"SERWER01","Data":[83,0,121,0,115,0,77,0,97,0,105,0,110,0,47,0,52,0,0,0],"Index":2223,"Category":"(0)","CategoryNumber":0,"EventID":7036,"EntryType":4,"Message":"The SysMain service entered the running state.","Source":"Service Control Manager","ReplacementStrings":["SysMain","running"],"InstanceId":1073748860,"TimeGenerated":"\/Date(1580775843000)\/","TimeWritten":"\/Date(1580775843000)\/","UserName":null,"Site":null,"Container":null},{"MachineName":"SERWER01","Data":[84,0,114,0,107,0,87,0,107,0,115,0,47,0,52,0,0,0],"Index":2222,"Category":"(0)","CategoryNumber":0,"EventID":7036,"EntryType":4,"Message":"The TrkWks service entered the running state.","Source":"Service Control Manager","ReplacementStrings":["TrkWks","running"],"InstanceId":1073748860,"TimeGenerated":"\/Date(1580775843000)\/","TimeWritten":"\/Date(1580775843000)\/","UserName":null,"Site":null,"Container":null},{"MachineName":"SERWER01","Data":[87,0,99,0,109,0,115,0,118,0,99,0,47,0,52,0,0,0],"Index":2219,"Category":"(0)","CategoryNumber":0,"EventID":7036,"EntryType":4,"Message":"The Wcmsvc service entered the running state.","Source":"Service Control Manager","ReplacementStrings":["Wcmsvc","running"],"InstanceId":1073748860,"TimeGenerated":"\/Date(1580775843000)\/","TimeWritten":"\/Date(1580775843000)\/","UserName":null,"Site":null,"Container":null},{"MachineName":"SERWER01","Data":[83,0,97,0,109,0,83,0,115,0,47,0,52,0,0,0],"Index":2218,"Category":"(0)","CategoryNumber":0,"EventID":7036,"EntryType":4,"Message":"The SamSs service entered the running state.","Source":"Service Control Manager","ReplacementStrings":["SamSs","running"],"InstanceId":1073748860,"TimeGenerated":"\/Date(1580775843000)\/","TimeWritten":"\/Date(1580775843000)\/","UserName":null,"Site":null,"Container":null},{"MachineName":"SERWER01","Data":[87,0,105,0,110,0,72,0,116,0,116,0,112,0,65,0,117,0,116,0,111,0,80,0,114,0,111,0,120,0,121,0,83,0,118,0,99,0,47,0,52,0,0,0],"Index":2217,"Category":"(0)","CategoryNumber":0,"EventID":7036,"EntryType":4,"Message":"The WinHttpAutoProxySvc service entered the running state.","Source":"Service Control Manager","ReplacementStrings":["WinHttpAutoProxySvc","running"],"InstanceId":1073748860,"TimeGenerated":"\/Date(1580775843000)\/","TimeWritten":"\/Date(1580775843000)\/","UserName":null,"Site":null,"Container":null},{"MachineName":"SERWER01","Data":[66,0,70,0,69,0,47,0,52,0,0,0],"Index":2216,"Category":"(0)","CategoryNumber":0,"EventID":7036,"EntryType":4,"Message":"The BFE service entered the running state.","Source":"Service Control Manager","ReplacementStrings":["BFE","running"],"InstanceId":1073748860,"TimeGenerated":"\/Date(1580775843000)\/","TimeWritten":"\/Date(1580775843000)\/","UserName":null,"Site":null,"Container":null},{"MachineName":"SERWER01","Data":[110,0,101,0,116,0,112,0,114,0,111,0,102,0,109,0,47,0,52,0,0,0],"Index":2215,"Category":"(0)","CategoryNumber":0,"EventID":7036,"EntryType":4,"Message":"The netprofm service entered the running state.","Source":"Service Control Manager","ReplacementStrings":["netprofm","running"],"InstanceId":1073748860,"TimeGenerated":"\/Date(1580775843000)\/","TimeWritten":"\/Date(1580775843000)\/","UserName":null,"Site":null,"Container":null},{"MachineName":"SERWER01","Data":[85,0,115,0,101,0,114,0,77,0,97,0,110,0,97,0,103,0,101,0,114,0,47,0,52,0,0,0],"Index":2214,"Category":"(0)","CategoryNumber":0,"EventID":7036,"EntryType":4,"Message":"The UserManager service entered the running state.","Source":"Service Control Manager","ReplacementStrings":["UserManager","running"],"InstanceId":1073748860,"TimeGenerated":"\/Date(1580775843000)\/","TimeWritten":"\/Date(1580775843000)\/","UserName":null,"Site":null,"Container":null},{"MachineName":"SERWER01","Data":[78,0,108,0,97,0,83,0,118,0,99,0,47,0,52,0,0,0],"Index":2213,"Category":"(0)","CategoryNumber":0,"EventID":7036,"EntryType":4,"Message":"The NlaSvc service entered the running state.","Source":"Service Control Manager","ReplacementStrings":["NlaSvc","running"],"InstanceId":1073748860,"TimeGenerated":"\/Date(1580775843000)\/","TimeWritten":"\/Date(1580775843000)\/","UserName":null,"Site":null,"Container":null},{"MachineName":"SERWER01","Data":[83,0,101,0,115,0,115,0,105,0,111,0,110,0,69,0,110,0,118,0,47,0,52,0,0,0],"Index":2212,"Category":"(0)","CategoryNumber":0,"EventID":7036,"EntryType":4,"Message":"The SessionEnv service entered the running state.","Source":"Service Control Manager","ReplacementStrings":["SessionEnv","running"],"InstanceId":1073748860,"TimeGenerated":"\/Date(1580775843000)\/","TimeWritten":"\/Date(1580775843000)\/","UserName":null,"Site":null,"Container":null},{"MachineName":"SERWER01","Data":[83,0,104,0,101,0,108,0,108,0,72,0,87,0,68,0,101,0,116,0,101,0,99,0,116,0,105,0,111,0,110,0,47,0,52,0,0,0],"Index":2211,"Category":"(0)","CategoryNumber":0,"EventID":7036,"EntryType":4,"Message":"The ShellHWDetection service entered the running state.","Source":"Service Control Manager","ReplacementStrings":["ShellHWDetection","running"],"InstanceId":1073748860,"TimeGenerated":"\/Date(1580775843000)\/","TimeWritten":"\/Date(1580775843000)\/","UserName":null,"Site":null,"Container":null},{"MachineName":"SERWER01","Data":[68,0,110,0,115,0,99,0,97,0,99,0,104,0,101,0,47,0,52,0,0,0],"Index":2210,"Category":"(0)","CategoryNumber":0,"EventID":7036,"EntryType":4,"Message":"The Dnscache service entered the running state.","Source":"Service Control Manager","ReplacementStrings":["Dnscache","running"],"InstanceId":1073748860,"TimeGenerated":"\/Date(1580775843000)\/","TimeWritten":"\/Date(1580775843000)\/","UserName":null,"Site":null,"Container":null},{"MachineName":"SERWER01","Data":[68,0,104,0,99,0,112,0,47,0,52,0,0,0],"Index":2209,"Category":"(0)","CategoryNumber":0,"EventID":7036,"EntryType":4,"Message":"The Dhcp service entered the running state.","Source":"Service Control Manager","ReplacementStrings":["Dhcp","running"],"InstanceId":1073748860,"TimeGenerated":"\/Date(1580775843000)\/","TimeWritten":"\/Date(1580775843000)\/","UserName":null,"Site":null,"Container":null},{"MachineName":"SERWER01","Data":[76,0,97,0,110,0,109,0,97,0,110,0,87,0,111,0,114,0,107,0,115,0,116,0,97,0,116,0,105,0,111,0,110,0,47,0,52,0,0,0],"Index":2208,"Category":"(0)","CategoryNumber":0,"EventID":7036,"EntryType":4,"Message":"The LanmanWorkstation service entered the running state.","Source":"Service Control Manager","ReplacementStrings":["LanmanWorkstation","running"],"InstanceId":1073748860,"TimeGenerated":"\/Date(1580775843000)\/","TimeWritten":"\/Date(1580775843000)\/","UserName":null,"Site":null,"Container":null},{"MachineName":"SERWER01","Data":[70,0,111,0,110,0,116,0,67,0,97,0,99,0,104,0,101,0,47,0,52,0,0,0],"Index":2206,"Category":"(0)","CategoryNumber":0,"EventID":7036,"EntryType":4,"Message":"The FontCache service entered the running state.","Source":"Service Control Manager","ReplacementStrings":["FontCache","running"],"InstanceId":1073748860,"TimeGenerated":"\/Date(1580775843000)\/","TimeWritten":"\/Date(1580775843000)\/","UserName":null,"Site":null,"Container":null},{"MachineName":"SERWER01","Data":[83,0,99,0,104,0,101,0,100,0,117,0,108,0,101,0,47,0,52,0,0,0],"Index":2205,"Category":"(0)","CategoryNumber":0,"EventID":7036,"EntryType":4,"Message":"The Schedule service entered the running state.","Source":"Service Control Manager","ReplacementStrings":["Schedule","running"],"InstanceId":1073748860,"TimeGenerated":"\/Date(1580775843000)\/","TimeWritten":"\/Date(1580775843000)\/","UserName":null,"Site":null,"Container":null},{"MachineName":"SERWER01","Data":[110,0,115,0,105,0,47,0,52,0,0,0],"Index":2202,"Category":"(0)","CategoryNumber":0,"EventID":7036,"EntryType":4,"Message":"The nsi service entered the running state.","Source":"Service Control Manager","ReplacementStrings":["nsi","running"],"InstanceId":1073748860,"TimeGenerated":"\/Date(1580775843000)\/","TimeWritten":"\/Date(1580775843000)\/","UserName":null,"Site":null,"Container":null},{"MachineName":"SERWER01","Data":[67,0,101,0,114,0,116,0,80,0,114,0,111,0,112,0,83,0,118,0,99,0,47,0,52,0,0,0],"Index":2201,"Category":"(0)","CategoryNumber":0,"EventID":7036,"EntryType":4,"Message":"The CertPropSvc service entered the running state.","Source":"Service Control Manager","ReplacementStrings":["CertPropSvc","running"],"InstanceId":1073748860,"TimeGenerated":"\/Date(1580775843000)\/","TimeWritten":"\/Date(1580775843000)\/","UserName":null,"Site":null,"Container":null},{"MachineName":"SERWER01","Data":[83,0,69,0,78,0,83,0,47,0,52,0,0,0],"Index":2200,"Category":"(0)","CategoryNumber":0,"EventID":7036,"EntryType":4,"Message":"The SENS service entered the running state.","Source":"Service Control Manager","ReplacementStrings":["SENS","running"],"InstanceId":1073748860,"TimeGenerated":"\/Date(1580775843000)\/","TimeWritten":"\/Date(1580775843000)\/","UserName":null,"Site":null,"Container":null},{"MachineName":"SERWER01","Data":[84,0,114,0,117,0,115,0,116,0,101,0,100,0,73,0,110,0,115,0,116,0,97,0,108,0,108,0,101,0,114,0,47,0,52,0,0,0],"Index":2198,"Category":"(0)","CategoryNumber":0,"EventID":7036,"EntryType":4,"Message":"The TrustedInstaller service entered the running state.","Source":"Service Control Manager","ReplacementStrings":["TrustedInstaller","running"],"InstanceId":1073748860,"TimeGenerated":"\/Date(1580775843000)\/","TimeWritten":"\/Date(1580775843000)\/","UserName":null,"Site":null,"Container":null},{"MachineName":"SERWER01","Data":[80,0,114,0,111,0,102,0,83,0,118,0,99,0,47,0,52,0,0,0],"Index":2197,"Category":"(0)","CategoryNumber":0,"EventID":7036,"EntryType":4,"Message":"The ProfSvc service entered the running state.","Source":"Service Control Manager","ReplacementStrings":["ProfSvc","running"],"InstanceId":1073748860,"TimeGenerated":"\/Date(1580775843000)\/","TimeWritten":"\/Date(1580775843000)\/","UserName":null,"Site":null,"Container":null},{"MachineName":"SERWER01","Data":[69,0,118,0,101,0,110,0,116,0,83,0,121,0,115,0,116,0,101,0,109,0,47,0,52,0,0,0],"Index":2196,"Category":"(0)","CategoryNumber":0,"EventID":7036,"EntryType":4,"Message":"The EventSystem service entered the running state.","Source":"Service Control Manager","ReplacementStrings":["EventSystem","running"],"InstanceId":1073748860,"TimeGenerated":"\/Date(1580775843000)\/","TimeWritten":"\/Date(1580775843000)\/","UserName":null,"Site":null,"Container":null},{"MachineName":"SERWER01","Data":[85,0,109,0,82,0,100,0,112,0,83,0,101,0,114,0,118,0,105,0,99,0,101,0,47,0,52,0,0,0],"Index":2195,"Category":"(0)","CategoryNumber":0,"EventID":7036,"EntryType":4,"Message":"The UmRdpService service entered the running state.","Source":"Service Control Manager","ReplacementStrings":["UmRdpService","running"],"InstanceId":1073748860,"TimeGenerated":"\/Date(1580775843000)\/","TimeWritten":"\/Date(1580775843000)\/","UserName":null,"Site":null,"Container":null},{"MachineName":"SERWER01","Data":[103,0,112,0,115,0,118,0,99,0,47,0,52,0,0,0],"Index":2194,"Category":"(0)","CategoryNumber":0,"EventID":7036,"EntryType":4,"Message":"The gpsvc service entered the running state.","Source":"Service Control Manager","ReplacementStrings":["gpsvc","running"],"InstanceId":1073748860,"TimeGenerated":"\/Date(1580775843000)\/","TimeWritten":"\/Date(1580775843000)\/","UserName":null,"Site":null,"Container":null},{"MachineName":"SERWER01","Data":[84,0,104,0,101,0,109,0,101,0,115,0,47,0,52,0,0,0],"Index":2193,"Category":"(0)","CategoryNumber":0,"EventID":7036,"EntryType":4,"Message":"The Themes service entered the running state.","Source":"Service Control Manager","ReplacementStrings":["Themes","running"],"InstanceId":1073748860,"TimeGenerated":"\/Date(1580775843000)\/","TimeWritten":"\/Date(1580775843000)\/","UserName":null,"Site":null,"Container":null},{"MachineName":"SERWER01","Data":[69,0,118,0,101,0,110,0,116,0,76,0,111,0,103,0,47,0,52,0,0,0],"Index":2192,"Category":"(0)","CategoryNumber":0,"EventID":7036,"EntryType":4,"Message":"The EventLog service entered the running state.","Source":"Service Control Manager","ReplacementStrings":["EventLog","running"],"InstanceId":1073748860,"TimeGenerated":"\/Date(1580775843000)\/","TimeWritten":"\/Date(1580775843000)\/","UserName":null,"Site":null,"Container":null},{"MachineName":"SERWER01","Data":[67,0,111,0,114,0,101,0,77,0,101,0,115,0,115,0,97,0,103,0,105,0,110,0,103,0,82,0,101,0,103,0,105,0,115,0,116,0,114,0,97,0,114,0,47,0,52,0,0,0],"Index":2191,"Category":"(0)","CategoryNumber":0,"EventID":7036,"EntryType":4,"Message":"The CoreMessagingRegistrar service entered the running state.","Source":"Service Control Manager","ReplacementStrings":["CoreMessagingRegistrar","running"],"InstanceId":1073748860,"TimeGenerated":"\/Date(1580775843000)\/","TimeWritten":"\/Date(1580775843000)\/","UserName":null,"Site":null,"Container":null},{"MachineName":"SERWER01","Data":[87,0,80,0,68,0,66,0,117,0,115,0,69,0,110,0,117,0,109,0,47,0,52,0,0,0],"Index":2186,"Category":"(0)","CategoryNumber":0,"EventID":7036,"EntryType":4,"Message":"The WPDBusEnum service entered the running state.","Source":"Service Control Manager","ReplacementStrings":["WPDBusEnum","running"],"InstanceId":1073748860,"TimeGenerated":"\/Date(1580775843000)\/","TimeWritten":"\/Date(1580775843000)\/","UserName":null,"Site":null,"Container":null},{"MachineName":"SERWER01","Data":[84,0,105,0,109,0,101,0,66,0,114,0,111,0,107,0,101,0,114,0,83,0,118,0,99,0,47,0,52,0,0,0],"Index":2183,"Category":"(0)","CategoryNumber":0,"EventID":7036,"EntryType":4,"Message":"The TimeBrokerSvc service entered the running state.","Source":"Service Control Manager","ReplacementStrings":["TimeBrokerSvc","running"],"InstanceId":1073748860,"TimeGenerated":"\/Date(1580775843000)\/","TimeWritten":"\/Date(1580775843000)\/","UserName":null,"Site":null,"Container":null},{"MachineName":"SERWER01","Data":[84,0,101,0,114,0,109,0,83,0,101,0,114,0,118,0,105,0,99,0,101,0,47,0,52,0,0,0],"Index":2182,"Category":"(0)","CategoryNumber":0,"EventID":7036,"EntryType":4,"Message":"The TermService service entered the running state.","Source":"Service Control Manager","ReplacementStrings":["TermService","running"],"InstanceId":1073748860,"TimeGenerated":"\/Date(1580775843000)\/","TimeWritten":"\/Date(1580775843000)\/","UserName":null,"Site":null,"Container":null},{"MachineName":"SERWER01","Data":[83,0,121,0,115,0,116,0,101,0,109,0,69,0,118,0,101,0,110,0,116,0,115,0,66,0,114,0,111,0,107,0,101,0,114,0,47,0,52,0,0,0],"Index":2181,"Category":"(0)","CategoryNumber":0,"EventID":7036,"EntryType":4,"Message":"The SystemEventsBroker service entered the running state.","Source":"Service Control Manager","ReplacementStrings":["SystemEventsBroker","running"],"InstanceId":1073748860,"TimeGenerated":"\/Date(1580775843000)\/","TimeWritten":"\/Date(1580775843000)\/","UserName":null,"Site":null,"Container":null},{"MachineName":"SERWER01","Data":[66,0,114,0,111,0,107,0,101,0,114,0,73,0,110,0,102,0,114,0,97,0,115,0,116,0,114,0,117,0,99,0,116,0,117,0,114,0,101,0,47,0,52,0,0,0],"Index":2180,"Category":"(0)","CategoryNumber":0,"EventID":7036,"EntryType":4,"Message":"The BrokerInfrastructure service entered the running state.","Source":"Service Control Manager","ReplacementStrings":["BrokerInfrastructure","running"],"InstanceId":1073748860,"TimeGenerated":"\/Date(1580775843000)\/","TimeWritten":"\/Date(1580775843000)\/","UserName":null,"Site":null,"Container":null},{"MachineName":"SERWER01","Data":[76,0,83,0,77,0,47,0,52,0,0,0],"Index":2179,"Category":"(0)","CategoryNumber":0,"EventID":7036,"EntryType":4,"Message":"The LSM service entered the running state.","Source":"Service Control Manager","ReplacementStrings":["LSM","running"],"InstanceId":1073748860,"TimeGenerated":"\/Date(1580775843000)\/","TimeWritten":"\/Date(1580775843000)\/","UserName":null,"Site":null,"Container":null},{"MachineName":"SERWER01","Data":[82,0,112,0,99,0,83,0,115,0,47,0,52,0,0,0],"Index":2178,"Category":"(0)","CategoryNumber":0,"EventID":7036,"EntryType":4,"Message":"The RpcSs service entered the running state.","Source":"Service Control Manager","ReplacementStrings":["RpcSs","running"],"InstanceId":1073748860,"TimeGenerated":"\/Date(1580775843000)\/","TimeWritten":"\/Date(1580775843000)\/","UserName":null,"Site":null,"Container":null},{"MachineName":"SERWER01","Data":[82,0,112,0,99,0,69,0,112,0,116,0,77,0,97,0,112,0,112,0,101,0,114,0,47,0,52,0,0,0],"Index":2177,"Category":"(0)","CategoryNumber":0,"EventID":7036,"EntryType":4,"Message":"The RpcEptMapper service entered the running state.","Source":"Service Control Manager","ReplacementStrings":["RpcEptMapper","running"],"InstanceId":1073748860,"TimeGenerated":"\/Date(1580775843000)\/","TimeWritten":"\/Date(1580775843000)\/","UserName":null,"Site":null,"Container":null},{"MachineName":"SERWER01","Data":[68,0,99,0,111,0,109,0,76,0,97,0,117,0,110,0,99,0,104,0,47,0,52,0,0,0],"Index":2176,"Category":"(0)","CategoryNumber":0,"EventID":7036,"EntryType":4,"Message":"The DcomLaunch service entered the running state.","Source":"Service Control Manager","ReplacementStrings":["DcomLaunch","running"],"InstanceId":1073748860,"TimeGenerated":"\/Date(1580775842000)\/","TimeWritten":"\/Date(1580775842000)\/","UserName":null,"Site":null,"Container":null},{"MachineName":"SERWER01","Data":[80,0,111,0,119,0,101,0,114,0,47,0,52,0,0,0],"Index":2175,"Category":"(0)","CategoryNumber":0,"EventID":7036,"EntryType":4,"Message":"The Power service entered the running state.","Source":"Service Control Manager","ReplacementStrings":["Power","running"],"InstanceId":1073748860,"TimeGenerated":"\/Date(1580775842000)\/","TimeWritten":"\/Date(1580775842000)\/","UserName":null,"Site":null,"Container":null},{"MachineName":"SERWER01","Data":[80,0,108,0,117,0,103,0,80,0,108,0,97,0,121,0,47,0,52,0,0,0],"Index":2174,"Category":"(0)","CategoryNumber":0,"EventID":7036,"EntryType":4,"Message":"The PlugPlay service entered the running state.","Source":"Service Control Manager","ReplacementStrings":["PlugPlay","running"],"InstanceId":1073748860,"TimeGenerated":"\/Date(1580775842000)\/","TimeWritten":"\/Date(1580775842000)\/","UserName":null,"Site":null,"Container":null},{"MachineName":"SERWER01","Data":[78,0,101,0,116,0,83,0,101,0,116,0,117,0,112,0,83,0,118,0,99,0,47,0,49,0,0,0],"Index":2129,"Category":"(0)","CategoryNumber":0,"EventID":7036,"EntryType":4,"Message":"The Network Setup Service service entered the stopped state.","Source":"Service Control Manager","ReplacementStrings":["Network Setup Service","stopped"],"InstanceId":1073748860,"TimeGenerated":"\/Date(1580775669000)\/","TimeWritten":"\/Date(1580775669000)\/","UserName":null,"Site":null,"Container":null},{"MachineName":"SERWER01","Data":[119,0,117,0,97,0,117,0,115,0,101,0,114,0,118,0,47,0,49,0,0,0],"Index":2124,"Category":"(0)","CategoryNumber":0,"EventID":7036,"EntryType":4,"Message":"The Windows Update service entered the stopped state.","Source":"Service Control Manager","ReplacementStrings":["Windows Update","stopped"],"InstanceId":1073748860,"TimeGenerated":"\/Date(1580775667000)\/","TimeWritten":"\/Date(1580775667000)\/","UserName":null,"Site":null,"Container":null},{"MachineName":"SERWER01","Data":[68,0,78,0,83,0,47,0,49,0,0,0],"Index":2123,"Category":"(0)","CategoryNumber":0,"EventID":7036,"EntryType":4,"Message":"The DNS Server service entered the stopped state.","Source":"Service Control Manager","ReplacementStrings":["DNS Server","stopped"],"InstanceId":1073748860,"TimeGenerated":"\/Date(1580775666000)\/","TimeWritten":"\/Date(1580775666000)\/","UserName":null,"Site":null,"Container":null},{"MachineName":"SERWER01","Data":[87,0,105,0,110,0,68,0,101,0,102,0,101,0,110,0,100,0,47,0,49,0,0,0],"Index":2122,"Category":"(0)","CategoryNumber":0,"EventID":7036,"EntryType":4,"Message":"The Windows Defender Antivirus Service service entered the stopped state.","Source":"Service Control Manager","ReplacementStrings":["Windows Defender Antivirus Service","stopped"],"InstanceId":1073748860,"TimeGenerated":"\/Date(1580775666000)\/","TimeWritten":"\/Date(1580775666000)\/","UserName":null,"Site":null,"Container":null},{"MachineName":"SERWER01","Data":[68,0,80,0,83,0,47,0,49,0,0,0],"Index":2121,"Category":"(0)","CategoryNumber":0,"EventID":7036,"EntryType":4,"Message":"The Diagnostic Policy Service service entered the stopped state.","Source":"Service Control Manager","ReplacementStrings":["Diagnostic Policy Service","stopped"],"InstanceId":1073748860,"TimeGenerated":"\/Date(1580775666000)\/","TimeWritten":"\/Date(1580775666000)\/","UserName":null,"Site":null,"Container":null},{"MachineName":"SERWER01","Data":[69,0,118,0,101,0,110,0,116,0,76,0,111,0,103,0,47,0,49,0,0,0],"Index":2120,"Category":"(0)","CategoryNumber":0,"EventID":7036,"EntryType":4,"Message":"The Windows Event Log service entered the stopped state.","Source":"Service Control Manager","ReplacementStrings":["Windows Event Log","stopped"],"InstanceId":1073748860,"TimeGenerated":"\/Date(1580775666000)\/","TimeWritten":"\/Date(1580775666000)\/","UserName":null,"Site":null,"Container":null},