{"MachineName":"SERWER01","Data":[119,0,117,0,97,0,117,0,115,0,101,0,114,0,118,0,47,0,52,0,0,0],"Index":5178,"Category":"(0)","CategoryNumber":0,"EventID":7036,"EntryType":4,"Message":"The Windows Update service entered the running state.","Source":"Service Control Manager","ReplacementStrings":["Windows Update","running"],"InstanceId":1073748860,"TimeGenerated":"\/Date(1581011308000)\/","TimeWritten":"\/Date(1581011308000)\/","UserName":null,"Site":null,"Container":null},{"MachineName":"SERWER01","Data":[85,0,65,0,76,0,83,0,86,0,67,0,47,0,52,0,0,0],"Index":5177,"Category":"(0)","CategoryNumber":0,"EventID":7036,"EntryType":4,"Message":"The User Access Logging Service service entered the running state.","Source":"Service Control Manager","ReplacementStrings":["User Access Logging Service","running"],"InstanceId":1073748860,"TimeGenerated":"\/Date(1581011305000)\/","TimeWritten":"\/Date(1581011305000)\/","UserName":null,"Site":null,"Container":null},{"MachineName":"SERWER01","Data":[115,0,112,0,112,0,115,0,118,0,99,0,47,0,52,0,0,0],"Index":5176,"Category":"(0)","CategoryNumber":0,"EventID":7036,"EntryType":4,"Message":"The Software Protection service entered the running state.","Source":"Service Control Manager","ReplacementStrings":["Software Protection","running"],"InstanceId":1073748860,"TimeGenerated":"\/Date(1581011302000)\/","TimeWritten":"\/Date(1581011302000)\/","UserName":null,"Site":null,"Container":null},{"MachineName":"SERWER01","Data":[77,0,83,0,68,0,84,0,67,0,47,0,52,0,0,0],"Index":5175,"Category":"(0)","CategoryNumber":0,"EventID":7036,"EntryType":4,"Message":"The Distributed Transaction Coordinator service entered the running state.","Source":"Service Control Manager","ReplacementStrings":["Distributed Transaction Coordinator","running"],"InstanceId":1073748860,"TimeGenerated":"\/Date(1581011302000)\/","TimeWritten":"\/Date(1581011302000)\/","UserName":null,"Site":null,"Container":null},{"MachineName":"SERWER01","Data":[68,0,80,0,83,0,47,0,52,0,0,0],"Index":5174,"Category":"(0)","CategoryNumber":0,"EventID":7036,"EntryType":4,"Message":"The Diagnostic Policy Service service entered the running state.","Source":"Service Control Manager","ReplacementStrings":["Diagnostic Policy Service","running"],"InstanceId":1073748860,"TimeGenerated":"\/Date(1581011302000)\/","TimeWritten":"\/Date(1581011302000)\/","UserName":null,"Site":null,"Container":null},{"MachineName":"SERWER01","Data":[87,0,80,0,68,0,66,0,117,0,115,0,69,0,110,0,117,0,109,0,47,0,49,0,0,0],"Index":5173,"Category":"(0)","CategoryNumber":0,"EventID":7036,"EntryType":4,"Message":"The WPDBusEnum service entered the stopped state.","Source":"Service Control Manager","ReplacementStrings":["WPDBusEnum","stopped"],"InstanceId":1073748860,"TimeGenerated":"\/Date(1581011301000)\/","TimeWritten":"\/Date(1581011301000)\/","UserName":null,"Site":null,"Container":null},{"MachineName":"SERWER01","Data":[115,0,112,0,112,0,115,0,118,0,99,0,47,0,49,0,0,0],"Index":5172,"Category":"(0)","CategoryNumber":0,"EventID":7036,"EntryType":4,"Message":"The Software Protection service entered the stopped state.","Source":"Service Control Manager","ReplacementStrings":["Software Protection","stopped"],"InstanceId":1073748860,"TimeGenerated":"\/Date(1581011280000)\/","TimeWritten":"\/Date(1581011280000)\/","UserName":null,"Site":null,"Container":null},{"MachineName":"SERWER01","Data":[115,0,112,0,112,0,115,0,118,0,99,0,47,0,52,0,0,0],"Index":5171,"Category":"(0)","CategoryNumber":0,"EventID":7036,"EntryType":4,"Message":"The Software Protection service entered the running state.","Source":"Service Control Manager","ReplacementStrings":["Software Protection","running"],"InstanceId":1073748860,"TimeGenerated":"\/Date(1581011242000)\/","TimeWritten":"\/Date(1581011242000)\/","UserName":null,"Site":null,"Container":null},{"MachineName":"SERWER01","Data":[115,0,112,0,112,0,115,0,118,0,99,0,47,0,49,0,0,0],"Index":5170,"Category":"(0)","CategoryNumber":0,"EventID":7036,"EntryType":4,"Message":"The Software Protection service entered the stopped state.","Source":"Service Control Manager","ReplacementStrings":["Software Protection","stopped"],"InstanceId":1073748860,"TimeGenerated":"\/Date(1581011223000)\/","TimeWritten":"\/Date(1581011223000)\/","UserName":null,"Site":null,"Container":null},{"MachineName":"SERWER01","Data":[116,0,122,0,97,0,117,0,116,0,111,0,117,0,112,0,100,0,97,0,116,0,101,0,47,0,49,0,0,0],"Index":5169,"Category":"(0)","CategoryNumber":0,"EventID":7036,"EntryType":4,"Message":"The Auto Time Zone Updater service entered the stopped state.","Source":"Service Control Manager","ReplacementStrings":["Auto Time Zone Updater","stopped"],"InstanceId":1073748860,"TimeGenerated":"\/Date(1581011203000)\/","TimeWritten":"\/Date(1581011203000)\/","UserName":null,"Site":null,"Container":null},{"MachineName":"SERWER01","Data":[78,0,101,0,116,0,83,0,101,0,116,0,117,0,112,0,83,0,118,0,99,0,47,0,52,0,0,0],"Index":5139,"Category":"(0)","CategoryNumber":0,"EventID":7036,"EntryType":4,"Message":"The Network Setup Service service entered the running state.","Source":"Service Control Manager","ReplacementStrings":["Network Setup Service","running"],"InstanceId":1073748860,"TimeGenerated":"\/Date(1581011184000)\/","TimeWritten":"\/Date(1581011184000)\/","UserName":null,"Site":null,"Container":null},{"MachineName":"SERWER01","Data":[87,0,100,0,78,0,105,0,115,0,83,0,118,0,99,0,47,0,52,0,0,0],"Index":5135,"Category":"(0)","CategoryNumber":0,"EventID":7036,"EntryType":4,"Message":"The Windows Defender Antivirus Network Inspection Service service entered the running state.","Source":"Service Control Manager","ReplacementStrings":["Windows Defender Antivirus Network Inspection Service","running"],"InstanceId":1073748860,"TimeGenerated":"\/Date(1581011183000)\/","TimeWritten":"\/Date(1581011183000)\/","UserName":null,"Site":null,"Container":null},{"MachineName":"SERWER01","Data":[99,0,97,0,109,0,115,0,118,0,99,0,47,0,52,0,0,0],"Index":5134,"Category":"(0)","CategoryNumber":0,"EventID":7036,"EntryType":4,"Message":"The Capability Access Manager Service service entered the running state.","Source":"Service Control Manager","ReplacementStrings":["Capability Access Manager Service","running"],"InstanceId":1073748860,"TimeGenerated":"\/Date(1581011183000)\/","TimeWritten":"\/Date(1581011183000)\/","UserName":null,"Site":null,"Container":null},{"MachineName":"SERWER01","Data":[116,0,122,0,97,0,117,0,116,0,111,0,117,0,112,0,100,0,97,0,116,0,101,0,47,0,52,0,0,0],"Index":5133,"Category":"(0)","CategoryNumber":0,"EventID":7036,"EntryType":4,"Message":"The Auto Time Zone Updater service entered the running state.","Source":"Service Control Manager","ReplacementStrings":["Auto Time Zone Updater","running"],"InstanceId":1073748860,"TimeGenerated":"\/Date(1581011183000)\/","TimeWritten":"\/Date(1581011183000)\/","UserName":null,"Site":null,"Container":null},{"MachineName":"SERWER01","Data":[118,0,109,0,99,0,111,0,109,0,112,0,117,0,116,0,101,0,47,0,52,0,0,0],"Index":5132,"Category":"(0)","CategoryNumber":0,"EventID":7036,"EntryType":4,"Message":"The Hyper-V Host Compute Service service entered the running state.","Source":"Service Control Manager","ReplacementStrings":["Hyper-V Host Compute Service","running"],"InstanceId":1073748860,"TimeGenerated":"\/Date(1581011183000)\/","TimeWritten":"\/Date(1581011183000)\/","UserName":null,"Site":null,"Container":null},{"MachineName":"SERWER01","Data":[115,0,112,0,112,0,115,0,118,0,99,0,47,0,52,0,0,0],"Index":5131,"Category":"(0)","CategoryNumber":0,"EventID":7036,"EntryType":4,"Message":"The Software Protection service entered the running state.","Source":"Service Control Manager","ReplacementStrings":["Software Protection","running"],"InstanceId":1073748860,"TimeGenerated":"\/Date(1581011183000)\/","TimeWritten":"\/Date(1581011183000)\/","UserName":null,"Site":null,"Container":null},{"MachineName":"SERWER01","Data":[84,0,101,0,97,0,109,0,86,0,105,0,101,0,119,0,101,0,114,0,47,0,52,0,0,0],"Index":5128,"Category":"(0)","CategoryNumber":0,"EventID":7036,"EntryType":4,"Message":"The TeamViewer service entered the running state.","Source":"Service Control Manager","ReplacementStrings":["TeamViewer","running"],"InstanceId":1073748860,"TimeGenerated":"\/Date(1581011182000)\/","TimeWritten":"\/Date(1581011182000)\/","UserName":null,"Site":null,"Container":null},{"MachineName":"SERWER01","Data":[70,0,68,0,82,0,101,0,115,0,80,0,117,0,98,0,47,0,52,0,0,0],"Index":5127,"Category":"(0)","CategoryNumber":0,"EventID":7036,"EntryType":4,"Message":"The FDResPub service entered the running state.","Source":"Service Control Manager","ReplacementStrings":["FDResPub","running"],"InstanceId":1073748860,"TimeGenerated":"\/Date(1581011182000)\/","TimeWritten":"\/Date(1581011182000)\/","UserName":null,"Site":null,"Container":null},{"MachineName":"SERWER01","Data":[68,0,105,0,97,0,103,0,84,0,114,0,97,0,99,0,107,0,47,0,52,0,0,0],"Index":5126,"Category":"(0)","CategoryNumber":0,"EventID":7036,"EntryType":4,"Message":"The DiagTrack service entered the running state.","Source":"Service Control Manager","ReplacementStrings":["DiagTrack","running"],"InstanceId":1073748860,"TimeGenerated":"\/Date(1581011182000)\/","TimeWritten":"\/Date(1581011182000)\/","UserName":null,"Site":null,"Container":null},{"MachineName":"SERWER01","Data":[68,0,78,0,83,0,47,0,52,0,0,0],"Index":5124,"Category":"(0)","CategoryNumber":0,"EventID":7036,"EntryType":4,"Message":"The DNS service entered the running state.","Source":"Service Control Manager","ReplacementStrings":["DNS","running"],"InstanceId":1073748860,"TimeGenerated":"\/Date(1581011181000)\/","TimeWritten":"\/Date(1581011181000)\/","UserName":null,"Site":null,"Container":null},{"MachineName":"SERWER01","Data":[102,0,100,0,80,0,72,0,111,0,115,0,116,0,47,0,52,0,0,0],"Index":5123,"Category":"(0)","CategoryNumber":0,"EventID":7036,"EntryType":4,"Message":"The fdPHost service entered the running state.","Source":"Service Control Manager","ReplacementStrings":["fdPHost","running"],"InstanceId":1073748860,"TimeGenerated":"\/Date(1581011181000)\/","TimeWritten":"\/Date(1581011181000)\/","UserName":null,"Site":null,"Container":null},{"MachineName":"SERWER01","Data":[78,0,99,0,98,0,83,0,101,0,114,0,118,0,105,0,99,0,101,0,47,0,52,0,0,0],"Index":5122,"Category":"(0)","CategoryNumber":0,"EventID":7036,"EntryType":4,"Message":"The NcbService service entered the running state.","Source":"Service Control Manager","ReplacementStrings":["NcbService","running"],"InstanceId":1073748860,"TimeGenerated":"\/Date(1581011181000)\/","TimeWritten":"\/Date(1581011181000)\/","UserName":null,"Site":null,"Container":null},{"MachineName":"SERWER01","Data":[118,0,109,0,109,0,115,0,47,0,52,0,0,0],"Index":5121,"Category":"(0)","CategoryNumber":0,"EventID":7036,"EntryType":4,"Message":"The vmms service entered the running state.","Source":"Service Control Manager","ReplacementStrings":["vmms","running"],"InstanceId":1073748860,"TimeGenerated":"\/Date(1581011181000)\/","TimeWritten":"\/Date(1581011181000)\/","UserName":null,"Site":null,"Container":null},{"MachineName":"SERWER01","Data":[110,0,101,0,116,0,112,0,114,0,111,0,102,0,109,0,47,0,52,0,0,0],"Index":5120,"Category":"(0)","CategoryNumber":0,"EventID":7036,"EntryType":4,"Message":"The netprofm service entered the running state.","Source":"Service Control Manager","ReplacementStrings":["netprofm","running"],"InstanceId":1073748860,"TimeGenerated":"\/Date(1581011181000)\/","TimeWritten":"\/Date(1581011181000)\/","UserName":null,"Site":null,"Container":null},{"MachineName":"SERWER01","Data":[87,0,105,0,110,0,82,0,77,0,47,0,52,0,0,0],"Index":5119,"Category":"(0)","CategoryNumber":0,"EventID":7036,"EntryType":4,"Message":"The WinRM service entered the running state.","Source":"Service Control Manager","ReplacementStrings":["WinRM","running"],"InstanceId":1073748860,"TimeGenerated":"\/Date(1581011181000)\/","TimeWritten":"\/Date(1581011181000)\/","UserName":null,"Site":null,"Container":null},{"MachineName":"SERWER01","Data":[87,0,105,0,110,0,68,0,101,0,102,0,101,0,110,0,100,0,47,0,52,0,0,0],"Index":5118,"Category":"(0)","CategoryNumber":0,"EventID":7036,"EntryType":4,"Message":"The WinDefend service entered the running state.","Source":"Service Control Manager","ReplacementStrings":["WinDefend","running"],"InstanceId":1073748860,"TimeGenerated":"\/Date(1581011181000)\/","TimeWritten":"\/Date(1581011181000)\/","UserName":null,"Site":null,"Container":null},{"MachineName":"SERWER01","Data":[78,0,102,0,115,0,83,0,101,0,114,0,118,0,105,0,99,0,101,0,47,0,52,0,0,0],"Index":5117,"Category":"(0)","CategoryNumber":0,"EventID":7036,"EntryType":4,"Message":"The NfsService service entered the running state.","Source":"Service Control Manager","ReplacementStrings":["NfsService","running"],"InstanceId":1073748860,"TimeGenerated":"\/Date(1581011181000)\/","TimeWritten":"\/Date(1581011181000)\/","UserName":null,"Site":null,"Container":null},{"MachineName":"SERWER01","Data":[76,0,97,0,110,0,109,0,97,0,110,0,83,0,101,0,114,0,118,0,101,0,114,0,47,0,52,0,0,0],"Index":5116,"Category":"(0)","CategoryNumber":0,"EventID":7036,"EntryType":4,"Message":"The LanmanServer service entered the running state.","Source":"Service Control Manager","ReplacementStrings":["LanmanServer","running"],"InstanceId":1073748860,"TimeGenerated":"\/Date(1581011181000)\/","TimeWritten":"\/Date(1581011181000)\/","UserName":null,"Site":null,"Container":null},{"MachineName":"SERWER01","Data":[78,0,108,0,97,0,83,0,118,0,99,0,47,0,52,0,0,0],"Index":5115,"Category":"(0)","CategoryNumber":0,"EventID":7036,"EntryType":4,"Message":"The NlaSvc service entered the running state.","Source":"Service Control Manager","ReplacementStrings":["NlaSvc","running"],"InstanceId":1073748860,"TimeGenerated":"\/Date(1581011181000)\/","TimeWritten":"\/Date(1581011181000)\/","UserName":null,"Site":null,"Container":null},{"MachineName":"SERWER01","Data":[105,0,112,0,104,0,108,0,112,0,115,0,118,0,99,0,47,0,52,0,0,0],"Index":5114,"Category":"(0)","CategoryNumber":0,"EventID":7036,"EntryType":4,"Message":"The iphlpsvc service entered the running state.","Source":"Service Control Manager","ReplacementStrings":["iphlpsvc","running"],"InstanceId":1073748860,"TimeGenerated":"\/Date(1581011181000)\/","TimeWritten":"\/Date(1581011181000)\/","UserName":null,"Site":null,"Container":null},{"MachineName":"SERWER01","Data":[87,0,112,0,110,0,83,0,101,0,114,0,118,0,105,0,99,0,101,0,47,0,52,0,0,0],"Index":5113,"Category":"(0)","CategoryNumber":0,"EventID":7036,"EntryType":4,"Message":"The WpnService service entered the running state.","Source":"Service Control Manager","ReplacementStrings":["WpnService","running"],"InstanceId":1073748860,"TimeGenerated":"\/Date(1581011181000)\/","TimeWritten":"\/Date(1581011181000)\/","UserName":null,"Site":null,"Container":null},{"MachineName":"SERWER01","Data":[87,0,51,0,50,0,84,0,105,0,109,0,101,0,47,0,52,0,0,0],"Index":5112,"Category":"(0)","CategoryNumber":0,"EventID":7036,"EntryType":4,"Message":"The W32Time service entered the running state.","Source":"Service Control Manager","ReplacementStrings":["W32Time","running"],"InstanceId":1073748860,"TimeGenerated":"\/Date(1581011181000)\/","TimeWritten":"\/Date(1581011181000)\/","UserName":null,"Site":null,"Container":null},{"MachineName":"SERWER01","Data":[67,0,114,0,121,0,112,0,116,0,83,0,118,0,99,0,47,0,52,0,0,0],"Index":5110,"Category":"(0)","CategoryNumber":0,"EventID":7036,"EntryType":4,"Message":"The CryptSvc service entered the running state.","Source":"Service Control Manager","ReplacementStrings":["CryptSvc","running"],"InstanceId":1073748860,"TimeGenerated":"\/Date(1581011181000)\/","TimeWritten":"\/Date(1581011181000)\/","UserName":null,"Site":null,"Container":null},{"MachineName":"SERWER01","Data":[82,0,101,0,109,0,111,0,116,0,101,0,82,0,101,0,103,0,105,0,115,0,116,0,114,0,121,0,47,0,52,0,0,0],"Index":5109,"Category":"(0)","CategoryNumber":0,"EventID":7036,"EntryType":4,"Message":"The RemoteRegistry service entered the running state.","Source":"Service Control Manager","ReplacementStrings":["RemoteRegistry","running"],"InstanceId":1073748860,"TimeGenerated":"\/Date(1581011181000)\/","TimeWritten":"\/Date(1581011181000)\/","UserName":null,"Site":null,"Container":null},{"MachineName":"SERWER01","Data":[87,0,105,0,110,0,109,0,103,0,109,0,116,0,47,0,52,0,0,0],"Index":5108,"Category":"(0)","CategoryNumber":0,"EventID":7036,"EntryType":4,"Message":"The Winmgmt service entered the running state.","Source":"Service Control Manager","ReplacementStrings":["Winmgmt","running"],"InstanceId":1073748860,"TimeGenerated":"\/Date(1581011181000)\/","TimeWritten":"\/Date(1581011181000)\/","UserName":null,"Site":null,"Container":null},{"MachineName":"SERWER01","Data":[83,0,112,0,111,0,111,0,108,0,101,0,114,0,47,0,52,0,0,0],"Index":5107,"Category":"(0)","CategoryNumber":0,"EventID":7036,"EntryType":4,"Message":"The Spooler service entered the running state.","Source":"Service Control Manager","ReplacementStrings":["Spooler","running"],"InstanceId":1073748860,"TimeGenerated":"\/Date(1581011181000)\/","TimeWritten":"\/Date(1581011181000)\/","UserName":null,"Site":null,"Container":null},{"MachineName":"SERWER01","Data":[83,0,121,0,115,0,77,0,97,0,105,0,110,0,47,0,52,0,0,0],"Index":5106,"Category":"(0)","CategoryNumber":0,"EventID":7036,"EntryType":4,"Message":"The SysMain service entered the running state.","Source":"Service Control Manager","ReplacementStrings":["SysMain","running"],"InstanceId":1073748860,"TimeGenerated":"\/Date(1581011181000)\/","TimeWritten":"\/Date(1581011181000)\/","UserName":null,"Site":null,"Container":null},{"MachineName":"SERWER01","Data":[84,0,114,0,107,0,87,0,107,0,115,0,47,0,52,0,0,0],"Index":5105,"Category":"(0)","CategoryNumber":0,"EventID":7036,"EntryType":4,"Message":"The TrkWks service entered the running state.","Source":"Service Control Manager","ReplacementStrings":["TrkWks","running"],"InstanceId":1073748860,"TimeGenerated":"\/Date(1581011181000)\/","TimeWritten":"\/Date(1581011181000)\/","UserName":null,"Site":null,"Container":null},{"MachineName":"SERWER01","Data":[109,0,112,0,115,0,115,0,118,0,99,0,47,0,52,0,0,0],"Index":5103,"Category":"(0)","CategoryNumber":0,"EventID":7036,"EntryType":4,"Message":"The mpssvc service entered the running state.","Source":"Service Control Manager","ReplacementStrings":["mpssvc","running"],"InstanceId":1073748860,"TimeGenerated":"\/Date(1581011181000)\/","TimeWritten":"\/Date(1581011181000)\/","UserName":null,"Site":null,"Container":null},{"MachineName":"SERWER01","Data":[83,0,97,0,109,0,83,0,115,0,47,0,52,0,0,0],"Index":5102,"Category":"(0)","CategoryNumber":0,"EventID":7036,"EntryType":4,"Message":"The SamSs service entered the running state.","Source":"Service Control Manager","ReplacementStrings":["SamSs","running"],"InstanceId":1073748860,"TimeGenerated":"\/Date(1581011181000)\/","TimeWritten":"\/Date(1581011181000)\/","UserName":null,"Site":null,"Container":null},{"MachineName":"SERWER01","Data":[72,0,118,0,72,0,111,0,115,0,116,0,47,0,52,0,0,0],"Index":5101,"Category":"(0)","CategoryNumber":0,"EventID":7036,"EntryType":4,"Message":"The HvHost service entered the running state.","Source":"Service Control Manager","ReplacementStrings":["HvHost","running"],"InstanceId":1073748860,"TimeGenerated":"\/Date(1581011181000)\/","TimeWritten":"\/Date(1581011181000)\/","UserName":null,"Site":null,"Container":null},{"MachineName":"SERWER01","Data":[66,0,70,0,69,0,47,0,52,0,0,0],"Index":5100,"Category":"(0)","CategoryNumber":0,"EventID":7036,"EntryType":4,"Message":"The BFE service entered the running state.","Source":"Service Control Manager","ReplacementStrings":["BFE","running"],"InstanceId":1073748860,"TimeGenerated":"\/Date(1581011180000)\/","TimeWritten":"\/Date(1581011180000)\/","UserName":null,"Site":null,"Container":null},{"MachineName":"SERWER01","Data":[85,0,115,0,101,0,114,0,77,0,97,0,110,0,97,0,103,0,101,0,114,0,47,0,52,0,0,0],"Index":5097,"Category":"(0)","CategoryNumber":0,"EventID":7036,"EntryType":4,"Message":"The UserManager service entered the running state.","Source":"Service Control Manager","ReplacementStrings":["UserManager","running"],"InstanceId":1073748860,"TimeGenerated":"\/Date(1581011180000)\/","TimeWritten":"\/Date(1581011180000)\/","UserName":null,"Site":null,"Container":null},{"MachineName":"SERWER01","Data":[87,0,99,0,109,0,115,0,118,0,99,0,47,0,52,0,0,0],"Index":5096,"Category":"(0)","CategoryNumber":0,"EventID":7036,"EntryType":4,"Message":"The Wcmsvc service entered the running state.","Source":"Service Control Manager","ReplacementStrings":["Wcmsvc","running"],"InstanceId":1073748860,"TimeGenerated":"\/Date(1581011180000)\/","TimeWritten":"\/Date(1581011180000)\/","UserName":null,"Site":null,"Container":null},{"MachineName":"SERWER01","Data":[83,0,101,0,115,0,115,0,105,0,111,0,110,0,69,0,110,0,118,0,47,0,52,0,0,0],"Index":5095,"Category":"(0)","CategoryNumber":0,"EventID":7036,"EntryType":4,"Message":"The SessionEnv service entered the running state.","Source":"Service Control Manager","ReplacementStrings":["SessionEnv","running"],"InstanceId":1073748860,"TimeGenerated":"\/Date(1581011180000)\/","TimeWritten":"\/Date(1581011180000)\/","UserName":null,"Site":null,"Container":null},{"MachineName":"SERWER01","Data":[87,0,105,0,110,0,72,0,116,0,116,0,112,0,65,0,117,0,116,0,111,0,80,0,114,0,111,0,120,0,121,0,83,0,118,0,99,0,47,0,52,0,0,0],"Index":5094,"Category":"(0)","CategoryNumber":0,"EventID":7036,"EntryType":4,"Message":"The WinHttpAutoProxySvc service entered the running state.","Source":"Service Control Manager","ReplacementStrings":["WinHttpAutoProxySvc","running"],"InstanceId":1073748860,"TimeGenerated":"\/Date(1581011180000)\/","TimeWritten":"\/Date(1581011180000)\/","UserName":null,"Site":null,"Container":null},{"MachineName":"SERWER01","Data":[83,0,104,0,101,0,108,0,108,0,72,0,87,0,68,0,101,0,116,0,101,0,99,0,116,0,105,0,111,0,110,0,47,0,52,0,0,0],"Index":5093,"Category":"(0)","CategoryNumber":0,"EventID":7036,"EntryType":4,"Message":"The ShellHWDetection service entered the running state.","Source":"Service Control Manager","ReplacementStrings":["ShellHWDetection","running"],"InstanceId":1073748860,"TimeGenerated":"\/Date(1581011180000)\/","TimeWritten":"\/Date(1581011180000)\/","UserName":null,"Site":null,"Container":null},{"MachineName":"SERWER01","Data":[68,0,110,0,115,0,99,0,97,0,99,0,104,0,101,0,47,0,52,0,0,0],"Index":5092,"Category":"(0)","CategoryNumber":0,"EventID":7036,"EntryType":4,"Message":"The Dnscache service entered the running state.","Source":"Service Control Manager","ReplacementStrings":["Dnscache","running"],"InstanceId":1073748860,"TimeGenerated":"\/Date(1581011180000)\/","TimeWritten":"\/Date(1581011180000)\/","UserName":null,"Site":null,"Container":null},{"MachineName":"SERWER01","Data":[83,0,99,0,104,0,101,0,100,0,117,0,108,0,101,0,47,0,52,0,0,0],"Index":5091,"Category":"(0)","CategoryNumber":0,"EventID":7036,"EntryType":4,"Message":"The Schedule service entered the running state.","Source":"Service Control Manager","ReplacementStrings":["Schedule","running"],"InstanceId":1073748860,"TimeGenerated":"\/Date(1581011180000)\/","TimeWritten":"\/Date(1581011180000)\/","UserName":null,"Site":null,"Container":null},{"MachineName":"SERWER01","Data":[68,0,104,0,99,0,112,0,47,0,52,0,0,0],"Index":5090,"Category":"(0)","CategoryNumber":0,"EventID":7036,"EntryType":4,"Message":"The Dhcp service entered the running state.","Source":"Service Control Manager","ReplacementStrings":["Dhcp","running"],"InstanceId":1073748860,"TimeGenerated":"\/Date(1581011180000)\/","TimeWritten":"\/Date(1581011180000)\/","UserName":null,"Site":null,"Container":null},{"MachineName":"SERWER01","Data":[76,0,97,0,110,0,109,0,97,0,110,0,87,0,111,0,114,0,107,0,115,0,116,0,97,0,116,0,105,0,111,0,110,0,47,0,52,0,0,0],"Index":5089,"Category":"(0)","CategoryNumber":0,"EventID":7036,"EntryType":4,"Message":"The LanmanWorkstation service entered the running state.","Source":"Service Control Manager","ReplacementStrings":["LanmanWorkstation","running"],"InstanceId":1073748860,"TimeGenerated":"\/Date(1581011180000)\/","TimeWritten":"\/Date(1581011180000)\/","UserName":null,"Site":null,"Container":null},{"MachineName":"SERWER01","Data":[70,0,111,0,110,0,116,0,67,0,97,0,99,0,104,0,101,0,47,0,52,0,0,0],"Index":5087,"Category":"(0)","CategoryNumber":0,"EventID":7036,"EntryType":4,"Message":"The FontCache service entered the running state.","Source":"Service Control Manager","ReplacementStrings":["FontCache","running"],"InstanceId":1073748860,"TimeGenerated":"\/Date(1581011180000)\/","TimeWritten":"\/Date(1581011180000)\/","UserName":null,"Site":null,"Container":null},{"MachineName":"SERWER01","Data":[110,0,115,0,105,0,47,0,52,0,0,0],"Index":5084,"Category":"(0)","CategoryNumber":0,"EventID":7036,"EntryType":4,"Message":"The nsi service entered the running state.","Source":"Service Control Manager","ReplacementStrings":["nsi","running"],"InstanceId":1073748860,"TimeGenerated":"\/Date(1581011180000)\/","TimeWritten":"\/Date(1581011180000)\/","UserName":null,"Site":null,"Container":null},{"MachineName":"SERWER01","Data":[67,0,101,0,114,0,116,0,80,0,114,0,111,0,112,0,83,0,118,0,99,0,47,0,52,0,0,0],"Index":5083,"Category":"(0)","CategoryNumber":0,"EventID":7036,"EntryType":4,"Message":"The CertPropSvc service entered the running state.","Source":"Service Control Manager","ReplacementStrings":["CertPropSvc","running"],"InstanceId":1073748860,"TimeGenerated":"\/Date(1581011180000)\/","TimeWritten":"\/Date(1581011180000)\/","UserName":null,"Site":null,"Container":null},{"MachineName":"SERWER01","Data":[83,0,69,0,78,0,83,0,47,0,52,0,0,0],"Index":5078,"Category":"(0)","CategoryNumber":0,"EventID":7036,"EntryType":4,"Message":"The SENS service entered the running state.","Source":"Service Control Manager","ReplacementStrings":["SENS","running"],"InstanceId":1073748860,"TimeGenerated":"\/Date(1581011180000)\/","TimeWritten":"\/Date(1581011180000)\/","UserName":null,"Site":null,"Container":null},{"MachineName":"SERWER01","Data":[85,0,109,0,82,0,100,0,112,0,83,0,101,0,114,0,118,0,105,0,99,0,101,0,47,0,52,0,0,0],"Index":5077,"Category":"(0)","CategoryNumber":0,"EventID":7036,"EntryType":4,"Message":"The UmRdpService service entered the running state.","Source":"Service Control Manager","ReplacementStrings":["UmRdpService","running"],"InstanceId":1073748860,"TimeGenerated":"\/Date(1581011180000)\/","TimeWritten":"\/Date(1581011180000)\/","UserName":null,"Site":null,"Container":null},{"MachineName":"SERWER01","Data":[80,0,114,0,111,0,102,0,83,0,118,0,99,0,47,0,52,0,0,0],"Index":5076,"Category":"(0)","CategoryNumber":0,"EventID":7036,"EntryType":4,"Message":"The ProfSvc service entered the running state.","Source":"Service Control Manager","ReplacementStrings":["ProfSvc","running"],"InstanceId":1073748860,"TimeGenerated":"\/Date(1581011180000)\/","TimeWritten":"\/Date(1581011180000)\/","UserName":null,"Site":null,"Container":null},{"MachineName":"SERWER01","Data":[69,0,118,0,101,0,110,0,116,0,83,0,121,0,115,0,116,0,101,0,109,0,47,0,52,0,0,0],"Index":5075,"Category":"(0)","CategoryNumber":0,"EventID":7036,"EntryType":4,"Message":"The EventSystem service entered the running state.","Source":"Service Control Manager","ReplacementStrings":["EventSystem","running"],"InstanceId":1073748860,"TimeGenerated":"\/Date(1581011180000)\/","TimeWritten":"\/Date(1581011180000)\/","UserName":null,"Site":null,"Container":null},{"MachineName":"SERWER01","Data":[103,0,112,0,115,0,118,0,99,0,47,0,52,0,0,0],"Index":5074,"Category":"(0)","CategoryNumber":0,"EventID":7036,"EntryType":4,"Message":"The gpsvc service entered the running state.","Source":"Service Control Manager","ReplacementStrings":["gpsvc","running"],"InstanceId":1073748860,"TimeGenerated":"\/Date(1581011180000)\/","TimeWritten":"\/Date(1581011180000)\/","UserName":null,"Site":null,"Container":null},{"MachineName":"SERWER01","Data":[84,0,104,0,101,0,109,0,101,0,115,0,47,0,52,0,0,0],"Index":5073,"Category":"(0)","CategoryNumber":0,"EventID":7036,"EntryType":4,"Message":"The Themes service entered the running state.","Source":"Service Control Manager","ReplacementStrings":["Themes","running"],"InstanceId":1073748860,"TimeGenerated":"\/Date(1581011180000)\/","TimeWritten":"\/Date(1581011180000)\/","UserName":null,"Site":null,"Container":null},{"MachineName":"SERWER01","Data":[69,0,118,0,101,0,110,0,116,0,76,0,111,0,103,0,47,0,52,0,0,0],"Index":5069,"Category":"(0)","CategoryNumber":0,"EventID":7036,"EntryType":4,"Message":"The EventLog service entered the running state.","Source":"Service Control Manager","ReplacementStrings":["EventLog","running"],"InstanceId":1073748860,"TimeGenerated":"\/Date(1581011180000)\/","TimeWritten":"\/Date(1581011180000)\/","UserName":null,"Site":null,"Container":null},{"MachineName":"SERWER01","Data":[87,0,80,0,68,0,66,0,117,0,115,0,69,0,110,0,117,0,109,0,47,0,52,0,0,0],"Index":5063,"Category":"(0)","CategoryNumber":0,"EventID":7036,"EntryType":4,"Message":"The WPDBusEnum service entered the running state.","Source":"Service Control Manager","ReplacementStrings":["WPDBusEnum","running"],"InstanceId":1073748860,"TimeGenerated":"\/Date(1581011180000)\/","TimeWritten":"\/Date(1581011180000)\/","UserName":null,"Site":null,"Container":null},{"MachineName":"SERWER01","Data":[67,0,111,0,114,0,101,0,77,0,101,0,115,0,115,0,97,0,103,0,105,0,110,0,103,0,82,0,101,0,103,0,105,0,115,0,116,0,114,0,97,0,114,0,47,0,52,0,0,0],"Index":5060,"Category":"(0)","CategoryNumber":0,"EventID":7036,"EntryType":4,"Message":"The CoreMessagingRegistrar service entered the running state.","Source":"Service Control Manager","ReplacementStrings":["CoreMessagingRegistrar","running"],"InstanceId":1073748860,"TimeGenerated":"\/Date(1581011180000)\/","TimeWritten":"\/Date(1581011180000)\/","UserName":null,"Site":null,"Container":null},{"MachineName":"SERWER01","Data":[84,0,105,0,109,0,101,0,66,0,114,0,111,0,107,0,101,0,114,0,83,0,118,0,99,0,47,0,52,0,0,0],"Index":5059,"Category":"(0)","CategoryNumber":0,"EventID":7036,"EntryType":4,"Message":"The TimeBrokerSvc service entered the running state.","Source":"Service Control Manager","ReplacementStrings":["TimeBrokerSvc","running"],"InstanceId":1073748860,"TimeGenerated":"\/Date(1581011180000)\/","TimeWritten":"\/Date(1581011180000)\/","UserName":null,"Site":null,"Container":null},{"MachineName":"SERWER01","Data":[108,0,109,0,104,0,111,0,115,0,116,0,115,0,47,0,52,0,0,0],"Index":5058,"Category":"(0)","CategoryNumber":0,"EventID":7036,"EntryType":4,"Message":"The lmhosts service entered the running state.","Source":"Service Control Manager","ReplacementStrings":["lmhosts","running"],"InstanceId":1073748860,"TimeGenerated":"\/Date(1581011180000)\/","TimeWritten":"\/Date(1581011180000)\/","UserName":null,"Site":null,"Container":null},{"MachineName":"SERWER01","Data":[84,0,101,0,114,0,109,0,83,0,101,0,114,0,118,0,105,0,99,0,101,0,47,0,52,0,0,0],"Index":5057,"Category":"(0)","CategoryNumber":0,"EventID":7036,"EntryType":4,"Message":"The TermService service entered the running state.","Source":"Service Control Manager","ReplacementStrings":["TermService","running"],"InstanceId":1073748860,"TimeGenerated":"\/Date(1581011180000)\/","TimeWritten":"\/Date(1581011180000)\/","UserName":null,"Site":null,"Container":null},{"MachineName":"SERWER01","Data":[83,0,121,0,115,0,116,0,101,0,109,0,69,0,118,0,101,0,110,0,116,0,115,0,66,0,114,0,111,0,107,0,101,0,114,0,47,0,52,0,0,0],"Index":5056,"Category":"(0)","CategoryNumber":0,"EventID":7036,"EntryType":4,"Message":"The SystemEventsBroker service entered the running state.","Source":"Service Control Manager","ReplacementStrings":["SystemEventsBroker","running"],"InstanceId":1073748860,"TimeGenerated":"\/Date(1581011180000)\/","TimeWritten":"\/Date(1581011180000)\/","UserName":null,"Site":null,"Container":null},{"MachineName":"SERWER01","Data":[66,0,114,0,111,0,107,0,101,0,114,0,73,0,110,0,102,0,114,0,97,0,115,0,116,0,114,0,117,0,99,0,116,0,117,0,114,0,101,0,47,0,52,0,0,0],"Index":5055,"Category":"(0)","CategoryNumber":0,"EventID":7036,"EntryType":4,"Message":"The BrokerInfrastructure service entered the running state.","Source":"Service Control Manager","ReplacementStrings":["BrokerInfrastructure","running"],"InstanceId":1073748860,"TimeGenerated":"\/Date(1581011180000)\/","TimeWritten":"\/Date(1581011180000)\/","UserName":null,"Site":null,"Container":null},{"MachineName":"SERWER01","Data":[76,0,83,0,77,0,47,0,52,0,0,0],"Index":5054,"Category":"(0)","CategoryNumber":0,"EventID":7036,"EntryType":4,"Message":"The LSM service entered the running state.","Source":"Service Control Manager","ReplacementStrings":["LSM","running"],"InstanceId":1073748860,"TimeGenerated":"\/Date(1581011179000)\/","TimeWritten":"\/Date(1581011179000)\/","UserName":null,"Site":null,"Container":null},{"MachineName":"SERWER01","Data":[82,0,112,0,99,0,83,0,115,0,47,0,52,0,0,0],"Index":5053,"Category":"(0)","CategoryNumber":0,"EventID":7036,"EntryType":4,"Message":"The RpcSs service entered the running state.","Source":"Service Control Manager","ReplacementStrings":["RpcSs","running"],"InstanceId":1073748860,"TimeGenerated":"\/Date(1581011179000)\/","TimeWritten":"\/Date(1581011179000)\/","UserName":null,"Site":null,"Container":null},{"MachineName":"SERWER01","Data":[82,0,112,0,99,0,69,0,112,0,116,0,77,0,97,0,112,0,112,0,101,0,114,0,47,0,52,0,0,0],"Index":5052,"Category":"(0)","CategoryNumber":0,"EventID":7036,"EntryType":4,"Message":"The RpcEptMapper service entered the running state.","Source":"Service Control Manager","ReplacementStrings":["RpcEptMapper","running"],"InstanceId":1073748860,"TimeGenerated":"\/Date(1581011179000)\/","TimeWritten":"\/Date(1581011179000)\/","UserName":null,"Site":null,"Container":null},{"MachineName":"SERWER01","Data":[68,0,99,0,111,0,109,0,76,0,97,0,117,0,110,0,99,0,104,0,47,0,52,0,0,0],"Index":5051,"Category":"(0)","CategoryNumber":0,"EventID":7036,"EntryType":4,"Message":"The DcomLaunch service entered the running state.","Source":"Service Control Manager","ReplacementStrings":["DcomLaunch","running"],"InstanceId":1073748860,"TimeGenerated":"\/Date(1581011179000)\/","TimeWritten":"\/Date(1581011179000)\/","UserName":null,"Site":null,"Container":null},{"MachineName":"SERWER01","Data":[80,0,111,0,119,0,101,0,114,0,47,0,52,0,0,0],"Index":5050,"Category":"(0)","CategoryNumber":0,"EventID":7036,"EntryType":4,"Message":"The Power service entered the running state.","Source":"Service Control Manager","ReplacementStrings":["Power","running"],"InstanceId":1073748860,"TimeGenerated":"\/Date(1581011179000)\/","TimeWritten":"\/Date(1581011179000)\/","UserName":null,"Site":null,"Container":null},{"MachineName":"SERWER01","Data":[80,0,108,0,117,0,103,0,80,0,108,0,97,0,121,0,47,0,52,0,0,0],"Index":5049,"Category":"(0)","CategoryNumber":0,"EventID":7036,"EntryType":4,"Message":"The PlugPlay service entered the running state.","Source":"Service Control Manager","ReplacementStrings":["PlugPlay","running"],"InstanceId":1073748860,"TimeGenerated":"\/Date(1581011179000)\/","TimeWritten":"\/Date(1581011179000)\/","UserName":null,"Site":null,"Container":null},{"MachineName":"SERWER01","Data":[78,0,101,0,116,0,83,0,101,0,116,0,117,0,112,0,83,0,118,0,99,0,47,0,52,0,0,0],"Index":4919,"Category":"(0)","CategoryNumber":0,"EventID":7036,"EntryType":4,"Message":"The Network Setup Service service entered the running state.","Source":"Service Control Manager","ReplacementStrings":["Network Setup Service","running"],"InstanceId":1073748860,"TimeGenerated":"\/Date(1581000902000)\/","TimeWritten":"\/Date(1581000902000)\/","UserName":null,"Site":null,"Container":null},{"MachineName":"SERWER01","Data":[78,0,101,0,116,0,83,0,101,0,116,0,117,0,112,0,83,0,118,0,99,0,47,0,49,0,0,0],"Index":4918,"Category":"(0)","CategoryNumber":0,"EventID":7036,"EntryType":4,"Message":"The Network Setup Service service entered the stopped state.","Source":"Service Control Manager","ReplacementStrings":["Network Setup Service","stopped"],"InstanceId":1073748860,"TimeGenerated":"\/Date(1581000773000)\/","TimeWritten":"\/Date(1581000773000)\/","UserName":null,"Site":null,"Container":null},{"MachineName":"SERWER01","Data":[78,0,101,0,116,0,83,0,101,0,116,0,117,0,112,0,83,0,118,0,99,0,47,0,52,0,0,0],"Index":4893,"Category":"(0)","CategoryNumber":0,"EventID":7036,"EntryType":4,"Message":"The Network Setup Service service entered the running state.","Source":"Service Control Manager","ReplacementStrings":["Network Setup Service","running"],"InstanceId":1073748860,"TimeGenerated":"\/Date(1581000506000)\/","TimeWritten":"\/Date(1581000506000)\/","UserName":null,"Site":null,"Container":null},{"MachineName":"SERWER01","Data":[78,0,101,0,116,0,83,0,101,0,116,0,117,0,112,0,83,0,118,0,99,0,47,0,49,0,0,0],"Index":4879,"Category":"(0)","CategoryNumber":0,"EventID":7036,"EntryType":4,"Message":"The Network Setup Service service entered the stopped state.","Source":"Service Control Manager","ReplacementStrings":["Network Setup Service","stopped"],"InstanceId":1073748860,"TimeGenerated":"\/Date(1581000143000)\/","TimeWritten":"\/Date(1581000143000)\/","UserName":null,"Site":null,"Container":null},{"MachineName":"SERWER01","Data":[78,0,101,0,116,0,83,0,101,0,116,0,117,0,112,0,83,0,118,0,99,0,47,0,52,0,0,0],"Index":4864,"Category":"(0)","CategoryNumber":0,"EventID":7036,"EntryType":4,"Message":"The Network Setup Service service entered the running state.","Source":"Service Control Manager","ReplacementStrings":["Network Setup Service","running"],"InstanceId":1073748860,"TimeGenerated":"\/Date(1580999883000)\/","TimeWritten":"\/Date(1580999883000)\/","UserName":null,"Site":null,"Container":null},{"MachineName":"SERWER01","Data":[78,0,101,0,116,0,83,0,101,0,116,0,117,0,112,0,83,0,118,0,99,0,47,0,49,0,0,0],"Index":4859,"Category":"(0)","CategoryNumber":0,"EventID":7036,"EntryType":4,"Message":"The Network Setup Service service entered the stopped state.","Source":"Service Control Manager","ReplacementStrings":["Network Setup Service","stopped"],"InstanceId":1073748860,"TimeGenerated":"\/Date(1580999693000)\/","TimeWritten":"\/Date(1580999693000)\/","UserName":null,"Site":null,"Container":null},{"MachineName":"SERWER01","Data":[78,0,101,0,116,0,83,0,101,0,116,0,117,0,112,0,83,0,118,0,99,0,47,0,52,0,0,0],"Index":4854,"Category":"(0)","CategoryNumber":0,"EventID":7036,"EntryType":4,"Message":"The Network Setup Service service entered the running state.","Source":"Service Control Manager","ReplacementStrings":["Network Setup Service","running"],"InstanceId":1073748860,"TimeGenerated":"\/Date(1580999589000)\/","TimeWritten":"\/Date(1580999589000)\/","UserName":null,"Site":null,"Container":null},{"MachineName":"SERWER01","Data":[119,0,108,0,105,0,100,0,115,0,118,0,99,0,47,0,49,0,0,0],"Index":4851,"Category":"(0)","CategoryNumber":0,"EventID":7036,"EntryType":4,"Message":"The Microsoft Account Sign-in Assistant service entered the stopped state.","Source":"Service Control Manager","ReplacementStrings":["Microsoft Account Sign-in Assistant","stopped"],"InstanceId":1073748860,"TimeGenerated":"\/Date(1580999470000)\/","TimeWritten":"\/Date(1580999470000)\/","UserName":null,"Site":null,"Container":null},{"MachineName":"SERWER01","Data":[78,0,101,0,116,0,83,0,101,0,116,0,117,0,112,0,83,0,118,0,99,0,47,0,49,0,0,0],"Index":4850,"Category":"(0)","CategoryNumber":0,"EventID":7036,"EntryType":4,"Message":"The Network Setup Service service entered the stopped state.","Source":"Service Control Manager","ReplacementStrings":["Network Setup Service","stopped"],"InstanceId":1073748860,"TimeGenerated":"\/Date(1580999386000)\/","TimeWritten":"\/Date(1580999386000)\/","UserName":null,"Site":null,"Container":null},{"MachineName":"SERWER01","Data":[78,0,101,0,116,0,83,0,101,0,116,0,117,0,112,0,83,0,118,0,99,0,47,0,52,0,0,0],"Index":4849,"Category":"(0)","CategoryNumber":0,"EventID":7036,"EntryType":4,"Message":"The Network Setup Service service entered the running state.","Source":"Service Control Manager","ReplacementStrings":["Network Setup Service","running"],"InstanceId":1073748860,"TimeGenerated":"\/Date(1580999205000)\/","TimeWritten":"\/Date(1580999205000)\/","UserName":null,"Site":null,"Container":null},{"MachineName":"SERWER01","Data":[78,0,101,0,116,0,83,0,101,0,116,0,117,0,112,0,83,0,118,0,99,0,47,0,49,0,0,0],"Index":4848,"Category":"(0)","CategoryNumber":0,"EventID":7036,"EntryType":4,"Message":"The Network Setup Service service entered the stopped state.","Source":"Service Control Manager","ReplacementStrings":["Network Setup Service","stopped"],"InstanceId":1073748860,"TimeGenerated":"\/Date(1580999194000)\/","TimeWritten":"\/Date(1580999194000)\/","UserName":null,"Site":null,"Container":null},{"MachineName":"SERWER01","Data":[119,0,108,0,105,0,100,0,115,0,118,0,99,0,47,0,52,0,0,0],"Index":4847,"Category":"(0)","CategoryNumber":0,"EventID":7036,"EntryType":4,"Message":"The Microsoft Account Sign-in Assistant service entered the running state.","Source":"Service Control Manager","ReplacementStrings":["Microsoft Account Sign-in Assistant","running"],"InstanceId":1073748860,"TimeGenerated":"\/Date(1580999110000)\/","TimeWritten":"\/Date(1580999110000)\/","UserName":null,"Site":null,"Container":null},{"MachineName":"SERWER01","Data":[78,0,101,0,116,0,83,0,101,0,116,0,117,0,112,0,83,0,118,0,99,0,47,0,52,0,0,0],"Index":4846,"Category":"(0)","CategoryNumber":0,"EventID":7036,"EntryType":4,"Message":"The Network Setup Service service entered the running state.","Source":"Service Control Manager","ReplacementStrings":["Network Setup Service","running"],"InstanceId":1073748860,"TimeGenerated":"\/Date(1580999102000)\/","TimeWritten":"\/Date(1580999102000)\/","UserName":null,"Site":null,"Container":null},{"MachineName":"SERWER01","Data":[78,0,101,0,116,0,83,0,101,0,116,0,117,0,112,0,83,0,118,0,99,0,47,0,49,0,0,0],"Index":4845,"Category":"(0)","CategoryNumber":0,"EventID":7036,"EntryType":4,"Message":"The Network Setup Service service entered the stopped state.","Source":"Service Control Manager","ReplacementStrings":["Network Setup Service","stopped"],"InstanceId":1073748860,"TimeGenerated":"\/Date(1580998594000)\/","TimeWritten":"\/Date(1580998594000)\/","UserName":null,"Site":null,"Container":null},{"MachineName":"SERWER01","Data":[78,0,101,0,116,0,83,0,101,0,116,0,117,0,112,0,83,0,118,0,99,0,47,0,52,0,0,0],"Index":4844,"Category":"(0)","CategoryNumber":0,"EventID":7036,"EntryType":4,"Message":"The Network Setup Service service entered the running state.","Source":"Service Control Manager","ReplacementStrings":["Network Setup Service","running"],"InstanceId":1073748860,"TimeGenerated":"\/Date(1580998502000)\/","TimeWritten":"\/Date(1580998502000)\/","UserName":null,"Site":null,"Container":null},{"MachineName":"SERWER01","Data":[78,0,101,0,116,0,83,0,101,0,116,0,117,0,112,0,83,0,118,0,99,0,47,0,49,0,0,0],"Index":4843,"Category":"(0)","CategoryNumber":0,"EventID":7036,"EntryType":4,"Message":"The Network Setup Service service entered the stopped state.","Source":"Service Control Manager","ReplacementStrings":["Network Setup Service","stopped"],"InstanceId":1073748860,"TimeGenerated":"\/Date(1580997994000)\/","TimeWritten":"\/Date(1580997994000)\/","UserName":null,"Site":null,"Container":null},{"MachineName":"SERWER01","Data":[78,0,101,0,116,0,83,0,101,0,116,0,117,0,112,0,83,0,118,0,99,0,47,0,52,0,0,0],"Index":4842,"Category":"(0)","CategoryNumber":0,"EventID":7036,"EntryType":4,"Message":"The Network Setup Service service entered the running state.","Source":"Service Control Manager","ReplacementStrings":["Network Setup Service","running"],"InstanceId":1073748860,"TimeGenerated":"\/Date(1580997902000)\/","TimeWritten":"\/Date(1580997902000)\/","UserName":null,"Site":null,"Container":null},{"MachineName":"SERWER01","Data":[78,0,101,0,116,0,83,0,101,0,116,0,117,0,112,0,83,0,118,0,99,0,47,0,49,0,0,0],"Index":4841,"Category":"(0)","CategoryNumber":0,"EventID":7036,"EntryType":4,"Message":"The Network Setup Service service entered the stopped state.","Source":"Service Control Manager","ReplacementStrings":["Network Setup Service","stopped"],"InstanceId":1073748860,"TimeGenerated":"\/Date(1580997394000)\/","TimeWritten":"\/Date(1580997394000)\/","UserName":null,"Site":null,"Container":null},{"MachineName":"SERWER01","Data":[78,0,101,0,116,0,83,0,101,0,116,0,117,0,112,0,83,0,118,0,99,0,47,0,52,0,0,0],"Index":4828,"Category":"(0)","CategoryNumber":0,"EventID":7036,"EntryType":4,"Message":"The Network Setup Service service entered the running state.","Source":"Service Control Manager","ReplacementStrings":["Network Setup Service","running"],"InstanceId":1073748860,"TimeGenerated":"\/Date(1580997196000)\/","TimeWritten":"\/Date(1580997196000)\/","UserName":null,"Site":null,"Container":null},{"MachineName":"SERWER01","Data":[78,0,101,0,116,0,83,0,101,0,116,0,117,0,112,0,83,0,118,0,99,0,47,0,49,0,0,0],"Index":4824,"Category":"(0)","CategoryNumber":0,"EventID":7036,"EntryType":4,"Message":"The Network Setup Service service entered the stopped state.","Source":"Service Control Manager","ReplacementStrings":["Network Setup Service","stopped"],"InstanceId":1073748860,"TimeGenerated":"\/Date(1580997173000)\/","TimeWritten":"\/Date(1580997173000)\/","UserName":null,"Site":null,"Container":null},{"MachineName":"SERWER01","Data":[78,0,101,0,116,0,83,0,101,0,116,0,117,0,112,0,83,0,118,0,99,0,47,0,52,0,0,0],"Index":4815,"Category":"(0)","CategoryNumber":0,"EventID":7036,"EntryType":4,"Message":"The Network Setup Service service entered the running state.","Source":"Service Control Manager","ReplacementStrings":["Network Setup Service","running"],"InstanceId":1073748860,"TimeGenerated":"\/Date(1580997107000)\/","TimeWritten":"\/Date(1580997107000)\/","UserName":null,"Site":null,"Container":null},{"MachineName":"SERWER01","Data":[78,0,101,0,116,0,83,0,101,0,116,0,117,0,112,0,83,0,118,0,99,0,47,0,49,0,0,0],"Index":4809,"Category":"(0)","CategoryNumber":0,"EventID":7036,"EntryType":4,"Message":"The Network Setup Service service entered the stopped state.","Source":"Service Control Manager","ReplacementStrings":["Network Setup Service","stopped"],"InstanceId":1073748860,"TimeGenerated":"\/Date(1580995786000)\/","TimeWritten":"\/Date(1580995786000)\/","UserName":null,"Site":null,"Container":null},{"MachineName":"SERWER01","Data":[78,0,101,0,116,0,83,0,101,0,116,0,117,0,112,0,83,0,118,0,99,0,47,0,52,0,0,0],"Index":4808,"Category":"(0)","CategoryNumber":0,"EventID":7036,"EntryType":4,"Message":"The Network Setup Service service entered the running state.","Source":"Service Control Manager","ReplacementStrings":["Network Setup Service","running"],"InstanceId":1073748860,"TimeGenerated":"\/Date(1580995605000)\/","TimeWritten":"\/Date(1580995605000)\/","UserName":null,"Site":null,"Container":null},{"MachineName":"SERWER01","Data":[78,0,101,0,116,0,83,0,101,0,116,0,117,0,112,0,83,0,118,0,99,0,47,0,49,0,0,0],"Index":4807,"Category":"(0)","CategoryNumber":0,"EventID":7036,"EntryType":4,"Message":"The Network Setup Service service entered the stopped state.","Source":"Service Control Manager","ReplacementStrings":["Network Setup Service","stopped"],"InstanceId":1073748860,"TimeGenerated":"\/Date(1580995594000)\/","TimeWritten":"\/Date(1580995594000)\/","UserName":null,"Site":null,"Container":null},{"MachineName":"SERWER01","Data":[78,0,101,0,116,0,83,0,101,0,116,0,117,0,112,0,83,0,118,0,99,0,47,0,52,0,0,0],"Index":4806,"Category":"(0)","CategoryNumber":0,"EventID":7036,"EntryType":4,"Message":"The Network Setup Service service entered the running state.","Source":"Service Control Manager","ReplacementStrings":["Network Setup Service","running"],"InstanceId":1073748860,"TimeGenerated":"\/Date(1580995501000)\/","TimeWritten":"\/Date(1580995501000)\/","UserName":null,"Site":null,"Container":null},{"MachineName":"SERWER01","Data":[78,0,101,0,116,0,83,0,101,0,116,0,117,0,112,0,83,0,118,0,99,0,47,0,49,0,0,0],"Index":4805,"Category":"(0)","CategoryNumber":0,"EventID":7036,"EntryType":4,"Message":"The Network Setup Service service entered the stopped state.","Source":"Service Control Manager","ReplacementStrings":["Network Setup Service","stopped"],"InstanceId":1073748860,"TimeGenerated":"\/Date(1580994994000)\/","TimeWritten":"\/Date(1580994994000)\/","UserName":null,"Site":null,"Container":null},{"MachineName":"SERWER01","Data":[78,0,101,0,116,0,83,0,101,0,116,0,117,0,112,0,83,0,118,0,99,0,47,0,52,0,0,0],"Index":4804,"Category":"(0)","CategoryNumber":0,"EventID":7036,"EntryType":4,"Message":"The Network Setup Service service entered the running state.","Source":"Service Control Manager","ReplacementStrings":["Network Setup Service","running"],"InstanceId":1073748860,"TimeGenerated":"\/Date(1580994902000)\/","TimeWritten":"\/Date(1580994902000)\/","UserName":null,"Site":null,"Container":null},{"MachineName":"SERWER01","Data":[78,0,101,0,116,0,83,0,101,0,116,0,117,0,112,0,83,0,118,0,99,0,47,0,49,0,0,0],"Index":4803,"Category":"(0)","CategoryNumber":0,"EventID":7036,"EntryType":4,"Message":"The Network Setup Service service entered the stopped state.","Source":"Service Control Manager","ReplacementStrings":["Network Setup Service","stopped"],"InstanceId":1073748860,"TimeGenerated":"\/Date(1580994394000)\/","TimeWritten":"\/Date(1580994394000)\/","UserName":null,"Site":null,"Container":null},{"MachineName":"SERWER01","Data":[78,0,101,0,116,0,83,0,101,0,116,0,117,0,112,0,83,0,118,0,99,0,47,0,52,0,0,0],"Index":4802,"Category":"(0)","CategoryNumber":0,"EventID":7036,"EntryType":4,"Message":"The Network Setup Service service entered the running state.","Source":"Service Control Manager","ReplacementStrings":["Network Setup Service","running"],"InstanceId":1073748860,"TimeGenerated":"\/Date(1580994302000)\/","TimeWritten":"\/Date(1580994302000)\/","UserName":null,"Site":null,"Container":null},