{"MachineName":"WIN-2DKE1ERCQC6","Data":[99,0,97,0,109,0,115,0,118,0,99,0,47,0,52,0,0,0],"Index":537,"Category":"(0)","CategoryNumber":0,"EventID":7036,"EntryType":4,"Message":"The Capability Access Manager Service service entered the running state.","Source":"Service Control Manager","ReplacementStrings":["Capability Access Manager Service","running"],"InstanceId":1073748860,"TimeGenerated":"\/Date(1580461751000)\/","TimeWritten":"\/Date(1580461751000)\/","UserName":null,"Site":null,"Container":null},{"MachineName":"WIN-2DKE1ERCQC6","Data":[119,0,117,0,97,0,117,0,115,0,101,0,114,0,118,0,47,0,52,0,0,0],"Index":536,"Category":"(0)","CategoryNumber":0,"EventID":7036,"EntryType":4,"Message":"The Windows Update service entered the running state.","Source":"Service Control Manager","ReplacementStrings":["Windows Update","running"],"InstanceId":1073748860,"TimeGenerated":"\/Date(1580461749000)\/","TimeWritten":"\/Date(1580461749000)\/","UserName":null,"Site":null,"Container":null},{"MachineName":"WIN-2DKE1ERCQC6","Data":[86,0,97,0,117,0,108,0,116,0,83,0,118,0,99,0,47,0,52,0,0,0],"Index":535,"Category":"(0)","CategoryNumber":0,"EventID":7036,"EntryType":4,"Message":"The Credential Manager service entered the running state.","Source":"Service Control Manager","ReplacementStrings":["Credential Manager","running"],"InstanceId":1073748860,"TimeGenerated":"\/Date(1580461748000)\/","TimeWritten":"\/Date(1580461748000)\/","UserName":null,"Site":null,"Container":null},{"MachineName":"WIN-2DKE1ERCQC6","Data":[78,0,103,0,99,0,83,0,118,0,99,0,47,0,52,0,0,0],"Index":534,"Category":"(0)","CategoryNumber":0,"EventID":7036,"EntryType":4,"Message":"The Microsoft Passport service entered the running state.","Source":"Service Control Manager","ReplacementStrings":["Microsoft Passport","running"],"InstanceId":1073748860,"TimeGenerated":"\/Date(1580461748000)\/","TimeWritten":"\/Date(1580461748000)\/","UserName":null,"Site":null,"Container":null},{"MachineName":"WIN-2DKE1ERCQC6","Data":[75,0,101,0,121,0,73,0,115,0,111,0,47,0,52,0,0,0],"Index":515,"Category":"(0)","CategoryNumber":0,"EventID":7036,"EntryType":4,"Message":"The CNG Key Isolation service entered the running state.","Source":"Service Control Manager","ReplacementStrings":["CNG Key Isolation","running"],"InstanceId":1073748860,"TimeGenerated":"\/Date(1580461745000)\/","TimeWritten":"\/Date(1580461745000)\/","UserName":null,"Site":null,"Container":null},{"MachineName":"WIN-2DKE1ERCQC6","Data":[119,0,108,0,105,0,100,0,115,0,118,0,99,0,47,0,52,0,0,0],"Index":513,"Category":"(0)","CategoryNumber":0,"EventID":7036,"EntryType":4,"Message":"The Microsoft Account Sign-in Assistant service entered the running state.","Source":"Service Control Manager","ReplacementStrings":["Microsoft Account Sign-in Assistant","running"],"InstanceId":1073748860,"TimeGenerated":"\/Date(1580461745000)\/","TimeWritten":"\/Date(1580461745000)\/","UserName":null,"Site":null,"Container":null},{"MachineName":"WIN-2DKE1ERCQC6","Data":[84,0,114,0,117,0,115,0,116,0,101,0,100,0,73,0,110,0,115,0,116,0,97,0,108,0,108,0,101,0,114,0,47,0,52,0,0,0],"Index":512,"Category":"(0)","CategoryNumber":0,"EventID":7036,"EntryType":4,"Message":"The Windows Modules Installer service entered the running state.","Source":"Service Control Manager","ReplacementStrings":["Windows Modules Installer","running"],"InstanceId":1073748860,"TimeGenerated":"\/Date(1580461744000)\/","TimeWritten":"\/Date(1580461744000)\/","UserName":null,"Site":null,"Container":null},{"MachineName":"WIN-2DKE1ERCQC6","Data":[68,0,111,0,83,0,118,0,99,0,47,0,49,0,0,0],"Index":510,"Category":"(0)","CategoryNumber":0,"EventID":7036,"EntryType":4,"Message":"The Delivery Optimization service entered the stopped state.","Source":"Service Control Manager","ReplacementStrings":["Delivery Optimization","stopped"],"InstanceId":1073748860,"TimeGenerated":"\/Date(1580461744000)\/","TimeWritten":"\/Date(1580461744000)\/","UserName":null,"Site":null,"Container":null},{"MachineName":"WIN-2DKE1ERCQC6","Data":[68,0,111,0,83,0,118,0,99,0,47,0,52,0,0,0],"Index":509,"Category":"(0)","CategoryNumber":0,"EventID":7036,"EntryType":4,"Message":"The Delivery Optimization service entered the running state.","Source":"Service Control Manager","ReplacementStrings":["Delivery Optimization","running"],"InstanceId":1073748860,"TimeGenerated":"\/Date(1580461744000)\/","TimeWritten":"\/Date(1580461744000)\/","UserName":null,"Site":null,"Container":null},{"MachineName":"WIN-2DKE1ERCQC6","Data":[78,0,99,0,97,0,83,0,118,0,99,0,47,0,49,0,0,0],"Index":508,"Category":"(0)","CategoryNumber":0,"EventID":7036,"EntryType":4,"Message":"The Network Connectivity Assistant service entered the stopped state.","Source":"Service Control Manager","ReplacementStrings":["Network Connectivity Assistant","stopped"],"InstanceId":1073748860,"TimeGenerated":"\/Date(1580461744000)\/","TimeWritten":"\/Date(1580461744000)\/","UserName":null,"Site":null,"Container":null},{"MachineName":"WIN-2DKE1ERCQC6","Data":[68,0,105,0,97,0,103,0,84,0,114,0,97,0,99,0,107,0,47,0,52,0,0,0],"Index":505,"Category":"(0)","CategoryNumber":0,"EventID":7036,"EntryType":4,"Message":"The DiagTrack service entered the running state.","Source":"Service Control Manager","ReplacementStrings":["DiagTrack","running"],"InstanceId":1073748860,"TimeGenerated":"\/Date(1580461742000)\/","TimeWritten":"\/Date(1580461742000)\/","UserName":null,"Site":null,"Container":null},{"MachineName":"WIN-2DKE1ERCQC6","Data":[87,0,105,0,110,0,68,0,101,0,102,0,101,0,110,0,100,0,47,0,52,0,0,0],"Index":504,"Category":"(0)","CategoryNumber":0,"EventID":7036,"EntryType":4,"Message":"The WinDefend service entered the running state.","Source":"Service Control Manager","ReplacementStrings":["WinDefend","running"],"InstanceId":1073748860,"TimeGenerated":"\/Date(1580461742000)\/","TimeWritten":"\/Date(1580461742000)\/","UserName":null,"Site":null,"Container":null},{"MachineName":"WIN-2DKE1ERCQC6","Data":[87,0,105,0,110,0,82,0,77,0,47,0,52,0,0,0],"Index":503,"Category":"(0)","CategoryNumber":0,"EventID":7036,"EntryType":4,"Message":"The WinRM service entered the running state.","Source":"Service Control Manager","ReplacementStrings":["WinRM","running"],"InstanceId":1073748860,"TimeGenerated":"\/Date(1580461742000)\/","TimeWritten":"\/Date(1580461742000)\/","UserName":null,"Site":null,"Container":null},{"MachineName":"WIN-2DKE1ERCQC6","Data":[76,0,97,0,110,0,109,0,97,0,110,0,83,0,101,0,114,0,118,0,101,0,114,0,47,0,52,0,0,0],"Index":502,"Category":"(0)","CategoryNumber":0,"EventID":7036,"EntryType":4,"Message":"The LanmanServer service entered the running state.","Source":"Service Control Manager","ReplacementStrings":["LanmanServer","running"],"InstanceId":1073748860,"TimeGenerated":"\/Date(1580461742000)\/","TimeWritten":"\/Date(1580461742000)\/","UserName":null,"Site":null,"Container":null},{"MachineName":"WIN-2DKE1ERCQC6","Data":[87,0,112,0,110,0,83,0,101,0,114,0,118,0,105,0,99,0,101,0,47,0,52,0,0,0],"Index":501,"Category":"(0)","CategoryNumber":0,"EventID":7036,"EntryType":4,"Message":"The WpnService service entered the running state.","Source":"Service Control Manager","ReplacementStrings":["WpnService","running"],"InstanceId":1073748860,"TimeGenerated":"\/Date(1580461742000)\/","TimeWritten":"\/Date(1580461742000)\/","UserName":null,"Site":null,"Container":null},{"MachineName":"WIN-2DKE1ERCQC6","Data":[87,0,51,0,50,0,84,0,105,0,109,0,101,0,47,0,52,0,0,0],"Index":499,"Category":"(0)","CategoryNumber":0,"EventID":7036,"EntryType":4,"Message":"The W32Time service entered the running state.","Source":"Service Control Manager","ReplacementStrings":["W32Time","running"],"InstanceId":1073748860,"TimeGenerated":"\/Date(1580461742000)\/","TimeWritten":"\/Date(1580461742000)\/","UserName":null,"Site":null,"Container":null},{"MachineName":"WIN-2DKE1ERCQC6","Data":[105,0,112,0,104,0,108,0,112,0,115,0,118,0,99,0,47,0,52,0,0,0],"Index":497,"Category":"(0)","CategoryNumber":0,"EventID":7036,"EntryType":4,"Message":"The iphlpsvc service entered the running state.","Source":"Service Control Manager","ReplacementStrings":["iphlpsvc","running"],"InstanceId":1073748860,"TimeGenerated":"\/Date(1580461742000)\/","TimeWritten":"\/Date(1580461742000)\/","UserName":null,"Site":null,"Container":null},{"MachineName":"WIN-2DKE1ERCQC6","Data":[67,0,114,0,121,0,112,0,116,0,83,0,118,0,99,0,47,0,52,0,0,0],"Index":496,"Category":"(0)","CategoryNumber":0,"EventID":7036,"EntryType":4,"Message":"The CryptSvc service entered the running state.","Source":"Service Control Manager","ReplacementStrings":["CryptSvc","running"],"InstanceId":1073748860,"TimeGenerated":"\/Date(1580461742000)\/","TimeWritten":"\/Date(1580461742000)\/","UserName":null,"Site":null,"Container":null},{"MachineName":"WIN-2DKE1ERCQC6","Data":[82,0,101,0,109,0,111,0,116,0,101,0,82,0,101,0,103,0,105,0,115,0,116,0,114,0,121,0,47,0,52,0,0,0],"Index":495,"Category":"(0)","CategoryNumber":0,"EventID":7036,"EntryType":4,"Message":"The RemoteRegistry service entered the running state.","Source":"Service Control Manager","ReplacementStrings":["RemoteRegistry","running"],"InstanceId":1073748860,"TimeGenerated":"\/Date(1580461742000)\/","TimeWritten":"\/Date(1580461742000)\/","UserName":null,"Site":null,"Container":null},{"MachineName":"WIN-2DKE1ERCQC6","Data":[83,0,121,0,115,0,77,0,97,0,105,0,110,0,47,0,52,0,0,0],"Index":494,"Category":"(0)","CategoryNumber":0,"EventID":7036,"EntryType":4,"Message":"The SysMain service entered the running state.","Source":"Service Control Manager","ReplacementStrings":["SysMain","running"],"InstanceId":1073748860,"TimeGenerated":"\/Date(1580461742000)\/","TimeWritten":"\/Date(1580461742000)\/","UserName":null,"Site":null,"Container":null},{"MachineName":"WIN-2DKE1ERCQC6","Data":[84,0,114,0,107,0,87,0,107,0,115,0,47,0,52,0,0,0],"Index":493,"Category":"(0)","CategoryNumber":0,"EventID":7036,"EntryType":4,"Message":"The TrkWks service entered the running state.","Source":"Service Control Manager","ReplacementStrings":["TrkWks","running"],"InstanceId":1073748860,"TimeGenerated":"\/Date(1580461742000)\/","TimeWritten":"\/Date(1580461742000)\/","UserName":null,"Site":null,"Container":null},{"MachineName":"WIN-2DKE1ERCQC6","Data":[83,0,112,0,111,0,111,0,108,0,101,0,114,0,47,0,52,0,0,0],"Index":492,"Category":"(0)","CategoryNumber":0,"EventID":7036,"EntryType":4,"Message":"The Spooler service entered the running state.","Source":"Service Control Manager","ReplacementStrings":["Spooler","running"],"InstanceId":1073748860,"TimeGenerated":"\/Date(1580461742000)\/","TimeWritten":"\/Date(1580461742000)\/","UserName":null,"Site":null,"Container":null},{"MachineName":"WIN-2DKE1ERCQC6","Data":[83,0,97,0,109,0,83,0,115,0,47,0,52,0,0,0],"Index":491,"Category":"(0)","CategoryNumber":0,"EventID":7036,"EntryType":4,"Message":"The SamSs service entered the running state.","Source":"Service Control Manager","ReplacementStrings":["SamSs","running"],"InstanceId":1073748860,"TimeGenerated":"\/Date(1580461742000)\/","TimeWritten":"\/Date(1580461742000)\/","UserName":null,"Site":null,"Container":null},{"MachineName":"WIN-2DKE1ERCQC6","Data":[109,0,112,0,115,0,115,0,118,0,99,0,47,0,52,0,0,0],"Index":490,"Category":"(0)","CategoryNumber":0,"EventID":7036,"EntryType":4,"Message":"The mpssvc service entered the running state.","Source":"Service Control Manager","ReplacementStrings":["mpssvc","running"],"InstanceId":1073748860,"TimeGenerated":"\/Date(1580461742000)\/","TimeWritten":"\/Date(1580461742000)\/","UserName":null,"Site":null,"Container":null},{"MachineName":"WIN-2DKE1ERCQC6","Data":[66,0,70,0,69,0,47,0,52,0,0,0],"Index":489,"Category":"(0)","CategoryNumber":0,"EventID":7036,"EntryType":4,"Message":"The BFE service entered the running state.","Source":"Service Control Manager","ReplacementStrings":["BFE","running"],"InstanceId":1073748860,"TimeGenerated":"\/Date(1580461742000)\/","TimeWritten":"\/Date(1580461742000)\/","UserName":null,"Site":null,"Container":null},{"MachineName":"WIN-2DKE1ERCQC6","Data":[85,0,115,0,101,0,114,0,77,0,97,0,110,0,97,0,103,0,101,0,114,0,47,0,52,0,0,0],"Index":488,"Category":"(0)","CategoryNumber":0,"EventID":7036,"EntryType":4,"Message":"The UserManager service entered the running state.","Source":"Service Control Manager","ReplacementStrings":["UserManager","running"],"InstanceId":1073748860,"TimeGenerated":"\/Date(1580461742000)\/","TimeWritten":"\/Date(1580461742000)\/","UserName":null,"Site":null,"Container":null},{"MachineName":"WIN-2DKE1ERCQC6","Data":[76,0,97,0,110,0,109,0,97,0,110,0,87,0,111,0,114,0,107,0,115,0,116,0,97,0,116,0,105,0,111,0,110,0,47,0,52,0,0,0],"Index":487,"Category":"(0)","CategoryNumber":0,"EventID":7036,"EntryType":4,"Message":"The LanmanWorkstation service entered the running state.","Source":"Service Control Manager","ReplacementStrings":["LanmanWorkstation","running"],"InstanceId":1073748860,"TimeGenerated":"\/Date(1580461742000)\/","TimeWritten":"\/Date(1580461742000)\/","UserName":null,"Site":null,"Container":null},{"MachineName":"WIN-2DKE1ERCQC6","Data":[87,0,99,0,109,0,115,0,118,0,99,0,47,0,52,0,0,0],"Index":486,"Category":"(0)","CategoryNumber":0,"EventID":7036,"EntryType":4,"Message":"The Wcmsvc service entered the running state.","Source":"Service Control Manager","ReplacementStrings":["Wcmsvc","running"],"InstanceId":1073748860,"TimeGenerated":"\/Date(1580461742000)\/","TimeWritten":"\/Date(1580461742000)\/","UserName":null,"Site":null,"Container":null},{"MachineName":"WIN-2DKE1ERCQC6","Data":[87,0,105,0,110,0,72,0,116,0,116,0,112,0,65,0,117,0,116,0,111,0,80,0,114,0,111,0,120,0,121,0,83,0,118,0,99,0,47,0,52,0,0,0],"Index":485,"Category":"(0)","CategoryNumber":0,"EventID":7036,"EntryType":4,"Message":"The WinHttpAutoProxySvc service entered the running state.","Source":"Service Control Manager","ReplacementStrings":["WinHttpAutoProxySvc","running"],"InstanceId":1073748860,"TimeGenerated":"\/Date(1580461742000)\/","TimeWritten":"\/Date(1580461742000)\/","UserName":null,"Site":null,"Container":null},{"MachineName":"WIN-2DKE1ERCQC6","Data":[87,0,105,0,110,0,109,0,103,0,109,0,116,0,47,0,52,0,0,0],"Index":484,"Category":"(0)","CategoryNumber":0,"EventID":7036,"EntryType":4,"Message":"The Winmgmt service entered the running state.","Source":"Service Control Manager","ReplacementStrings":["Winmgmt","running"],"InstanceId":1073748860,"TimeGenerated":"\/Date(1580461742000)\/","TimeWritten":"\/Date(1580461742000)\/","UserName":null,"Site":null,"Container":null},{"MachineName":"WIN-2DKE1ERCQC6","Data":[70,0,111,0,110,0,116,0,67,0,97,0,99,0,104,0,101,0,47,0,52,0,0,0],"Index":483,"Category":"(0)","CategoryNumber":0,"EventID":7036,"EntryType":4,"Message":"The FontCache service entered the running state.","Source":"Service Control Manager","ReplacementStrings":["FontCache","running"],"InstanceId":1073748860,"TimeGenerated":"\/Date(1580461742000)\/","TimeWritten":"\/Date(1580461742000)\/","UserName":null,"Site":null,"Container":null},{"MachineName":"WIN-2DKE1ERCQC6","Data":[83,0,99,0,104,0,101,0,100,0,117,0,108,0,101,0,47,0,52,0,0,0],"Index":482,"Category":"(0)","CategoryNumber":0,"EventID":7036,"EntryType":4,"Message":"The Schedule service entered the running state.","Source":"Service Control Manager","ReplacementStrings":["Schedule","running"],"InstanceId":1073748860,"TimeGenerated":"\/Date(1580461742000)\/","TimeWritten":"\/Date(1580461742000)\/","UserName":null,"Site":null,"Container":null},{"MachineName":"WIN-2DKE1ERCQC6","Data":[84,0,105,0,109,0,101,0,66,0,114,0,111,0,107,0,101,0,114,0,83,0,118,0,99,0,47,0,52,0,0,0],"Index":481,"Category":"(0)","CategoryNumber":0,"EventID":7036,"EntryType":4,"Message":"The TimeBrokerSvc service entered the running state.","Source":"Service Control Manager","ReplacementStrings":["TimeBrokerSvc","running"],"InstanceId":1073748860,"TimeGenerated":"\/Date(1580461742000)\/","TimeWritten":"\/Date(1580461742000)\/","UserName":null,"Site":null,"Container":null},{"MachineName":"WIN-2DKE1ERCQC6","Data":[83,0,104,0,101,0,108,0,108,0,72,0,87,0,68,0,101,0,116,0,101,0,99,0,116,0,105,0,111,0,110,0,47,0,52,0,0,0],"Index":480,"Category":"(0)","CategoryNumber":0,"EventID":7036,"EntryType":4,"Message":"The ShellHWDetection service entered the running state.","Source":"Service Control Manager","ReplacementStrings":["ShellHWDetection","running"],"InstanceId":1073748860,"TimeGenerated":"\/Date(1580461742000)\/","TimeWritten":"\/Date(1580461742000)\/","UserName":null,"Site":null,"Container":null},{"MachineName":"WIN-2DKE1ERCQC6","Data":[68,0,110,0,115,0,99,0,97,0,99,0,104,0,101,0,47,0,52,0,0,0],"Index":479,"Category":"(0)","CategoryNumber":0,"EventID":7036,"EntryType":4,"Message":"The Dnscache service entered the running state.","Source":"Service Control Manager","ReplacementStrings":["Dnscache","running"],"InstanceId":1073748860,"TimeGenerated":"\/Date(1580461742000)\/","TimeWritten":"\/Date(1580461742000)\/","UserName":null,"Site":null,"Container":null},{"MachineName":"WIN-2DKE1ERCQC6","Data":[78,0,99,0,98,0,83,0,101,0,114,0,118,0,105,0,99,0,101,0,47,0,52,0,0,0],"Index":478,"Category":"(0)","CategoryNumber":0,"EventID":7036,"EntryType":4,"Message":"The NcbService service entered the running state.","Source":"Service Control Manager","ReplacementStrings":["NcbService","running"],"InstanceId":1073748860,"TimeGenerated":"\/Date(1580461742000)\/","TimeWritten":"\/Date(1580461742000)\/","UserName":null,"Site":null,"Container":null},{"MachineName":"WIN-2DKE1ERCQC6","Data":[68,0,115,0,109,0,83,0,118,0,99,0,47,0,52,0,0,0],"Index":477,"Category":"(0)","CategoryNumber":0,"EventID":7036,"EntryType":4,"Message":"The DsmSvc service entered the running state.","Source":"Service Control Manager","ReplacementStrings":["DsmSvc","running"],"InstanceId":1073748860,"TimeGenerated":"\/Date(1580461742000)\/","TimeWritten":"\/Date(1580461742000)\/","UserName":null,"Site":null,"Container":null},{"MachineName":"WIN-2DKE1ERCQC6","Data":[110,0,101,0,116,0,112,0,114,0,111,0,102,0,109,0,47,0,52,0,0,0],"Index":476,"Category":"(0)","CategoryNumber":0,"EventID":7036,"EntryType":4,"Message":"The netprofm service entered the running state.","Source":"Service Control Manager","ReplacementStrings":["netprofm","running"],"InstanceId":1073748860,"TimeGenerated":"\/Date(1580461742000)\/","TimeWritten":"\/Date(1580461742000)\/","UserName":null,"Site":null,"Container":null},{"MachineName":"WIN-2DKE1ERCQC6","Data":[80,0,114,0,111,0,102,0,83,0,118,0,99,0,47,0,52,0,0,0],"Index":475,"Category":"(0)","CategoryNumber":0,"EventID":7036,"EntryType":4,"Message":"The ProfSvc service entered the running state.","Source":"Service Control Manager","ReplacementStrings":["ProfSvc","running"],"InstanceId":1073748860,"TimeGenerated":"\/Date(1580461742000)\/","TimeWritten":"\/Date(1580461742000)\/","UserName":null,"Site":null,"Container":null},{"MachineName":"WIN-2DKE1ERCQC6","Data":[78,0,108,0,97,0,83,0,118,0,99,0,47,0,52,0,0,0],"Index":474,"Category":"(0)","CategoryNumber":0,"EventID":7036,"EntryType":4,"Message":"The NlaSvc service entered the running state.","Source":"Service Control Manager","ReplacementStrings":["NlaSvc","running"],"InstanceId":1073748860,"TimeGenerated":"\/Date(1580461742000)\/","TimeWritten":"\/Date(1580461742000)\/","UserName":null,"Site":null,"Container":null},{"MachineName":"WIN-2DKE1ERCQC6","Data":[83,0,69,0,78,0,83,0,47,0,52,0,0,0],"Index":473,"Category":"(0)","CategoryNumber":0,"EventID":7036,"EntryType":4,"Message":"The SENS service entered the running state.","Source":"Service Control Manager","ReplacementStrings":["SENS","running"],"InstanceId":1073748860,"TimeGenerated":"\/Date(1580461742000)\/","TimeWritten":"\/Date(1580461742000)\/","UserName":null,"Site":null,"Container":null},{"MachineName":"WIN-2DKE1ERCQC6","Data":[69,0,118,0,101,0,110,0,116,0,83,0,121,0,115,0,116,0,101,0,109,0,47,0,52,0,0,0],"Index":472,"Category":"(0)","CategoryNumber":0,"EventID":7036,"EntryType":4,"Message":"The EventSystem service entered the running state.","Source":"Service Control Manager","ReplacementStrings":["EventSystem","running"],"InstanceId":1073748860,"TimeGenerated":"\/Date(1580461742000)\/","TimeWritten":"\/Date(1580461742000)\/","UserName":null,"Site":null,"Container":null},{"MachineName":"WIN-2DKE1ERCQC6","Data":[84,0,104,0,101,0,109,0,101,0,115,0,47,0,52,0,0,0],"Index":471,"Category":"(0)","CategoryNumber":0,"EventID":7036,"EntryType":4,"Message":"The Themes service entered the running state.","Source":"Service Control Manager","ReplacementStrings":["Themes","running"],"InstanceId":1073748860,"TimeGenerated":"\/Date(1580461742000)\/","TimeWritten":"\/Date(1580461742000)\/","UserName":null,"Site":null,"Container":null},{"MachineName":"WIN-2DKE1ERCQC6","Data":[103,0,112,0,115,0,118,0,99,0,47,0,52,0,0,0],"Index":470,"Category":"(0)","CategoryNumber":0,"EventID":7036,"EntryType":4,"Message":"The gpsvc service entered the running state.","Source":"Service Control Manager","ReplacementStrings":["gpsvc","running"],"InstanceId":1073748860,"TimeGenerated":"\/Date(1580461742000)\/","TimeWritten":"\/Date(1580461742000)\/","UserName":null,"Site":null,"Container":null},{"MachineName":"WIN-2DKE1ERCQC6","Data":[68,0,104,0,99,0,112,0,47,0,52,0,0,0],"Index":469,"Category":"(0)","CategoryNumber":0,"EventID":7036,"EntryType":4,"Message":"The Dhcp service entered the running state.","Source":"Service Control Manager","ReplacementStrings":["Dhcp","running"],"InstanceId":1073748860,"TimeGenerated":"\/Date(1580461742000)\/","TimeWritten":"\/Date(1580461742000)\/","UserName":null,"Site":null,"Container":null},{"MachineName":"WIN-2DKE1ERCQC6","Data":[87,0,80,0,68,0,66,0,117,0,115,0,69,0,110,0,117,0,109,0,47,0,52,0,0,0],"Index":461,"Category":"(0)","CategoryNumber":0,"EventID":7036,"EntryType":4,"Message":"The WPDBusEnum service entered the running state.","Source":"Service Control Manager","ReplacementStrings":["WPDBusEnum","running"],"InstanceId":1073748860,"TimeGenerated":"\/Date(1580461742000)\/","TimeWritten":"\/Date(1580461742000)\/","UserName":null,"Site":null,"Container":null},{"MachineName":"WIN-2DKE1ERCQC6","Data":[110,0,115,0,105,0,47,0,52,0,0,0],"Index":458,"Category":"(0)","CategoryNumber":0,"EventID":7036,"EntryType":4,"Message":"The nsi service entered the running state.","Source":"Service Control Manager","ReplacementStrings":["nsi","running"],"InstanceId":1073748860,"TimeGenerated":"\/Date(1580461742000)\/","TimeWritten":"\/Date(1580461742000)\/","UserName":null,"Site":null,"Container":null},{"MachineName":"WIN-2DKE1ERCQC6","Data":[104,0,105,0,100,0,115,0,101,0,114,0,118,0,47,0,52,0,0,0],"Index":457,"Category":"(0)","CategoryNumber":0,"EventID":7036,"EntryType":4,"Message":"The hidserv service entered the running state.","Source":"Service Control Manager","ReplacementStrings":["hidserv","running"],"InstanceId":1073748860,"TimeGenerated":"\/Date(1580461742000)\/","TimeWritten":"\/Date(1580461742000)\/","UserName":null,"Site":null,"Container":null},{"MachineName":"WIN-2DKE1ERCQC6","Data":[69,0,118,0,101,0,110,0,116,0,76,0,111,0,103,0,47,0,52,0,0,0],"Index":456,"Category":"(0)","CategoryNumber":0,"EventID":7036,"EntryType":4,"Message":"The EventLog service entered the running state.","Source":"Service Control Manager","ReplacementStrings":["EventLog","running"],"InstanceId":1073748860,"TimeGenerated":"\/Date(1580461742000)\/","TimeWritten":"\/Date(1580461742000)\/","UserName":null,"Site":null,"Container":null},{"MachineName":"WIN-2DKE1ERCQC6","Data":[108,0,109,0,104,0,111,0,115,0,116,0,115,0,47,0,52,0,0,0],"Index":455,"Category":"(0)","CategoryNumber":0,"EventID":7036,"EntryType":4,"Message":"The lmhosts service entered the running state.","Source":"Service Control Manager","ReplacementStrings":["lmhosts","running"],"InstanceId":1073748860,"TimeGenerated":"\/Date(1580461742000)\/","TimeWritten":"\/Date(1580461742000)\/","UserName":null,"Site":null,"Container":null},{"MachineName":"WIN-2DKE1ERCQC6","Data":[66,0,114,0,111,0,107,0,101,0,114,0,73,0,110,0,102,0,114,0,97,0,115,0,116,0,114,0,117,0,99,0,116,0,117,0,114,0,101,0,47,0,52,0,0,0],"Index":453,"Category":"(0)","CategoryNumber":0,"EventID":7036,"EntryType":4,"Message":"The BrokerInfrastructure service entered the running state.","Source":"Service Control Manager","ReplacementStrings":["BrokerInfrastructure","running"],"InstanceId":1073748860,"TimeGenerated":"\/Date(1580461742000)\/","TimeWritten":"\/Date(1580461742000)\/","UserName":null,"Site":null,"Container":null},{"MachineName":"WIN-2DKE1ERCQC6","Data":[67,0,111,0,114,0,101,0,77,0,101,0,115,0,115,0,97,0,103,0,105,0,110,0,103,0,82,0,101,0,103,0,105,0,115,0,116,0,114,0,97,0,114,0,47,0,52,0,0,0],"Index":449,"Category":"(0)","CategoryNumber":0,"EventID":7036,"EntryType":4,"Message":"The CoreMessagingRegistrar service entered the running state.","Source":"Service Control Manager","ReplacementStrings":["CoreMessagingRegistrar","running"],"InstanceId":1073748860,"TimeGenerated":"\/Date(1580461737000)\/","TimeWritten":"\/Date(1580461737000)\/","UserName":null,"Site":null,"Container":null},{"MachineName":"WIN-2DKE1ERCQC6","Data":[78,0,101,0,116,0,83,0,101,0,116,0,117,0,112,0,83,0,118,0,99,0,47,0,52,0,0,0],"Index":448,"Category":"(0)","CategoryNumber":0,"EventID":7036,"EntryType":4,"Message":"The NetSetupSvc service entered the running state.","Source":"Service Control Manager","ReplacementStrings":["NetSetupSvc","running"],"InstanceId":1073748860,"TimeGenerated":"\/Date(1580461737000)\/","TimeWritten":"\/Date(1580461737000)\/","UserName":null,"Site":null,"Container":null},{"MachineName":"WIN-2DKE1ERCQC6","Data":[68,0,101,0,118,0,105,0,99,0,101,0,73,0,110,0,115,0,116,0,97,0,108,0,108,0,47,0,52,0,0,0],"Index":447,"Category":"(0)","CategoryNumber":0,"EventID":7036,"EntryType":4,"Message":"The DeviceInstall service entered the running state.","Source":"Service Control Manager","ReplacementStrings":["DeviceInstall","running"],"InstanceId":1073748860,"TimeGenerated":"\/Date(1580461737000)\/","TimeWritten":"\/Date(1580461737000)\/","UserName":null,"Site":null,"Container":null},{"MachineName":"WIN-2DKE1ERCQC6","Data":[83,0,121,0,115,0,116,0,101,0,109,0,69,0,118,0,101,0,110,0,116,0,115,0,66,0,114,0,111,0,107,0,101,0,114,0,47,0,52,0,0,0],"Index":446,"Category":"(0)","CategoryNumber":0,"EventID":7036,"EntryType":4,"Message":"The SystemEventsBroker service entered the running state.","Source":"Service Control Manager","ReplacementStrings":["SystemEventsBroker","running"],"InstanceId":1073748860,"TimeGenerated":"\/Date(1580461737000)\/","TimeWritten":"\/Date(1580461737000)\/","UserName":null,"Site":null,"Container":null},{"MachineName":"WIN-2DKE1ERCQC6","Data":[115,0,112,0,112,0,115,0,118,0,99,0,47,0,52,0,0,0],"Index":445,"Category":"(0)","CategoryNumber":0,"EventID":7036,"EntryType":4,"Message":"The sppsvc service entered the running state.","Source":"Service Control Manager","ReplacementStrings":["sppsvc","running"],"InstanceId":1073748860,"TimeGenerated":"\/Date(1580461737000)\/","TimeWritten":"\/Date(1580461737000)\/","UserName":null,"Site":null,"Container":null},{"MachineName":"WIN-2DKE1ERCQC6","Data":[76,0,83,0,77,0,47,0,52,0,0,0],"Index":444,"Category":"(0)","CategoryNumber":0,"EventID":7036,"EntryType":4,"Message":"The LSM service entered the running state.","Source":"Service Control Manager","ReplacementStrings":["LSM","running"],"InstanceId":1073748860,"TimeGenerated":"\/Date(1580461737000)\/","TimeWritten":"\/Date(1580461737000)\/","UserName":null,"Site":null,"Container":null},{"MachineName":"WIN-2DKE1ERCQC6","Data":[82,0,112,0,99,0,83,0,115,0,47,0,52,0,0,0],"Index":443,"Category":"(0)","CategoryNumber":0,"EventID":7036,"EntryType":4,"Message":"The RpcSs service entered the running state.","Source":"Service Control Manager","ReplacementStrings":["RpcSs","running"],"InstanceId":1073748860,"TimeGenerated":"\/Date(1580461736000)\/","TimeWritten":"\/Date(1580461736000)\/","UserName":null,"Site":null,"Container":null},{"MachineName":"WIN-2DKE1ERCQC6","Data":[82,0,112,0,99,0,69,0,112,0,116,0,77,0,97,0,112,0,112,0,101,0,114,0,47,0,52,0,0,0],"Index":442,"Category":"(0)","CategoryNumber":0,"EventID":7036,"EntryType":4,"Message":"The RpcEptMapper service entered the running state.","Source":"Service Control Manager","ReplacementStrings":["RpcEptMapper","running"],"InstanceId":1073748860,"TimeGenerated":"\/Date(1580461736000)\/","TimeWritten":"\/Date(1580461736000)\/","UserName":null,"Site":null,"Container":null},{"MachineName":"WIN-2DKE1ERCQC6","Data":[68,0,99,0,111,0,109,0,76,0,97,0,117,0,110,0,99,0,104,0,47,0,52,0,0,0],"Index":441,"Category":"(0)","CategoryNumber":0,"EventID":7036,"EntryType":4,"Message":"The DcomLaunch service entered the running state.","Source":"Service Control Manager","ReplacementStrings":["DcomLaunch","running"],"InstanceId":1073748860,"TimeGenerated":"\/Date(1580461736000)\/","TimeWritten":"\/Date(1580461736000)\/","UserName":null,"Site":null,"Container":null},{"MachineName":"WIN-2DKE1ERCQC6","Data":[80,0,111,0,119,0,101,0,114,0,47,0,52,0,0,0],"Index":440,"Category":"(0)","CategoryNumber":0,"EventID":7036,"EntryType":4,"Message":"The Power service entered the running state.","Source":"Service Control Manager","ReplacementStrings":["Power","running"],"InstanceId":1073748860,"TimeGenerated":"\/Date(1580461736000)\/","TimeWritten":"\/Date(1580461736000)\/","UserName":null,"Site":null,"Container":null},{"MachineName":"WIN-2DKE1ERCQC6","Data":[80,0,108,0,117,0,103,0,80,0,108,0,97,0,121,0,47,0,52,0,0,0],"Index":439,"Category":"(0)","CategoryNumber":0,"EventID":7036,"EntryType":4,"Message":"The PlugPlay service entered the running state.","Source":"Service Control Manager","ReplacementStrings":["PlugPlay","running"],"InstanceId":1073748860,"TimeGenerated":"\/Date(1580461736000)\/","TimeWritten":"\/Date(1580461736000)\/","UserName":null,"Site":null,"Container":null},{"MachineName":"WIN-2DKE1ERCQC6","Data":[67,0,114,0,121,0,112,0,116,0,83,0,118,0,99,0,47,0,49,0,0,0],"Index":401,"Category":"(0)","CategoryNumber":0,"EventID":7036,"EntryType":4,"Message":"The Cryptographic Services service entered the stopped state.","Source":"Service Control Manager","ReplacementStrings":["Cryptographic Services","stopped"],"InstanceId":1073748860,"TimeGenerated":"\/Date(1580461620000)\/","TimeWritten":"\/Date(1580461620000)\/","UserName":null,"Site":null,"Container":null},{"MachineName":"WIN-2DKE1ERCQC6","Data":[119,0,117,0,97,0,117,0,115,0,101,0,114,0,118,0,47,0,52,0,0,0],"Index":400,"Category":"(0)","CategoryNumber":0,"EventID":7036,"EntryType":4,"Message":"The Windows Update service entered the running state.","Source":"Service Control Manager","ReplacementStrings":["Windows Update","running"],"InstanceId":1073748860,"TimeGenerated":"\/Date(1580461620000)\/","TimeWritten":"\/Date(1580461620000)\/","UserName":null,"Site":null,"Container":null},{"MachineName":"WIN-2DKE1ERCQC6","Data":[68,0,80,0,83,0,47,0,49,0,0,0],"Index":399,"Category":"(0)","CategoryNumber":0,"EventID":7036,"EntryType":4,"Message":"The Diagnostic Policy Service service entered the stopped state.","Source":"Service Control Manager","ReplacementStrings":["Diagnostic Policy Service","stopped"],"InstanceId":1073748860,"TimeGenerated":"\/Date(1580461620000)\/","TimeWritten":"\/Date(1580461620000)\/","UserName":null,"Site":null,"Container":null},{"MachineName":"WIN-2DKE1ERCQC6","Data":[87,0,105,0,110,0,68,0,101,0,102,0,101,0,110,0,100,0,47,0,49,0,0,0],"Index":398,"Category":"(0)","CategoryNumber":0,"EventID":7036,"EntryType":4,"Message":"The Windows Defender Antivirus Service service entered the stopped state.","Source":"Service Control Manager","ReplacementStrings":["Windows Defender Antivirus Service","stopped"],"InstanceId":1073748860,"TimeGenerated":"\/Date(1580461619000)\/","TimeWritten":"\/Date(1580461619000)\/","UserName":null,"Site":null,"Container":null},{"MachineName":"WIN-2DKE1ERCQC6","Data":[69,0,118,0,101,0,110,0,116,0,76,0,111,0,103,0,47,0,49,0,0,0],"Index":397,"Category":"(0)","CategoryNumber":0,"EventID":7036,"EntryType":4,"Message":"The Windows Event Log service entered the stopped state.","Source":"Service Control Manager","ReplacementStrings":["Windows Event Log","stopped"],"InstanceId":1073748860,"TimeGenerated":"\/Date(1580461619000)\/","TimeWritten":"\/Date(1580461619000)\/","UserName":null,"Site":null,"Container":null},{"MachineName":"WIN-2DKE1ERCQC6","Data":[87,0,105,0,110,0,82,0,77,0,47,0,49,0,0,0],"Index":393,"Category":"(0)","CategoryNumber":0,"EventID":7036,"EntryType":4,"Message":"The Windows Remote Management (WS-Management) service entered the stopped state.","Source":"Service Control Manager","ReplacementStrings":["Windows Remote Management (WS-Management)","stopped"],"InstanceId":1073748860,"TimeGenerated":"\/Date(1580461619000)\/","TimeWritten":"\/Date(1580461619000)\/","UserName":null,"Site":null,"Container":null},{"MachineName":"WIN-2DKE1ERCQC6","Data":[83,0,99,0,104,0,101,0,100,0,117,0,108,0,101,0,47,0,49,0,0,0],"Index":392,"Category":"(0)","CategoryNumber":0,"EventID":7036,"EntryType":4,"Message":"The Task Scheduler service entered the stopped state.","Source":"Service Control Manager","ReplacementStrings":["Task Scheduler","stopped"],"InstanceId":1073748860,"TimeGenerated":"\/Date(1580461619000)\/","TimeWritten":"\/Date(1580461619000)\/","UserName":null,"Site":null,"Container":null},{"MachineName":"WIN-2DKE1ERCQC6","Data":[115,0,112,0,112,0,115,0,118,0,99,0,47,0,49,0,0,0],"Index":391,"Category":"(0)","CategoryNumber":0,"EventID":7036,"EntryType":4,"Message":"The Software Protection service entered the stopped state.","Source":"Service Control Manager","ReplacementStrings":["Software Protection","stopped"],"InstanceId":1073748860,"TimeGenerated":"\/Date(1580461619000)\/","TimeWritten":"\/Date(1580461619000)\/","UserName":null,"Site":null,"Container":null},{"MachineName":"WIN-2DKE1ERCQC6","Data":[83,0,116,0,97,0,116,0,101,0,82,0,101,0,112,0,111,0,115,0,105,0,116,0,111,0,114,0,121,0,47,0,49,0,0,0],"Index":390,"Category":"(0)","CategoryNumber":0,"EventID":7036,"EntryType":4,"Message":"The State Repository Service service entered the stopped state.","Source":"Service Control Manager","ReplacementStrings":["State Repository Service","stopped"],"InstanceId":1073748860,"TimeGenerated":"\/Date(1580461619000)\/","TimeWritten":"\/Date(1580461619000)\/","UserName":null,"Site":null,"Container":null},{"MachineName":"WIN-2DKE1ERCQC6","Data":[68,0,115,0,109,0,83,0,118,0,99,0,47,0,49,0,0,0],"Index":389,"Category":"(0)","CategoryNumber":0,"EventID":7036,"EntryType":4,"Message":"The Device Setup Manager service entered the stopped state.","Source":"Service Control Manager","ReplacementStrings":["Device Setup Manager","stopped"],"InstanceId":1073748860,"TimeGenerated":"\/Date(1580461619000)\/","TimeWritten":"\/Date(1580461619000)\/","UserName":null,"Site":null,"Container":null},{"MachineName":"WIN-2DKE1ERCQC6","Data":[85,0,115,0,111,0,83,0,118,0,99,0,47,0,49,0,0,0],"Index":388,"Category":"(0)","CategoryNumber":0,"EventID":7036,"EntryType":4,"Message":"The Update Orchestrator Service service entered the stopped state.","Source":"Service Control Manager","ReplacementStrings":["Update Orchestrator Service","stopped"],"InstanceId":1073748860,"TimeGenerated":"\/Date(1580461619000)\/","TimeWritten":"\/Date(1580461619000)\/","UserName":null,"Site":null,"Container":null},{"MachineName":"WIN-2DKE1ERCQC6","Data":[87,0,99,0,109,0,115,0,118,0,99,0,47,0,49,0,0,0],"Index":387,"Category":"(0)","CategoryNumber":0,"EventID":7036,"EntryType":4,"Message":"The Windows Connection Manager service entered the stopped state.","Source":"Service Control Manager","ReplacementStrings":["Windows Connection Manager","stopped"],"InstanceId":1073748860,"TimeGenerated":"\/Date(1580461619000)\/","TimeWritten":"\/Date(1580461619000)\/","UserName":null,"Site":null,"Container":null},{"MachineName":"WIN-2DKE1ERCQC6","Data":[77,0,83,0,68,0,84,0,67,0,47,0,49,0,0,0],"Index":386,"Category":"(0)","CategoryNumber":0,"EventID":7036,"EntryType":4,"Message":"The Distributed Transaction Coordinator service entered the stopped state.","Source":"Service Control Manager","ReplacementStrings":["Distributed Transaction Coordinator","stopped"],"InstanceId":1073748860,"TimeGenerated":"\/Date(1580461619000)\/","TimeWritten":"\/Date(1580461619000)\/","UserName":null,"Site":null,"Container":null},{"MachineName":"WIN-2DKE1ERCQC6","Data":[70,0,111,0,110,0,116,0,67,0,97,0,99,0,104,0,101,0,47,0,49,0,0,0],"Index":385,"Category":"(0)","CategoryNumber":0,"EventID":7036,"EntryType":4,"Message":"The Windows Font Cache Service service entered the stopped state.","Source":"Service Control Manager","ReplacementStrings":["Windows Font Cache Service","stopped"],"InstanceId":1073748860,"TimeGenerated":"\/Date(1580461619000)\/","TimeWritten":"\/Date(1580461619000)\/","UserName":null,"Site":null,"Container":null},{"MachineName":"WIN-2DKE1ERCQC6","Data":[83,0,121,0,115,0,77,0,97,0,105,0,110,0,47,0,49,0,0,0],"Index":384,"Category":"(0)","CategoryNumber":0,"EventID":7036,"EntryType":4,"Message":"The SysMain service entered the stopped state.","Source":"Service Control Manager","ReplacementStrings":["SysMain","stopped"],"InstanceId":1073748860,"TimeGenerated":"\/Date(1580461619000)\/","TimeWritten":"\/Date(1580461619000)\/","UserName":null,"Site":null,"Container":null},{"MachineName":"WIN-2DKE1ERCQC6","Data":[87,0,97,0,97,0,83,0,77,0,101,0,100,0,105,0,99,0,83,0,118,0,99,0,47,0,49,0,0,0],"Index":383,"Category":"(0)","CategoryNumber":0,"EventID":7036,"EntryType":4,"Message":"The Windows Update Medic Service service entered the stopped state.","Source":"Service Control Manager","ReplacementStrings":["Windows Update Medic Service","stopped"],"InstanceId":1073748860,"TimeGenerated":"\/Date(1580461619000)\/","TimeWritten":"\/Date(1580461619000)\/","UserName":null,"Site":null,"Container":null},{"MachineName":"WIN-2DKE1ERCQC6","Data":[80,0,99,0,97,0,83,0,118,0,99,0,47,0,49,0,0,0],"Index":382,"Category":"(0)","CategoryNumber":0,"EventID":7036,"EntryType":4,"Message":"The Program Compatibility Assistant Service service entered the stopped state.","Source":"Service Control Manager","ReplacementStrings":["Program Compatibility Assistant Service","stopped"],"InstanceId":1073748860,"TimeGenerated":"\/Date(1580461619000)\/","TimeWritten":"\/Date(1580461619000)\/","UserName":null,"Site":null,"Container":null},{"MachineName":"WIN-2DKE1ERCQC6","Data":[87,0,105,0,110,0,109,0,103,0,109,0,116,0,47,0,49,0,0,0],"Index":381,"Category":"(0)","CategoryNumber":0,"EventID":7036,"EntryType":4,"Message":"The Windows Management Instrumentation service entered the stopped state.","Source":"Service Control Manager","ReplacementStrings":["Windows Management Instrumentation","stopped"],"InstanceId":1073748860,"TimeGenerated":"\/Date(1580461619000)\/","TimeWritten":"\/Date(1580461619000)\/","UserName":null,"Site":null,"Container":null},{"MachineName":"WIN-2DKE1ERCQC6","Data":[67,0,108,0,105,0,112,0,83,0,86,0,67,0,47,0,49,0,0,0],"Index":380,"Category":"(0)","CategoryNumber":0,"EventID":7036,"EntryType":4,"Message":"The Client License Service (ClipSVC) service entered the stopped state.","Source":"Service Control Manager","ReplacementStrings":["Client License Service (ClipSVC)","stopped"],"InstanceId":1073748860,"TimeGenerated":"\/Date(1580461619000)\/","TimeWritten":"\/Date(1580461619000)\/","UserName":null,"Site":null,"Container":null},{"MachineName":"WIN-2DKE1ERCQC6","Data":[68,0,104,0,99,0,112,0,47,0,49,0,0,0],"Index":379,"Category":"(0)","CategoryNumber":0,"EventID":7036,"EntryType":4,"Message":"The DHCP Client service entered the stopped state.","Source":"Service Control Manager","ReplacementStrings":["DHCP Client","stopped"],"InstanceId":1073748860,"TimeGenerated":"\/Date(1580461619000)\/","TimeWritten":"\/Date(1580461619000)\/","UserName":null,"Site":null,"Container":null},{"MachineName":"WIN-2DKE1ERCQC6","Data":[87,0,105,0,110,0,72,0,116,0,116,0,112,0,65,0,117,0,116,0,111,0,80,0,114,0,111,0,120,0,121,0,83,0,118,0,99,0,47,0,49,0,0,0],"Index":378,"Category":"(0)","CategoryNumber":0,"EventID":7036,"EntryType":4,"Message":"The WinHTTP Web Proxy Auto-Discovery Service service entered the stopped state.","Source":"Service Control Manager","ReplacementStrings":["WinHTTP Web Proxy Auto-Discovery Service","stopped"],"InstanceId":1073748860,"TimeGenerated":"\/Date(1580461619000)\/","TimeWritten":"\/Date(1580461619000)\/","UserName":null,"Site":null,"Container":null},{"MachineName":"WIN-2DKE1ERCQC6","Data":[84,0,114,0,107,0,87,0,107,0,115,0,47,0,49,0,0,0],"Index":375,"Category":"(0)","CategoryNumber":0,"EventID":7036,"EntryType":4,"Message":"The Distributed Link Tracking Client service entered the stopped state.","Source":"Service Control Manager","ReplacementStrings":["Distributed Link Tracking Client","stopped"],"InstanceId":1073748860,"TimeGenerated":"\/Date(1580461619000)\/","TimeWritten":"\/Date(1580461619000)\/","UserName":null,"Site":null,"Container":null},{"MachineName":"WIN-2DKE1ERCQC6","Data":[80,0,114,0,111,0,102,0,83,0,118,0,99,0,47,0,49,0,0,0],"Index":371,"Category":"(0)","CategoryNumber":0,"EventID":7036,"EntryType":4,"Message":"The User Profile Service service entered the stopped state.","Source":"Service Control Manager","ReplacementStrings":["User Profile Service","stopped"],"InstanceId":1073748860,"TimeGenerated":"\/Date(1580461619000)\/","TimeWritten":"\/Date(1580461619000)\/","UserName":null,"Site":null,"Container":null},{"MachineName":"WIN-2DKE1ERCQC6","Data":[87,0,51,0,50,0,84,0,105,0,109,0,101,0,47,0,49,0,0,0],"Index":370,"Category":"(0)","CategoryNumber":0,"EventID":7036,"EntryType":4,"Message":"The Windows Time service entered the stopped state.","Source":"Service Control Manager","ReplacementStrings":["Windows Time","stopped"],"InstanceId":1073748860,"TimeGenerated":"\/Date(1580461619000)\/","TimeWritten":"\/Date(1580461619000)\/","UserName":null,"Site":null,"Container":null},{"MachineName":"WIN-2DKE1ERCQC6","Data":[104,0,105,0,100,0,115,0,101,0,114,0,118,0,47,0,49,0,0,0],"Index":369,"Category":"(0)","CategoryNumber":0,"EventID":7036,"EntryType":4,"Message":"The Human Interface Device Service service entered the stopped state.","Source":"Service Control Manager","ReplacementStrings":["Human Interface Device Service","stopped"],"InstanceId":1073748860,"TimeGenerated":"\/Date(1580461619000)\/","TimeWritten":"\/Date(1580461619000)\/","UserName":null,"Site":null,"Container":null},{"MachineName":"WIN-2DKE1ERCQC6","Data":[80,0,108,0,117,0,103,0,80,0,108,0,97,0,121,0,47,0,49,0,0,0],"Index":368,"Category":"(0)","CategoryNumber":0,"EventID":7036,"EntryType":4,"Message":"The Plug and Play service entered the stopped state.","Source":"Service Control Manager","ReplacementStrings":["Plug and Play","stopped"],"InstanceId":1073748860,"TimeGenerated":"\/Date(1580461619000)\/","TimeWritten":"\/Date(1580461619000)\/","UserName":null,"Site":null,"Container":null},{"MachineName":"WIN-2DKE1ERCQC6","Data":[87,0,100,0,105,0,83,0,121,0,115,0,116,0,101,0,109,0,72,0,111,0,115,0,116,0,47,0,49,0,0,0],"Index":367,"Category":"(0)","CategoryNumber":0,"EventID":7036,"EntryType":4,"Message":"The Diagnostic System Host service entered the stopped state.","Source":"Service Control Manager","ReplacementStrings":["Diagnostic System Host","stopped"],"InstanceId":1073748860,"TimeGenerated":"\/Date(1580461619000)\/","TimeWritten":"\/Date(1580461619000)\/","UserName":null,"Site":null,"Container":null},{"MachineName":"WIN-2DKE1ERCQC6","Data":[68,0,105,0,97,0,103,0,84,0,114,0,97,0,99,0,107,0,47,0,49,0,0,0],"Index":363,"Category":"(0)","CategoryNumber":0,"EventID":7036,"EntryType":4,"Message":"The Connected User Experiences and Telemetry service entered the stopped state.","Source":"Service Control Manager","ReplacementStrings":["Connected User Experiences and Telemetry","stopped"],"InstanceId":1073748860,"TimeGenerated":"\/Date(1580461619000)\/","TimeWritten":"\/Date(1580461619000)\/","UserName":null,"Site":null,"Container":null},{"MachineName":"WIN-2DKE1ERCQC6","Data":[76,0,105,0,99,0,101,0,110,0,115,0,101,0,77,0,97,0,110,0,97,0,103,0,101,0,114,0,47,0,52,0,0,0],"Index":362,"Category":"(0)","CategoryNumber":0,"EventID":7036,"EntryType":4,"Message":"The Windows License Manager Service service entered the running state.","Source":"Service Control Manager","ReplacementStrings":["Windows License Manager Service","running"],"InstanceId":1073748860,"TimeGenerated":"\/Date(1580461618000)\/","TimeWritten":"\/Date(1580461618000)\/","UserName":null,"Site":null,"Container":null},{"MachineName":"WIN-2DKE1ERCQC6","Data":[67,0,108,0,105,0,112,0,83,0,86,0,67,0,47,0,52,0,0,0],"Index":358,"Category":"(0)","CategoryNumber":0,"EventID":7036,"EntryType":4,"Message":"The Client License Service (ClipSVC) service entered the running state.","Source":"Service Control Manager","ReplacementStrings":["Client License Service (ClipSVC)","running"],"InstanceId":1073748860,"TimeGenerated":"\/Date(1580461617000)\/","TimeWritten":"\/Date(1580461617000)\/","UserName":null,"Site":null,"Container":null},{"MachineName":"WIN-2DKE1ERCQC6","Data":[119,0,108,0,105,0,100,0,115,0,118,0,99,0,47,0,52,0,0,0],"Index":357,"Category":"(0)","CategoryNumber":0,"EventID":7036,"EntryType":4,"Message":"The Microsoft Account Sign-in Assistant service entered the running state.","Source":"Service Control Manager","ReplacementStrings":["Microsoft Account Sign-in Assistant","running"],"InstanceId":1073748860,"TimeGenerated":"\/Date(1580461617000)\/","TimeWritten":"\/Date(1580461617000)\/","UserName":null,"Site":null,"Container":null},{"MachineName":"WIN-2DKE1ERCQC6","Data":[85,0,65,0,76,0,83,0,86,0,67,0,47,0,49,0,0,0],"Index":356,"Category":"(0)","CategoryNumber":0,"EventID":7036,"EntryType":4,"Message":"The User Access Logging Service service entered the stopped state.","Source":"Service Control Manager","ReplacementStrings":["User Access Logging Service","stopped"],"InstanceId":1073748860,"TimeGenerated":"\/Date(1580461617000)\/","TimeWritten":"\/Date(1580461617000)\/","UserName":null,"Site":null,"Container":null},{"MachineName":"WIN-2DKE1ERCQC6","Data":[65,0,112,0,112,0,82,0,101,0,97,0,100,0,105,0,110,0,101,0,115,0,115,0,47,0,49,0,0,0],"Index":355,"Category":"(0)","CategoryNumber":0,"EventID":7036,"EntryType":4,"Message":"The App Readiness service entered the stopped state.","Source":"Service Control Manager","ReplacementStrings":["App Readiness","stopped"],"InstanceId":1073748860,"TimeGenerated":"\/Date(1580461617000)\/","TimeWritten":"\/Date(1580461617000)\/","UserName":null,"Site":null,"Container":null},{"MachineName":"WIN-2DKE1ERCQC6","Data":[103,0,112,0,115,0,118,0,99,0,47,0,49,0,0,0],"Index":354,"Category":"(0)","CategoryNumber":0,"EventID":7036,"EntryType":4,"Message":"The Group Policy Client service entered the stopped state.","Source":"Service Control Manager","ReplacementStrings":["Group Policy Client","stopped"],"InstanceId":1073748860,"TimeGenerated":"\/Date(1580461617000)\/","TimeWritten":"\/Date(1580461617000)\/","UserName":null,"Site":null,"Container":null},{"MachineName":"WIN-2DKE1ERCQC6","Data":[68,0,101,0,118,0,105,0,99,0,101,0,73,0,110,0,115,0,116,0,97,0,108,0,108,0,47,0,49,0,0,0],"Index":353,"Category":"(0)","CategoryNumber":0,"EventID":7036,"EntryType":4,"Message":"The Device Install Service service entered the stopped state.","Source":"Service Control Manager","ReplacementStrings":["Device Install Service","stopped"],"InstanceId":1073748860,"TimeGenerated":"\/Date(1580461617000)\/","TimeWritten":"\/Date(1580461617000)\/","UserName":null,"Site":null,"Container":null},{"MachineName":"WIN-2DKE1ERCQC6","Data":[87,0,97,0,97,0,83,0,77,0,101,0,100,0,105,0,99,0,83,0,118,0,99,0,47,0,52,0,0,0],"Index":352,"Category":"(0)","CategoryNumber":0,"EventID":7036,"EntryType":4,"Message":"The Windows Update Medic Service service entered the running state.","Source":"Service Control Manager","ReplacementStrings":["Windows Update Medic Service","running"],"InstanceId":1073748860,"TimeGenerated":"\/Date(1580461617000)\/","TimeWritten":"\/Date(1580461617000)\/","UserName":null,"Site":null,"Container":null},{"MachineName":"WIN-2DKE1ERCQC6","Data":[68,0,105,0,97,0,103,0,84,0,114,0,97,0,99,0,107,0,47,0,52,0,0,0],"Index":350,"Category":"(0)","CategoryNumber":0,"EventID":7036,"EntryType":4,"Message":"The Connected User Experiences and Telemetry service entered the running state.","Source":"Service Control Manager","ReplacementStrings":["Connected User Experiences and Telemetry","running"],"InstanceId":1073748860,"TimeGenerated":"\/Date(1580461617000)\/","TimeWritten":"\/Date(1580461617000)\/","UserName":null,"Site":null,"Container":null},{"MachineName":"WIN-2DKE1ERCQC6","Data":[68,0,105,0,97,0,103,0,84,0,114,0,97,0,99,0,107,0,47,0,49,0,0,0],"Index":349,"Category":"(0)","CategoryNumber":0,"EventID":7036,"EntryType":4,"Message":"The Connected User Experiences and Telemetry service entered the stopped state.","Source":"Service Control Manager","ReplacementStrings":["Connected User Experiences and Telemetry","stopped"],"InstanceId":1073748860,"TimeGenerated":"\/Date(1580461616000)\/","TimeWritten":"\/Date(1580461616000)\/","UserName":null,"Site":null,"Container":null},{"MachineName":"WIN-2DKE1ERCQC6","Data":[84,0,114,0,117,0,115,0,116,0,101,0,100,0,73,0,110,0,115,0,116,0,97,0,108,0,108,0,101,0,114,0,47,0,49,0,0,0],"Index":347,"Category":"(0)","CategoryNumber":0,"EventID":7036,"EntryType":4,"Message":"The Windows Modules Installer service entered the stopped state.","Source":"Service Control Manager","ReplacementStrings":["Windows Modules Installer","stopped"],"InstanceId":1073748860,"TimeGenerated":"\/Date(1580461535000)\/","TimeWritten":"\/Date(1580461535000)\/","UserName":null,"Site":null,"Container":null},