{"MachineName":"SERWER01","Data":[78,0,101,0,116,0,83,0,101,0,116,0,117,0,112,0,83,0,118,0,99,0,47,0,52,0,0,0],"Index":5506,"Category":"(0)","CategoryNumber":0,"EventID":7036,"EntryType":4,"Message":"The Network Setup Service service entered the running state.","Source":"Service Control Manager","ReplacementStrings":["Network Setup Service","running"],"InstanceId":1073748860,"TimeGenerated":"\/Date(1581205705000)\/","TimeWritten":"\/Date(1581205705000)\/","UserName":null,"Site":null,"Container":null},{"MachineName":"SERWER01","Data":[78,0,101,0,116,0,83,0,101,0,116,0,117,0,112,0,83,0,118,0,99,0,47,0,49,0,0,0],"Index":5505,"Category":"(0)","CategoryNumber":0,"EventID":7036,"EntryType":4,"Message":"The Network Setup Service service entered the stopped state.","Source":"Service Control Manager","ReplacementStrings":["Network Setup Service","stopped"],"InstanceId":1073748860,"TimeGenerated":"\/Date(1581202286000)\/","TimeWritten":"\/Date(1581202286000)\/","UserName":null,"Site":null,"Container":null},{"MachineName":"SERWER01","Data":[78,0,101,0,116,0,83,0,101,0,116,0,117,0,112,0,83,0,118,0,99,0,47,0,52,0,0,0],"Index":5504,"Category":"(0)","CategoryNumber":0,"EventID":7036,"EntryType":4,"Message":"The Network Setup Service service entered the running state.","Source":"Service Control Manager","ReplacementStrings":["Network Setup Service","running"],"InstanceId":1073748860,"TimeGenerated":"\/Date(1581202105000)\/","TimeWritten":"\/Date(1581202105000)\/","UserName":null,"Site":null,"Container":null},{"MachineName":"SERWER01","Data":[78,0,101,0,116,0,83,0,101,0,116,0,117,0,112,0,83,0,118,0,99,0,47,0,49,0,0,0],"Index":5503,"Category":"(0)","CategoryNumber":0,"EventID":7036,"EntryType":4,"Message":"The Network Setup Service service entered the stopped state.","Source":"Service Control Manager","ReplacementStrings":["Network Setup Service","stopped"],"InstanceId":1073748860,"TimeGenerated":"\/Date(1581198686000)\/","TimeWritten":"\/Date(1581198686000)\/","UserName":null,"Site":null,"Container":null},{"MachineName":"SERWER01","Data":[78,0,101,0,116,0,83,0,101,0,116,0,117,0,112,0,83,0,118,0,99,0,47,0,52,0,0,0],"Index":5502,"Category":"(0)","CategoryNumber":0,"EventID":7036,"EntryType":4,"Message":"The Network Setup Service service entered the running state.","Source":"Service Control Manager","ReplacementStrings":["Network Setup Service","running"],"InstanceId":1073748860,"TimeGenerated":"\/Date(1581198505000)\/","TimeWritten":"\/Date(1581198505000)\/","UserName":null,"Site":null,"Container":null},{"MachineName":"SERWER01","Data":[78,0,101,0,116,0,83,0,101,0,116,0,117,0,112,0,83,0,118,0,99,0,47,0,49,0,0,0],"Index":5501,"Category":"(0)","CategoryNumber":0,"EventID":7036,"EntryType":4,"Message":"The Network Setup Service service entered the stopped state.","Source":"Service Control Manager","ReplacementStrings":["Network Setup Service","stopped"],"InstanceId":1073748860,"TimeGenerated":"\/Date(1581195086000)\/","TimeWritten":"\/Date(1581195086000)\/","UserName":null,"Site":null,"Container":null},{"MachineName":"SERWER01","Data":[78,0,101,0,116,0,83,0,101,0,116,0,117,0,112,0,83,0,118,0,99,0,47,0,52,0,0,0],"Index":5500,"Category":"(0)","CategoryNumber":0,"EventID":7036,"EntryType":4,"Message":"The Network Setup Service service entered the running state.","Source":"Service Control Manager","ReplacementStrings":["Network Setup Service","running"],"InstanceId":1073748860,"TimeGenerated":"\/Date(1581194905000)\/","TimeWritten":"\/Date(1581194905000)\/","UserName":null,"Site":null,"Container":null},{"MachineName":"SERWER01","Data":[84,0,114,0,117,0,115,0,116,0,101,0,100,0,73,0,110,0,115,0,116,0,97,0,108,0,108,0,101,0,114,0,47,0,49,0,0,0],"Index":5499,"Category":"(0)","CategoryNumber":0,"EventID":7036,"EntryType":4,"Message":"The Windows Modules Installer service entered the stopped state.","Source":"Service Control Manager","ReplacementStrings":["Windows Modules Installer","stopped"],"InstanceId":1073748860,"TimeGenerated":"\/Date(1581191881000)\/","TimeWritten":"\/Date(1581191881000)\/","UserName":null,"Site":null,"Container":null},{"MachineName":"SERWER01","Data":[84,0,114,0,117,0,115,0,116,0,101,0,100,0,73,0,110,0,115,0,116,0,97,0,108,0,108,0,101,0,114,0,47,0,52,0,0,0],"Index":5498,"Category":"(0)","CategoryNumber":0,"EventID":7036,"EntryType":4,"Message":"The Windows Modules Installer service entered the running state.","Source":"Service Control Manager","ReplacementStrings":["Windows Modules Installer","running"],"InstanceId":1073748860,"TimeGenerated":"\/Date(1581191759000)\/","TimeWritten":"\/Date(1581191759000)\/","UserName":null,"Site":null,"Container":null},{"MachineName":"SERWER01","Data":[78,0,101,0,116,0,83,0,101,0,116,0,117,0,112,0,83,0,118,0,99,0,47,0,49,0,0,0],"Index":5497,"Category":"(0)","CategoryNumber":0,"EventID":7036,"EntryType":4,"Message":"The Network Setup Service service entered the stopped state.","Source":"Service Control Manager","ReplacementStrings":["Network Setup Service","stopped"],"InstanceId":1073748860,"TimeGenerated":"\/Date(1581191486000)\/","TimeWritten":"\/Date(1581191486000)\/","UserName":null,"Site":null,"Container":null},{"MachineName":"SERWER01","Data":[78,0,101,0,116,0,83,0,101,0,116,0,117,0,112,0,83,0,118,0,99,0,47,0,52,0,0,0],"Index":5496,"Category":"(0)","CategoryNumber":0,"EventID":7036,"EntryType":4,"Message":"The Network Setup Service service entered the running state.","Source":"Service Control Manager","ReplacementStrings":["Network Setup Service","running"],"InstanceId":1073748860,"TimeGenerated":"\/Date(1581191305000)\/","TimeWritten":"\/Date(1581191305000)\/","UserName":null,"Site":null,"Container":null},{"MachineName":"SERWER01","Data":[115,0,112,0,112,0,115,0,118,0,99,0,47,0,49,0,0,0],"Index":5495,"Category":"(0)","CategoryNumber":0,"EventID":7036,"EntryType":4,"Message":"The Software Protection service entered the stopped state.","Source":"Service Control Manager","ReplacementStrings":["Software Protection","stopped"],"InstanceId":1073748860,"TimeGenerated":"\/Date(1581190897000)\/","TimeWritten":"\/Date(1581190897000)\/","UserName":null,"Site":null,"Container":null},{"MachineName":"SERWER01","Data":[115,0,112,0,112,0,115,0,118,0,99,0,47,0,52,0,0,0],"Index":5494,"Category":"(0)","CategoryNumber":0,"EventID":7036,"EntryType":4,"Message":"The Software Protection service entered the running state.","Source":"Service Control Manager","ReplacementStrings":["Software Protection","running"],"InstanceId":1073748860,"TimeGenerated":"\/Date(1581190834000)\/","TimeWritten":"\/Date(1581190834000)\/","UserName":null,"Site":null,"Container":null},{"MachineName":"SERWER01","Data":[115,0,112,0,112,0,115,0,118,0,99,0,47,0,52,0,0,0],"Index":5493,"Category":"(0)","CategoryNumber":0,"EventID":7036,"EntryType":4,"Message":"The Software Protection service entered the running state.","Source":"Service Control Manager","ReplacementStrings":["Software Protection","running"],"InstanceId":1073748860,"TimeGenerated":"\/Date(1581190804000)\/","TimeWritten":"\/Date(1581190804000)\/","UserName":null,"Site":null,"Container":null},{"MachineName":"SERWER01","Data":[78,0,101,0,116,0,83,0,101,0,116,0,117,0,112,0,83,0,118,0,99,0,47,0,49,0,0,0],"Index":5492,"Category":"(0)","CategoryNumber":0,"EventID":7036,"EntryType":4,"Message":"The Network Setup Service service entered the stopped state.","Source":"Service Control Manager","ReplacementStrings":["Network Setup Service","stopped"],"InstanceId":1073748860,"TimeGenerated":"\/Date(1581187886000)\/","TimeWritten":"\/Date(1581187886000)\/","UserName":null,"Site":null,"Container":null},{"MachineName":"SERWER01","Data":[78,0,101,0,116,0,83,0,101,0,116,0,117,0,112,0,83,0,118,0,99,0,47,0,52,0,0,0],"Index":5491,"Category":"(0)","CategoryNumber":0,"EventID":7036,"EntryType":4,"Message":"The Network Setup Service service entered the running state.","Source":"Service Control Manager","ReplacementStrings":["Network Setup Service","running"],"InstanceId":1073748860,"TimeGenerated":"\/Date(1581187705000)\/","TimeWritten":"\/Date(1581187705000)\/","UserName":null,"Site":null,"Container":null},{"MachineName":"SERWER01","Data":[87,0,97,0,97,0,83,0,77,0,101,0,100,0,105,0,99,0,83,0,118,0,99,0,47,0,49,0,0,0],"Index":5490,"Category":"(0)","CategoryNumber":0,"EventID":7036,"EntryType":4,"Message":"The Windows Update Medic Service service entered the stopped state.","Source":"Service Control Manager","ReplacementStrings":["Windows Update Medic Service","stopped"],"InstanceId":1073748860,"TimeGenerated":"\/Date(1581185755000)\/","TimeWritten":"\/Date(1581185755000)\/","UserName":null,"Site":null,"Container":null},{"MachineName":"SERWER01","Data":[87,0,97,0,97,0,83,0,77,0,101,0,100,0,105,0,99,0,83,0,118,0,99,0,47,0,52,0,0,0],"Index":5489,"Category":"(0)","CategoryNumber":0,"EventID":7036,"EntryType":4,"Message":"The Windows Update Medic Service service entered the running state.","Source":"Service Control Manager","ReplacementStrings":["Windows Update Medic Service","running"],"InstanceId":1073748860,"TimeGenerated":"\/Date(1581185695000)\/","TimeWritten":"\/Date(1581185695000)\/","UserName":null,"Site":null,"Container":null},{"MachineName":"SERWER01","Data":[119,0,117,0,97,0,117,0,115,0,101,0,114,0,118,0,47,0,49,0,0,0],"Index":5488,"Category":"(0)","CategoryNumber":0,"EventID":7036,"EntryType":4,"Message":"The Windows Update service entered the stopped state.","Source":"Service Control Manager","ReplacementStrings":["Windows Update","stopped"],"InstanceId":1073748860,"TimeGenerated":"\/Date(1581185210000)\/","TimeWritten":"\/Date(1581185210000)\/","UserName":null,"Site":null,"Container":null},{"MachineName":"SERWER01","Data":[68,0,111,0,83,0,118,0,99,0,47,0,49,0,0,0],"Index":5487,"Category":"(0)","CategoryNumber":0,"EventID":7036,"EntryType":4,"Message":"The Delivery Optimization service entered the stopped state.","Source":"Service Control Manager","ReplacementStrings":["Delivery Optimization","stopped"],"InstanceId":1073748860,"TimeGenerated":"\/Date(1581184897000)\/","TimeWritten":"\/Date(1581184897000)\/","UserName":null,"Site":null,"Container":null},{"MachineName":"SERWER01","Data":[84,0,114,0,117,0,115,0,116,0,101,0,100,0,73,0,110,0,115,0,116,0,97,0,108,0,108,0,101,0,114,0,47,0,49,0,0,0],"Index":5486,"Category":"(0)","CategoryNumber":0,"EventID":7036,"EntryType":4,"Message":"The Windows Modules Installer service entered the stopped state.","Source":"Service Control Manager","ReplacementStrings":["Windows Modules Installer","stopped"],"InstanceId":1073748860,"TimeGenerated":"\/Date(1581184704000)\/","TimeWritten":"\/Date(1581184704000)\/","UserName":null,"Site":null,"Container":null},{"MachineName":"SERWER01","Data":[68,0,111,0,83,0,118,0,99,0,47,0,52,0,0,0],"Index":5482,"Category":"(0)","CategoryNumber":0,"EventID":7036,"EntryType":4,"Message":"The Delivery Optimization service entered the running state.","Source":"Service Control Manager","ReplacementStrings":["Delivery Optimization","running"],"InstanceId":1073748860,"TimeGenerated":"\/Date(1581184597000)\/","TimeWritten":"\/Date(1581184597000)\/","UserName":null,"Site":null,"Container":null},{"MachineName":"SERWER01","Data":[119,0,117,0,97,0,117,0,115,0,101,0,114,0,118,0,47,0,52,0,0,0],"Index":5481,"Category":"(0)","CategoryNumber":0,"EventID":7036,"EntryType":4,"Message":"The Windows Update service entered the running state.","Source":"Service Control Manager","ReplacementStrings":["Windows Update","running"],"InstanceId":1073748860,"TimeGenerated":"\/Date(1581184587000)\/","TimeWritten":"\/Date(1581184587000)\/","UserName":null,"Site":null,"Container":null},{"MachineName":"SERWER01","Data":[84,0,114,0,117,0,115,0,116,0,101,0,100,0,73,0,110,0,115,0,116,0,97,0,108,0,108,0,101,0,114,0,47,0,52,0,0,0],"Index":5480,"Category":"(0)","CategoryNumber":0,"EventID":7036,"EntryType":4,"Message":"The Windows Modules Installer service entered the running state.","Source":"Service Control Manager","ReplacementStrings":["Windows Modules Installer","running"],"InstanceId":1073748860,"TimeGenerated":"\/Date(1581184582000)\/","TimeWritten":"\/Date(1581184582000)\/","UserName":null,"Site":null,"Container":null},{"MachineName":"SERWER01","Data":[78,0,101,0,116,0,83,0,101,0,116,0,117,0,112,0,83,0,118,0,99,0,47,0,49,0,0,0],"Index":5479,"Category":"(0)","CategoryNumber":0,"EventID":7036,"EntryType":4,"Message":"The Network Setup Service service entered the stopped state.","Source":"Service Control Manager","ReplacementStrings":["Network Setup Service","stopped"],"InstanceId":1073748860,"TimeGenerated":"\/Date(1581184286000)\/","TimeWritten":"\/Date(1581184286000)\/","UserName":null,"Site":null,"Container":null},{"MachineName":"SERWER01","Data":[78,0,101,0,116,0,83,0,101,0,116,0,117,0,112,0,83,0,118,0,99,0,47,0,52,0,0,0],"Index":5478,"Category":"(0)","CategoryNumber":0,"EventID":7036,"EntryType":4,"Message":"The Network Setup Service service entered the running state.","Source":"Service Control Manager","ReplacementStrings":["Network Setup Service","running"],"InstanceId":1073748860,"TimeGenerated":"\/Date(1581184105000)\/","TimeWritten":"\/Date(1581184105000)\/","UserName":null,"Site":null,"Container":null},{"MachineName":"SERWER01","Data":[78,0,101,0,116,0,83,0,101,0,116,0,117,0,112,0,83,0,118,0,99,0,47,0,49,0,0,0],"Index":5477,"Category":"(0)","CategoryNumber":0,"EventID":7036,"EntryType":4,"Message":"The Network Setup Service service entered the stopped state.","Source":"Service Control Manager","ReplacementStrings":["Network Setup Service","stopped"],"InstanceId":1073748860,"TimeGenerated":"\/Date(1581180686000)\/","TimeWritten":"\/Date(1581180686000)\/","UserName":null,"Site":null,"Container":null},{"MachineName":"SERWER01","Data":[78,0,101,0,116,0,83,0,101,0,116,0,117,0,112,0,83,0,118,0,99,0,47,0,52,0,0,0],"Index":5476,"Category":"(0)","CategoryNumber":0,"EventID":7036,"EntryType":4,"Message":"The Network Setup Service service entered the running state.","Source":"Service Control Manager","ReplacementStrings":["Network Setup Service","running"],"InstanceId":1073748860,"TimeGenerated":"\/Date(1581180505000)\/","TimeWritten":"\/Date(1581180505000)\/","UserName":null,"Site":null,"Container":null},{"MachineName":"SERWER01","Data":[78,0,101,0,116,0,83,0,101,0,116,0,117,0,112,0,83,0,118,0,99,0,47,0,49,0,0,0],"Index":5475,"Category":"(0)","CategoryNumber":0,"EventID":7036,"EntryType":4,"Message":"The Network Setup Service service entered the stopped state.","Source":"Service Control Manager","ReplacementStrings":["Network Setup Service","stopped"],"InstanceId":1073748860,"TimeGenerated":"\/Date(1581177086000)\/","TimeWritten":"\/Date(1581177086000)\/","UserName":null,"Site":null,"Container":null},{"MachineName":"SERWER01","Data":[78,0,101,0,116,0,83,0,101,0,116,0,117,0,112,0,83,0,118,0,99,0,47,0,52,0,0,0],"Index":5474,"Category":"(0)","CategoryNumber":0,"EventID":7036,"EntryType":4,"Message":"The Network Setup Service service entered the running state.","Source":"Service Control Manager","ReplacementStrings":["Network Setup Service","running"],"InstanceId":1073748860,"TimeGenerated":"\/Date(1581176905000)\/","TimeWritten":"\/Date(1581176905000)\/","UserName":null,"Site":null,"Container":null},{"MachineName":"SERWER01","Data":[78,0,101,0,116,0,83,0,101,0,116,0,117,0,112,0,83,0,118,0,99,0,47,0,49,0,0,0],"Index":5473,"Category":"(0)","CategoryNumber":0,"EventID":7036,"EntryType":4,"Message":"The Network Setup Service service entered the stopped state.","Source":"Service Control Manager","ReplacementStrings":["Network Setup Service","stopped"],"InstanceId":1073748860,"TimeGenerated":"\/Date(1581173486000)\/","TimeWritten":"\/Date(1581173486000)\/","UserName":null,"Site":null,"Container":null},{"MachineName":"SERWER01","Data":[78,0,101,0,116,0,83,0,101,0,116,0,117,0,112,0,83,0,118,0,99,0,47,0,52,0,0,0],"Index":5472,"Category":"(0)","CategoryNumber":0,"EventID":7036,"EntryType":4,"Message":"The Network Setup Service service entered the running state.","Source":"Service Control Manager","ReplacementStrings":["Network Setup Service","running"],"InstanceId":1073748860,"TimeGenerated":"\/Date(1581173305000)\/","TimeWritten":"\/Date(1581173305000)\/","UserName":null,"Site":null,"Container":null},{"MachineName":"SERWER01","Data":[119,0,108,0,105,0,100,0,115,0,118,0,99,0,47,0,49,0,0,0],"Index":5471,"Category":"(0)","CategoryNumber":0,"EventID":7036,"EntryType":4,"Message":"The Microsoft Account Sign-in Assistant service entered the stopped state.","Source":"Service Control Manager","ReplacementStrings":["Microsoft Account Sign-in Assistant","stopped"],"InstanceId":1073748860,"TimeGenerated":"\/Date(1581173243000)\/","TimeWritten":"\/Date(1581173243000)\/","UserName":null,"Site":null,"Container":null},{"MachineName":"SERWER01","Data":[119,0,108,0,105,0,100,0,115,0,118,0,99,0,47,0,52,0,0,0],"Index":5470,"Category":"(0)","CategoryNumber":0,"EventID":7036,"EntryType":4,"Message":"The Microsoft Account Sign-in Assistant service entered the running state.","Source":"Service Control Manager","ReplacementStrings":["Microsoft Account Sign-in Assistant","running"],"InstanceId":1073748860,"TimeGenerated":"\/Date(1581172883000)\/","TimeWritten":"\/Date(1581172883000)\/","UserName":null,"Site":null,"Container":null},{"MachineName":"SERWER01","Data":[78,0,101,0,116,0,83,0,101,0,116,0,117,0,112,0,83,0,118,0,99,0,47,0,49,0,0,0],"Index":5469,"Category":"(0)","CategoryNumber":0,"EventID":7036,"EntryType":4,"Message":"The Network Setup Service service entered the stopped state.","Source":"Service Control Manager","ReplacementStrings":["Network Setup Service","stopped"],"InstanceId":1073748860,"TimeGenerated":"\/Date(1581169886000)\/","TimeWritten":"\/Date(1581169886000)\/","UserName":null,"Site":null,"Container":null},{"MachineName":"SERWER01","Data":[78,0,101,0,116,0,83,0,101,0,116,0,117,0,112,0,83,0,118,0,99,0,47,0,52,0,0,0],"Index":5468,"Category":"(0)","CategoryNumber":0,"EventID":7036,"EntryType":4,"Message":"The Network Setup Service service entered the running state.","Source":"Service Control Manager","ReplacementStrings":["Network Setup Service","running"],"InstanceId":1073748860,"TimeGenerated":"\/Date(1581169705000)\/","TimeWritten":"\/Date(1581169705000)\/","UserName":null,"Site":null,"Container":null},{"MachineName":"SERWER01","Data":[78,0,101,0,116,0,83,0,101,0,116,0,117,0,112,0,83,0,118,0,99,0,47,0,49,0,0,0],"Index":5467,"Category":"(0)","CategoryNumber":0,"EventID":7036,"EntryType":4,"Message":"The Network Setup Service service entered the stopped state.","Source":"Service Control Manager","ReplacementStrings":["Network Setup Service","stopped"],"InstanceId":1073748860,"TimeGenerated":"\/Date(1581166286000)\/","TimeWritten":"\/Date(1581166286000)\/","UserName":null,"Site":null,"Container":null},{"MachineName":"SERWER01","Data":[78,0,101,0,116,0,83,0,101,0,116,0,117,0,112,0,83,0,118,0,99,0,47,0,52,0,0,0],"Index":5466,"Category":"(0)","CategoryNumber":0,"EventID":7036,"EntryType":4,"Message":"The Network Setup Service service entered the running state.","Source":"Service Control Manager","ReplacementStrings":["Network Setup Service","running"],"InstanceId":1073748860,"TimeGenerated":"\/Date(1581166105000)\/","TimeWritten":"\/Date(1581166105000)\/","UserName":null,"Site":null,"Container":null},{"MachineName":"SERWER01","Data":[78,0,101,0,116,0,83,0,101,0,116,0,117,0,112,0,83,0,118,0,99,0,47,0,49,0,0,0],"Index":5465,"Category":"(0)","CategoryNumber":0,"EventID":7036,"EntryType":4,"Message":"The Network Setup Service service entered the stopped state.","Source":"Service Control Manager","ReplacementStrings":["Network Setup Service","stopped"],"InstanceId":1073748860,"TimeGenerated":"\/Date(1581162685000)\/","TimeWritten":"\/Date(1581162685000)\/","UserName":null,"Site":null,"Container":null},{"MachineName":"SERWER01","Data":[78,0,101,0,116,0,83,0,101,0,116,0,117,0,112,0,83,0,118,0,99,0,47,0,52,0,0,0],"Index":5464,"Category":"(0)","CategoryNumber":0,"EventID":7036,"EntryType":4,"Message":"The Network Setup Service service entered the running state.","Source":"Service Control Manager","ReplacementStrings":["Network Setup Service","running"],"InstanceId":1073748860,"TimeGenerated":"\/Date(1581162505000)\/","TimeWritten":"\/Date(1581162505000)\/","UserName":null,"Site":null,"Container":null},{"MachineName":"SERWER01","Data":[78,0,101,0,116,0,83,0,101,0,116,0,117,0,112,0,83,0,118,0,99,0,47,0,49,0,0,0],"Index":5462,"Category":"(0)","CategoryNumber":0,"EventID":7036,"EntryType":4,"Message":"The Network Setup Service service entered the stopped state.","Source":"Service Control Manager","ReplacementStrings":["Network Setup Service","stopped"],"InstanceId":1073748860,"TimeGenerated":"\/Date(1581159085000)\/","TimeWritten":"\/Date(1581159085000)\/","UserName":null,"Site":null,"Container":null},{"MachineName":"SERWER01","Data":[78,0,101,0,116,0,83,0,101,0,116,0,117,0,112,0,83,0,118,0,99,0,47,0,52,0,0,0],"Index":5461,"Category":"(0)","CategoryNumber":0,"EventID":7036,"EntryType":4,"Message":"The Network Setup Service service entered the running state.","Source":"Service Control Manager","ReplacementStrings":["Network Setup Service","running"],"InstanceId":1073748860,"TimeGenerated":"\/Date(1581158905000)\/","TimeWritten":"\/Date(1581158905000)\/","UserName":null,"Site":null,"Container":null},{"MachineName":"SERWER01","Data":[78,0,101,0,116,0,83,0,101,0,116,0,117,0,112,0,83,0,118,0,99,0,47,0,49,0,0,0],"Index":5460,"Category":"(0)","CategoryNumber":0,"EventID":7036,"EntryType":4,"Message":"The Network Setup Service service entered the stopped state.","Source":"Service Control Manager","ReplacementStrings":["Network Setup Service","stopped"],"InstanceId":1073748860,"TimeGenerated":"\/Date(1581155485000)\/","TimeWritten":"\/Date(1581155485000)\/","UserName":null,"Site":null,"Container":null},{"MachineName":"SERWER01","Data":[78,0,101,0,116,0,83,0,101,0,116,0,117,0,112,0,83,0,118,0,99,0,47,0,52,0,0,0],"Index":5459,"Category":"(0)","CategoryNumber":0,"EventID":7036,"EntryType":4,"Message":"The Network Setup Service service entered the running state.","Source":"Service Control Manager","ReplacementStrings":["Network Setup Service","running"],"InstanceId":1073748860,"TimeGenerated":"\/Date(1581155305000)\/","TimeWritten":"\/Date(1581155305000)\/","UserName":null,"Site":null,"Container":null},{"MachineName":"SERWER01","Data":[119,0,117,0,97,0,117,0,115,0,101,0,114,0,118,0,47,0,49,0,0,0],"Index":5458,"Category":"(0)","CategoryNumber":0,"EventID":7036,"EntryType":4,"Message":"The Windows Update service entered the stopped state.","Source":"Service Control Manager","ReplacementStrings":["Windows Update","stopped"],"InstanceId":1073748860,"TimeGenerated":"\/Date(1581153161000)\/","TimeWritten":"\/Date(1581153161000)\/","UserName":null,"Site":null,"Container":null},{"MachineName":"SERWER01","Data":[119,0,108,0,105,0,100,0,115,0,118,0,99,0,47,0,49,0,0,0],"Index":5457,"Category":"(0)","CategoryNumber":0,"EventID":7036,"EntryType":4,"Message":"The Microsoft Account Sign-in Assistant service entered the stopped state.","Source":"Service Control Manager","ReplacementStrings":["Microsoft Account Sign-in Assistant","stopped"],"InstanceId":1073748860,"TimeGenerated":"\/Date(1581152736000)\/","TimeWritten":"\/Date(1581152736000)\/","UserName":null,"Site":null,"Container":null},{"MachineName":"SERWER01","Data":[84,0,114,0,117,0,115,0,116,0,101,0,100,0,73,0,110,0,115,0,116,0,97,0,108,0,108,0,101,0,114,0,47,0,49,0,0,0],"Index":5456,"Category":"(0)","CategoryNumber":0,"EventID":7036,"EntryType":4,"Message":"The Windows Modules Installer service entered the stopped state.","Source":"Service Control Manager","ReplacementStrings":["Windows Modules Installer","stopped"],"InstanceId":1073748860,"TimeGenerated":"\/Date(1581152676000)\/","TimeWritten":"\/Date(1581152676000)\/","UserName":null,"Site":null,"Container":null},{"MachineName":"SERWER01","Data":[87,0,97,0,97,0,83,0,77,0,101,0,100,0,105,0,99,0,83,0,118,0,99,0,47,0,49,0,0,0],"Index":5455,"Category":"(0)","CategoryNumber":0,"EventID":7036,"EntryType":4,"Message":"The Windows Update Medic Service service entered the stopped state.","Source":"Service Control Manager","ReplacementStrings":["Windows Update Medic Service","stopped"],"InstanceId":1073748860,"TimeGenerated":"\/Date(1581152601000)\/","TimeWritten":"\/Date(1581152601000)\/","UserName":null,"Site":null,"Container":null},{"MachineName":"SERWER01","Data":[84,0,114,0,117,0,115,0,116,0,101,0,100,0,73,0,110,0,115,0,116,0,97,0,108,0,108,0,101,0,114,0,47,0,52,0,0,0],"Index":5454,"Category":"(0)","CategoryNumber":0,"EventID":7036,"EntryType":4,"Message":"The Windows Modules Installer service entered the running state.","Source":"Service Control Manager","ReplacementStrings":["Windows Modules Installer","running"],"InstanceId":1073748860,"TimeGenerated":"\/Date(1581152547000)\/","TimeWritten":"\/Date(1581152547000)\/","UserName":null,"Site":null,"Container":null},{"MachineName":"SERWER01","Data":[119,0,117,0,97,0,117,0,115,0,101,0,114,0,118,0,47,0,52,0,0,0],"Index":5453,"Category":"(0)","CategoryNumber":0,"EventID":7036,"EntryType":4,"Message":"The Windows Update service entered the running state.","Source":"Service Control Manager","ReplacementStrings":["Windows Update","running"],"InstanceId":1073748860,"TimeGenerated":"\/Date(1581152544000)\/","TimeWritten":"\/Date(1581152544000)\/","UserName":null,"Site":null,"Container":null},{"MachineName":"SERWER01","Data":[119,0,108,0,105,0,100,0,115,0,118,0,99,0,47,0,52,0,0,0],"Index":5452,"Category":"(0)","CategoryNumber":0,"EventID":7036,"EntryType":4,"Message":"The Microsoft Account Sign-in Assistant service entered the running state.","Source":"Service Control Manager","ReplacementStrings":["Microsoft Account Sign-in Assistant","running"],"InstanceId":1073748860,"TimeGenerated":"\/Date(1581152542000)\/","TimeWritten":"\/Date(1581152542000)\/","UserName":null,"Site":null,"Container":null},{"MachineName":"SERWER01","Data":[87,0,97,0,97,0,83,0,77,0,101,0,100,0,105,0,99,0,83,0,118,0,99,0,47,0,52,0,0,0],"Index":5451,"Category":"(0)","CategoryNumber":0,"EventID":7036,"EntryType":4,"Message":"The Windows Update Medic Service service entered the running state.","Source":"Service Control Manager","ReplacementStrings":["Windows Update Medic Service","running"],"InstanceId":1073748860,"TimeGenerated":"\/Date(1581152541000)\/","TimeWritten":"\/Date(1581152541000)\/","UserName":null,"Site":null,"Container":null},{"MachineName":"SERWER01","Data":[78,0,101,0,116,0,83,0,101,0,116,0,117,0,112,0,83,0,118,0,99,0,47,0,49,0,0,0],"Index":5450,"Category":"(0)","CategoryNumber":0,"EventID":7036,"EntryType":4,"Message":"The Network Setup Service service entered the stopped state.","Source":"Service Control Manager","ReplacementStrings":["Network Setup Service","stopped"],"InstanceId":1073748860,"TimeGenerated":"\/Date(1581151885000)\/","TimeWritten":"\/Date(1581151885000)\/","UserName":null,"Site":null,"Container":null},{"MachineName":"SERWER01","Data":[78,0,101,0,116,0,83,0,101,0,116,0,117,0,112,0,83,0,118,0,99,0,47,0,52,0,0,0],"Index":5449,"Category":"(0)","CategoryNumber":0,"EventID":7036,"EntryType":4,"Message":"The Network Setup Service service entered the running state.","Source":"Service Control Manager","ReplacementStrings":["Network Setup Service","running"],"InstanceId":1073748860,"TimeGenerated":"\/Date(1581151705000)\/","TimeWritten":"\/Date(1581151705000)\/","UserName":null,"Site":null,"Container":null},{"MachineName":"SERWER01","Data":[78,0,101,0,116,0,83,0,101,0,116,0,117,0,112,0,83,0,118,0,99,0,47,0,49,0,0,0],"Index":5448,"Category":"(0)","CategoryNumber":0,"EventID":7036,"EntryType":4,"Message":"The Network Setup Service service entered the stopped state.","Source":"Service Control Manager","ReplacementStrings":["Network Setup Service","stopped"],"InstanceId":1073748860,"TimeGenerated":"\/Date(1581148285000)\/","TimeWritten":"\/Date(1581148285000)\/","UserName":null,"Site":null,"Container":null},{"MachineName":"SERWER01","Data":[119,0,108,0,105,0,100,0,115,0,118,0,99,0,47,0,49,0,0,0],"Index":5447,"Category":"(0)","CategoryNumber":0,"EventID":7036,"EntryType":4,"Message":"The Microsoft Account Sign-in Assistant service entered the stopped state.","Source":"Service Control Manager","ReplacementStrings":["Microsoft Account Sign-in Assistant","stopped"],"InstanceId":1073748860,"TimeGenerated":"\/Date(1581148164000)\/","TimeWritten":"\/Date(1581148164000)\/","UserName":null,"Site":null,"Container":null},{"MachineName":"SERWER01","Data":[84,0,114,0,117,0,115,0,116,0,101,0,100,0,73,0,110,0,115,0,116,0,97,0,108,0,108,0,101,0,114,0,47,0,49,0,0,0],"Index":5446,"Category":"(0)","CategoryNumber":0,"EventID":7036,"EntryType":4,"Message":"The Windows Modules Installer service entered the stopped state.","Source":"Service Control Manager","ReplacementStrings":["Windows Modules Installer","stopped"],"InstanceId":1073748860,"TimeGenerated":"\/Date(1581148107000)\/","TimeWritten":"\/Date(1581148107000)\/","UserName":null,"Site":null,"Container":null},{"MachineName":"SERWER01","Data":[78,0,101,0,116,0,83,0,101,0,116,0,117,0,112,0,83,0,118,0,99,0,47,0,52,0,0,0],"Index":5445,"Category":"(0)","CategoryNumber":0,"EventID":7036,"EntryType":4,"Message":"The Network Setup Service service entered the running state.","Source":"Service Control Manager","ReplacementStrings":["Network Setup Service","running"],"InstanceId":1073748860,"TimeGenerated":"\/Date(1581148105000)\/","TimeWritten":"\/Date(1581148105000)\/","UserName":null,"Site":null,"Container":null},{"MachineName":"SERWER01","Data":[84,0,114,0,117,0,115,0,116,0,101,0,100,0,73,0,110,0,115,0,116,0,97,0,108,0,108,0,101,0,114,0,47,0,52,0,0,0],"Index":5444,"Category":"(0)","CategoryNumber":0,"EventID":7036,"EntryType":4,"Message":"The Windows Modules Installer service entered the running state.","Source":"Service Control Manager","ReplacementStrings":["Windows Modules Installer","running"],"InstanceId":1073748860,"TimeGenerated":"\/Date(1581147984000)\/","TimeWritten":"\/Date(1581147984000)\/","UserName":null,"Site":null,"Container":null},{"MachineName":"SERWER01","Data":[119,0,108,0,105,0,100,0,115,0,118,0,99,0,47,0,52,0,0,0],"Index":5443,"Category":"(0)","CategoryNumber":0,"EventID":7036,"EntryType":4,"Message":"The Microsoft Account Sign-in Assistant service entered the running state.","Source":"Service Control Manager","ReplacementStrings":["Microsoft Account Sign-in Assistant","running"],"InstanceId":1073748860,"TimeGenerated":"\/Date(1581147983000)\/","TimeWritten":"\/Date(1581147983000)\/","UserName":null,"Site":null,"Container":null},{"MachineName":"SERWER01","Data":[78,0,101,0,116,0,83,0,101,0,116,0,117,0,112,0,83,0,118,0,99,0,47,0,49,0,0,0],"Index":5442,"Category":"(0)","CategoryNumber":0,"EventID":7036,"EntryType":4,"Message":"The Network Setup Service service entered the stopped state.","Source":"Service Control Manager","ReplacementStrings":["Network Setup Service","stopped"],"InstanceId":1073748860,"TimeGenerated":"\/Date(1581144685000)\/","TimeWritten":"\/Date(1581144685000)\/","UserName":null,"Site":null,"Container":null},{"MachineName":"SERWER01","Data":[78,0,101,0,116,0,83,0,101,0,116,0,117,0,112,0,83,0,118,0,99,0,47,0,52,0,0,0],"Index":5441,"Category":"(0)","CategoryNumber":0,"EventID":7036,"EntryType":4,"Message":"The Network Setup Service service entered the running state.","Source":"Service Control Manager","ReplacementStrings":["Network Setup Service","running"],"InstanceId":1073748860,"TimeGenerated":"\/Date(1581144505000)\/","TimeWritten":"\/Date(1581144505000)\/","UserName":null,"Site":null,"Container":null},{"MachineName":"SERWER01","Data":[87,0,100,0,105,0,83,0,121,0,115,0,116,0,101,0,109,0,72,0,111,0,115,0,116,0,47,0,49,0,0,0],"Index":5440,"Category":"(0)","CategoryNumber":0,"EventID":7036,"EntryType":4,"Message":"The Diagnostic System Host service entered the stopped state.","Source":"Service Control Manager","ReplacementStrings":["Diagnostic System Host","stopped"],"InstanceId":1073748860,"TimeGenerated":"\/Date(1581142404000)\/","TimeWritten":"\/Date(1581142404000)\/","UserName":null,"Site":null,"Container":null},{"MachineName":"SERWER01","Data":[119,0,117,0,97,0,117,0,115,0,101,0,114,0,118,0,47,0,49,0,0,0],"Index":5439,"Category":"(0)","CategoryNumber":0,"EventID":7036,"EntryType":4,"Message":"The Windows Update service entered the stopped state.","Source":"Service Control Manager","ReplacementStrings":["Windows Update","stopped"],"InstanceId":1073748860,"TimeGenerated":"\/Date(1581141400000)\/","TimeWritten":"\/Date(1581141400000)\/","UserName":null,"Site":null,"Container":null},{"MachineName":"SERWER01","Data":[65,0,112,0,112,0,88,0,83,0,118,0,99,0,47,0,49,0,0,0],"Index":5438,"Category":"(0)","CategoryNumber":0,"EventID":7036,"EntryType":4,"Message":"The AppX Deployment Service (AppXSVC) service entered the stopped state.","Source":"Service Control Manager","ReplacementStrings":["AppX Deployment Service (AppXSVC)","stopped"],"InstanceId":1073748860,"TimeGenerated":"\/Date(1581141096000)\/","TimeWritten":"\/Date(1581141096000)\/","UserName":null,"Site":null,"Container":null},{"MachineName":"SERWER01","Data":[78,0,101,0,116,0,83,0,101,0,116,0,117,0,112,0,83,0,118,0,99,0,47,0,49,0,0,0],"Index":5437,"Category":"(0)","CategoryNumber":0,"EventID":7036,"EntryType":4,"Message":"The Network Setup Service service entered the stopped state.","Source":"Service Control Manager","ReplacementStrings":["Network Setup Service","stopped"],"InstanceId":1073748860,"TimeGenerated":"\/Date(1581141085000)\/","TimeWritten":"\/Date(1581141085000)\/","UserName":null,"Site":null,"Container":null},{"MachineName":"SERWER01","Data":[78,0,101,0,116,0,83,0,101,0,116,0,117,0,112,0,83,0,118,0,99,0,47,0,52,0,0,0],"Index":5436,"Category":"(0)","CategoryNumber":0,"EventID":7036,"EntryType":4,"Message":"The Network Setup Service service entered the running state.","Source":"Service Control Manager","ReplacementStrings":["Network Setup Service","running"],"InstanceId":1073748860,"TimeGenerated":"\/Date(1581140905000)\/","TimeWritten":"\/Date(1581140905000)\/","UserName":null,"Site":null,"Container":null},{"MachineName":"SERWER01","Data":[115,0,112,0,112,0,115,0,118,0,99,0,47,0,49,0,0,0],"Index":5435,"Category":"(0)","CategoryNumber":0,"EventID":7036,"EntryType":4,"Message":"The Software Protection service entered the stopped state.","Source":"Service Control Manager","ReplacementStrings":["Software Protection","stopped"],"InstanceId":1073748860,"TimeGenerated":"\/Date(1581140824000)\/","TimeWritten":"\/Date(1581140824000)\/","UserName":null,"Site":null,"Container":null},{"MachineName":"SERWER01","Data":[119,0,108,0,105,0,100,0,115,0,118,0,99,0,47,0,49,0,0,0],"Index":5434,"Category":"(0)","CategoryNumber":0,"EventID":7036,"EntryType":4,"Message":"The Microsoft Account Sign-in Assistant service entered the stopped state.","Source":"Service Control Manager","ReplacementStrings":["Microsoft Account Sign-in Assistant","stopped"],"InstanceId":1073748860,"TimeGenerated":"\/Date(1581140799000)\/","TimeWritten":"\/Date(1581140799000)\/","UserName":null,"Site":null,"Container":null},{"MachineName":"SERWER01","Data":[87,0,100,0,105,0,83,0,121,0,115,0,116,0,101,0,109,0,72,0,111,0,115,0,116,0,47,0,52,0,0,0],"Index":5433,"Category":"(0)","CategoryNumber":0,"EventID":7036,"EntryType":4,"Message":"The Diagnostic System Host service entered the running state.","Source":"Service Control Manager","ReplacementStrings":["Diagnostic System Host","running"],"InstanceId":1073748860,"TimeGenerated":"\/Date(1581140798000)\/","TimeWritten":"\/Date(1581140798000)\/","UserName":null,"Site":null,"Container":null},{"MachineName":"SERWER01","Data":[119,0,117,0,97,0,117,0,115,0,101,0,114,0,118,0,47,0,52,0,0,0],"Index":5432,"Category":"(0)","CategoryNumber":0,"EventID":7036,"EntryType":4,"Message":"The Windows Update service entered the running state.","Source":"Service Control Manager","ReplacementStrings":["Windows Update","running"],"InstanceId":1073748860,"TimeGenerated":"\/Date(1581140796000)\/","TimeWritten":"\/Date(1581140796000)\/","UserName":null,"Site":null,"Container":null},{"MachineName":"SERWER01","Data":[65,0,112,0,112,0,88,0,83,0,118,0,99,0,47,0,52,0,0,0],"Index":5431,"Category":"(0)","CategoryNumber":0,"EventID":7036,"EntryType":4,"Message":"The AppX Deployment Service (AppXSVC) service entered the running state.","Source":"Service Control Manager","ReplacementStrings":["AppX Deployment Service (AppXSVC)","running"],"InstanceId":1073748860,"TimeGenerated":"\/Date(1581140794000)\/","TimeWritten":"\/Date(1581140794000)\/","UserName":null,"Site":null,"Container":null},{"MachineName":"SERWER01","Data":[115,0,112,0,112,0,115,0,118,0,99,0,47,0,52,0,0,0],"Index":5430,"Category":"(0)","CategoryNumber":0,"EventID":7036,"EntryType":4,"Message":"The Software Protection service entered the running state.","Source":"Service Control Manager","ReplacementStrings":["Software Protection","running"],"InstanceId":1073748860,"TimeGenerated":"\/Date(1581140794000)\/","TimeWritten":"\/Date(1581140794000)\/","UserName":null,"Site":null,"Container":null},{"MachineName":"SERWER01","Data":[119,0,108,0,105,0,100,0,115,0,118,0,99,0,47,0,52,0,0,0],"Index":5429,"Category":"(0)","CategoryNumber":0,"EventID":7036,"EntryType":4,"Message":"The Microsoft Account Sign-in Assistant service entered the running state.","Source":"Service Control Manager","ReplacementStrings":["Microsoft Account Sign-in Assistant","running"],"InstanceId":1073748860,"TimeGenerated":"\/Date(1581140618000)\/","TimeWritten":"\/Date(1581140618000)\/","UserName":null,"Site":null,"Container":null},{"MachineName":"SERWER01","Data":[78,0,101,0,116,0,83,0,101,0,116,0,117,0,112,0,83,0,118,0,99,0,47,0,49,0,0,0],"Index":5428,"Category":"(0)","CategoryNumber":0,"EventID":7036,"EntryType":4,"Message":"The Network Setup Service service entered the stopped state.","Source":"Service Control Manager","ReplacementStrings":["Network Setup Service","stopped"],"InstanceId":1073748860,"TimeGenerated":"\/Date(1581137485000)\/","TimeWritten":"\/Date(1581137485000)\/","UserName":null,"Site":null,"Container":null},{"MachineName":"SERWER01","Data":[78,0,101,0,116,0,83,0,101,0,116,0,117,0,112,0,83,0,118,0,99,0,47,0,52,0,0,0],"Index":5427,"Category":"(0)","CategoryNumber":0,"EventID":7036,"EntryType":4,"Message":"The Network Setup Service service entered the running state.","Source":"Service Control Manager","ReplacementStrings":["Network Setup Service","running"],"InstanceId":1073748860,"TimeGenerated":"\/Date(1581137305000)\/","TimeWritten":"\/Date(1581137305000)\/","UserName":null,"Site":null,"Container":null},{"MachineName":"SERWER01","Data":[78,0,101,0,116,0,83,0,101,0,116,0,117,0,112,0,83,0,118,0,99,0,47,0,49,0,0,0],"Index":5426,"Category":"(0)","CategoryNumber":0,"EventID":7036,"EntryType":4,"Message":"The Network Setup Service service entered the stopped state.","Source":"Service Control Manager","ReplacementStrings":["Network Setup Service","stopped"],"InstanceId":1073748860,"TimeGenerated":"\/Date(1581133885000)\/","TimeWritten":"\/Date(1581133885000)\/","UserName":null,"Site":null,"Container":null},{"MachineName":"SERWER01","Data":[78,0,101,0,116,0,83,0,101,0,116,0,117,0,112,0,83,0,118,0,99,0,47,0,52,0,0,0],"Index":5425,"Category":"(0)","CategoryNumber":0,"EventID":7036,"EntryType":4,"Message":"The Network Setup Service service entered the running state.","Source":"Service Control Manager","ReplacementStrings":["Network Setup Service","running"],"InstanceId":1073748860,"TimeGenerated":"\/Date(1581133705000)\/","TimeWritten":"\/Date(1581133705000)\/","UserName":null,"Site":null,"Container":null},{"MachineName":"SERWER01","Data":[65,0,112,0,112,0,88,0,83,0,118,0,99,0,47,0,49,0,0,0],"Index":5424,"Category":"(0)","CategoryNumber":0,"EventID":7036,"EntryType":4,"Message":"The AppX Deployment Service (AppXSVC) service entered the stopped state.","Source":"Service Control Manager","ReplacementStrings":["AppX Deployment Service (AppXSVC)","stopped"],"InstanceId":1073748860,"TimeGenerated":"\/Date(1581133287000)\/","TimeWritten":"\/Date(1581133287000)\/","UserName":null,"Site":null,"Container":null},{"MachineName":"SERWER01","Data":[66,0,73,0,84,0,83,0,47,0,49,0,0,0],"Index":5423,"Category":"(0)","CategoryNumber":0,"EventID":7036,"EntryType":4,"Message":"The Background Intelligent Transfer Service service entered the stopped state.","Source":"Service Control Manager","ReplacementStrings":["Background Intelligent Transfer Service","stopped"],"InstanceId":1073748860,"TimeGenerated":"\/Date(1581133102000)\/","TimeWritten":"\/Date(1581133102000)\/","UserName":null,"Site":null,"Container":null},{"MachineName":"SERWER01","Data":[65,0,112,0,112,0,88,0,83,0,118,0,99,0,47,0,52,0,0,0],"Index":5421,"Category":"(0)","CategoryNumber":0,"EventID":7036,"EntryType":4,"Message":"The AppX Deployment Service (AppXSVC) service entered the running state.","Source":"Service Control Manager","ReplacementStrings":["AppX Deployment Service (AppXSVC)","running"],"InstanceId":1073748860,"TimeGenerated":"\/Date(1581132983000)\/","TimeWritten":"\/Date(1581132983000)\/","UserName":null,"Site":null,"Container":null},{"MachineName":"SERWER01","Data":[66,0,73,0,84,0,83,0,47,0,52,0,0,0],"Index":5419,"Category":"(0)","CategoryNumber":0,"EventID":7036,"EntryType":4,"Message":"The Background Intelligent Transfer Service service entered the running state.","Source":"Service Control Manager","ReplacementStrings":["Background Intelligent Transfer Service","running"],"InstanceId":1073748860,"TimeGenerated":"\/Date(1581132981000)\/","TimeWritten":"\/Date(1581132981000)\/","UserName":null,"Site":null,"Container":null},{"MachineName":"SERWER01","Data":[99,0,97,0,109,0,115,0,118,0,99,0,47,0,49,0,0,0],"Index":5418,"Category":"(0)","CategoryNumber":0,"EventID":7036,"EntryType":4,"Message":"The Capability Access Manager Service service entered the stopped state.","Source":"Service Control Manager","ReplacementStrings":["Capability Access Manager Service","stopped"],"InstanceId":1073748860,"TimeGenerated":"\/Date(1581131023000)\/","TimeWritten":"\/Date(1581131023000)\/","UserName":null,"Site":null,"Container":null},{"MachineName":"SERWER01","Data":[115,0,112,0,112,0,115,0,118,0,99,0,47,0,49,0,0,0],"Index":5417,"Category":"(0)","CategoryNumber":0,"EventID":7036,"EntryType":4,"Message":"The Software Protection service entered the stopped state.","Source":"Service Control Manager","ReplacementStrings":["Software Protection","stopped"],"InstanceId":1073748860,"TimeGenerated":"\/Date(1581130753000)\/","TimeWritten":"\/Date(1581130753000)\/","UserName":null,"Site":null,"Container":null},{"MachineName":"SERWER01","Data":[99,0,97,0,109,0,115,0,118,0,99,0,47,0,52,0,0,0],"Index":5416,"Category":"(0)","CategoryNumber":0,"EventID":7036,"EntryType":4,"Message":"The Capability Access Manager Service service entered the running state.","Source":"Service Control Manager","ReplacementStrings":["Capability Access Manager Service","running"],"InstanceId":1073748860,"TimeGenerated":"\/Date(1581130723000)\/","TimeWritten":"\/Date(1581130723000)\/","UserName":null,"Site":null,"Container":null},{"MachineName":"SERWER01","Data":[115,0,112,0,112,0,115,0,118,0,99,0,47,0,52,0,0,0],"Index":5415,"Category":"(0)","CategoryNumber":0,"EventID":7036,"EntryType":4,"Message":"The Software Protection service entered the running state.","Source":"Service Control Manager","ReplacementStrings":["Software Protection","running"],"InstanceId":1073748860,"TimeGenerated":"\/Date(1581130722000)\/","TimeWritten":"\/Date(1581130722000)\/","UserName":null,"Site":null,"Container":null},{"MachineName":"SERWER01","Data":[78,0,101,0,116,0,83,0,101,0,116,0,117,0,112,0,83,0,118,0,99,0,47,0,49,0,0,0],"Index":5414,"Category":"(0)","CategoryNumber":0,"EventID":7036,"EntryType":4,"Message":"The Network Setup Service service entered the stopped state.","Source":"Service Control Manager","ReplacementStrings":["Network Setup Service","stopped"],"InstanceId":1073748860,"TimeGenerated":"\/Date(1581130285000)\/","TimeWritten":"\/Date(1581130285000)\/","UserName":null,"Site":null,"Container":null},{"MachineName":"SERWER01","Data":[78,0,101,0,116,0,83,0,101,0,116,0,117,0,112,0,83,0,118,0,99,0,47,0,52,0,0,0],"Index":5413,"Category":"(0)","CategoryNumber":0,"EventID":7036,"EntryType":4,"Message":"The Network Setup Service service entered the running state.","Source":"Service Control Manager","ReplacementStrings":["Network Setup Service","running"],"InstanceId":1073748860,"TimeGenerated":"\/Date(1581130105000)\/","TimeWritten":"\/Date(1581130105000)\/","UserName":null,"Site":null,"Container":null},{"MachineName":"SERWER01","Data":[66,0,73,0,84,0,83,0,47,0,49,0,0,0],"Index":5412,"Category":"(0)","CategoryNumber":0,"EventID":7036,"EntryType":4,"Message":"The Background Intelligent Transfer Service service entered the stopped state.","Source":"Service Control Manager","ReplacementStrings":["Background Intelligent Transfer Service","stopped"],"InstanceId":1073748860,"TimeGenerated":"\/Date(1581127730000)\/","TimeWritten":"\/Date(1581127730000)\/","UserName":null,"Site":null,"Container":null},{"MachineName":"SERWER01","Data":[66,0,73,0,84,0,83,0,47,0,52,0,0,0],"Index":5409,"Category":"(0)","CategoryNumber":0,"EventID":7036,"EntryType":4,"Message":"The Background Intelligent Transfer Service service entered the running state.","Source":"Service Control Manager","ReplacementStrings":["Background Intelligent Transfer Service","running"],"InstanceId":1073748860,"TimeGenerated":"\/Date(1581127608000)\/","TimeWritten":"\/Date(1581127608000)\/","UserName":null,"Site":null,"Container":null},{"MachineName":"SERWER01","Data":[78,0,101,0,116,0,83,0,101,0,116,0,117,0,112,0,83,0,118,0,99,0,47,0,49,0,0,0],"Index":5408,"Category":"(0)","CategoryNumber":0,"EventID":7036,"EntryType":4,"Message":"The Network Setup Service service entered the stopped state.","Source":"Service Control Manager","ReplacementStrings":["Network Setup Service","stopped"],"InstanceId":1073748860,"TimeGenerated":"\/Date(1581126685000)\/","TimeWritten":"\/Date(1581126685000)\/","UserName":null,"Site":null,"Container":null},{"MachineName":"SERWER01","Data":[78,0,101,0,116,0,83,0,101,0,116,0,117,0,112,0,83,0,118,0,99,0,47,0,52,0,0,0],"Index":5407,"Category":"(0)","CategoryNumber":0,"EventID":7036,"EntryType":4,"Message":"The Network Setup Service service entered the running state.","Source":"Service Control Manager","ReplacementStrings":["Network Setup Service","running"],"InstanceId":1073748860,"TimeGenerated":"\/Date(1581126505000)\/","TimeWritten":"\/Date(1581126505000)\/","UserName":null,"Site":null,"Container":null},{"MachineName":"SERWER01","Data":[78,0,101,0,116,0,83,0,101,0,116,0,117,0,112,0,83,0,118,0,99,0,47,0,49,0,0,0],"Index":5406,"Category":"(0)","CategoryNumber":0,"EventID":7036,"EntryType":4,"Message":"The Network Setup Service service entered the stopped state.","Source":"Service Control Manager","ReplacementStrings":["Network Setup Service","stopped"],"InstanceId":1073748860,"TimeGenerated":"\/Date(1581123085000)\/","TimeWritten":"\/Date(1581123085000)\/","UserName":null,"Site":null,"Container":null},{"MachineName":"SERWER01","Data":[78,0,101,0,116,0,83,0,101,0,116,0,117,0,112,0,83,0,118,0,99,0,47,0,52,0,0,0],"Index":5405,"Category":"(0)","CategoryNumber":0,"EventID":7036,"EntryType":4,"Message":"The Network Setup Service service entered the running state.","Source":"Service Control Manager","ReplacementStrings":["Network Setup Service","running"],"InstanceId":1073748860,"TimeGenerated":"\/Date(1581122905000)\/","TimeWritten":"\/Date(1581122905000)\/","UserName":null,"Site":null,"Container":null},{"MachineName":"SERWER01","Data":[119,0,117,0,97,0,117,0,115,0,101,0,114,0,118,0,47,0,49,0,0,0],"Index":5404,"Category":"(0)","CategoryNumber":0,"EventID":7036,"EntryType":4,"Message":"The Windows Update service entered the stopped state.","Source":"Service Control Manager","ReplacementStrings":["Windows Update","stopped"],"InstanceId":1073748860,"TimeGenerated":"\/Date(1581119792000)\/","TimeWritten":"\/Date(1581119792000)\/","UserName":null,"Site":null,"Container":null},{"MachineName":"SERWER01","Data":[78,0,101,0,116,0,83,0,101,0,116,0,117,0,112,0,83,0,118,0,99,0,47,0,49,0,0,0],"Index":5403,"Category":"(0)","CategoryNumber":0,"EventID":7036,"EntryType":4,"Message":"The Network Setup Service service entered the stopped state.","Source":"Service Control Manager","ReplacementStrings":["Network Setup Service","stopped"],"InstanceId":1073748860,"TimeGenerated":"\/Date(1581119485000)\/","TimeWritten":"\/Date(1581119485000)\/","UserName":null,"Site":null,"Container":null},{"MachineName":"SERWER01","Data":[65,0,112,0,112,0,88,0,83,0,118,0,99,0,47,0,49,0,0,0],"Index":5402,"Category":"(0)","CategoryNumber":0,"EventID":7036,"EntryType":4,"Message":"The AppX Deployment Service (AppXSVC) service entered the stopped state.","Source":"Service Control Manager","ReplacementStrings":["AppX Deployment Service (AppXSVC)","stopped"],"InstanceId":1073748860,"TimeGenerated":"\/Date(1581119484000)\/","TimeWritten":"\/Date(1581119484000)\/","UserName":null,"Site":null,"Container":null},{"MachineName":"SERWER01","Data":[67,0,108,0,105,0,112,0,83,0,86,0,67,0,47,0,49,0,0,0],"Index":5401,"Category":"(0)","CategoryNumber":0,"EventID":7036,"EntryType":4,"Message":"The Client License Service (ClipSVC) service entered the stopped state.","Source":"Service Control Manager","ReplacementStrings":["Client License Service (ClipSVC)","stopped"],"InstanceId":1073748860,"TimeGenerated":"\/Date(1581119484000)\/","TimeWritten":"\/Date(1581119484000)\/","UserName":null,"Site":null,"Container":null},{"MachineName":"SERWER01","Data":[68,0,111,0,83,0,118,0,99,0,47,0,49,0,0,0],"Index":5400,"Category":"(0)","CategoryNumber":0,"EventID":7036,"EntryType":4,"Message":"The Delivery Optimization service entered the stopped state.","Source":"Service Control Manager","ReplacementStrings":["Delivery Optimization","stopped"],"InstanceId":1073748860,"TimeGenerated":"\/Date(1581119483000)\/","TimeWritten":"\/Date(1581119483000)\/","UserName":null,"Site":null,"Container":null},